04/23 11:59:28 PM The args: Namespace(aug_train=False, cache_dir='', data_dir='./_data/glue_data/WNLI', data_url='', do_eval=False, do_lower_case=True, eval_batch_size=32, eval_step=50, gradient_accumulation_steps=1, learning_rate=5e-05, max_seq_length=128, no_cuda=False, num_train_epochs=3.0, output_dir='./models_train/TinyBERT_6L_768D_1120_stg1_WNLI', pred_distill=False, seed=42, student_model='./_models/TinyBERT_General_6L_768D', task_name='WNLI', teacher_model='./_models/bert-base-uncased-WNLI', temperature=1.0, train_batch_size=32, warmup_proportion=0.1, weight_decay=0.0001)
04/23 11:59:28 PM device: cuda n_gpu: 1
04/23 11:59:28 PM ******** num_labels=2
04/23 11:59:28 PM Model config {
  "architectures": [
    "BertForSequenceClassification"
  ],
  "attention_probs_dropout_prob": 0.1,
  "finetuning_task": "glue:wnli",
  "hidden_act": "gelu",
  "hidden_dropout_prob": 0.1,
  "hidden_size": 768,
  "initializer_range": 0.02,
  "intermediate_size": 3072,
  "layer_norm_eps": 1e-12,
  "max_position_embeddings": 512,
  "model_type": "bert",
  "num_attention_heads": 12,
  "num_hidden_layers": 12,
  "pad_token_id": 0,
  "pre_trained": "",
  "training": "",
  "type_vocab_size": 2,
  "vocab_size": 30522
}

04/23 11:59:29 PM Loading model ./_models/bert-base-uncased-WNLI/pytorch_model.bin
04/23 11:59:29 PM loading model...
04/23 11:59:29 PM done!
04/23 11:59:29 PM Weights of TinyBertForSequenceClassification not initialized from pretrained model: ['fit_dense.weight', 'fit_dense.bias']
04/23 11:59:30 PM Model config {
  "attention_probs_dropout_prob": 0.1,
  "cell": {},
  "hidden_act": "gelu",
  "hidden_dropout_prob": 0.1,
  "hidden_size": 768,
  "initializer_range": 0.02,
  "intermediate_size": 3072,
  "max_position_embeddings": 512,
  "model_type": "bert",
  "num_attention_heads": 12,
  "num_hidden_layers": 6,
  "pre_trained": "",
  "structure": [],
  "training": "",
  "type_vocab_size": 2,
  "vocab_size": 30522
}

04/23 11:59:30 PM Loading model ./_models/TinyBERT_General_6L_768D/pytorch_model.bin
04/23 11:59:30 PM loading model...
04/23 11:59:30 PM done!
04/23 11:59:30 PM Weights of TinyBertForSequenceClassification not initialized from pretrained model: ['classifier.weight', 'classifier.bias', 'fit_dense.weight', 'fit_dense.bias']
04/23 11:59:30 PM Weights from pretrained model not used in TinyBertForSequenceClassification: ['cls.predictions.bias', 'cls.predictions.transform.dense.weight', 'cls.predictions.transform.dense.bias', 'cls.predictions.transform.LayerNorm.weight', 'cls.predictions.transform.LayerNorm.bias', 'cls.predictions.decoder.weight', 'cls.seq_relationship.weight', 'cls.seq_relationship.bias', 'fit_denses.0.weight', 'fit_denses.0.bias', 'fit_denses.1.weight', 'fit_denses.1.bias', 'fit_denses.2.weight', 'fit_denses.2.bias', 'fit_denses.3.weight', 'fit_denses.3.bias', 'fit_denses.4.weight', 'fit_denses.4.bias', 'fit_denses.5.weight', 'fit_denses.5.bias', 'fit_denses.6.weight', 'fit_denses.6.bias']
04/23 11:59:30 PM ***** Running training *****
04/23 11:59:30 PM   Num examples = 635
04/23 11:59:30 PM   Batch size = 32
04/23 11:59:30 PM   Num steps = 57
04/23 11:59:30 PM n: bert.embeddings.word_embeddings.weight
04/23 11:59:30 PM n: bert.embeddings.position_embeddings.weight
04/23 11:59:30 PM n: bert.embeddings.token_type_embeddings.weight
04/23 11:59:30 PM n: bert.embeddings.LayerNorm.weight
04/23 11:59:30 PM n: bert.embeddings.LayerNorm.bias
04/23 11:59:30 PM n: bert.encoder.layer.0.attention.self.query.weight
04/23 11:59:30 PM n: bert.encoder.layer.0.attention.self.query.bias
04/23 11:59:30 PM n: bert.encoder.layer.0.attention.self.key.weight
04/23 11:59:30 PM n: bert.encoder.layer.0.attention.self.key.bias
04/23 11:59:30 PM n: bert.encoder.layer.0.attention.self.value.weight
04/23 11:59:30 PM n: bert.encoder.layer.0.attention.self.value.bias
04/23 11:59:30 PM n: bert.encoder.layer.0.attention.output.dense.weight
04/23 11:59:30 PM n: bert.encoder.layer.0.attention.output.dense.bias
04/23 11:59:30 PM n: bert.encoder.layer.0.attention.output.LayerNorm.weight
04/23 11:59:30 PM n: bert.encoder.layer.0.attention.output.LayerNorm.bias
04/23 11:59:30 PM n: bert.encoder.layer.0.intermediate.dense.weight
04/23 11:59:30 PM n: bert.encoder.layer.0.intermediate.dense.bias
04/23 11:59:30 PM n: bert.encoder.layer.0.output.dense.weight
04/23 11:59:30 PM n: bert.encoder.layer.0.output.dense.bias
04/23 11:59:30 PM n: bert.encoder.layer.0.output.LayerNorm.weight
04/23 11:59:30 PM n: bert.encoder.layer.0.output.LayerNorm.bias
04/23 11:59:30 PM n: bert.encoder.layer.1.attention.self.query.weight
04/23 11:59:30 PM n: bert.encoder.layer.1.attention.self.query.bias
04/23 11:59:30 PM n: bert.encoder.layer.1.attention.self.key.weight
04/23 11:59:30 PM n: bert.encoder.layer.1.attention.self.key.bias
04/23 11:59:30 PM n: bert.encoder.layer.1.attention.self.value.weight
04/23 11:59:30 PM n: bert.encoder.layer.1.attention.self.value.bias
04/23 11:59:30 PM n: bert.encoder.layer.1.attention.output.dense.weight
04/23 11:59:30 PM n: bert.encoder.layer.1.attention.output.dense.bias
04/23 11:59:30 PM n: bert.encoder.layer.1.attention.output.LayerNorm.weight
04/23 11:59:30 PM n: bert.encoder.layer.1.attention.output.LayerNorm.bias
04/23 11:59:30 PM n: bert.encoder.layer.1.intermediate.dense.weight
04/23 11:59:30 PM n: bert.encoder.layer.1.intermediate.dense.bias
04/23 11:59:30 PM n: bert.encoder.layer.1.output.dense.weight
04/23 11:59:30 PM n: bert.encoder.layer.1.output.dense.bias
04/23 11:59:30 PM n: bert.encoder.layer.1.output.LayerNorm.weight
04/23 11:59:30 PM n: bert.encoder.layer.1.output.LayerNorm.bias
04/23 11:59:30 PM n: bert.encoder.layer.2.attention.self.query.weight
04/23 11:59:30 PM n: bert.encoder.layer.2.attention.self.query.bias
04/23 11:59:30 PM n: bert.encoder.layer.2.attention.self.key.weight
04/23 11:59:30 PM n: bert.encoder.layer.2.attention.self.key.bias
04/23 11:59:30 PM n: bert.encoder.layer.2.attention.self.value.weight
04/23 11:59:30 PM n: bert.encoder.layer.2.attention.self.value.bias
04/23 11:59:30 PM n: bert.encoder.layer.2.attention.output.dense.weight
04/23 11:59:30 PM n: bert.encoder.layer.2.attention.output.dense.bias
04/23 11:59:30 PM n: bert.encoder.layer.2.attention.output.LayerNorm.weight
04/23 11:59:30 PM n: bert.encoder.layer.2.attention.output.LayerNorm.bias
04/23 11:59:30 PM n: bert.encoder.layer.2.intermediate.dense.weight
04/23 11:59:30 PM n: bert.encoder.layer.2.intermediate.dense.bias
04/23 11:59:30 PM n: bert.encoder.layer.2.output.dense.weight
04/23 11:59:30 PM n: bert.encoder.layer.2.output.dense.bias
04/23 11:59:30 PM n: bert.encoder.layer.2.output.LayerNorm.weight
04/23 11:59:30 PM n: bert.encoder.layer.2.output.LayerNorm.bias
04/23 11:59:30 PM n: bert.encoder.layer.3.attention.self.query.weight
04/23 11:59:30 PM n: bert.encoder.layer.3.attention.self.query.bias
04/23 11:59:30 PM n: bert.encoder.layer.3.attention.self.key.weight
04/23 11:59:30 PM n: bert.encoder.layer.3.attention.self.key.bias
04/23 11:59:30 PM n: bert.encoder.layer.3.attention.self.value.weight
04/23 11:59:30 PM n: bert.encoder.layer.3.attention.self.value.bias
04/23 11:59:30 PM n: bert.encoder.layer.3.attention.output.dense.weight
04/23 11:59:30 PM n: bert.encoder.layer.3.attention.output.dense.bias
04/23 11:59:30 PM n: bert.encoder.layer.3.attention.output.LayerNorm.weight
04/23 11:59:30 PM n: bert.encoder.layer.3.attention.output.LayerNorm.bias
04/23 11:59:30 PM n: bert.encoder.layer.3.intermediate.dense.weight
04/23 11:59:30 PM n: bert.encoder.layer.3.intermediate.dense.bias
04/23 11:59:30 PM n: bert.encoder.layer.3.output.dense.weight
04/23 11:59:30 PM n: bert.encoder.layer.3.output.dense.bias
04/23 11:59:30 PM n: bert.encoder.layer.3.output.LayerNorm.weight
04/23 11:59:30 PM n: bert.encoder.layer.3.output.LayerNorm.bias
04/23 11:59:30 PM n: bert.encoder.layer.4.attention.self.query.weight
04/23 11:59:30 PM n: bert.encoder.layer.4.attention.self.query.bias
04/23 11:59:30 PM n: bert.encoder.layer.4.attention.self.key.weight
04/23 11:59:30 PM n: bert.encoder.layer.4.attention.self.key.bias
04/23 11:59:30 PM n: bert.encoder.layer.4.attention.self.value.weight
04/23 11:59:30 PM n: bert.encoder.layer.4.attention.self.value.bias
04/23 11:59:30 PM n: bert.encoder.layer.4.attention.output.dense.weight
04/23 11:59:30 PM n: bert.encoder.layer.4.attention.output.dense.bias
04/23 11:59:30 PM n: bert.encoder.layer.4.attention.output.LayerNorm.weight
04/23 11:59:30 PM n: bert.encoder.layer.4.attention.output.LayerNorm.bias
04/23 11:59:30 PM n: bert.encoder.layer.4.intermediate.dense.weight
04/23 11:59:30 PM n: bert.encoder.layer.4.intermediate.dense.bias
04/23 11:59:30 PM n: bert.encoder.layer.4.output.dense.weight
04/23 11:59:30 PM n: bert.encoder.layer.4.output.dense.bias
04/23 11:59:30 PM n: bert.encoder.layer.4.output.LayerNorm.weight
04/23 11:59:30 PM n: bert.encoder.layer.4.output.LayerNorm.bias
04/23 11:59:30 PM n: bert.encoder.layer.5.attention.self.query.weight
04/23 11:59:30 PM n: bert.encoder.layer.5.attention.self.query.bias
04/23 11:59:30 PM n: bert.encoder.layer.5.attention.self.key.weight
04/23 11:59:30 PM n: bert.encoder.layer.5.attention.self.key.bias
04/23 11:59:30 PM n: bert.encoder.layer.5.attention.self.value.weight
04/23 11:59:30 PM n: bert.encoder.layer.5.attention.self.value.bias
04/23 11:59:30 PM n: bert.encoder.layer.5.attention.output.dense.weight
04/23 11:59:30 PM n: bert.encoder.layer.5.attention.output.dense.bias
04/23 11:59:30 PM n: bert.encoder.layer.5.attention.output.LayerNorm.weight
04/23 11:59:30 PM n: bert.encoder.layer.5.attention.output.LayerNorm.bias
04/23 11:59:30 PM n: bert.encoder.layer.5.intermediate.dense.weight
04/23 11:59:30 PM n: bert.encoder.layer.5.intermediate.dense.bias
04/23 11:59:30 PM n: bert.encoder.layer.5.output.dense.weight
04/23 11:59:30 PM n: bert.encoder.layer.5.output.dense.bias
04/23 11:59:30 PM n: bert.encoder.layer.5.output.LayerNorm.weight
04/23 11:59:30 PM n: bert.encoder.layer.5.output.LayerNorm.bias
04/23 11:59:30 PM n: bert.pooler.dense.weight
04/23 11:59:30 PM n: bert.pooler.dense.bias
04/23 11:59:30 PM n: classifier.weight
04/23 11:59:30 PM n: classifier.bias
04/23 11:59:30 PM n: fit_dense.weight
04/23 11:59:30 PM n: fit_dense.bias
04/23 11:59:30 PM Total parameters: 67547138
04/23 11:59:38 PM ***** Running evaluation *****
04/23 11:59:38 PM   Epoch = 2 iter 49 step
04/23 11:59:38 PM   Num examples = 71
04/23 11:59:38 PM   Batch size = 32
04/23 11:59:38 PM ***** Eval results *****
04/23 11:59:38 PM   att_loss = 1.2771190404891968
04/23 11:59:38 PM   cls_loss = 0.0
04/23 11:59:38 PM   global_step = 49
04/23 11:59:38 PM   loss = 2.746414444663308
04/23 11:59:38 PM   rep_loss = 1.4692954258485273
04/23 11:59:38 PM ***** Save model *****
