04/29 02:36:15 PM The args: Namespace(aug_train=True, cache_dir='', data_dir='./_data/glue_data/CoLA', data_url='', do_eval=False, do_lower_case=True, eval_batch_size=32, eval_step=2000, gradient_accumulation_steps=1, learning_rate=0.0008, max_seq_length=128, no_cuda=False, num_train_epochs=3.0, output_dir='./models_train/TinyBERT_4L_312D_1142_stg2_CoLA', pred_distill=True, seed=42, student_model='./models_train/TinyBERT_4L_312D_1142_stg1_CoLA', task_name='CoLA', teacher_model='./_models/bert-base-uncased-cola', temperature=1.0, train_batch_size=32, warmup_proportion=0.1, weight_decay=0.0001)
04/29 02:36:15 PM device: cuda n_gpu: 1
04/29 02:36:15 PM ******** num_labels=2
04/29 02:36:27 PM Model config {
  "_name_or_path": "/mnt/lustre/weixiuying/transformer/pretrain_models/bert-base-uncased",
  "architectures": [
    "BertForSequenceClassification"
  ],
  "attention_probs_dropout_prob": 0.1,
  "classifier_dropout": null,
  "finetuning_task": "cola",
  "gradient_checkpointing": false,
  "hidden_act": "gelu",
  "hidden_dropout_prob": 0.1,
  "hidden_size": 768,
  "id2label": {
    "0": "unacceptable",
    "1": "acceptable"
  },
  "initializer_range": 0.02,
  "intermediate_size": 3072,
  "label2id": {
    "acceptable": 1,
    "unacceptable": 0
  },
  "layer_norm_eps": 1e-12,
  "max_position_embeddings": 512,
  "model_type": "bert",
  "num_attention_heads": 12,
  "num_hidden_layers": 12,
  "pad_token_id": 0,
  "position_embedding_type": "absolute",
  "pre_trained": "",
  "problem_type": "single_label_classification",
  "torch_dtype": "float32",
  "training": "",
  "transformers_version": "4.13.0.dev0",
  "type_vocab_size": 2,
  "use_cache": true,
  "vocab_size": 30522
}

04/29 02:36:28 PM Loading model ./_models/bert-base-uncased-cola/pytorch_model.bin
04/29 02:36:28 PM loading model...
04/29 02:36:28 PM done!
04/29 02:36:28 PM Weights of TinyBertForSequenceClassification not initialized from pretrained model: ['fit_dense.weight', 'fit_dense.bias']
04/29 02:36:28 PM Weights from pretrained model not used in TinyBertForSequenceClassification: ['bert.embeddings.position_ids']
04/29 02:36:29 PM Model config {
  "attention_probs_dropout_prob": 0.1,
  "cell": {},
  "emb_size": 312,
  "hidden_act": "gelu",
  "hidden_dropout_prob": 0.1,
  "hidden_size": 312,
  "initializer_range": 0.02,
  "intermediate_size": 1200,
  "max_position_embeddings": 512,
  "num_attention_heads": 12,
  "num_hidden_layers": 4,
  "pre_trained": "",
  "structure": [],
  "training": "",
  "type_vocab_size": 2,
  "vocab_size": 30522
}

04/29 02:36:29 PM Loading model ./models_train/TinyBERT_4L_312D_1142_stg1_CoLA/pytorch_model.bin
04/29 02:36:29 PM loading model...
04/29 02:36:29 PM done!
04/29 02:36:29 PM ***** Running training *****
04/29 02:36:29 PM   Num examples = 211458
04/29 02:36:29 PM   Batch size = 32
04/29 02:36:29 PM   Num steps = 19824
04/29 02:36:29 PM n: bert.embeddings.word_embeddings.weight
04/29 02:36:29 PM n: bert.embeddings.position_embeddings.weight
04/29 02:36:29 PM n: bert.embeddings.token_type_embeddings.weight
04/29 02:36:29 PM n: bert.embeddings.LayerNorm.weight
04/29 02:36:29 PM n: bert.embeddings.LayerNorm.bias
04/29 02:36:29 PM n: bert.encoder.layer.0.attention.self.query.weight
04/29 02:36:29 PM n: bert.encoder.layer.0.attention.self.query.bias
04/29 02:36:29 PM n: bert.encoder.layer.0.attention.self.key.weight
04/29 02:36:29 PM n: bert.encoder.layer.0.attention.self.key.bias
04/29 02:36:29 PM n: bert.encoder.layer.0.attention.self.value.weight
04/29 02:36:29 PM n: bert.encoder.layer.0.attention.self.value.bias
04/29 02:36:29 PM n: bert.encoder.layer.0.attention.output.dense.weight
04/29 02:36:29 PM n: bert.encoder.layer.0.attention.output.dense.bias
04/29 02:36:29 PM n: bert.encoder.layer.0.attention.output.LayerNorm.weight
04/29 02:36:29 PM n: bert.encoder.layer.0.attention.output.LayerNorm.bias
04/29 02:36:29 PM n: bert.encoder.layer.0.intermediate.dense.weight
04/29 02:36:29 PM n: bert.encoder.layer.0.intermediate.dense.bias
04/29 02:36:29 PM n: bert.encoder.layer.0.output.dense.weight
04/29 02:36:29 PM n: bert.encoder.layer.0.output.dense.bias
04/29 02:36:29 PM n: bert.encoder.layer.0.output.LayerNorm.weight
04/29 02:36:29 PM n: bert.encoder.layer.0.output.LayerNorm.bias
04/29 02:36:29 PM n: bert.encoder.layer.1.attention.self.query.weight
04/29 02:36:29 PM n: bert.encoder.layer.1.attention.self.query.bias
04/29 02:36:29 PM n: bert.encoder.layer.1.attention.self.key.weight
04/29 02:36:29 PM n: bert.encoder.layer.1.attention.self.key.bias
04/29 02:36:29 PM n: bert.encoder.layer.1.attention.self.value.weight
04/29 02:36:29 PM n: bert.encoder.layer.1.attention.self.value.bias
04/29 02:36:29 PM n: bert.encoder.layer.1.attention.output.dense.weight
04/29 02:36:29 PM n: bert.encoder.layer.1.attention.output.dense.bias
04/29 02:36:29 PM n: bert.encoder.layer.1.attention.output.LayerNorm.weight
04/29 02:36:29 PM n: bert.encoder.layer.1.attention.output.LayerNorm.bias
04/29 02:36:29 PM n: bert.encoder.layer.1.intermediate.dense.weight
04/29 02:36:29 PM n: bert.encoder.layer.1.intermediate.dense.bias
04/29 02:36:29 PM n: bert.encoder.layer.1.output.dense.weight
04/29 02:36:29 PM n: bert.encoder.layer.1.output.dense.bias
04/29 02:36:29 PM n: bert.encoder.layer.1.output.LayerNorm.weight
04/29 02:36:29 PM n: bert.encoder.layer.1.output.LayerNorm.bias
04/29 02:36:29 PM n: bert.encoder.layer.2.attention.self.query.weight
04/29 02:36:29 PM n: bert.encoder.layer.2.attention.self.query.bias
04/29 02:36:29 PM n: bert.encoder.layer.2.attention.self.key.weight
04/29 02:36:29 PM n: bert.encoder.layer.2.attention.self.key.bias
04/29 02:36:29 PM n: bert.encoder.layer.2.attention.self.value.weight
04/29 02:36:29 PM n: bert.encoder.layer.2.attention.self.value.bias
04/29 02:36:29 PM n: bert.encoder.layer.2.attention.output.dense.weight
04/29 02:36:29 PM n: bert.encoder.layer.2.attention.output.dense.bias
04/29 02:36:29 PM n: bert.encoder.layer.2.attention.output.LayerNorm.weight
04/29 02:36:29 PM n: bert.encoder.layer.2.attention.output.LayerNorm.bias
04/29 02:36:29 PM n: bert.encoder.layer.2.intermediate.dense.weight
04/29 02:36:29 PM n: bert.encoder.layer.2.intermediate.dense.bias
04/29 02:36:29 PM n: bert.encoder.layer.2.output.dense.weight
04/29 02:36:29 PM n: bert.encoder.layer.2.output.dense.bias
04/29 02:36:29 PM n: bert.encoder.layer.2.output.LayerNorm.weight
04/29 02:36:29 PM n: bert.encoder.layer.2.output.LayerNorm.bias
04/29 02:36:29 PM n: bert.encoder.layer.3.attention.self.query.weight
04/29 02:36:29 PM n: bert.encoder.layer.3.attention.self.query.bias
04/29 02:36:29 PM n: bert.encoder.layer.3.attention.self.key.weight
04/29 02:36:29 PM n: bert.encoder.layer.3.attention.self.key.bias
04/29 02:36:29 PM n: bert.encoder.layer.3.attention.self.value.weight
04/29 02:36:29 PM n: bert.encoder.layer.3.attention.self.value.bias
04/29 02:36:29 PM n: bert.encoder.layer.3.attention.output.dense.weight
04/29 02:36:29 PM n: bert.encoder.layer.3.attention.output.dense.bias
04/29 02:36:29 PM n: bert.encoder.layer.3.attention.output.LayerNorm.weight
04/29 02:36:29 PM n: bert.encoder.layer.3.attention.output.LayerNorm.bias
04/29 02:36:29 PM n: bert.encoder.layer.3.intermediate.dense.weight
04/29 02:36:29 PM n: bert.encoder.layer.3.intermediate.dense.bias
04/29 02:36:29 PM n: bert.encoder.layer.3.output.dense.weight
04/29 02:36:29 PM n: bert.encoder.layer.3.output.dense.bias
04/29 02:36:29 PM n: bert.encoder.layer.3.output.LayerNorm.weight
04/29 02:36:29 PM n: bert.encoder.layer.3.output.LayerNorm.bias
04/29 02:36:29 PM n: bert.pooler.dense.weight
04/29 02:36:29 PM n: bert.pooler.dense.bias
04/29 02:36:29 PM n: classifier.weight
04/29 02:36:29 PM n: classifier.bias
04/29 02:36:29 PM n: fit_dense.weight
04/29 02:36:29 PM n: fit_dense.bias
04/29 02:36:29 PM Total parameters: 14591258
04/29 02:39:07 PM ***** Running evaluation *****
04/29 02:39:07 PM   Epoch = 0 iter 1999 step
04/29 02:39:07 PM   Num examples = 1043
04/29 02:39:07 PM   Batch size = 32
04/29 02:39:07 PM preds.shape (1043, 2)
04/29 02:39:07 PM ***** Eval results *****
04/29 02:39:07 PM   att_loss = 0.0
04/29 02:39:07 PM   cls_loss = 0.25219273813937293
04/29 02:39:07 PM   eval_loss = 1.0333376562956609
04/29 02:39:07 PM   global_step = 1999
04/29 02:39:07 PM   loss = 0.25219273813937293
04/29 02:39:07 PM   mcc = 0.03589254563226399
04/29 02:39:07 PM   rep_loss = 0.0
04/29 02:39:07 PM ***** Save model *****
04/29 02:41:45 PM ***** Running evaluation *****
04/29 02:41:45 PM   Epoch = 0 iter 3999 step
04/29 02:41:45 PM   Num examples = 1043
04/29 02:41:45 PM   Batch size = 32
04/29 02:41:45 PM preds.shape (1043, 2)
04/29 02:41:45 PM ***** Eval results *****
04/29 02:41:45 PM   att_loss = 0.0
04/29 02:41:45 PM   cls_loss = 0.27256045755251374
04/29 02:41:45 PM   eval_loss = 1.0175719062487285
04/29 02:41:45 PM   global_step = 3999
04/29 02:41:45 PM   loss = 0.27256045755251374
04/29 02:41:45 PM   mcc = 0.0
04/29 02:41:45 PM   rep_loss = 0.0
04/29 02:44:23 PM ***** Running evaluation *****
04/29 02:44:23 PM   Epoch = 0 iter 5999 step
04/29 02:44:23 PM   Num examples = 1043
04/29 02:44:23 PM   Batch size = 32
04/29 02:44:23 PM preds.shape (1043, 2)
04/29 02:44:23 PM ***** Eval results *****
04/29 02:44:23 PM   att_loss = 0.0
04/29 02:44:23 PM   cls_loss = 0.2790512034825075
04/29 02:44:23 PM   eval_loss = 1.0537122596393933
04/29 02:44:23 PM   global_step = 5999
04/29 02:44:23 PM   loss = 0.2790512034825075
04/29 02:44:23 PM   mcc = 0.0
04/29 02:44:23 PM   rep_loss = 0.0
04/29 02:47:01 PM ***** Running evaluation *****
04/29 02:47:01 PM   Epoch = 1 iter 7999 step
04/29 02:47:01 PM   Num examples = 1043
04/29 02:47:01 PM   Batch size = 32
04/29 02:47:01 PM preds.shape (1043, 2)
04/29 02:47:01 PM ***** Eval results *****
04/29 02:47:01 PM   att_loss = 0.0
04/29 02:47:01 PM   cls_loss = 0.2935120076219612
04/29 02:47:01 PM   eval_loss = 0.9691820451707551
04/29 02:47:01 PM   global_step = 7999
04/29 02:47:01 PM   loss = 0.2935120076219612
04/29 02:47:01 PM   mcc = 0.0
04/29 02:47:01 PM   rep_loss = 0.0
04/29 02:49:39 PM ***** Running evaluation *****
04/29 02:49:39 PM   Epoch = 1 iter 9999 step
04/29 02:49:39 PM   Num examples = 1043
04/29 02:49:39 PM   Batch size = 32
04/29 02:49:39 PM preds.shape (1043, 2)
04/29 02:49:39 PM ***** Eval results *****
04/29 02:49:39 PM   att_loss = 0.0
04/29 02:49:39 PM   cls_loss = 0.2933308750355852
04/29 02:49:39 PM   eval_loss = 1.0033175854971914
04/29 02:49:39 PM   global_step = 9999
04/29 02:49:39 PM   loss = 0.2933308750355852
04/29 02:49:39 PM   mcc = 0.0
04/29 02:49:39 PM   rep_loss = 0.0
04/29 02:52:17 PM ***** Running evaluation *****
04/29 02:52:17 PM   Epoch = 1 iter 11999 step
04/29 02:52:17 PM   Num examples = 1043
04/29 02:52:17 PM   Batch size = 32
04/29 02:52:17 PM preds.shape (1043, 2)
04/29 02:52:17 PM ***** Eval results *****
04/29 02:52:17 PM   att_loss = 0.0
04/29 02:52:17 PM   cls_loss = 0.2930697196988488
04/29 02:52:17 PM   eval_loss = 1.0196646542260142
04/29 02:52:17 PM   global_step = 11999
04/29 02:52:17 PM   loss = 0.2930697196988488
04/29 02:52:17 PM   mcc = 0.0
04/29 02:52:17 PM   rep_loss = 0.0
04/29 02:54:55 PM ***** Running evaluation *****
04/29 02:54:55 PM   Epoch = 2 iter 13999 step
04/29 02:54:55 PM   Num examples = 1043
04/29 02:54:55 PM   Batch size = 32
04/29 02:54:55 PM preds.shape (1043, 2)
04/29 02:54:55 PM ***** Eval results *****
04/29 02:54:55 PM   att_loss = 0.0
04/29 02:54:55 PM   cls_loss = 0.2935737903928087
04/29 02:54:55 PM   eval_loss = 0.9869946620681069
04/29 02:54:55 PM   global_step = 13999
04/29 02:54:55 PM   loss = 0.2935737903928087
04/29 02:54:55 PM   mcc = 0.0
04/29 02:54:55 PM   rep_loss = 0.0
04/29 02:57:33 PM ***** Running evaluation *****
04/29 02:57:33 PM   Epoch = 2 iter 15999 step
04/29 02:57:33 PM   Num examples = 1043
04/29 02:57:33 PM   Batch size = 32
04/29 02:57:33 PM preds.shape (1043, 2)
04/29 02:57:33 PM ***** Eval results *****
04/29 02:57:33 PM   att_loss = 0.0
04/29 02:57:33 PM   cls_loss = 0.2928408015783082
04/29 02:57:33 PM   eval_loss = 1.0236326492193975
04/29 02:57:33 PM   global_step = 15999
04/29 02:57:33 PM   loss = 0.2928408015783082
04/29 02:57:33 PM   mcc = 0.0
04/29 02:57:33 PM   rep_loss = 0.0
04/29 03:00:11 PM ***** Running evaluation *****
04/29 03:00:11 PM   Epoch = 2 iter 17999 step
04/29 03:00:11 PM   Num examples = 1043
04/29 03:00:11 PM   Batch size = 32
04/29 03:00:11 PM preds.shape (1043, 2)
04/29 03:00:11 PM ***** Eval results *****
04/29 03:00:11 PM   att_loss = 0.0
04/29 03:00:11 PM   cls_loss = 0.2926734800826499
04/29 03:00:11 PM   eval_loss = 0.9716256441492023
04/29 03:00:11 PM   global_step = 17999
04/29 03:00:11 PM   loss = 0.2926734800826499
04/29 03:00:11 PM   mcc = 0.0
04/29 03:00:11 PM   rep_loss = 0.0
