05/01 06:31:04 AM The args: Namespace(aug_train=True, cache_dir='', data_dir='./_data/glue_data/RTE', data_url='', do_eval=False, do_lower_case=True, eval_batch_size=32, eval_step=2000, gradient_accumulation_steps=1, learning_rate=1e-05, max_seq_length=128, no_cuda=False, num_train_epochs=4.0, output_dir='./models_train/TinyBERT_6L_768D_1155_stg2_RTE', pred_distill=True, seed=42, student_model='./models_train/TinyBERT_6L_768D_1155_stg1_RTE', task_name='RTE', teacher_model='./_models/bert-base-uncased-rte', temperature=1.0, train_batch_size=32, warmup_proportion=0.1, weight_decay=0.0001)
05/01 06:31:04 AM device: cuda n_gpu: 1
05/01 06:31:04 AM ******** num_labels=2
05/01 06:31:49 AM Model config {
  "_name_or_path": "bert-base-uncased",
  "architectures": [
    "BertForSequenceClassification"
  ],
  "attention_probs_dropout_prob": 0.1,
  "finetuning_task": "rte",
  "gradient_checkpointing": false,
  "hidden_act": "gelu",
  "hidden_dropout_prob": 0.1,
  "hidden_size": 768,
  "initializer_range": 0.02,
  "intermediate_size": 3072,
  "layer_norm_eps": 1e-12,
  "max_position_embeddings": 512,
  "model_type": "bert",
  "num_attention_heads": 12,
  "num_hidden_layers": 12,
  "pad_token_id": 0,
  "position_embedding_type": "absolute",
  "pre_trained": "",
  "problem_type": "single_label_classification",
  "training": "",
  "transformers_version": "4.6.1",
  "type_vocab_size": 2,
  "use_cache": true,
  "vocab_size": 30522
}

05/01 06:31:50 AM Loading model ./_models/bert-base-uncased-rte/pytorch_model.bin
05/01 06:31:50 AM loading model...
05/01 06:31:50 AM done!
05/01 06:31:50 AM Weights of TinyBertForSequenceClassification not initialized from pretrained model: ['fit_dense.weight', 'fit_dense.bias']
05/01 06:31:50 AM Weights from pretrained model not used in TinyBertForSequenceClassification: ['bert.embeddings.position_ids']
05/01 06:31:51 AM Model config {
  "attention_probs_dropout_prob": 0.1,
  "cell": {},
  "hidden_act": "gelu",
  "hidden_dropout_prob": 0.1,
  "hidden_size": 768,
  "initializer_range": 0.02,
  "intermediate_size": 3072,
  "max_position_embeddings": 512,
  "model_type": "bert",
  "num_attention_heads": 12,
  "num_hidden_layers": 6,
  "pre_trained": "",
  "structure": [],
  "training": "",
  "type_vocab_size": 2,
  "vocab_size": 30522
}

05/01 06:31:51 AM Loading model ./models_train/TinyBERT_6L_768D_1155_stg1_RTE/pytorch_model.bin
05/01 06:31:51 AM loading model...
05/01 06:31:51 AM done!
05/01 06:31:51 AM ***** Running training *****
05/01 06:31:51 AM   Num examples = 144076
05/01 06:31:51 AM   Batch size = 32
05/01 06:31:51 AM   Num steps = 18008
05/01 06:31:51 AM n: bert.embeddings.word_embeddings.weight
05/01 06:31:51 AM n: bert.embeddings.position_embeddings.weight
05/01 06:31:51 AM n: bert.embeddings.token_type_embeddings.weight
05/01 06:31:51 AM n: bert.embeddings.LayerNorm.weight
05/01 06:31:51 AM n: bert.embeddings.LayerNorm.bias
05/01 06:31:51 AM n: bert.encoder.layer.0.attention.self.query.weight
05/01 06:31:51 AM n: bert.encoder.layer.0.attention.self.query.bias
05/01 06:31:51 AM n: bert.encoder.layer.0.attention.self.key.weight
05/01 06:31:51 AM n: bert.encoder.layer.0.attention.self.key.bias
05/01 06:31:51 AM n: bert.encoder.layer.0.attention.self.value.weight
05/01 06:31:51 AM n: bert.encoder.layer.0.attention.self.value.bias
05/01 06:31:51 AM n: bert.encoder.layer.0.attention.output.dense.weight
05/01 06:31:51 AM n: bert.encoder.layer.0.attention.output.dense.bias
05/01 06:31:51 AM n: bert.encoder.layer.0.attention.output.LayerNorm.weight
05/01 06:31:51 AM n: bert.encoder.layer.0.attention.output.LayerNorm.bias
05/01 06:31:51 AM n: bert.encoder.layer.0.intermediate.dense.weight
05/01 06:31:51 AM n: bert.encoder.layer.0.intermediate.dense.bias
05/01 06:31:51 AM n: bert.encoder.layer.0.output.dense.weight
05/01 06:31:51 AM n: bert.encoder.layer.0.output.dense.bias
05/01 06:31:51 AM n: bert.encoder.layer.0.output.LayerNorm.weight
05/01 06:31:51 AM n: bert.encoder.layer.0.output.LayerNorm.bias
05/01 06:31:51 AM n: bert.encoder.layer.1.attention.self.query.weight
05/01 06:31:51 AM n: bert.encoder.layer.1.attention.self.query.bias
05/01 06:31:51 AM n: bert.encoder.layer.1.attention.self.key.weight
05/01 06:31:51 AM n: bert.encoder.layer.1.attention.self.key.bias
05/01 06:31:51 AM n: bert.encoder.layer.1.attention.self.value.weight
05/01 06:31:51 AM n: bert.encoder.layer.1.attention.self.value.bias
05/01 06:31:51 AM n: bert.encoder.layer.1.attention.output.dense.weight
05/01 06:31:51 AM n: bert.encoder.layer.1.attention.output.dense.bias
05/01 06:31:51 AM n: bert.encoder.layer.1.attention.output.LayerNorm.weight
05/01 06:31:51 AM n: bert.encoder.layer.1.attention.output.LayerNorm.bias
05/01 06:31:51 AM n: bert.encoder.layer.1.intermediate.dense.weight
05/01 06:31:51 AM n: bert.encoder.layer.1.intermediate.dense.bias
05/01 06:31:51 AM n: bert.encoder.layer.1.output.dense.weight
05/01 06:31:51 AM n: bert.encoder.layer.1.output.dense.bias
05/01 06:31:51 AM n: bert.encoder.layer.1.output.LayerNorm.weight
05/01 06:31:51 AM n: bert.encoder.layer.1.output.LayerNorm.bias
05/01 06:31:51 AM n: bert.encoder.layer.2.attention.self.query.weight
05/01 06:31:51 AM n: bert.encoder.layer.2.attention.self.query.bias
05/01 06:31:51 AM n: bert.encoder.layer.2.attention.self.key.weight
05/01 06:31:51 AM n: bert.encoder.layer.2.attention.self.key.bias
05/01 06:31:51 AM n: bert.encoder.layer.2.attention.self.value.weight
05/01 06:31:51 AM n: bert.encoder.layer.2.attention.self.value.bias
05/01 06:31:51 AM n: bert.encoder.layer.2.attention.output.dense.weight
05/01 06:31:51 AM n: bert.encoder.layer.2.attention.output.dense.bias
05/01 06:31:51 AM n: bert.encoder.layer.2.attention.output.LayerNorm.weight
05/01 06:31:51 AM n: bert.encoder.layer.2.attention.output.LayerNorm.bias
05/01 06:31:51 AM n: bert.encoder.layer.2.intermediate.dense.weight
05/01 06:31:51 AM n: bert.encoder.layer.2.intermediate.dense.bias
05/01 06:31:51 AM n: bert.encoder.layer.2.output.dense.weight
05/01 06:31:51 AM n: bert.encoder.layer.2.output.dense.bias
05/01 06:31:51 AM n: bert.encoder.layer.2.output.LayerNorm.weight
05/01 06:31:51 AM n: bert.encoder.layer.2.output.LayerNorm.bias
05/01 06:31:51 AM n: bert.encoder.layer.3.attention.self.query.weight
05/01 06:31:51 AM n: bert.encoder.layer.3.attention.self.query.bias
05/01 06:31:51 AM n: bert.encoder.layer.3.attention.self.key.weight
05/01 06:31:51 AM n: bert.encoder.layer.3.attention.self.key.bias
05/01 06:31:51 AM n: bert.encoder.layer.3.attention.self.value.weight
05/01 06:31:51 AM n: bert.encoder.layer.3.attention.self.value.bias
05/01 06:31:51 AM n: bert.encoder.layer.3.attention.output.dense.weight
05/01 06:31:51 AM n: bert.encoder.layer.3.attention.output.dense.bias
05/01 06:31:51 AM n: bert.encoder.layer.3.attention.output.LayerNorm.weight
05/01 06:31:51 AM n: bert.encoder.layer.3.attention.output.LayerNorm.bias
05/01 06:31:51 AM n: bert.encoder.layer.3.intermediate.dense.weight
05/01 06:31:51 AM n: bert.encoder.layer.3.intermediate.dense.bias
05/01 06:31:51 AM n: bert.encoder.layer.3.output.dense.weight
05/01 06:31:51 AM n: bert.encoder.layer.3.output.dense.bias
05/01 06:31:51 AM n: bert.encoder.layer.3.output.LayerNorm.weight
05/01 06:31:51 AM n: bert.encoder.layer.3.output.LayerNorm.bias
05/01 06:31:51 AM n: bert.encoder.layer.4.attention.self.query.weight
05/01 06:31:51 AM n: bert.encoder.layer.4.attention.self.query.bias
05/01 06:31:51 AM n: bert.encoder.layer.4.attention.self.key.weight
05/01 06:31:51 AM n: bert.encoder.layer.4.attention.self.key.bias
05/01 06:31:51 AM n: bert.encoder.layer.4.attention.self.value.weight
05/01 06:31:51 AM n: bert.encoder.layer.4.attention.self.value.bias
05/01 06:31:51 AM n: bert.encoder.layer.4.attention.output.dense.weight
05/01 06:31:51 AM n: bert.encoder.layer.4.attention.output.dense.bias
05/01 06:31:51 AM n: bert.encoder.layer.4.attention.output.LayerNorm.weight
05/01 06:31:51 AM n: bert.encoder.layer.4.attention.output.LayerNorm.bias
05/01 06:31:51 AM n: bert.encoder.layer.4.intermediate.dense.weight
05/01 06:31:51 AM n: bert.encoder.layer.4.intermediate.dense.bias
05/01 06:31:51 AM n: bert.encoder.layer.4.output.dense.weight
05/01 06:31:51 AM n: bert.encoder.layer.4.output.dense.bias
05/01 06:31:51 AM n: bert.encoder.layer.4.output.LayerNorm.weight
05/01 06:31:51 AM n: bert.encoder.layer.4.output.LayerNorm.bias
05/01 06:31:51 AM n: bert.encoder.layer.5.attention.self.query.weight
05/01 06:31:51 AM n: bert.encoder.layer.5.attention.self.query.bias
05/01 06:31:51 AM n: bert.encoder.layer.5.attention.self.key.weight
05/01 06:31:51 AM n: bert.encoder.layer.5.attention.self.key.bias
05/01 06:31:51 AM n: bert.encoder.layer.5.attention.self.value.weight
05/01 06:31:51 AM n: bert.encoder.layer.5.attention.self.value.bias
05/01 06:31:51 AM n: bert.encoder.layer.5.attention.output.dense.weight
05/01 06:31:51 AM n: bert.encoder.layer.5.attention.output.dense.bias
05/01 06:31:51 AM n: bert.encoder.layer.5.attention.output.LayerNorm.weight
05/01 06:31:51 AM n: bert.encoder.layer.5.attention.output.LayerNorm.bias
05/01 06:31:51 AM n: bert.encoder.layer.5.intermediate.dense.weight
05/01 06:31:51 AM n: bert.encoder.layer.5.intermediate.dense.bias
05/01 06:31:51 AM n: bert.encoder.layer.5.output.dense.weight
05/01 06:31:51 AM n: bert.encoder.layer.5.output.dense.bias
05/01 06:31:51 AM n: bert.encoder.layer.5.output.LayerNorm.weight
05/01 06:31:51 AM n: bert.encoder.layer.5.output.LayerNorm.bias
05/01 06:31:51 AM n: bert.pooler.dense.weight
05/01 06:31:51 AM n: bert.pooler.dense.bias
05/01 06:31:51 AM n: classifier.weight
05/01 06:31:51 AM n: classifier.bias
05/01 06:31:51 AM n: fit_dense.weight
05/01 06:31:51 AM n: fit_dense.bias
05/01 06:31:51 AM Total parameters: 67547138
05/01 06:36:48 AM ***** Running evaluation *****
05/01 06:36:48 AM   Epoch = 0 iter 1999 step
05/01 06:36:48 AM   Num examples = 277
05/01 06:36:48 AM   Batch size = 32
05/01 06:36:48 AM preds.shape (277, 2)
05/01 06:36:48 AM ***** Eval results *****
05/01 06:36:48 AM   acc = 0.628158844765343
05/01 06:36:48 AM   att_loss = 0.0
05/01 06:36:48 AM   cls_loss = 0.25648690505198324
05/01 06:36:48 AM   eval_loss = 0.6511021984948052
05/01 06:36:48 AM   global_step = 1999
05/01 06:36:48 AM   loss = 0.25648690505198324
05/01 06:36:48 AM   rep_loss = 0.0
05/01 06:36:48 AM ***** Save model *****
05/01 06:41:46 AM ***** Running evaluation *****
05/01 06:41:46 AM   Epoch = 0 iter 3999 step
05/01 06:41:46 AM   Num examples = 277
05/01 06:41:46 AM   Batch size = 32
05/01 06:41:46 AM preds.shape (277, 2)
05/01 06:41:46 AM ***** Eval results *****
05/01 06:41:46 AM   acc = 0.631768953068592
05/01 06:41:46 AM   att_loss = 0.0
05/01 06:41:46 AM   cls_loss = 0.2529869737566099
05/01 06:41:46 AM   eval_loss = 0.6588457226753235
05/01 06:41:46 AM   global_step = 3999
05/01 06:41:46 AM   loss = 0.2529869737566099
05/01 06:41:46 AM   rep_loss = 0.0
05/01 06:41:46 AM ***** Save model *****
05/01 06:46:43 AM ***** Running evaluation *****
05/01 06:46:43 AM   Epoch = 1 iter 5999 step
05/01 06:46:43 AM   Num examples = 277
05/01 06:46:43 AM   Batch size = 32
05/01 06:46:44 AM preds.shape (277, 2)
05/01 06:46:44 AM ***** Eval results *****
05/01 06:46:44 AM   acc = 0.628158844765343
05/01 06:46:44 AM   att_loss = 0.0
05/01 06:46:44 AM   cls_loss = 0.24953144545864087
05/01 06:46:44 AM   eval_loss = 0.6585762235853407
05/01 06:46:44 AM   global_step = 5999
05/01 06:46:44 AM   loss = 0.24953144545864087
05/01 06:46:44 AM   rep_loss = 0.0
05/01 06:51:41 AM ***** Running evaluation *****
05/01 06:51:41 AM   Epoch = 1 iter 7999 step
05/01 06:51:41 AM   Num examples = 277
05/01 06:51:41 AM   Batch size = 32
05/01 06:51:41 AM preds.shape (277, 2)
05/01 06:51:41 AM ***** Eval results *****
05/01 06:51:41 AM   acc = 0.6462093862815884
05/01 06:51:41 AM   att_loss = 0.0
05/01 06:51:41 AM   cls_loss = 0.24927616149638768
05/01 06:51:41 AM   eval_loss = 0.6454377373059591
05/01 06:51:41 AM   global_step = 7999
05/01 06:51:41 AM   loss = 0.24927616149638768
05/01 06:51:41 AM   rep_loss = 0.0
05/01 06:51:41 AM ***** Save model *****
05/01 06:56:39 AM ***** Running evaluation *****
05/01 06:56:39 AM   Epoch = 2 iter 9999 step
05/01 06:56:39 AM   Num examples = 277
05/01 06:56:39 AM   Batch size = 32
05/01 06:56:39 AM preds.shape (277, 2)
05/01 06:56:39 AM ***** Eval results *****
05/01 06:56:39 AM   acc = 0.6714801444043321
05/01 06:56:39 AM   att_loss = 0.0
05/01 06:56:39 AM   cls_loss = 0.24864713751790513
05/01 06:56:39 AM   eval_loss = 0.6426279611057706
05/01 06:56:39 AM   global_step = 9999
05/01 06:56:39 AM   loss = 0.24864713751790513
05/01 06:56:39 AM   rep_loss = 0.0
05/01 06:56:39 AM ***** Save model *****
05/01 07:01:36 AM ***** Running evaluation *****
05/01 07:01:36 AM   Epoch = 2 iter 11999 step
05/01 07:01:36 AM   Num examples = 277
05/01 07:01:36 AM   Batch size = 32
05/01 07:01:36 AM preds.shape (277, 2)
05/01 07:01:36 AM ***** Eval results *****
05/01 07:01:36 AM   acc = 0.6425992779783394
05/01 07:01:36 AM   att_loss = 0.0
05/01 07:01:36 AM   cls_loss = 0.24848694044580444
05/01 07:01:36 AM   eval_loss = 0.6389642026689317
05/01 07:01:36 AM   global_step = 11999
05/01 07:01:36 AM   loss = 0.24848694044580444
05/01 07:01:36 AM   rep_loss = 0.0
05/01 07:06:34 AM ***** Running evaluation *****
05/01 07:06:34 AM   Epoch = 3 iter 13999 step
05/01 07:06:34 AM   Num examples = 277
05/01 07:06:34 AM   Batch size = 32
05/01 07:06:34 AM preds.shape (277, 2)
05/01 07:06:34 AM ***** Eval results *****
05/01 07:06:34 AM   acc = 0.6859205776173285
05/01 07:06:34 AM   att_loss = 0.0
05/01 07:06:34 AM   cls_loss = 0.24780124359392008
05/01 07:06:34 AM   eval_loss = 0.6280697054333158
05/01 07:06:34 AM   global_step = 13999
05/01 07:06:34 AM   loss = 0.24780124359392008
05/01 07:06:34 AM   rep_loss = 0.0
05/01 07:06:34 AM ***** Save model *****
05/01 07:11:31 AM ***** Running evaluation *****
05/01 07:11:31 AM   Epoch = 3 iter 15999 step
05/01 07:11:31 AM   Num examples = 277
05/01 07:11:31 AM   Batch size = 32
05/01 07:11:32 AM preds.shape (277, 2)
05/01 07:11:32 AM ***** Eval results *****
05/01 07:11:32 AM   acc = 0.6678700361010831
05/01 07:11:32 AM   att_loss = 0.0
05/01 07:11:32 AM   cls_loss = 0.24838620280817814
05/01 07:11:32 AM   eval_loss = 0.6447948416074117
05/01 07:11:32 AM   global_step = 15999
05/01 07:11:32 AM   loss = 0.24838620280817814
05/01 07:11:32 AM   rep_loss = 0.0
05/01 07:16:29 AM ***** Running evaluation *****
05/01 07:16:29 AM   Epoch = 3 iter 17999 step
05/01 07:16:29 AM   Num examples = 277
05/01 07:16:29 AM   Batch size = 32
05/01 07:16:29 AM preds.shape (277, 2)
05/01 07:16:29 AM ***** Eval results *****
05/01 07:16:29 AM   acc = 0.6606498194945848
05/01 07:16:29 AM   att_loss = 0.0
05/01 07:16:29 AM   cls_loss = 0.24842376834216479
05/01 07:16:29 AM   eval_loss = 0.6394030253092448
05/01 07:16:29 AM   global_step = 17999
05/01 07:16:29 AM   loss = 0.24842376834216479
05/01 07:16:29 AM   rep_loss = 0.0
