04/25 04:50:28 AM The args: Namespace(aug_train=True, cache_dir='', data_dir='./_data/glue_data/RTE', data_url='', do_eval=False, do_lower_case=True, eval_batch_size=32, eval_step=2000, gradient_accumulation_steps=1, learning_rate=3e-05, max_seq_length=128, no_cuda=False, num_train_epochs=4.0, output_dir='./models_train/TinyBERT_6L_768D_1131_stg2_RTE', pred_distill=True, seed=42, student_model='./models_train/TinyBERT_6L_768D_1131_stg1_RTE', task_name='RTE', teacher_model='./_models/bert-base-uncased-rte', temperature=1.0, train_batch_size=32, warmup_proportion=0.1, weight_decay=0.0001)
04/25 04:50:28 AM device: cuda n_gpu: 1
04/25 04:50:28 AM ******** num_labels=2
04/25 04:51:14 AM Model config {
  "_name_or_path": "bert-base-uncased",
  "architectures": [
    "BertForSequenceClassification"
  ],
  "attention_probs_dropout_prob": 0.1,
  "finetuning_task": "rte",
  "gradient_checkpointing": false,
  "hidden_act": "gelu",
  "hidden_dropout_prob": 0.1,
  "hidden_size": 768,
  "initializer_range": 0.02,
  "intermediate_size": 3072,
  "layer_norm_eps": 1e-12,
  "max_position_embeddings": 512,
  "model_type": "bert",
  "num_attention_heads": 12,
  "num_hidden_layers": 12,
  "pad_token_id": 0,
  "position_embedding_type": "absolute",
  "pre_trained": "",
  "problem_type": "single_label_classification",
  "training": "",
  "transformers_version": "4.6.1",
  "type_vocab_size": 2,
  "use_cache": true,
  "vocab_size": 30522
}

04/25 04:51:14 AM Loading model ./_models/bert-base-uncased-rte/pytorch_model.bin
04/25 04:51:15 AM loading model...
04/25 04:51:15 AM done!
04/25 04:51:15 AM Weights of TinyBertForSequenceClassification not initialized from pretrained model: ['fit_dense.weight', 'fit_dense.bias']
04/25 04:51:15 AM Weights from pretrained model not used in TinyBertForSequenceClassification: ['bert.embeddings.position_ids']
04/25 04:51:15 AM Model config {
  "attention_probs_dropout_prob": 0.1,
  "cell": {},
  "hidden_act": "gelu",
  "hidden_dropout_prob": 0.1,
  "hidden_size": 768,
  "initializer_range": 0.02,
  "intermediate_size": 3072,
  "max_position_embeddings": 512,
  "model_type": "bert",
  "num_attention_heads": 12,
  "num_hidden_layers": 6,
  "pre_trained": "",
  "structure": [],
  "training": "",
  "type_vocab_size": 2,
  "vocab_size": 30522
}

04/25 04:51:16 AM Loading model ./models_train/TinyBERT_6L_768D_1131_stg1_RTE/pytorch_model.bin
04/25 04:51:16 AM loading model...
04/25 04:51:16 AM done!
04/25 04:51:16 AM ***** Running training *****
04/25 04:51:16 AM   Num examples = 144076
04/25 04:51:16 AM   Batch size = 32
04/25 04:51:16 AM   Num steps = 18008
04/25 04:51:16 AM n: bert.embeddings.word_embeddings.weight
04/25 04:51:16 AM n: bert.embeddings.position_embeddings.weight
04/25 04:51:16 AM n: bert.embeddings.token_type_embeddings.weight
04/25 04:51:16 AM n: bert.embeddings.LayerNorm.weight
04/25 04:51:16 AM n: bert.embeddings.LayerNorm.bias
04/25 04:51:16 AM n: bert.encoder.layer.0.attention.self.query.weight
04/25 04:51:16 AM n: bert.encoder.layer.0.attention.self.query.bias
04/25 04:51:16 AM n: bert.encoder.layer.0.attention.self.key.weight
04/25 04:51:16 AM n: bert.encoder.layer.0.attention.self.key.bias
04/25 04:51:16 AM n: bert.encoder.layer.0.attention.self.value.weight
04/25 04:51:16 AM n: bert.encoder.layer.0.attention.self.value.bias
04/25 04:51:16 AM n: bert.encoder.layer.0.attention.output.dense.weight
04/25 04:51:16 AM n: bert.encoder.layer.0.attention.output.dense.bias
04/25 04:51:16 AM n: bert.encoder.layer.0.attention.output.LayerNorm.weight
04/25 04:51:16 AM n: bert.encoder.layer.0.attention.output.LayerNorm.bias
04/25 04:51:16 AM n: bert.encoder.layer.0.intermediate.dense.weight
04/25 04:51:16 AM n: bert.encoder.layer.0.intermediate.dense.bias
04/25 04:51:16 AM n: bert.encoder.layer.0.output.dense.weight
04/25 04:51:16 AM n: bert.encoder.layer.0.output.dense.bias
04/25 04:51:16 AM n: bert.encoder.layer.0.output.LayerNorm.weight
04/25 04:51:16 AM n: bert.encoder.layer.0.output.LayerNorm.bias
04/25 04:51:16 AM n: bert.encoder.layer.1.attention.self.query.weight
04/25 04:51:16 AM n: bert.encoder.layer.1.attention.self.query.bias
04/25 04:51:16 AM n: bert.encoder.layer.1.attention.self.key.weight
04/25 04:51:16 AM n: bert.encoder.layer.1.attention.self.key.bias
04/25 04:51:16 AM n: bert.encoder.layer.1.attention.self.value.weight
04/25 04:51:16 AM n: bert.encoder.layer.1.attention.self.value.bias
04/25 04:51:16 AM n: bert.encoder.layer.1.attention.output.dense.weight
04/25 04:51:16 AM n: bert.encoder.layer.1.attention.output.dense.bias
04/25 04:51:16 AM n: bert.encoder.layer.1.attention.output.LayerNorm.weight
04/25 04:51:16 AM n: bert.encoder.layer.1.attention.output.LayerNorm.bias
04/25 04:51:16 AM n: bert.encoder.layer.1.intermediate.dense.weight
04/25 04:51:16 AM n: bert.encoder.layer.1.intermediate.dense.bias
04/25 04:51:16 AM n: bert.encoder.layer.1.output.dense.weight
04/25 04:51:16 AM n: bert.encoder.layer.1.output.dense.bias
04/25 04:51:16 AM n: bert.encoder.layer.1.output.LayerNorm.weight
04/25 04:51:16 AM n: bert.encoder.layer.1.output.LayerNorm.bias
04/25 04:51:16 AM n: bert.encoder.layer.2.attention.self.query.weight
04/25 04:51:16 AM n: bert.encoder.layer.2.attention.self.query.bias
04/25 04:51:16 AM n: bert.encoder.layer.2.attention.self.key.weight
04/25 04:51:16 AM n: bert.encoder.layer.2.attention.self.key.bias
04/25 04:51:16 AM n: bert.encoder.layer.2.attention.self.value.weight
04/25 04:51:16 AM n: bert.encoder.layer.2.attention.self.value.bias
04/25 04:51:16 AM n: bert.encoder.layer.2.attention.output.dense.weight
04/25 04:51:16 AM n: bert.encoder.layer.2.attention.output.dense.bias
04/25 04:51:16 AM n: bert.encoder.layer.2.attention.output.LayerNorm.weight
04/25 04:51:16 AM n: bert.encoder.layer.2.attention.output.LayerNorm.bias
04/25 04:51:16 AM n: bert.encoder.layer.2.intermediate.dense.weight
04/25 04:51:16 AM n: bert.encoder.layer.2.intermediate.dense.bias
04/25 04:51:16 AM n: bert.encoder.layer.2.output.dense.weight
04/25 04:51:16 AM n: bert.encoder.layer.2.output.dense.bias
04/25 04:51:16 AM n: bert.encoder.layer.2.output.LayerNorm.weight
04/25 04:51:16 AM n: bert.encoder.layer.2.output.LayerNorm.bias
04/25 04:51:16 AM n: bert.encoder.layer.3.attention.self.query.weight
04/25 04:51:16 AM n: bert.encoder.layer.3.attention.self.query.bias
04/25 04:51:16 AM n: bert.encoder.layer.3.attention.self.key.weight
04/25 04:51:16 AM n: bert.encoder.layer.3.attention.self.key.bias
04/25 04:51:16 AM n: bert.encoder.layer.3.attention.self.value.weight
04/25 04:51:16 AM n: bert.encoder.layer.3.attention.self.value.bias
04/25 04:51:16 AM n: bert.encoder.layer.3.attention.output.dense.weight
04/25 04:51:16 AM n: bert.encoder.layer.3.attention.output.dense.bias
04/25 04:51:16 AM n: bert.encoder.layer.3.attention.output.LayerNorm.weight
04/25 04:51:16 AM n: bert.encoder.layer.3.attention.output.LayerNorm.bias
04/25 04:51:16 AM n: bert.encoder.layer.3.intermediate.dense.weight
04/25 04:51:16 AM n: bert.encoder.layer.3.intermediate.dense.bias
04/25 04:51:16 AM n: bert.encoder.layer.3.output.dense.weight
04/25 04:51:16 AM n: bert.encoder.layer.3.output.dense.bias
04/25 04:51:16 AM n: bert.encoder.layer.3.output.LayerNorm.weight
04/25 04:51:16 AM n: bert.encoder.layer.3.output.LayerNorm.bias
04/25 04:51:16 AM n: bert.encoder.layer.4.attention.self.query.weight
04/25 04:51:16 AM n: bert.encoder.layer.4.attention.self.query.bias
04/25 04:51:16 AM n: bert.encoder.layer.4.attention.self.key.weight
04/25 04:51:16 AM n: bert.encoder.layer.4.attention.self.key.bias
04/25 04:51:16 AM n: bert.encoder.layer.4.attention.self.value.weight
04/25 04:51:16 AM n: bert.encoder.layer.4.attention.self.value.bias
04/25 04:51:16 AM n: bert.encoder.layer.4.attention.output.dense.weight
04/25 04:51:16 AM n: bert.encoder.layer.4.attention.output.dense.bias
04/25 04:51:16 AM n: bert.encoder.layer.4.attention.output.LayerNorm.weight
04/25 04:51:16 AM n: bert.encoder.layer.4.attention.output.LayerNorm.bias
04/25 04:51:16 AM n: bert.encoder.layer.4.intermediate.dense.weight
04/25 04:51:16 AM n: bert.encoder.layer.4.intermediate.dense.bias
04/25 04:51:16 AM n: bert.encoder.layer.4.output.dense.weight
04/25 04:51:16 AM n: bert.encoder.layer.4.output.dense.bias
04/25 04:51:16 AM n: bert.encoder.layer.4.output.LayerNorm.weight
04/25 04:51:16 AM n: bert.encoder.layer.4.output.LayerNorm.bias
04/25 04:51:16 AM n: bert.encoder.layer.5.attention.self.query.weight
04/25 04:51:16 AM n: bert.encoder.layer.5.attention.self.query.bias
04/25 04:51:16 AM n: bert.encoder.layer.5.attention.self.key.weight
04/25 04:51:16 AM n: bert.encoder.layer.5.attention.self.key.bias
04/25 04:51:16 AM n: bert.encoder.layer.5.attention.self.value.weight
04/25 04:51:16 AM n: bert.encoder.layer.5.attention.self.value.bias
04/25 04:51:16 AM n: bert.encoder.layer.5.attention.output.dense.weight
04/25 04:51:16 AM n: bert.encoder.layer.5.attention.output.dense.bias
04/25 04:51:16 AM n: bert.encoder.layer.5.attention.output.LayerNorm.weight
04/25 04:51:16 AM n: bert.encoder.layer.5.attention.output.LayerNorm.bias
04/25 04:51:16 AM n: bert.encoder.layer.5.intermediate.dense.weight
04/25 04:51:16 AM n: bert.encoder.layer.5.intermediate.dense.bias
04/25 04:51:16 AM n: bert.encoder.layer.5.output.dense.weight
04/25 04:51:16 AM n: bert.encoder.layer.5.output.dense.bias
04/25 04:51:16 AM n: bert.encoder.layer.5.output.LayerNorm.weight
04/25 04:51:16 AM n: bert.encoder.layer.5.output.LayerNorm.bias
04/25 04:51:16 AM n: bert.pooler.dense.weight
04/25 04:51:16 AM n: bert.pooler.dense.bias
04/25 04:51:16 AM n: classifier.weight
04/25 04:51:16 AM n: classifier.bias
04/25 04:51:16 AM n: fit_dense.weight
04/25 04:51:16 AM n: fit_dense.bias
04/25 04:51:16 AM Total parameters: 67547138
04/25 04:56:12 AM ***** Running evaluation *****
04/25 04:56:12 AM   Epoch = 0 iter 1999 step
04/25 04:56:12 AM   Num examples = 277
04/25 04:56:12 AM   Batch size = 32
04/25 04:56:13 AM preds.shape (277, 2)
04/25 04:56:13 AM ***** Eval results *****
04/25 04:56:13 AM   acc = 0.631768953068592
04/25 04:56:13 AM   att_loss = 0.0
04/25 04:56:13 AM   cls_loss = 0.25386893975102587
04/25 04:56:13 AM   eval_loss = 0.6595488786697388
04/25 04:56:13 AM   global_step = 1999
04/25 04:56:13 AM   loss = 0.25386893975102587
04/25 04:56:13 AM   rep_loss = 0.0
04/25 04:56:13 AM ***** Save model *****
04/25 05:01:10 AM ***** Running evaluation *****
04/25 05:01:10 AM   Epoch = 0 iter 3999 step
04/25 05:01:10 AM   Num examples = 277
04/25 05:01:10 AM   Batch size = 32
04/25 05:01:10 AM preds.shape (277, 2)
04/25 05:01:10 AM ***** Eval results *****
04/25 05:01:10 AM   acc = 0.6389891696750902
04/25 05:01:10 AM   att_loss = 0.0
04/25 05:01:10 AM   cls_loss = 0.2519425029798161
04/25 05:01:10 AM   eval_loss = 0.6498836874961853
04/25 05:01:10 AM   global_step = 3999
04/25 05:01:10 AM   loss = 0.2519425029798161
04/25 05:01:10 AM   rep_loss = 0.0
04/25 05:01:10 AM ***** Save model *****
04/25 05:06:07 AM ***** Running evaluation *****
04/25 05:06:07 AM   Epoch = 1 iter 5999 step
04/25 05:06:07 AM   Num examples = 277
04/25 05:06:07 AM   Batch size = 32
04/25 05:06:07 AM preds.shape (277, 2)
04/25 05:06:07 AM ***** Eval results *****
04/25 05:06:07 AM   acc = 0.6353790613718412
04/25 05:06:07 AM   att_loss = 0.0
04/25 05:06:07 AM   cls_loss = 0.2498071284077529
04/25 05:06:07 AM   eval_loss = 0.6537542872958713
04/25 05:06:07 AM   global_step = 5999
04/25 05:06:07 AM   loss = 0.2498071284077529
04/25 05:06:07 AM   rep_loss = 0.0
04/25 05:11:04 AM ***** Running evaluation *****
04/25 05:11:04 AM   Epoch = 1 iter 7999 step
04/25 05:11:04 AM   Num examples = 277
04/25 05:11:04 AM   Batch size = 32
04/25 05:11:04 AM preds.shape (277, 2)
04/25 05:11:04 AM ***** Eval results *****
04/25 05:11:04 AM   acc = 0.6498194945848376
04/25 05:11:04 AM   att_loss = 0.0
04/25 05:11:04 AM   cls_loss = 0.2495488106122111
04/25 05:11:04 AM   eval_loss = 0.6495097610685561
04/25 05:11:04 AM   global_step = 7999
04/25 05:11:04 AM   loss = 0.2495488106122111
04/25 05:11:04 AM   rep_loss = 0.0
04/25 05:11:04 AM ***** Save model *****
04/25 05:16:01 AM ***** Running evaluation *****
04/25 05:16:01 AM   Epoch = 2 iter 9999 step
04/25 05:16:01 AM   Num examples = 277
04/25 05:16:01 AM   Batch size = 32
04/25 05:16:01 AM preds.shape (277, 2)
04/25 05:16:01 AM ***** Eval results *****
04/25 05:16:01 AM   acc = 0.6534296028880866
04/25 05:16:01 AM   att_loss = 0.0
04/25 05:16:01 AM   cls_loss = 0.2487862981743549
04/25 05:16:01 AM   eval_loss = 0.6486520767211914
04/25 05:16:01 AM   global_step = 9999
04/25 05:16:01 AM   loss = 0.2487862981743549
04/25 05:16:01 AM   rep_loss = 0.0
04/25 05:16:01 AM ***** Save model *****
04/25 05:20:58 AM ***** Running evaluation *****
04/25 05:20:58 AM   Epoch = 2 iter 11999 step
04/25 05:20:58 AM   Num examples = 277
04/25 05:20:58 AM   Batch size = 32
04/25 05:20:58 AM preds.shape (277, 2)
04/25 05:20:58 AM ***** Eval results *****
04/25 05:20:58 AM   acc = 0.6389891696750902
04/25 05:20:58 AM   att_loss = 0.0
04/25 05:20:58 AM   cls_loss = 0.24859788394432036
04/25 05:20:58 AM   eval_loss = 0.6409573621220059
04/25 05:20:58 AM   global_step = 11999
04/25 05:20:58 AM   loss = 0.24859788394432036
04/25 05:20:58 AM   rep_loss = 0.0
04/25 05:25:55 AM ***** Running evaluation *****
04/25 05:25:55 AM   Epoch = 3 iter 13999 step
04/25 05:25:55 AM   Num examples = 277
04/25 05:25:55 AM   Batch size = 32
04/25 05:25:55 AM preds.shape (277, 2)
04/25 05:25:55 AM ***** Eval results *****
04/25 05:25:55 AM   acc = 0.6714801444043321
04/25 05:25:55 AM   att_loss = 0.0
04/25 05:25:55 AM   cls_loss = 0.24776509679234293
04/25 05:25:55 AM   eval_loss = 0.6275110575887892
04/25 05:25:55 AM   global_step = 13999
04/25 05:25:55 AM   loss = 0.24776509679234293
04/25 05:25:55 AM   rep_loss = 0.0
04/25 05:25:55 AM ***** Save model *****
04/25 05:30:52 AM ***** Running evaluation *****
04/25 05:30:52 AM   Epoch = 3 iter 15999 step
04/25 05:30:52 AM   Num examples = 277
04/25 05:30:52 AM   Batch size = 32
04/25 05:30:52 AM preds.shape (277, 2)
04/25 05:30:52 AM ***** Eval results *****
04/25 05:30:52 AM   acc = 0.6462093862815884
04/25 05:30:52 AM   att_loss = 0.0
04/25 05:30:52 AM   cls_loss = 0.24837225174693472
04/25 05:30:52 AM   eval_loss = 0.6502244936095344
04/25 05:30:52 AM   global_step = 15999
04/25 05:30:52 AM   loss = 0.24837225174693472
04/25 05:30:52 AM   rep_loss = 0.0
04/25 05:35:49 AM ***** Running evaluation *****
04/25 05:35:49 AM   Epoch = 3 iter 17999 step
04/25 05:35:49 AM   Num examples = 277
04/25 05:35:49 AM   Batch size = 32
04/25 05:35:49 AM preds.shape (277, 2)
04/25 05:35:49 AM ***** Eval results *****
04/25 05:35:49 AM   acc = 0.6498194945848376
04/25 05:35:49 AM   att_loss = 0.0
04/25 05:35:49 AM   cls_loss = 0.2483816266477758
04/25 05:35:49 AM   eval_loss = 0.6409285664558411
04/25 05:35:49 AM   global_step = 17999
04/25 05:35:49 AM   loss = 0.2483816266477758
04/25 05:35:49 AM   rep_loss = 0.0
