05/01 10:33:38 AM The args: Namespace(aug_train=True, cache_dir='', data_dir='./_data/glue_data/RTE', data_url='', do_eval=False, do_lower_case=True, eval_batch_size=32, eval_step=2000, gradient_accumulation_steps=1, learning_rate=3e-05, max_seq_length=128, no_cuda=False, num_train_epochs=4.0, output_dir='./models_train/TinyBERT_6L_768D_1156_stg2_RTE', pred_distill=True, seed=42, student_model='./models_train/TinyBERT_6L_768D_1156_stg1_RTE', task_name='RTE', teacher_model='./_models/bert-base-uncased-rte', temperature=1.0, train_batch_size=37, warmup_proportion=0.1, weight_decay=0.0001)
05/01 10:33:38 AM device: cuda n_gpu: 1
05/01 10:33:38 AM ******** num_labels=2
05/01 10:34:23 AM Model config {
  "_name_or_path": "bert-base-uncased",
  "architectures": [
    "BertForSequenceClassification"
  ],
  "attention_probs_dropout_prob": 0.1,
  "finetuning_task": "rte",
  "gradient_checkpointing": false,
  "hidden_act": "gelu",
  "hidden_dropout_prob": 0.1,
  "hidden_size": 768,
  "initializer_range": 0.02,
  "intermediate_size": 3072,
  "layer_norm_eps": 1e-12,
  "max_position_embeddings": 512,
  "model_type": "bert",
  "num_attention_heads": 12,
  "num_hidden_layers": 12,
  "pad_token_id": 0,
  "position_embedding_type": "absolute",
  "pre_trained": "",
  "problem_type": "single_label_classification",
  "training": "",
  "transformers_version": "4.6.1",
  "type_vocab_size": 2,
  "use_cache": true,
  "vocab_size": 30522
}

05/01 10:34:23 AM Loading model ./_models/bert-base-uncased-rte/pytorch_model.bin
05/01 10:34:24 AM loading model...
05/01 10:34:24 AM done!
05/01 10:34:24 AM Weights of TinyBertForSequenceClassification not initialized from pretrained model: ['fit_dense.weight', 'fit_dense.bias']
05/01 10:34:24 AM Weights from pretrained model not used in TinyBertForSequenceClassification: ['bert.embeddings.position_ids']
05/01 10:34:24 AM Model config {
  "attention_probs_dropout_prob": 0.1,
  "cell": {},
  "hidden_act": "gelu",
  "hidden_dropout_prob": 0.1,
  "hidden_size": 768,
  "initializer_range": 0.02,
  "intermediate_size": 3072,
  "max_position_embeddings": 512,
  "model_type": "bert",
  "num_attention_heads": 12,
  "num_hidden_layers": 6,
  "pre_trained": "",
  "structure": [],
  "training": "",
  "type_vocab_size": 2,
  "vocab_size": 30522
}

05/01 10:34:25 AM Loading model ./models_train/TinyBERT_6L_768D_1156_stg1_RTE/pytorch_model.bin
05/01 10:34:25 AM loading model...
05/01 10:34:25 AM done!
05/01 10:34:25 AM ***** Running training *****
05/01 10:34:25 AM   Num examples = 144076
05/01 10:34:25 AM   Batch size = 37
05/01 10:34:25 AM   Num steps = 15572
05/01 10:34:25 AM n: bert.embeddings.word_embeddings.weight
05/01 10:34:25 AM n: bert.embeddings.position_embeddings.weight
05/01 10:34:25 AM n: bert.embeddings.token_type_embeddings.weight
05/01 10:34:25 AM n: bert.embeddings.LayerNorm.weight
05/01 10:34:25 AM n: bert.embeddings.LayerNorm.bias
05/01 10:34:25 AM n: bert.encoder.layer.0.attention.self.query.weight
05/01 10:34:25 AM n: bert.encoder.layer.0.attention.self.query.bias
05/01 10:34:25 AM n: bert.encoder.layer.0.attention.self.key.weight
05/01 10:34:25 AM n: bert.encoder.layer.0.attention.self.key.bias
05/01 10:34:25 AM n: bert.encoder.layer.0.attention.self.value.weight
05/01 10:34:25 AM n: bert.encoder.layer.0.attention.self.value.bias
05/01 10:34:25 AM n: bert.encoder.layer.0.attention.output.dense.weight
05/01 10:34:25 AM n: bert.encoder.layer.0.attention.output.dense.bias
05/01 10:34:25 AM n: bert.encoder.layer.0.attention.output.LayerNorm.weight
05/01 10:34:25 AM n: bert.encoder.layer.0.attention.output.LayerNorm.bias
05/01 10:34:25 AM n: bert.encoder.layer.0.intermediate.dense.weight
05/01 10:34:25 AM n: bert.encoder.layer.0.intermediate.dense.bias
05/01 10:34:25 AM n: bert.encoder.layer.0.output.dense.weight
05/01 10:34:25 AM n: bert.encoder.layer.0.output.dense.bias
05/01 10:34:25 AM n: bert.encoder.layer.0.output.LayerNorm.weight
05/01 10:34:25 AM n: bert.encoder.layer.0.output.LayerNorm.bias
05/01 10:34:25 AM n: bert.encoder.layer.1.attention.self.query.weight
05/01 10:34:25 AM n: bert.encoder.layer.1.attention.self.query.bias
05/01 10:34:25 AM n: bert.encoder.layer.1.attention.self.key.weight
05/01 10:34:25 AM n: bert.encoder.layer.1.attention.self.key.bias
05/01 10:34:25 AM n: bert.encoder.layer.1.attention.self.value.weight
05/01 10:34:25 AM n: bert.encoder.layer.1.attention.self.value.bias
05/01 10:34:25 AM n: bert.encoder.layer.1.attention.output.dense.weight
05/01 10:34:25 AM n: bert.encoder.layer.1.attention.output.dense.bias
05/01 10:34:25 AM n: bert.encoder.layer.1.attention.output.LayerNorm.weight
05/01 10:34:25 AM n: bert.encoder.layer.1.attention.output.LayerNorm.bias
05/01 10:34:25 AM n: bert.encoder.layer.1.intermediate.dense.weight
05/01 10:34:25 AM n: bert.encoder.layer.1.intermediate.dense.bias
05/01 10:34:25 AM n: bert.encoder.layer.1.output.dense.weight
05/01 10:34:25 AM n: bert.encoder.layer.1.output.dense.bias
05/01 10:34:25 AM n: bert.encoder.layer.1.output.LayerNorm.weight
05/01 10:34:25 AM n: bert.encoder.layer.1.output.LayerNorm.bias
05/01 10:34:25 AM n: bert.encoder.layer.2.attention.self.query.weight
05/01 10:34:25 AM n: bert.encoder.layer.2.attention.self.query.bias
05/01 10:34:25 AM n: bert.encoder.layer.2.attention.self.key.weight
05/01 10:34:25 AM n: bert.encoder.layer.2.attention.self.key.bias
05/01 10:34:25 AM n: bert.encoder.layer.2.attention.self.value.weight
05/01 10:34:25 AM n: bert.encoder.layer.2.attention.self.value.bias
05/01 10:34:25 AM n: bert.encoder.layer.2.attention.output.dense.weight
05/01 10:34:25 AM n: bert.encoder.layer.2.attention.output.dense.bias
05/01 10:34:25 AM n: bert.encoder.layer.2.attention.output.LayerNorm.weight
05/01 10:34:25 AM n: bert.encoder.layer.2.attention.output.LayerNorm.bias
05/01 10:34:25 AM n: bert.encoder.layer.2.intermediate.dense.weight
05/01 10:34:25 AM n: bert.encoder.layer.2.intermediate.dense.bias
05/01 10:34:25 AM n: bert.encoder.layer.2.output.dense.weight
05/01 10:34:25 AM n: bert.encoder.layer.2.output.dense.bias
05/01 10:34:25 AM n: bert.encoder.layer.2.output.LayerNorm.weight
05/01 10:34:25 AM n: bert.encoder.layer.2.output.LayerNorm.bias
05/01 10:34:25 AM n: bert.encoder.layer.3.attention.self.query.weight
05/01 10:34:25 AM n: bert.encoder.layer.3.attention.self.query.bias
05/01 10:34:25 AM n: bert.encoder.layer.3.attention.self.key.weight
05/01 10:34:25 AM n: bert.encoder.layer.3.attention.self.key.bias
05/01 10:34:25 AM n: bert.encoder.layer.3.attention.self.value.weight
05/01 10:34:25 AM n: bert.encoder.layer.3.attention.self.value.bias
05/01 10:34:25 AM n: bert.encoder.layer.3.attention.output.dense.weight
05/01 10:34:25 AM n: bert.encoder.layer.3.attention.output.dense.bias
05/01 10:34:25 AM n: bert.encoder.layer.3.attention.output.LayerNorm.weight
05/01 10:34:25 AM n: bert.encoder.layer.3.attention.output.LayerNorm.bias
05/01 10:34:25 AM n: bert.encoder.layer.3.intermediate.dense.weight
05/01 10:34:25 AM n: bert.encoder.layer.3.intermediate.dense.bias
05/01 10:34:25 AM n: bert.encoder.layer.3.output.dense.weight
05/01 10:34:25 AM n: bert.encoder.layer.3.output.dense.bias
05/01 10:34:25 AM n: bert.encoder.layer.3.output.LayerNorm.weight
05/01 10:34:25 AM n: bert.encoder.layer.3.output.LayerNorm.bias
05/01 10:34:25 AM n: bert.encoder.layer.4.attention.self.query.weight
05/01 10:34:25 AM n: bert.encoder.layer.4.attention.self.query.bias
05/01 10:34:25 AM n: bert.encoder.layer.4.attention.self.key.weight
05/01 10:34:25 AM n: bert.encoder.layer.4.attention.self.key.bias
05/01 10:34:25 AM n: bert.encoder.layer.4.attention.self.value.weight
05/01 10:34:25 AM n: bert.encoder.layer.4.attention.self.value.bias
05/01 10:34:25 AM n: bert.encoder.layer.4.attention.output.dense.weight
05/01 10:34:25 AM n: bert.encoder.layer.4.attention.output.dense.bias
05/01 10:34:25 AM n: bert.encoder.layer.4.attention.output.LayerNorm.weight
05/01 10:34:25 AM n: bert.encoder.layer.4.attention.output.LayerNorm.bias
05/01 10:34:25 AM n: bert.encoder.layer.4.intermediate.dense.weight
05/01 10:34:25 AM n: bert.encoder.layer.4.intermediate.dense.bias
05/01 10:34:25 AM n: bert.encoder.layer.4.output.dense.weight
05/01 10:34:25 AM n: bert.encoder.layer.4.output.dense.bias
05/01 10:34:25 AM n: bert.encoder.layer.4.output.LayerNorm.weight
05/01 10:34:25 AM n: bert.encoder.layer.4.output.LayerNorm.bias
05/01 10:34:25 AM n: bert.encoder.layer.5.attention.self.query.weight
05/01 10:34:25 AM n: bert.encoder.layer.5.attention.self.query.bias
05/01 10:34:25 AM n: bert.encoder.layer.5.attention.self.key.weight
05/01 10:34:25 AM n: bert.encoder.layer.5.attention.self.key.bias
05/01 10:34:25 AM n: bert.encoder.layer.5.attention.self.value.weight
05/01 10:34:25 AM n: bert.encoder.layer.5.attention.self.value.bias
05/01 10:34:25 AM n: bert.encoder.layer.5.attention.output.dense.weight
05/01 10:34:25 AM n: bert.encoder.layer.5.attention.output.dense.bias
05/01 10:34:25 AM n: bert.encoder.layer.5.attention.output.LayerNorm.weight
05/01 10:34:25 AM n: bert.encoder.layer.5.attention.output.LayerNorm.bias
05/01 10:34:25 AM n: bert.encoder.layer.5.intermediate.dense.weight
05/01 10:34:25 AM n: bert.encoder.layer.5.intermediate.dense.bias
05/01 10:34:25 AM n: bert.encoder.layer.5.output.dense.weight
05/01 10:34:25 AM n: bert.encoder.layer.5.output.dense.bias
05/01 10:34:25 AM n: bert.encoder.layer.5.output.LayerNorm.weight
05/01 10:34:25 AM n: bert.encoder.layer.5.output.LayerNorm.bias
05/01 10:34:25 AM n: bert.pooler.dense.weight
05/01 10:34:25 AM n: bert.pooler.dense.bias
05/01 10:34:25 AM n: classifier.weight
05/01 10:34:25 AM n: classifier.bias
05/01 10:34:25 AM n: fit_dense.weight
05/01 10:34:25 AM n: fit_dense.bias
05/01 10:34:25 AM Total parameters: 67547138
05/01 10:39:57 AM ***** Running evaluation *****
05/01 10:39:57 AM   Epoch = 0 iter 1999 step
05/01 10:39:57 AM   Num examples = 277
05/01 10:39:57 AM   Batch size = 32
05/01 10:39:57 AM preds.shape (277, 2)
05/01 10:39:57 AM ***** Eval results *****
05/01 10:39:57 AM   acc = 0.6389891696750902
05/01 10:39:57 AM   att_loss = 0.0
05/01 10:39:57 AM   cls_loss = 0.25350517386373966
05/01 10:39:57 AM   eval_loss = 0.6549377507633634
05/01 10:39:57 AM   global_step = 1999
05/01 10:39:57 AM   loss = 0.25350517386373966
05/01 10:39:57 AM   rep_loss = 0.0
05/01 10:39:57 AM ***** Save model *****
05/01 10:45:29 AM ***** Running evaluation *****
05/01 10:45:29 AM   Epoch = 1 iter 3999 step
05/01 10:45:29 AM   Num examples = 277
05/01 10:45:29 AM   Batch size = 32
05/01 10:45:29 AM preds.shape (277, 2)
05/01 10:45:29 AM ***** Eval results *****
05/01 10:45:29 AM   acc = 0.5956678700361011
05/01 10:45:29 AM   att_loss = 0.0
05/01 10:45:29 AM   cls_loss = 0.2485858509844204
05/01 10:45:29 AM   eval_loss = 0.660091843869951
05/01 10:45:29 AM   global_step = 3999
05/01 10:45:29 AM   loss = 0.2485858509844204
05/01 10:45:29 AM   rep_loss = 0.0
05/01 10:51:01 AM ***** Running evaluation *****
05/01 10:51:01 AM   Epoch = 1 iter 5999 step
05/01 10:51:01 AM   Num examples = 277
05/01 10:51:01 AM   Batch size = 32
05/01 10:51:01 AM preds.shape (277, 2)
05/01 10:51:02 AM ***** Eval results *****
05/01 10:51:02 AM   acc = 0.6823104693140795
05/01 10:51:02 AM   att_loss = 0.0
05/01 10:51:02 AM   cls_loss = 0.24949903667312742
05/01 10:51:02 AM   eval_loss = 0.6369580295350816
05/01 10:51:02 AM   global_step = 5999
05/01 10:51:02 AM   loss = 0.24949903667312742
05/01 10:51:02 AM   rep_loss = 0.0
05/01 10:51:02 AM ***** Save model *****
05/01 10:56:34 AM ***** Running evaluation *****
05/01 10:56:34 AM   Epoch = 2 iter 7999 step
05/01 10:56:34 AM   Num examples = 277
05/01 10:56:34 AM   Batch size = 32
05/01 10:56:34 AM preds.shape (277, 2)
05/01 10:56:34 AM ***** Eval results *****
05/01 10:56:34 AM   acc = 0.628158844765343
05/01 10:56:34 AM   att_loss = 0.0
05/01 10:56:34 AM   cls_loss = 0.248507848857714
05/01 10:56:34 AM   eval_loss = 0.6494599713219537
05/01 10:56:34 AM   global_step = 7999
05/01 10:56:34 AM   loss = 0.248507848857714
05/01 10:56:34 AM   rep_loss = 0.0
05/01 11:02:06 AM ***** Running evaluation *****
05/01 11:02:06 AM   Epoch = 2 iter 9999 step
05/01 11:02:06 AM   Num examples = 277
05/01 11:02:06 AM   Batch size = 32
05/01 11:02:06 AM preds.shape (277, 2)
05/01 11:02:06 AM ***** Eval results *****
05/01 11:02:06 AM   acc = 0.6570397111913358
05/01 11:02:06 AM   att_loss = 0.0
05/01 11:02:06 AM   cls_loss = 0.24876724001755823
05/01 11:02:06 AM   eval_loss = 0.6410220132933723
05/01 11:02:06 AM   global_step = 9999
05/01 11:02:06 AM   loss = 0.24876724001755823
05/01 11:02:06 AM   rep_loss = 0.0
05/01 11:07:38 AM ***** Running evaluation *****
05/01 11:07:38 AM   Epoch = 3 iter 11999 step
05/01 11:07:38 AM   Num examples = 277
05/01 11:07:38 AM   Batch size = 32
05/01 11:07:38 AM preds.shape (277, 2)
05/01 11:07:38 AM ***** Eval results *****
05/01 11:07:38 AM   acc = 0.6750902527075813
05/01 11:07:38 AM   att_loss = 0.0
05/01 11:07:38 AM   cls_loss = 0.249305088352412
05/01 11:07:38 AM   eval_loss = 0.6419282158215841
05/01 11:07:38 AM   global_step = 11999
05/01 11:07:38 AM   loss = 0.249305088352412
05/01 11:07:38 AM   rep_loss = 0.0
05/01 11:13:10 AM ***** Running evaluation *****
05/01 11:13:10 AM   Epoch = 3 iter 13999 step
05/01 11:13:10 AM   Num examples = 277
05/01 11:13:10 AM   Batch size = 32
05/01 11:13:10 AM preds.shape (277, 2)
05/01 11:13:10 AM ***** Eval results *****
05/01 11:13:10 AM   acc = 0.628158844765343
05/01 11:13:10 AM   att_loss = 0.0
05/01 11:13:10 AM   cls_loss = 0.24845121215772012
05/01 11:13:10 AM   eval_loss = 0.6484785874684652
05/01 11:13:10 AM   global_step = 13999
05/01 11:13:10 AM   loss = 0.24845121215772012
05/01 11:13:10 AM   rep_loss = 0.0
