05/01 01:16:41 PM The args: Namespace(aug_train=True, cache_dir='', data_dir='./_data/glue_data/RTE', data_url='', do_eval=False, do_lower_case=True, eval_batch_size=32, eval_step=2000, gradient_accumulation_steps=1, learning_rate=3e-05, max_seq_length=128, no_cuda=False, num_train_epochs=4.0, output_dir='./models_train/TinyBERT_6L_768D_1158_stg2_RTE', pred_distill=True, seed=42, student_model='./models_train/TinyBERT_6L_768D_1158_stg1_RTE', task_name='RTE', teacher_model='./_models/bert-base-uncased-rte', temperature=1.0, train_batch_size=39, warmup_proportion=0.1, weight_decay=0.0001)
05/01 01:16:41 PM device: cuda n_gpu: 1
05/01 01:16:41 PM ******** num_labels=2
05/01 01:17:26 PM Model config {
  "_name_or_path": "bert-base-uncased",
  "architectures": [
    "BertForSequenceClassification"
  ],
  "attention_probs_dropout_prob": 0.1,
  "finetuning_task": "rte",
  "gradient_checkpointing": false,
  "hidden_act": "gelu",
  "hidden_dropout_prob": 0.1,
  "hidden_size": 768,
  "initializer_range": 0.02,
  "intermediate_size": 3072,
  "layer_norm_eps": 1e-12,
  "max_position_embeddings": 512,
  "model_type": "bert",
  "num_attention_heads": 12,
  "num_hidden_layers": 12,
  "pad_token_id": 0,
  "position_embedding_type": "absolute",
  "pre_trained": "",
  "problem_type": "single_label_classification",
  "training": "",
  "transformers_version": "4.6.1",
  "type_vocab_size": 2,
  "use_cache": true,
  "vocab_size": 30522
}

05/01 01:17:27 PM Loading model ./_models/bert-base-uncased-rte/pytorch_model.bin
05/01 01:17:27 PM loading model...
05/01 01:17:27 PM done!
05/01 01:17:27 PM Weights of TinyBertForSequenceClassification not initialized from pretrained model: ['fit_dense.weight', 'fit_dense.bias']
05/01 01:17:27 PM Weights from pretrained model not used in TinyBertForSequenceClassification: ['bert.embeddings.position_ids']
05/01 01:17:27 PM Model config {
  "attention_probs_dropout_prob": 0.1,
  "cell": {},
  "hidden_act": "gelu",
  "hidden_dropout_prob": 0.1,
  "hidden_size": 768,
  "initializer_range": 0.02,
  "intermediate_size": 3072,
  "max_position_embeddings": 512,
  "model_type": "bert",
  "num_attention_heads": 12,
  "num_hidden_layers": 6,
  "pre_trained": "",
  "structure": [],
  "training": "",
  "type_vocab_size": 2,
  "vocab_size": 30522
}

05/01 01:17:28 PM Loading model ./models_train/TinyBERT_6L_768D_1158_stg1_RTE/pytorch_model.bin
05/01 01:17:28 PM loading model...
05/01 01:17:28 PM done!
05/01 01:17:28 PM ***** Running training *****
05/01 01:17:28 PM   Num examples = 144076
05/01 01:17:28 PM   Batch size = 39
05/01 01:17:28 PM   Num steps = 14776
05/01 01:17:28 PM n: bert.embeddings.word_embeddings.weight
05/01 01:17:28 PM n: bert.embeddings.position_embeddings.weight
05/01 01:17:28 PM n: bert.embeddings.token_type_embeddings.weight
05/01 01:17:28 PM n: bert.embeddings.LayerNorm.weight
05/01 01:17:28 PM n: bert.embeddings.LayerNorm.bias
05/01 01:17:28 PM n: bert.encoder.layer.0.attention.self.query.weight
05/01 01:17:28 PM n: bert.encoder.layer.0.attention.self.query.bias
05/01 01:17:28 PM n: bert.encoder.layer.0.attention.self.key.weight
05/01 01:17:28 PM n: bert.encoder.layer.0.attention.self.key.bias
05/01 01:17:28 PM n: bert.encoder.layer.0.attention.self.value.weight
05/01 01:17:28 PM n: bert.encoder.layer.0.attention.self.value.bias
05/01 01:17:28 PM n: bert.encoder.layer.0.attention.output.dense.weight
05/01 01:17:28 PM n: bert.encoder.layer.0.attention.output.dense.bias
05/01 01:17:28 PM n: bert.encoder.layer.0.attention.output.LayerNorm.weight
05/01 01:17:28 PM n: bert.encoder.layer.0.attention.output.LayerNorm.bias
05/01 01:17:28 PM n: bert.encoder.layer.0.intermediate.dense.weight
05/01 01:17:28 PM n: bert.encoder.layer.0.intermediate.dense.bias
05/01 01:17:28 PM n: bert.encoder.layer.0.output.dense.weight
05/01 01:17:28 PM n: bert.encoder.layer.0.output.dense.bias
05/01 01:17:28 PM n: bert.encoder.layer.0.output.LayerNorm.weight
05/01 01:17:28 PM n: bert.encoder.layer.0.output.LayerNorm.bias
05/01 01:17:28 PM n: bert.encoder.layer.1.attention.self.query.weight
05/01 01:17:28 PM n: bert.encoder.layer.1.attention.self.query.bias
05/01 01:17:28 PM n: bert.encoder.layer.1.attention.self.key.weight
05/01 01:17:28 PM n: bert.encoder.layer.1.attention.self.key.bias
05/01 01:17:28 PM n: bert.encoder.layer.1.attention.self.value.weight
05/01 01:17:28 PM n: bert.encoder.layer.1.attention.self.value.bias
05/01 01:17:28 PM n: bert.encoder.layer.1.attention.output.dense.weight
05/01 01:17:28 PM n: bert.encoder.layer.1.attention.output.dense.bias
05/01 01:17:28 PM n: bert.encoder.layer.1.attention.output.LayerNorm.weight
05/01 01:17:28 PM n: bert.encoder.layer.1.attention.output.LayerNorm.bias
05/01 01:17:28 PM n: bert.encoder.layer.1.intermediate.dense.weight
05/01 01:17:28 PM n: bert.encoder.layer.1.intermediate.dense.bias
05/01 01:17:28 PM n: bert.encoder.layer.1.output.dense.weight
05/01 01:17:28 PM n: bert.encoder.layer.1.output.dense.bias
05/01 01:17:28 PM n: bert.encoder.layer.1.output.LayerNorm.weight
05/01 01:17:28 PM n: bert.encoder.layer.1.output.LayerNorm.bias
05/01 01:17:28 PM n: bert.encoder.layer.2.attention.self.query.weight
05/01 01:17:28 PM n: bert.encoder.layer.2.attention.self.query.bias
05/01 01:17:28 PM n: bert.encoder.layer.2.attention.self.key.weight
05/01 01:17:28 PM n: bert.encoder.layer.2.attention.self.key.bias
05/01 01:17:28 PM n: bert.encoder.layer.2.attention.self.value.weight
05/01 01:17:28 PM n: bert.encoder.layer.2.attention.self.value.bias
05/01 01:17:28 PM n: bert.encoder.layer.2.attention.output.dense.weight
05/01 01:17:28 PM n: bert.encoder.layer.2.attention.output.dense.bias
05/01 01:17:28 PM n: bert.encoder.layer.2.attention.output.LayerNorm.weight
05/01 01:17:28 PM n: bert.encoder.layer.2.attention.output.LayerNorm.bias
05/01 01:17:28 PM n: bert.encoder.layer.2.intermediate.dense.weight
05/01 01:17:28 PM n: bert.encoder.layer.2.intermediate.dense.bias
05/01 01:17:28 PM n: bert.encoder.layer.2.output.dense.weight
05/01 01:17:28 PM n: bert.encoder.layer.2.output.dense.bias
05/01 01:17:28 PM n: bert.encoder.layer.2.output.LayerNorm.weight
05/01 01:17:28 PM n: bert.encoder.layer.2.output.LayerNorm.bias
05/01 01:17:28 PM n: bert.encoder.layer.3.attention.self.query.weight
05/01 01:17:28 PM n: bert.encoder.layer.3.attention.self.query.bias
05/01 01:17:28 PM n: bert.encoder.layer.3.attention.self.key.weight
05/01 01:17:28 PM n: bert.encoder.layer.3.attention.self.key.bias
05/01 01:17:28 PM n: bert.encoder.layer.3.attention.self.value.weight
05/01 01:17:28 PM n: bert.encoder.layer.3.attention.self.value.bias
05/01 01:17:28 PM n: bert.encoder.layer.3.attention.output.dense.weight
05/01 01:17:28 PM n: bert.encoder.layer.3.attention.output.dense.bias
05/01 01:17:28 PM n: bert.encoder.layer.3.attention.output.LayerNorm.weight
05/01 01:17:28 PM n: bert.encoder.layer.3.attention.output.LayerNorm.bias
05/01 01:17:28 PM n: bert.encoder.layer.3.intermediate.dense.weight
05/01 01:17:28 PM n: bert.encoder.layer.3.intermediate.dense.bias
05/01 01:17:28 PM n: bert.encoder.layer.3.output.dense.weight
05/01 01:17:28 PM n: bert.encoder.layer.3.output.dense.bias
05/01 01:17:28 PM n: bert.encoder.layer.3.output.LayerNorm.weight
05/01 01:17:28 PM n: bert.encoder.layer.3.output.LayerNorm.bias
05/01 01:17:28 PM n: bert.encoder.layer.4.attention.self.query.weight
05/01 01:17:28 PM n: bert.encoder.layer.4.attention.self.query.bias
05/01 01:17:28 PM n: bert.encoder.layer.4.attention.self.key.weight
05/01 01:17:28 PM n: bert.encoder.layer.4.attention.self.key.bias
05/01 01:17:28 PM n: bert.encoder.layer.4.attention.self.value.weight
05/01 01:17:28 PM n: bert.encoder.layer.4.attention.self.value.bias
05/01 01:17:28 PM n: bert.encoder.layer.4.attention.output.dense.weight
05/01 01:17:28 PM n: bert.encoder.layer.4.attention.output.dense.bias
05/01 01:17:28 PM n: bert.encoder.layer.4.attention.output.LayerNorm.weight
05/01 01:17:28 PM n: bert.encoder.layer.4.attention.output.LayerNorm.bias
05/01 01:17:28 PM n: bert.encoder.layer.4.intermediate.dense.weight
05/01 01:17:28 PM n: bert.encoder.layer.4.intermediate.dense.bias
05/01 01:17:28 PM n: bert.encoder.layer.4.output.dense.weight
05/01 01:17:28 PM n: bert.encoder.layer.4.output.dense.bias
05/01 01:17:28 PM n: bert.encoder.layer.4.output.LayerNorm.weight
05/01 01:17:28 PM n: bert.encoder.layer.4.output.LayerNorm.bias
05/01 01:17:28 PM n: bert.encoder.layer.5.attention.self.query.weight
05/01 01:17:28 PM n: bert.encoder.layer.5.attention.self.query.bias
05/01 01:17:28 PM n: bert.encoder.layer.5.attention.self.key.weight
05/01 01:17:28 PM n: bert.encoder.layer.5.attention.self.key.bias
05/01 01:17:28 PM n: bert.encoder.layer.5.attention.self.value.weight
05/01 01:17:28 PM n: bert.encoder.layer.5.attention.self.value.bias
05/01 01:17:28 PM n: bert.encoder.layer.5.attention.output.dense.weight
05/01 01:17:28 PM n: bert.encoder.layer.5.attention.output.dense.bias
05/01 01:17:28 PM n: bert.encoder.layer.5.attention.output.LayerNorm.weight
05/01 01:17:28 PM n: bert.encoder.layer.5.attention.output.LayerNorm.bias
05/01 01:17:28 PM n: bert.encoder.layer.5.intermediate.dense.weight
05/01 01:17:28 PM n: bert.encoder.layer.5.intermediate.dense.bias
05/01 01:17:28 PM n: bert.encoder.layer.5.output.dense.weight
05/01 01:17:28 PM n: bert.encoder.layer.5.output.dense.bias
05/01 01:17:28 PM n: bert.encoder.layer.5.output.LayerNorm.weight
05/01 01:17:28 PM n: bert.encoder.layer.5.output.LayerNorm.bias
05/01 01:17:28 PM n: bert.pooler.dense.weight
05/01 01:17:28 PM n: bert.pooler.dense.bias
05/01 01:17:28 PM n: classifier.weight
05/01 01:17:28 PM n: classifier.bias
05/01 01:17:28 PM n: fit_dense.weight
05/01 01:17:28 PM n: fit_dense.bias
05/01 01:17:28 PM Total parameters: 67547138
05/01 01:23:14 PM ***** Running evaluation *****
05/01 01:23:14 PM   Epoch = 0 iter 1999 step
05/01 01:23:14 PM   Num examples = 277
05/01 01:23:14 PM   Batch size = 32
05/01 01:23:14 PM preds.shape (277, 2)
05/01 01:23:14 PM ***** Eval results *****
05/01 01:23:14 PM   acc = 0.631768953068592
05/01 01:23:14 PM   att_loss = 0.0
05/01 01:23:14 PM   cls_loss = 0.25348866372748935
05/01 01:23:14 PM   eval_loss = 0.6603328122033013
05/01 01:23:14 PM   global_step = 1999
05/01 01:23:14 PM   loss = 0.25348866372748935
05/01 01:23:14 PM   rep_loss = 0.0
05/01 01:23:14 PM ***** Save model *****
05/01 01:29:00 PM ***** Running evaluation *****
05/01 01:29:00 PM   Epoch = 1 iter 3999 step
05/01 01:29:00 PM   Num examples = 277
05/01 01:29:00 PM   Batch size = 32
05/01 01:29:00 PM preds.shape (277, 2)
05/01 01:29:00 PM ***** Eval results *****
05/01 01:29:00 PM   acc = 0.6570397111913358
05/01 01:29:00 PM   att_loss = 0.0
05/01 01:29:00 PM   cls_loss = 0.2488756813475343
05/01 01:29:00 PM   eval_loss = 0.6565183467335172
05/01 01:29:00 PM   global_step = 3999
05/01 01:29:00 PM   loss = 0.2488756813475343
05/01 01:29:00 PM   rep_loss = 0.0
05/01 01:29:00 PM ***** Save model *****
05/01 01:34:47 PM ***** Running evaluation *****
05/01 01:34:47 PM   Epoch = 1 iter 5999 step
05/01 01:34:47 PM   Num examples = 277
05/01 01:34:47 PM   Batch size = 32
05/01 01:34:47 PM preds.shape (277, 2)
05/01 01:34:47 PM ***** Eval results *****
05/01 01:34:47 PM   acc = 0.6389891696750902
05/01 01:34:47 PM   att_loss = 0.0
05/01 01:34:47 PM   cls_loss = 0.24926799446538317
05/01 01:34:47 PM   eval_loss = 0.6497740480634902
05/01 01:34:47 PM   global_step = 5999
05/01 01:34:47 PM   loss = 0.24926799446538317
05/01 01:34:47 PM   rep_loss = 0.0
05/01 01:40:33 PM ***** Running evaluation *****
05/01 01:40:33 PM   Epoch = 2 iter 7999 step
05/01 01:40:33 PM   Num examples = 277
05/01 01:40:33 PM   Batch size = 32
05/01 01:40:33 PM preds.shape (277, 2)
05/01 01:40:33 PM ***** Eval results *****
05/01 01:40:33 PM   acc = 0.6642599277978339
05/01 01:40:33 PM   att_loss = 0.0
05/01 01:40:33 PM   cls_loss = 0.24810979843334754
05/01 01:40:33 PM   eval_loss = 0.634886900583903
05/01 01:40:33 PM   global_step = 7999
05/01 01:40:33 PM   loss = 0.24810979843334754
05/01 01:40:33 PM   rep_loss = 0.0
05/01 01:40:33 PM ***** Save model *****
05/01 01:46:19 PM ***** Running evaluation *****
05/01 01:46:19 PM   Epoch = 2 iter 9999 step
05/01 01:46:19 PM   Num examples = 277
05/01 01:46:19 PM   Batch size = 32
05/01 01:46:19 PM preds.shape (277, 2)
05/01 01:46:19 PM ***** Eval results *****
05/01 01:46:19 PM   acc = 0.6642599277978339
05/01 01:46:19 PM   att_loss = 0.0
05/01 01:46:19 PM   cls_loss = 0.24867294220255964
05/01 01:46:19 PM   eval_loss = 0.6457788281970553
05/01 01:46:19 PM   global_step = 9999
05/01 01:46:19 PM   loss = 0.24867294220255964
05/01 01:46:19 PM   rep_loss = 0.0
05/01 01:52:05 PM ***** Running evaluation *****
05/01 01:52:05 PM   Epoch = 3 iter 11999 step
05/01 01:52:05 PM   Num examples = 277
05/01 01:52:05 PM   Batch size = 32
05/01 01:52:06 PM preds.shape (277, 2)
05/01 01:52:06 PM ***** Eval results *****
05/01 01:52:06 PM   acc = 0.6534296028880866
05/01 01:52:06 PM   att_loss = 0.0
05/01 01:52:06 PM   cls_loss = 0.2484981948865279
05/01 01:52:06 PM   eval_loss = 0.6417155265808105
05/01 01:52:06 PM   global_step = 11999
05/01 01:52:06 PM   loss = 0.2484981948865279
05/01 01:52:06 PM   rep_loss = 0.0
05/01 01:57:51 PM ***** Running evaluation *****
05/01 01:57:51 PM   Epoch = 3 iter 13999 step
05/01 01:57:51 PM   Num examples = 277
05/01 01:57:51 PM   Batch size = 32
05/01 01:57:52 PM preds.shape (277, 2)
05/01 01:57:52 PM ***** Eval results *****
05/01 01:57:52 PM   acc = 0.6462093862815884
05/01 01:57:52 PM   att_loss = 0.0
05/01 01:57:52 PM   cls_loss = 0.24842252936578182
05/01 01:57:52 PM   eval_loss = 0.6391588979297214
05/01 01:57:52 PM   global_step = 13999
05/01 01:57:52 PM   loss = 0.24842252936578182
05/01 01:57:52 PM   rep_loss = 0.0
