04/29 06:26:47 PM The args: Namespace(aug_train=True, cache_dir='', data_dir='./_data/glue_data/RTE', data_url='', do_eval=False, do_lower_case=True, eval_batch_size=32, eval_step=2000, gradient_accumulation_steps=1, learning_rate=0.0004, max_seq_length=128, no_cuda=False, num_train_epochs=4.0, output_dir='./models_train/TinyBERT_6L_768D_1145_stg2_RTE', pred_distill=True, seed=42, student_model='./models_train/TinyBERT_6L_768D_1145_stg1_RTE', task_name='RTE', teacher_model='./_models/bert-base-uncased-rte', temperature=1.0, train_batch_size=32, warmup_proportion=0.1, weight_decay=0.0001)
04/29 06:26:47 PM device: cuda n_gpu: 1
04/29 06:26:47 PM ******** num_labels=2
04/29 06:27:32 PM Model config {
  "_name_or_path": "bert-base-uncased",
  "architectures": [
    "BertForSequenceClassification"
  ],
  "attention_probs_dropout_prob": 0.1,
  "finetuning_task": "rte",
  "gradient_checkpointing": false,
  "hidden_act": "gelu",
  "hidden_dropout_prob": 0.1,
  "hidden_size": 768,
  "initializer_range": 0.02,
  "intermediate_size": 3072,
  "layer_norm_eps": 1e-12,
  "max_position_embeddings": 512,
  "model_type": "bert",
  "num_attention_heads": 12,
  "num_hidden_layers": 12,
  "pad_token_id": 0,
  "position_embedding_type": "absolute",
  "pre_trained": "",
  "problem_type": "single_label_classification",
  "training": "",
  "transformers_version": "4.6.1",
  "type_vocab_size": 2,
  "use_cache": true,
  "vocab_size": 30522
}

04/29 06:27:33 PM Loading model ./_models/bert-base-uncased-rte/pytorch_model.bin
04/29 06:27:33 PM loading model...
04/29 06:27:33 PM done!
04/29 06:27:33 PM Weights of TinyBertForSequenceClassification not initialized from pretrained model: ['fit_dense.weight', 'fit_dense.bias']
04/29 06:27:33 PM Weights from pretrained model not used in TinyBertForSequenceClassification: ['bert.embeddings.position_ids']
04/29 06:27:33 PM Model config {
  "attention_probs_dropout_prob": 0.1,
  "cell": {},
  "hidden_act": "gelu",
  "hidden_dropout_prob": 0.1,
  "hidden_size": 768,
  "initializer_range": 0.02,
  "intermediate_size": 3072,
  "max_position_embeddings": 512,
  "model_type": "bert",
  "num_attention_heads": 12,
  "num_hidden_layers": 6,
  "pre_trained": "",
  "structure": [],
  "training": "",
  "type_vocab_size": 2,
  "vocab_size": 30522
}

04/29 06:27:34 PM Loading model ./models_train/TinyBERT_6L_768D_1145_stg1_RTE/pytorch_model.bin
04/29 06:27:34 PM loading model...
04/29 06:27:34 PM done!
04/29 06:27:34 PM ***** Running training *****
04/29 06:27:34 PM   Num examples = 144076
04/29 06:27:34 PM   Batch size = 32
04/29 06:27:34 PM   Num steps = 18008
04/29 06:27:34 PM n: bert.embeddings.word_embeddings.weight
04/29 06:27:34 PM n: bert.embeddings.position_embeddings.weight
04/29 06:27:34 PM n: bert.embeddings.token_type_embeddings.weight
04/29 06:27:34 PM n: bert.embeddings.LayerNorm.weight
04/29 06:27:34 PM n: bert.embeddings.LayerNorm.bias
04/29 06:27:34 PM n: bert.encoder.layer.0.attention.self.query.weight
04/29 06:27:34 PM n: bert.encoder.layer.0.attention.self.query.bias
04/29 06:27:34 PM n: bert.encoder.layer.0.attention.self.key.weight
04/29 06:27:34 PM n: bert.encoder.layer.0.attention.self.key.bias
04/29 06:27:34 PM n: bert.encoder.layer.0.attention.self.value.weight
04/29 06:27:34 PM n: bert.encoder.layer.0.attention.self.value.bias
04/29 06:27:34 PM n: bert.encoder.layer.0.attention.output.dense.weight
04/29 06:27:34 PM n: bert.encoder.layer.0.attention.output.dense.bias
04/29 06:27:34 PM n: bert.encoder.layer.0.attention.output.LayerNorm.weight
04/29 06:27:34 PM n: bert.encoder.layer.0.attention.output.LayerNorm.bias
04/29 06:27:34 PM n: bert.encoder.layer.0.intermediate.dense.weight
04/29 06:27:34 PM n: bert.encoder.layer.0.intermediate.dense.bias
04/29 06:27:34 PM n: bert.encoder.layer.0.output.dense.weight
04/29 06:27:34 PM n: bert.encoder.layer.0.output.dense.bias
04/29 06:27:34 PM n: bert.encoder.layer.0.output.LayerNorm.weight
04/29 06:27:34 PM n: bert.encoder.layer.0.output.LayerNorm.bias
04/29 06:27:34 PM n: bert.encoder.layer.1.attention.self.query.weight
04/29 06:27:34 PM n: bert.encoder.layer.1.attention.self.query.bias
04/29 06:27:34 PM n: bert.encoder.layer.1.attention.self.key.weight
04/29 06:27:34 PM n: bert.encoder.layer.1.attention.self.key.bias
04/29 06:27:34 PM n: bert.encoder.layer.1.attention.self.value.weight
04/29 06:27:34 PM n: bert.encoder.layer.1.attention.self.value.bias
04/29 06:27:34 PM n: bert.encoder.layer.1.attention.output.dense.weight
04/29 06:27:34 PM n: bert.encoder.layer.1.attention.output.dense.bias
04/29 06:27:34 PM n: bert.encoder.layer.1.attention.output.LayerNorm.weight
04/29 06:27:34 PM n: bert.encoder.layer.1.attention.output.LayerNorm.bias
04/29 06:27:34 PM n: bert.encoder.layer.1.intermediate.dense.weight
04/29 06:27:34 PM n: bert.encoder.layer.1.intermediate.dense.bias
04/29 06:27:34 PM n: bert.encoder.layer.1.output.dense.weight
04/29 06:27:34 PM n: bert.encoder.layer.1.output.dense.bias
04/29 06:27:34 PM n: bert.encoder.layer.1.output.LayerNorm.weight
04/29 06:27:34 PM n: bert.encoder.layer.1.output.LayerNorm.bias
04/29 06:27:34 PM n: bert.encoder.layer.2.attention.self.query.weight
04/29 06:27:34 PM n: bert.encoder.layer.2.attention.self.query.bias
04/29 06:27:34 PM n: bert.encoder.layer.2.attention.self.key.weight
04/29 06:27:34 PM n: bert.encoder.layer.2.attention.self.key.bias
04/29 06:27:34 PM n: bert.encoder.layer.2.attention.self.value.weight
04/29 06:27:34 PM n: bert.encoder.layer.2.attention.self.value.bias
04/29 06:27:34 PM n: bert.encoder.layer.2.attention.output.dense.weight
04/29 06:27:34 PM n: bert.encoder.layer.2.attention.output.dense.bias
04/29 06:27:34 PM n: bert.encoder.layer.2.attention.output.LayerNorm.weight
04/29 06:27:34 PM n: bert.encoder.layer.2.attention.output.LayerNorm.bias
04/29 06:27:34 PM n: bert.encoder.layer.2.intermediate.dense.weight
04/29 06:27:34 PM n: bert.encoder.layer.2.intermediate.dense.bias
04/29 06:27:34 PM n: bert.encoder.layer.2.output.dense.weight
04/29 06:27:34 PM n: bert.encoder.layer.2.output.dense.bias
04/29 06:27:34 PM n: bert.encoder.layer.2.output.LayerNorm.weight
04/29 06:27:34 PM n: bert.encoder.layer.2.output.LayerNorm.bias
04/29 06:27:34 PM n: bert.encoder.layer.3.attention.self.query.weight
04/29 06:27:34 PM n: bert.encoder.layer.3.attention.self.query.bias
04/29 06:27:34 PM n: bert.encoder.layer.3.attention.self.key.weight
04/29 06:27:34 PM n: bert.encoder.layer.3.attention.self.key.bias
04/29 06:27:34 PM n: bert.encoder.layer.3.attention.self.value.weight
04/29 06:27:34 PM n: bert.encoder.layer.3.attention.self.value.bias
04/29 06:27:34 PM n: bert.encoder.layer.3.attention.output.dense.weight
04/29 06:27:34 PM n: bert.encoder.layer.3.attention.output.dense.bias
04/29 06:27:34 PM n: bert.encoder.layer.3.attention.output.LayerNorm.weight
04/29 06:27:34 PM n: bert.encoder.layer.3.attention.output.LayerNorm.bias
04/29 06:27:34 PM n: bert.encoder.layer.3.intermediate.dense.weight
04/29 06:27:34 PM n: bert.encoder.layer.3.intermediate.dense.bias
04/29 06:27:34 PM n: bert.encoder.layer.3.output.dense.weight
04/29 06:27:34 PM n: bert.encoder.layer.3.output.dense.bias
04/29 06:27:34 PM n: bert.encoder.layer.3.output.LayerNorm.weight
04/29 06:27:34 PM n: bert.encoder.layer.3.output.LayerNorm.bias
04/29 06:27:34 PM n: bert.encoder.layer.4.attention.self.query.weight
04/29 06:27:34 PM n: bert.encoder.layer.4.attention.self.query.bias
04/29 06:27:34 PM n: bert.encoder.layer.4.attention.self.key.weight
04/29 06:27:34 PM n: bert.encoder.layer.4.attention.self.key.bias
04/29 06:27:34 PM n: bert.encoder.layer.4.attention.self.value.weight
04/29 06:27:34 PM n: bert.encoder.layer.4.attention.self.value.bias
04/29 06:27:34 PM n: bert.encoder.layer.4.attention.output.dense.weight
04/29 06:27:34 PM n: bert.encoder.layer.4.attention.output.dense.bias
04/29 06:27:34 PM n: bert.encoder.layer.4.attention.output.LayerNorm.weight
04/29 06:27:34 PM n: bert.encoder.layer.4.attention.output.LayerNorm.bias
04/29 06:27:34 PM n: bert.encoder.layer.4.intermediate.dense.weight
04/29 06:27:34 PM n: bert.encoder.layer.4.intermediate.dense.bias
04/29 06:27:34 PM n: bert.encoder.layer.4.output.dense.weight
04/29 06:27:34 PM n: bert.encoder.layer.4.output.dense.bias
04/29 06:27:34 PM n: bert.encoder.layer.4.output.LayerNorm.weight
04/29 06:27:34 PM n: bert.encoder.layer.4.output.LayerNorm.bias
04/29 06:27:34 PM n: bert.encoder.layer.5.attention.self.query.weight
04/29 06:27:34 PM n: bert.encoder.layer.5.attention.self.query.bias
04/29 06:27:34 PM n: bert.encoder.layer.5.attention.self.key.weight
04/29 06:27:34 PM n: bert.encoder.layer.5.attention.self.key.bias
04/29 06:27:34 PM n: bert.encoder.layer.5.attention.self.value.weight
04/29 06:27:34 PM n: bert.encoder.layer.5.attention.self.value.bias
04/29 06:27:34 PM n: bert.encoder.layer.5.attention.output.dense.weight
04/29 06:27:34 PM n: bert.encoder.layer.5.attention.output.dense.bias
04/29 06:27:34 PM n: bert.encoder.layer.5.attention.output.LayerNorm.weight
04/29 06:27:34 PM n: bert.encoder.layer.5.attention.output.LayerNorm.bias
04/29 06:27:34 PM n: bert.encoder.layer.5.intermediate.dense.weight
04/29 06:27:34 PM n: bert.encoder.layer.5.intermediate.dense.bias
04/29 06:27:34 PM n: bert.encoder.layer.5.output.dense.weight
04/29 06:27:34 PM n: bert.encoder.layer.5.output.dense.bias
04/29 06:27:34 PM n: bert.encoder.layer.5.output.LayerNorm.weight
04/29 06:27:34 PM n: bert.encoder.layer.5.output.LayerNorm.bias
04/29 06:27:34 PM n: bert.pooler.dense.weight
04/29 06:27:34 PM n: bert.pooler.dense.bias
04/29 06:27:34 PM n: classifier.weight
04/29 06:27:34 PM n: classifier.bias
04/29 06:27:34 PM n: fit_dense.weight
04/29 06:27:34 PM n: fit_dense.bias
04/29 06:27:34 PM Total parameters: 67547138
04/29 06:32:31 PM ***** Running evaluation *****
04/29 06:32:31 PM   Epoch = 0 iter 1999 step
04/29 06:32:31 PM   Num examples = 277
04/29 06:32:31 PM   Batch size = 32
04/29 06:32:31 PM preds.shape (277, 2)
04/29 06:32:31 PM ***** Eval results *****
04/29 06:32:31 PM   acc = 0.4729241877256318
04/29 06:32:31 PM   att_loss = 0.0
04/29 06:32:31 PM   cls_loss = 0.2575541284007988
04/29 06:32:31 PM   eval_loss = 0.9249720043606229
04/29 06:32:31 PM   global_step = 1999
04/29 06:32:31 PM   loss = 0.2575541284007988
04/29 06:32:31 PM   rep_loss = 0.0
04/29 06:32:31 PM ***** Save model *****
04/29 06:37:28 PM ***** Running evaluation *****
04/29 06:37:28 PM   Epoch = 0 iter 3999 step
04/29 06:37:28 PM   Num examples = 277
04/29 06:37:28 PM   Batch size = 32
04/29 06:37:28 PM preds.shape (277, 2)
04/29 06:37:28 PM ***** Eval results *****
04/29 06:37:28 PM   acc = 0.4729241877256318
04/29 06:37:28 PM   att_loss = 0.0
04/29 06:37:28 PM   cls_loss = 0.2618172026427277
04/29 06:37:28 PM   eval_loss = 0.887556340959337
04/29 06:37:28 PM   global_step = 3999
04/29 06:37:28 PM   loss = 0.2618172026427277
04/29 06:37:28 PM   rep_loss = 0.0
04/29 06:42:25 PM ***** Running evaluation *****
04/29 06:42:25 PM   Epoch = 1 iter 5999 step
04/29 06:42:25 PM   Num examples = 277
04/29 06:42:25 PM   Batch size = 32
04/29 06:42:26 PM preds.shape (277, 2)
04/29 06:42:26 PM ***** Eval results *****
04/29 06:42:26 PM   acc = 0.4729241877256318
04/29 06:42:26 PM   att_loss = 0.0
04/29 06:42:26 PM   cls_loss = 0.2666667301354603
04/29 06:42:26 PM   eval_loss = 0.9112972617149353
04/29 06:42:26 PM   global_step = 5999
04/29 06:42:26 PM   loss = 0.2666667301354603
04/29 06:42:26 PM   rep_loss = 0.0
04/29 06:47:23 PM ***** Running evaluation *****
04/29 06:47:23 PM   Epoch = 1 iter 7999 step
04/29 06:47:23 PM   Num examples = 277
04/29 06:47:23 PM   Batch size = 32
04/29 06:47:23 PM preds.shape (277, 2)
04/29 06:47:23 PM ***** Eval results *****
04/29 06:47:23 PM   acc = 0.4729241877256318
04/29 06:47:23 PM   att_loss = 0.0
04/29 06:47:23 PM   cls_loss = 0.2664081392064584
04/29 06:47:23 PM   eval_loss = 0.9267405867576599
04/29 06:47:23 PM   global_step = 7999
04/29 06:47:23 PM   loss = 0.2664081392064584
04/29 06:47:23 PM   rep_loss = 0.0
04/29 06:52:20 PM ***** Running evaluation *****
04/29 06:52:20 PM   Epoch = 2 iter 9999 step
04/29 06:52:20 PM   Num examples = 277
04/29 06:52:20 PM   Batch size = 32
04/29 06:52:20 PM preds.shape (277, 2)
04/29 06:52:20 PM ***** Eval results *****
04/29 06:52:20 PM   acc = 0.4729241877256318
04/29 06:52:20 PM   att_loss = 0.0
04/29 06:52:20 PM   cls_loss = 0.2655809521076068
04/29 06:52:20 PM   eval_loss = 0.909979522228241
04/29 06:52:20 PM   global_step = 9999
04/29 06:52:20 PM   loss = 0.2655809521076068
04/29 06:52:20 PM   rep_loss = 0.0
04/29 06:57:17 PM ***** Running evaluation *****
04/29 06:57:17 PM   Epoch = 2 iter 11999 step
04/29 06:57:17 PM   Num examples = 277
04/29 06:57:17 PM   Batch size = 32
04/29 06:57:17 PM preds.shape (277, 2)
04/29 06:57:17 PM ***** Eval results *****
04/29 06:57:17 PM   acc = 0.4729241877256318
04/29 06:57:17 PM   att_loss = 0.0
04/29 06:57:17 PM   cls_loss = 0.2656684798022144
04/29 06:57:17 PM   eval_loss = 0.9014264941215515
04/29 06:57:17 PM   global_step = 11999
04/29 06:57:17 PM   loss = 0.2656684798022144
04/29 06:57:17 PM   rep_loss = 0.0
04/29 07:02:14 PM ***** Running evaluation *****
04/29 07:02:14 PM   Epoch = 3 iter 13999 step
04/29 07:02:14 PM   Num examples = 277
04/29 07:02:14 PM   Batch size = 32
04/29 07:02:14 PM preds.shape (277, 2)
04/29 07:02:14 PM ***** Eval results *****
04/29 07:02:14 PM   acc = 0.4729241877256318
04/29 07:02:14 PM   att_loss = 0.0
04/29 07:02:14 PM   cls_loss = 0.26549287560503576
04/29 07:02:14 PM   eval_loss = 0.9113462964693705
04/29 07:02:14 PM   global_step = 13999
04/29 07:02:14 PM   loss = 0.26549287560503576
04/29 07:02:14 PM   rep_loss = 0.0
04/29 07:07:11 PM ***** Running evaluation *****
04/29 07:07:11 PM   Epoch = 3 iter 15999 step
04/29 07:07:11 PM   Num examples = 277
04/29 07:07:11 PM   Batch size = 32
04/29 07:07:12 PM preds.shape (277, 2)
04/29 07:07:12 PM ***** Eval results *****
04/29 07:07:12 PM   acc = 0.4729241877256318
04/29 07:07:12 PM   att_loss = 0.0
04/29 07:07:12 PM   cls_loss = 0.26606499228882013
04/29 07:07:12 PM   eval_loss = 0.9060545033878751
04/29 07:07:12 PM   global_step = 15999
04/29 07:07:12 PM   loss = 0.26606499228882013
04/29 07:07:12 PM   rep_loss = 0.0
04/29 07:12:09 PM ***** Running evaluation *****
04/29 07:12:09 PM   Epoch = 3 iter 17999 step
04/29 07:12:09 PM   Num examples = 277
04/29 07:12:09 PM   Batch size = 32
04/29 07:12:09 PM preds.shape (277, 2)
04/29 07:12:09 PM ***** Eval results *****
04/29 07:12:09 PM   acc = 0.4729241877256318
04/29 07:12:09 PM   att_loss = 0.0
04/29 07:12:09 PM   cls_loss = 0.2660457594421747
04/29 07:12:09 PM   eval_loss = 0.9105696280797323
04/29 07:12:09 PM   global_step = 17999
04/29 07:12:09 PM   loss = 0.2660457594421747
04/29 07:12:09 PM   rep_loss = 0.0
