04/29 01:29:58 PM The args: Namespace(aug_train=True, cache_dir='', data_dir='./_data/glue_data/CoLA', data_url='', do_eval=False, do_lower_case=True, eval_batch_size=32, eval_step=2000, gradient_accumulation_steps=1, learning_rate=1e-05, max_seq_length=128, no_cuda=False, num_train_epochs=4.0, output_dir='./models_train/TinyBERT_4L_312D_1141_stg2_CoLA', pred_distill=True, seed=42, student_model='./models_train/TinyBERT_4L_312D_1141_stg1_CoLA', task_name='CoLA', teacher_model='./_models/bert-base-uncased-cola', temperature=1.0, train_batch_size=32, warmup_proportion=0.1, weight_decay=0.0001)
04/29 01:29:58 PM device: cuda n_gpu: 1
04/29 01:29:58 PM ******** num_labels=2
04/29 01:30:11 PM Model config {
  "_name_or_path": "/mnt/lustre/weixiuying/transformer/pretrain_models/bert-base-uncased",
  "architectures": [
    "BertForSequenceClassification"
  ],
  "attention_probs_dropout_prob": 0.1,
  "classifier_dropout": null,
  "finetuning_task": "cola",
  "gradient_checkpointing": false,
  "hidden_act": "gelu",
  "hidden_dropout_prob": 0.1,
  "hidden_size": 768,
  "id2label": {
    "0": "unacceptable",
    "1": "acceptable"
  },
  "initializer_range": 0.02,
  "intermediate_size": 3072,
  "label2id": {
    "acceptable": 1,
    "unacceptable": 0
  },
  "layer_norm_eps": 1e-12,
  "max_position_embeddings": 512,
  "model_type": "bert",
  "num_attention_heads": 12,
  "num_hidden_layers": 12,
  "pad_token_id": 0,
  "position_embedding_type": "absolute",
  "pre_trained": "",
  "problem_type": "single_label_classification",
  "torch_dtype": "float32",
  "training": "",
  "transformers_version": "4.13.0.dev0",
  "type_vocab_size": 2,
  "use_cache": true,
  "vocab_size": 30522
}

04/29 01:30:11 PM Loading model ./_models/bert-base-uncased-cola/pytorch_model.bin
04/29 01:30:11 PM loading model...
04/29 01:30:11 PM done!
04/29 01:30:11 PM Weights of TinyBertForSequenceClassification not initialized from pretrained model: ['fit_dense.weight', 'fit_dense.bias']
04/29 01:30:11 PM Weights from pretrained model not used in TinyBertForSequenceClassification: ['bert.embeddings.position_ids']
04/29 01:30:12 PM Model config {
  "attention_probs_dropout_prob": 0.1,
  "cell": {},
  "emb_size": 312,
  "hidden_act": "gelu",
  "hidden_dropout_prob": 0.1,
  "hidden_size": 312,
  "initializer_range": 0.02,
  "intermediate_size": 1200,
  "max_position_embeddings": 512,
  "num_attention_heads": 12,
  "num_hidden_layers": 4,
  "pre_trained": "",
  "structure": [],
  "training": "",
  "type_vocab_size": 2,
  "vocab_size": 30522
}

04/29 01:30:12 PM Loading model ./models_train/TinyBERT_4L_312D_1141_stg1_CoLA/pytorch_model.bin
04/29 01:30:12 PM loading model...
04/29 01:30:12 PM done!
04/29 01:30:12 PM ***** Running training *****
04/29 01:30:12 PM   Num examples = 210325
04/29 01:30:12 PM   Batch size = 32
04/29 01:30:12 PM   Num steps = 26288
04/29 01:30:12 PM n: bert.embeddings.word_embeddings.weight
04/29 01:30:12 PM n: bert.embeddings.position_embeddings.weight
04/29 01:30:12 PM n: bert.embeddings.token_type_embeddings.weight
04/29 01:30:12 PM n: bert.embeddings.LayerNorm.weight
04/29 01:30:12 PM n: bert.embeddings.LayerNorm.bias
04/29 01:30:12 PM n: bert.encoder.layer.0.attention.self.query.weight
04/29 01:30:12 PM n: bert.encoder.layer.0.attention.self.query.bias
04/29 01:30:12 PM n: bert.encoder.layer.0.attention.self.key.weight
04/29 01:30:12 PM n: bert.encoder.layer.0.attention.self.key.bias
04/29 01:30:12 PM n: bert.encoder.layer.0.attention.self.value.weight
04/29 01:30:12 PM n: bert.encoder.layer.0.attention.self.value.bias
04/29 01:30:12 PM n: bert.encoder.layer.0.attention.output.dense.weight
04/29 01:30:12 PM n: bert.encoder.layer.0.attention.output.dense.bias
04/29 01:30:12 PM n: bert.encoder.layer.0.attention.output.LayerNorm.weight
04/29 01:30:12 PM n: bert.encoder.layer.0.attention.output.LayerNorm.bias
04/29 01:30:12 PM n: bert.encoder.layer.0.intermediate.dense.weight
04/29 01:30:12 PM n: bert.encoder.layer.0.intermediate.dense.bias
04/29 01:30:12 PM n: bert.encoder.layer.0.output.dense.weight
04/29 01:30:12 PM n: bert.encoder.layer.0.output.dense.bias
04/29 01:30:12 PM n: bert.encoder.layer.0.output.LayerNorm.weight
04/29 01:30:12 PM n: bert.encoder.layer.0.output.LayerNorm.bias
04/29 01:30:12 PM n: bert.encoder.layer.1.attention.self.query.weight
04/29 01:30:12 PM n: bert.encoder.layer.1.attention.self.query.bias
04/29 01:30:12 PM n: bert.encoder.layer.1.attention.self.key.weight
04/29 01:30:12 PM n: bert.encoder.layer.1.attention.self.key.bias
04/29 01:30:12 PM n: bert.encoder.layer.1.attention.self.value.weight
04/29 01:30:12 PM n: bert.encoder.layer.1.attention.self.value.bias
04/29 01:30:12 PM n: bert.encoder.layer.1.attention.output.dense.weight
04/29 01:30:12 PM n: bert.encoder.layer.1.attention.output.dense.bias
04/29 01:30:12 PM n: bert.encoder.layer.1.attention.output.LayerNorm.weight
04/29 01:30:12 PM n: bert.encoder.layer.1.attention.output.LayerNorm.bias
04/29 01:30:12 PM n: bert.encoder.layer.1.intermediate.dense.weight
04/29 01:30:12 PM n: bert.encoder.layer.1.intermediate.dense.bias
04/29 01:30:12 PM n: bert.encoder.layer.1.output.dense.weight
04/29 01:30:12 PM n: bert.encoder.layer.1.output.dense.bias
04/29 01:30:12 PM n: bert.encoder.layer.1.output.LayerNorm.weight
04/29 01:30:12 PM n: bert.encoder.layer.1.output.LayerNorm.bias
04/29 01:30:12 PM n: bert.encoder.layer.2.attention.self.query.weight
04/29 01:30:12 PM n: bert.encoder.layer.2.attention.self.query.bias
04/29 01:30:12 PM n: bert.encoder.layer.2.attention.self.key.weight
04/29 01:30:12 PM n: bert.encoder.layer.2.attention.self.key.bias
04/29 01:30:12 PM n: bert.encoder.layer.2.attention.self.value.weight
04/29 01:30:12 PM n: bert.encoder.layer.2.attention.self.value.bias
04/29 01:30:12 PM n: bert.encoder.layer.2.attention.output.dense.weight
04/29 01:30:12 PM n: bert.encoder.layer.2.attention.output.dense.bias
04/29 01:30:12 PM n: bert.encoder.layer.2.attention.output.LayerNorm.weight
04/29 01:30:12 PM n: bert.encoder.layer.2.attention.output.LayerNorm.bias
04/29 01:30:12 PM n: bert.encoder.layer.2.intermediate.dense.weight
04/29 01:30:12 PM n: bert.encoder.layer.2.intermediate.dense.bias
04/29 01:30:12 PM n: bert.encoder.layer.2.output.dense.weight
04/29 01:30:12 PM n: bert.encoder.layer.2.output.dense.bias
04/29 01:30:12 PM n: bert.encoder.layer.2.output.LayerNorm.weight
04/29 01:30:12 PM n: bert.encoder.layer.2.output.LayerNorm.bias
04/29 01:30:12 PM n: bert.encoder.layer.3.attention.self.query.weight
04/29 01:30:12 PM n: bert.encoder.layer.3.attention.self.query.bias
04/29 01:30:12 PM n: bert.encoder.layer.3.attention.self.key.weight
04/29 01:30:12 PM n: bert.encoder.layer.3.attention.self.key.bias
04/29 01:30:12 PM n: bert.encoder.layer.3.attention.self.value.weight
04/29 01:30:12 PM n: bert.encoder.layer.3.attention.self.value.bias
04/29 01:30:12 PM n: bert.encoder.layer.3.attention.output.dense.weight
04/29 01:30:12 PM n: bert.encoder.layer.3.attention.output.dense.bias
04/29 01:30:12 PM n: bert.encoder.layer.3.attention.output.LayerNorm.weight
04/29 01:30:12 PM n: bert.encoder.layer.3.attention.output.LayerNorm.bias
04/29 01:30:12 PM n: bert.encoder.layer.3.intermediate.dense.weight
04/29 01:30:12 PM n: bert.encoder.layer.3.intermediate.dense.bias
04/29 01:30:12 PM n: bert.encoder.layer.3.output.dense.weight
04/29 01:30:12 PM n: bert.encoder.layer.3.output.dense.bias
04/29 01:30:12 PM n: bert.encoder.layer.3.output.LayerNorm.weight
04/29 01:30:12 PM n: bert.encoder.layer.3.output.LayerNorm.bias
04/29 01:30:12 PM n: bert.pooler.dense.weight
04/29 01:30:12 PM n: bert.pooler.dense.bias
04/29 01:30:12 PM n: classifier.weight
04/29 01:30:12 PM n: classifier.bias
04/29 01:30:12 PM n: fit_dense.weight
04/29 01:30:12 PM n: fit_dense.bias
04/29 01:30:12 PM Total parameters: 14591258
04/29 01:32:50 PM ***** Running evaluation *****
04/29 01:32:50 PM   Epoch = 0 iter 1999 step
04/29 01:32:50 PM   Num examples = 1043
04/29 01:32:50 PM   Batch size = 32
04/29 01:32:50 PM preds.shape (1043, 2)
04/29 01:32:50 PM ***** Eval results *****
04/29 01:32:50 PM   att_loss = 0.0
04/29 01:32:50 PM   cls_loss = 0.2315673763645238
04/29 01:32:50 PM   eval_loss = 0.5961160542386951
04/29 01:32:50 PM   global_step = 1999
04/29 01:32:50 PM   loss = 0.2315673763645238
04/29 01:32:50 PM   mcc = 0.26482148183174375
04/29 01:32:50 PM   rep_loss = 0.0
04/29 01:32:50 PM ***** Save model *****
04/29 01:35:28 PM ***** Running evaluation *****
04/29 01:35:28 PM   Epoch = 0 iter 3999 step
04/29 01:35:28 PM   Num examples = 1043
04/29 01:35:28 PM   Batch size = 32
04/29 01:35:28 PM preds.shape (1043, 2)
04/29 01:35:28 PM ***** Eval results *****
04/29 01:35:28 PM   att_loss = 0.0
04/29 01:35:28 PM   cls_loss = 0.21867627200185433
04/29 01:35:28 PM   eval_loss = 0.623247664083134
04/29 01:35:28 PM   global_step = 3999
04/29 01:35:28 PM   loss = 0.21867627200185433
04/29 01:35:28 PM   mcc = 0.2659060643459623
04/29 01:35:28 PM   rep_loss = 0.0
04/29 01:35:28 PM ***** Save model *****
04/29 01:38:06 PM ***** Running evaluation *****
04/29 01:38:06 PM   Epoch = 0 iter 5999 step
04/29 01:38:06 PM   Num examples = 1043
04/29 01:38:06 PM   Batch size = 32
04/29 01:38:06 PM preds.shape (1043, 2)
04/29 01:38:06 PM ***** Eval results *****
04/29 01:38:06 PM   att_loss = 0.0
04/29 01:38:06 PM   cls_loss = 0.21377678215006904
04/29 01:38:06 PM   eval_loss = 0.6150930325190226
04/29 01:38:06 PM   global_step = 5999
04/29 01:38:06 PM   loss = 0.21377678215006904
04/29 01:38:06 PM   mcc = 0.29340849552835235
04/29 01:38:06 PM   rep_loss = 0.0
04/29 01:38:06 PM ***** Save model *****
04/29 01:40:44 PM ***** Running evaluation *****
04/29 01:40:44 PM   Epoch = 1 iter 7999 step
04/29 01:40:44 PM   Num examples = 1043
04/29 01:40:44 PM   Batch size = 32
04/29 01:40:44 PM preds.shape (1043, 2)
04/29 01:40:44 PM ***** Eval results *****
04/29 01:40:44 PM   att_loss = 0.0
04/29 01:40:44 PM   cls_loss = 0.2063501212946919
04/29 01:40:44 PM   eval_loss = 0.6198768552505609
04/29 01:40:44 PM   global_step = 7999
04/29 01:40:44 PM   loss = 0.2063501212946919
04/29 01:40:44 PM   mcc = 0.28231698257500176
04/29 01:40:44 PM   rep_loss = 0.0
04/29 01:43:22 PM ***** Running evaluation *****
04/29 01:43:22 PM   Epoch = 1 iter 9999 step
04/29 01:43:22 PM   Num examples = 1043
04/29 01:43:22 PM   Batch size = 32
04/29 01:43:22 PM preds.shape (1043, 2)
04/29 01:43:22 PM ***** Eval results *****
04/29 01:43:22 PM   att_loss = 0.0
04/29 01:43:22 PM   cls_loss = 0.20627287308937403
04/29 01:43:22 PM   eval_loss = 0.6310382539575751
04/29 01:43:22 PM   global_step = 9999
04/29 01:43:22 PM   loss = 0.20627287308937403
04/29 01:43:22 PM   mcc = 0.2857179431490607
04/29 01:43:22 PM   rep_loss = 0.0
04/29 01:46:00 PM ***** Running evaluation *****
04/29 01:46:00 PM   Epoch = 1 iter 11999 step
04/29 01:46:00 PM   Num examples = 1043
04/29 01:46:00 PM   Batch size = 32
04/29 01:46:00 PM preds.shape (1043, 2)
04/29 01:46:00 PM ***** Eval results *****
04/29 01:46:00 PM   att_loss = 0.0
04/29 01:46:00 PM   cls_loss = 0.2061477209106211
04/29 01:46:00 PM   eval_loss = 0.6339800682934847
04/29 01:46:00 PM   global_step = 11999
04/29 01:46:00 PM   loss = 0.2061477209106211
04/29 01:46:00 PM   mcc = 0.2576975871954666
04/29 01:46:00 PM   rep_loss = 0.0
04/29 01:48:38 PM ***** Running evaluation *****
04/29 01:48:38 PM   Epoch = 2 iter 13999 step
04/29 01:48:38 PM   Num examples = 1043
04/29 01:48:38 PM   Batch size = 32
04/29 01:48:38 PM preds.shape (1043, 2)
04/29 01:48:38 PM ***** Eval results *****
04/29 01:48:38 PM   att_loss = 0.0
04/29 01:48:38 PM   cls_loss = 0.20519699879557068
04/29 01:48:38 PM   eval_loss = 0.6249211475704656
04/29 01:48:38 PM   global_step = 13999
04/29 01:48:38 PM   loss = 0.20519699879557068
04/29 01:48:38 PM   mcc = 0.27101898260477614
04/29 01:48:38 PM   rep_loss = 0.0
04/29 01:51:16 PM ***** Running evaluation *****
04/29 01:51:16 PM   Epoch = 2 iter 15999 step
04/29 01:51:16 PM   Num examples = 1043
04/29 01:51:16 PM   Batch size = 32
04/29 01:51:16 PM preds.shape (1043, 2)
04/29 01:51:16 PM ***** Eval results *****
04/29 01:51:16 PM   att_loss = 0.0
04/29 01:51:16 PM   cls_loss = 0.20493566070254338
04/29 01:51:16 PM   eval_loss = 0.629842738310496
04/29 01:51:16 PM   global_step = 15999
04/29 01:51:16 PM   loss = 0.20493566070254338
04/29 01:51:16 PM   mcc = 0.2832509988197733
04/29 01:51:16 PM   rep_loss = 0.0
04/29 01:53:54 PM ***** Running evaluation *****
04/29 01:53:54 PM   Epoch = 2 iter 17999 step
04/29 01:53:54 PM   Num examples = 1043
04/29 01:53:54 PM   Batch size = 32
04/29 01:53:54 PM preds.shape (1043, 2)
04/29 01:53:54 PM ***** Eval results *****
04/29 01:53:54 PM   att_loss = 0.0
04/29 01:53:54 PM   cls_loss = 0.2044324054163099
04/29 01:53:54 PM   eval_loss = 0.6197434338656339
04/29 01:53:54 PM   global_step = 17999
04/29 01:53:54 PM   loss = 0.2044324054163099
04/29 01:53:54 PM   mcc = 0.2929480114615408
04/29 01:53:54 PM   rep_loss = 0.0
04/29 01:56:31 PM ***** Running evaluation *****
04/29 01:56:31 PM   Epoch = 3 iter 19999 step
04/29 01:56:31 PM   Num examples = 1043
04/29 01:56:31 PM   Batch size = 32
04/29 01:56:32 PM preds.shape (1043, 2)
04/29 01:56:32 PM ***** Eval results *****
04/29 01:56:32 PM   att_loss = 0.0
04/29 01:56:32 PM   cls_loss = 0.2037231074415753
04/29 01:56:32 PM   eval_loss = 0.634001126795104
04/29 01:56:32 PM   global_step = 19999
04/29 01:56:32 PM   loss = 0.2037231074415753
04/29 01:56:32 PM   mcc = 0.28734224841744194
04/29 01:56:32 PM   rep_loss = 0.0
04/29 01:59:09 PM ***** Running evaluation *****
04/29 01:59:09 PM   Epoch = 3 iter 21999 step
04/29 01:59:09 PM   Num examples = 1043
04/29 01:59:09 PM   Batch size = 32
04/29 01:59:10 PM preds.shape (1043, 2)
04/29 01:59:10 PM ***** Eval results *****
04/29 01:59:10 PM   att_loss = 0.0
04/29 01:59:10 PM   cls_loss = 0.20369394592193465
04/29 01:59:10 PM   eval_loss = 0.630531190922766
04/29 01:59:10 PM   global_step = 21999
04/29 01:59:10 PM   loss = 0.20369394592193465
04/29 01:59:10 PM   mcc = 0.2765234089619828
04/29 01:59:10 PM   rep_loss = 0.0
04/29 02:01:47 PM ***** Running evaluation *****
04/29 02:01:47 PM   Epoch = 3 iter 23999 step
04/29 02:01:47 PM   Num examples = 1043
04/29 02:01:47 PM   Batch size = 32
04/29 02:01:47 PM preds.shape (1043, 2)
04/29 02:01:47 PM ***** Eval results *****
04/29 02:01:47 PM   att_loss = 0.0
04/29 02:01:47 PM   cls_loss = 0.20328479563065452
04/29 02:01:47 PM   eval_loss = 0.6299987507588936
04/29 02:01:47 PM   global_step = 23999
04/29 02:01:47 PM   loss = 0.20328479563065452
04/29 02:01:47 PM   mcc = 0.29633947890009227
04/29 02:01:47 PM   rep_loss = 0.0
04/29 02:01:47 PM ***** Save model *****
04/29 02:04:25 PM ***** Running evaluation *****
04/29 02:04:25 PM   Epoch = 3 iter 25999 step
04/29 02:04:25 PM   Num examples = 1043
04/29 02:04:25 PM   Batch size = 32
04/29 02:04:25 PM preds.shape (1043, 2)
04/29 02:04:25 PM ***** Eval results *****
04/29 02:04:25 PM   att_loss = 0.0
04/29 02:04:25 PM   cls_loss = 0.20304134568030832
04/29 02:04:25 PM   eval_loss = 0.6305621952721567
04/29 02:04:25 PM   global_step = 25999
04/29 02:04:25 PM   loss = 0.20304134568030832
04/29 02:04:25 PM   mcc = 0.2893333614239523
04/29 02:04:25 PM   rep_loss = 0.0
