04/29 10:35:41 PM The args: Namespace(aug_train=True, cache_dir='', data_dir='./_data/glue_data/RTE', data_url='', do_eval=False, do_lower_case=True, eval_batch_size=32, eval_step=2000, gradient_accumulation_steps=1, learning_rate=3e-05, max_seq_length=128, no_cuda=False, num_train_epochs=4.0, output_dir='./models_train/TinyBERT_6L_768D_1148_stg2_RTE', pred_distill=True, seed=42, student_model='./models_train/TinyBERT_6L_768D_1148_stg1_RTE', task_name='RTE', teacher_model='./_models/bert-base-uncased-rte', temperature=1.0, train_batch_size=32, warmup_proportion=0.1, weight_decay=0.0001)
04/29 10:35:41 PM device: cuda n_gpu: 1
04/29 10:35:41 PM ******** num_labels=2
04/29 10:36:26 PM Model config {
  "_name_or_path": "bert-base-uncased",
  "architectures": [
    "BertForSequenceClassification"
  ],
  "attention_probs_dropout_prob": 0.1,
  "finetuning_task": "rte",
  "gradient_checkpointing": false,
  "hidden_act": "gelu",
  "hidden_dropout_prob": 0.1,
  "hidden_size": 768,
  "initializer_range": 0.02,
  "intermediate_size": 3072,
  "layer_norm_eps": 1e-12,
  "max_position_embeddings": 512,
  "model_type": "bert",
  "num_attention_heads": 12,
  "num_hidden_layers": 12,
  "pad_token_id": 0,
  "position_embedding_type": "absolute",
  "pre_trained": "",
  "problem_type": "single_label_classification",
  "training": "",
  "transformers_version": "4.6.1",
  "type_vocab_size": 2,
  "use_cache": true,
  "vocab_size": 30522
}

04/29 10:36:27 PM Loading model ./_models/bert-base-uncased-rte/pytorch_model.bin
04/29 10:36:27 PM loading model...
04/29 10:36:27 PM done!
04/29 10:36:27 PM Weights of TinyBertForSequenceClassification not initialized from pretrained model: ['fit_dense.weight', 'fit_dense.bias']
04/29 10:36:27 PM Weights from pretrained model not used in TinyBertForSequenceClassification: ['bert.embeddings.position_ids']
04/29 10:36:28 PM Model config {
  "attention_probs_dropout_prob": 0.1,
  "cell": {},
  "hidden_act": "gelu",
  "hidden_dropout_prob": 0.1,
  "hidden_size": 768,
  "initializer_range": 0.02,
  "intermediate_size": 3072,
  "max_position_embeddings": 512,
  "model_type": "bert",
  "num_attention_heads": 12,
  "num_hidden_layers": 6,
  "pre_trained": "",
  "structure": [],
  "training": "",
  "type_vocab_size": 2,
  "vocab_size": 30522
}

04/29 10:36:28 PM Loading model ./models_train/TinyBERT_6L_768D_1148_stg1_RTE/pytorch_model.bin
04/29 10:36:28 PM loading model...
04/29 10:36:28 PM done!
04/29 10:36:28 PM ***** Running training *****
04/29 10:36:28 PM   Num examples = 144076
04/29 10:36:28 PM   Batch size = 32
04/29 10:36:28 PM   Num steps = 18008
04/29 10:36:28 PM n: bert.embeddings.word_embeddings.weight
04/29 10:36:28 PM n: bert.embeddings.position_embeddings.weight
04/29 10:36:28 PM n: bert.embeddings.token_type_embeddings.weight
04/29 10:36:28 PM n: bert.embeddings.LayerNorm.weight
04/29 10:36:28 PM n: bert.embeddings.LayerNorm.bias
04/29 10:36:28 PM n: bert.encoder.layer.0.attention.self.query.weight
04/29 10:36:28 PM n: bert.encoder.layer.0.attention.self.query.bias
04/29 10:36:28 PM n: bert.encoder.layer.0.attention.self.key.weight
04/29 10:36:28 PM n: bert.encoder.layer.0.attention.self.key.bias
04/29 10:36:28 PM n: bert.encoder.layer.0.attention.self.value.weight
04/29 10:36:28 PM n: bert.encoder.layer.0.attention.self.value.bias
04/29 10:36:28 PM n: bert.encoder.layer.0.attention.output.dense.weight
04/29 10:36:28 PM n: bert.encoder.layer.0.attention.output.dense.bias
04/29 10:36:28 PM n: bert.encoder.layer.0.attention.output.LayerNorm.weight
04/29 10:36:28 PM n: bert.encoder.layer.0.attention.output.LayerNorm.bias
04/29 10:36:28 PM n: bert.encoder.layer.0.intermediate.dense.weight
04/29 10:36:28 PM n: bert.encoder.layer.0.intermediate.dense.bias
04/29 10:36:28 PM n: bert.encoder.layer.0.output.dense.weight
04/29 10:36:28 PM n: bert.encoder.layer.0.output.dense.bias
04/29 10:36:28 PM n: bert.encoder.layer.0.output.LayerNorm.weight
04/29 10:36:28 PM n: bert.encoder.layer.0.output.LayerNorm.bias
04/29 10:36:28 PM n: bert.encoder.layer.1.attention.self.query.weight
04/29 10:36:28 PM n: bert.encoder.layer.1.attention.self.query.bias
04/29 10:36:28 PM n: bert.encoder.layer.1.attention.self.key.weight
04/29 10:36:28 PM n: bert.encoder.layer.1.attention.self.key.bias
04/29 10:36:28 PM n: bert.encoder.layer.1.attention.self.value.weight
04/29 10:36:28 PM n: bert.encoder.layer.1.attention.self.value.bias
04/29 10:36:28 PM n: bert.encoder.layer.1.attention.output.dense.weight
04/29 10:36:28 PM n: bert.encoder.layer.1.attention.output.dense.bias
04/29 10:36:28 PM n: bert.encoder.layer.1.attention.output.LayerNorm.weight
04/29 10:36:28 PM n: bert.encoder.layer.1.attention.output.LayerNorm.bias
04/29 10:36:28 PM n: bert.encoder.layer.1.intermediate.dense.weight
04/29 10:36:28 PM n: bert.encoder.layer.1.intermediate.dense.bias
04/29 10:36:28 PM n: bert.encoder.layer.1.output.dense.weight
04/29 10:36:28 PM n: bert.encoder.layer.1.output.dense.bias
04/29 10:36:28 PM n: bert.encoder.layer.1.output.LayerNorm.weight
04/29 10:36:28 PM n: bert.encoder.layer.1.output.LayerNorm.bias
04/29 10:36:28 PM n: bert.encoder.layer.2.attention.self.query.weight
04/29 10:36:28 PM n: bert.encoder.layer.2.attention.self.query.bias
04/29 10:36:28 PM n: bert.encoder.layer.2.attention.self.key.weight
04/29 10:36:28 PM n: bert.encoder.layer.2.attention.self.key.bias
04/29 10:36:28 PM n: bert.encoder.layer.2.attention.self.value.weight
04/29 10:36:28 PM n: bert.encoder.layer.2.attention.self.value.bias
04/29 10:36:28 PM n: bert.encoder.layer.2.attention.output.dense.weight
04/29 10:36:28 PM n: bert.encoder.layer.2.attention.output.dense.bias
04/29 10:36:28 PM n: bert.encoder.layer.2.attention.output.LayerNorm.weight
04/29 10:36:28 PM n: bert.encoder.layer.2.attention.output.LayerNorm.bias
04/29 10:36:28 PM n: bert.encoder.layer.2.intermediate.dense.weight
04/29 10:36:28 PM n: bert.encoder.layer.2.intermediate.dense.bias
04/29 10:36:28 PM n: bert.encoder.layer.2.output.dense.weight
04/29 10:36:28 PM n: bert.encoder.layer.2.output.dense.bias
04/29 10:36:28 PM n: bert.encoder.layer.2.output.LayerNorm.weight
04/29 10:36:28 PM n: bert.encoder.layer.2.output.LayerNorm.bias
04/29 10:36:28 PM n: bert.encoder.layer.3.attention.self.query.weight
04/29 10:36:28 PM n: bert.encoder.layer.3.attention.self.query.bias
04/29 10:36:28 PM n: bert.encoder.layer.3.attention.self.key.weight
04/29 10:36:28 PM n: bert.encoder.layer.3.attention.self.key.bias
04/29 10:36:28 PM n: bert.encoder.layer.3.attention.self.value.weight
04/29 10:36:28 PM n: bert.encoder.layer.3.attention.self.value.bias
04/29 10:36:28 PM n: bert.encoder.layer.3.attention.output.dense.weight
04/29 10:36:28 PM n: bert.encoder.layer.3.attention.output.dense.bias
04/29 10:36:28 PM n: bert.encoder.layer.3.attention.output.LayerNorm.weight
04/29 10:36:28 PM n: bert.encoder.layer.3.attention.output.LayerNorm.bias
04/29 10:36:28 PM n: bert.encoder.layer.3.intermediate.dense.weight
04/29 10:36:28 PM n: bert.encoder.layer.3.intermediate.dense.bias
04/29 10:36:28 PM n: bert.encoder.layer.3.output.dense.weight
04/29 10:36:28 PM n: bert.encoder.layer.3.output.dense.bias
04/29 10:36:28 PM n: bert.encoder.layer.3.output.LayerNorm.weight
04/29 10:36:28 PM n: bert.encoder.layer.3.output.LayerNorm.bias
04/29 10:36:28 PM n: bert.encoder.layer.4.attention.self.query.weight
04/29 10:36:28 PM n: bert.encoder.layer.4.attention.self.query.bias
04/29 10:36:28 PM n: bert.encoder.layer.4.attention.self.key.weight
04/29 10:36:28 PM n: bert.encoder.layer.4.attention.self.key.bias
04/29 10:36:28 PM n: bert.encoder.layer.4.attention.self.value.weight
04/29 10:36:28 PM n: bert.encoder.layer.4.attention.self.value.bias
04/29 10:36:28 PM n: bert.encoder.layer.4.attention.output.dense.weight
04/29 10:36:28 PM n: bert.encoder.layer.4.attention.output.dense.bias
04/29 10:36:28 PM n: bert.encoder.layer.4.attention.output.LayerNorm.weight
04/29 10:36:28 PM n: bert.encoder.layer.4.attention.output.LayerNorm.bias
04/29 10:36:28 PM n: bert.encoder.layer.4.intermediate.dense.weight
04/29 10:36:28 PM n: bert.encoder.layer.4.intermediate.dense.bias
04/29 10:36:28 PM n: bert.encoder.layer.4.output.dense.weight
04/29 10:36:28 PM n: bert.encoder.layer.4.output.dense.bias
04/29 10:36:28 PM n: bert.encoder.layer.4.output.LayerNorm.weight
04/29 10:36:28 PM n: bert.encoder.layer.4.output.LayerNorm.bias
04/29 10:36:28 PM n: bert.encoder.layer.5.attention.self.query.weight
04/29 10:36:28 PM n: bert.encoder.layer.5.attention.self.query.bias
04/29 10:36:28 PM n: bert.encoder.layer.5.attention.self.key.weight
04/29 10:36:28 PM n: bert.encoder.layer.5.attention.self.key.bias
04/29 10:36:28 PM n: bert.encoder.layer.5.attention.self.value.weight
04/29 10:36:28 PM n: bert.encoder.layer.5.attention.self.value.bias
04/29 10:36:28 PM n: bert.encoder.layer.5.attention.output.dense.weight
04/29 10:36:28 PM n: bert.encoder.layer.5.attention.output.dense.bias
04/29 10:36:28 PM n: bert.encoder.layer.5.attention.output.LayerNorm.weight
04/29 10:36:28 PM n: bert.encoder.layer.5.attention.output.LayerNorm.bias
04/29 10:36:28 PM n: bert.encoder.layer.5.intermediate.dense.weight
04/29 10:36:28 PM n: bert.encoder.layer.5.intermediate.dense.bias
04/29 10:36:28 PM n: bert.encoder.layer.5.output.dense.weight
04/29 10:36:28 PM n: bert.encoder.layer.5.output.dense.bias
04/29 10:36:28 PM n: bert.encoder.layer.5.output.LayerNorm.weight
04/29 10:36:28 PM n: bert.encoder.layer.5.output.LayerNorm.bias
04/29 10:36:28 PM n: bert.pooler.dense.weight
04/29 10:36:28 PM n: bert.pooler.dense.bias
04/29 10:36:28 PM n: classifier.weight
04/29 10:36:28 PM n: classifier.bias
04/29 10:36:28 PM n: fit_dense.weight
04/29 10:36:28 PM n: fit_dense.bias
04/29 10:36:28 PM Total parameters: 67547138
04/29 10:41:25 PM ***** Running evaluation *****
04/29 10:41:25 PM   Epoch = 0 iter 1999 step
04/29 10:41:25 PM   Num examples = 277
04/29 10:41:25 PM   Batch size = 32
04/29 10:41:25 PM preds.shape (277, 2)
04/29 10:41:25 PM ***** Eval results *****
04/29 10:41:25 PM   acc = 0.6173285198555957
04/29 10:41:25 PM   att_loss = 0.0
04/29 10:41:25 PM   cls_loss = 0.25389245502825913
04/29 10:41:25 PM   eval_loss = 0.6678612033526102
04/29 10:41:25 PM   global_step = 1999
04/29 10:41:25 PM   loss = 0.25389245502825913
04/29 10:41:25 PM   rep_loss = 0.0
04/29 10:41:25 PM ***** Save model *****
04/29 10:46:22 PM ***** Running evaluation *****
04/29 10:46:22 PM   Epoch = 0 iter 3999 step
04/29 10:46:22 PM   Num examples = 277
04/29 10:46:22 PM   Batch size = 32
04/29 10:46:23 PM preds.shape (277, 2)
04/29 10:46:23 PM ***** Eval results *****
04/29 10:46:23 PM   acc = 0.6353790613718412
04/29 10:46:23 PM   att_loss = 0.0
04/29 10:46:23 PM   cls_loss = 0.2519662977643656
04/29 10:46:23 PM   eval_loss = 0.6533474392361112
04/29 10:46:23 PM   global_step = 3999
04/29 10:46:23 PM   loss = 0.2519662977643656
04/29 10:46:23 PM   rep_loss = 0.0
04/29 10:46:23 PM ***** Save model *****
04/29 10:51:20 PM ***** Running evaluation *****
04/29 10:51:20 PM   Epoch = 1 iter 5999 step
04/29 10:51:20 PM   Num examples = 277
04/29 10:51:20 PM   Batch size = 32
04/29 10:51:20 PM preds.shape (277, 2)
04/29 10:51:20 PM ***** Eval results *****
04/29 10:51:20 PM   acc = 0.6425992779783394
04/29 10:51:20 PM   att_loss = 0.0
04/29 10:51:20 PM   cls_loss = 0.24979526962171655
04/29 10:51:20 PM   eval_loss = 0.6564218335681491
04/29 10:51:20 PM   global_step = 5999
04/29 10:51:20 PM   loss = 0.24979526962171655
04/29 10:51:20 PM   rep_loss = 0.0
04/29 10:51:20 PM ***** Save model *****
04/29 10:56:17 PM ***** Running evaluation *****
04/29 10:56:17 PM   Epoch = 1 iter 7999 step
04/29 10:56:17 PM   Num examples = 277
04/29 10:56:17 PM   Batch size = 32
04/29 10:56:18 PM preds.shape (277, 2)
04/29 10:56:18 PM ***** Eval results *****
04/29 10:56:18 PM   acc = 0.6606498194945848
04/29 10:56:18 PM   att_loss = 0.0
04/29 10:56:18 PM   cls_loss = 0.249534037825991
04/29 10:56:18 PM   eval_loss = 0.6491748425695631
04/29 10:56:18 PM   global_step = 7999
04/29 10:56:18 PM   loss = 0.249534037825991
04/29 10:56:18 PM   rep_loss = 0.0
04/29 10:56:18 PM ***** Save model *****
04/29 11:01:15 PM ***** Running evaluation *****
04/29 11:01:15 PM   Epoch = 2 iter 9999 step
04/29 11:01:15 PM   Num examples = 277
04/29 11:01:15 PM   Batch size = 32
04/29 11:01:15 PM preds.shape (277, 2)
04/29 11:01:15 PM ***** Eval results *****
04/29 11:01:15 PM   acc = 0.6606498194945848
04/29 11:01:15 PM   att_loss = 0.0
04/29 11:01:15 PM   cls_loss = 0.24875517457573856
04/29 11:01:15 PM   eval_loss = 0.6485672129525079
04/29 11:01:15 PM   global_step = 9999
04/29 11:01:15 PM   loss = 0.24875517457573856
04/29 11:01:15 PM   rep_loss = 0.0
04/29 11:06:12 PM ***** Running evaluation *****
04/29 11:06:12 PM   Epoch = 2 iter 11999 step
04/29 11:06:12 PM   Num examples = 277
04/29 11:06:12 PM   Batch size = 32
04/29 11:06:12 PM preds.shape (277, 2)
04/29 11:06:12 PM ***** Eval results *****
04/29 11:06:12 PM   acc = 0.6425992779783394
04/29 11:06:12 PM   att_loss = 0.0
04/29 11:06:12 PM   cls_loss = 0.24858802390317486
04/29 11:06:12 PM   eval_loss = 0.6392838557561239
04/29 11:06:12 PM   global_step = 11999
04/29 11:06:12 PM   loss = 0.24858802390317486
04/29 11:06:12 PM   rep_loss = 0.0
04/29 11:11:09 PM ***** Running evaluation *****
04/29 11:11:09 PM   Epoch = 3 iter 13999 step
04/29 11:11:09 PM   Num examples = 277
04/29 11:11:09 PM   Batch size = 32
04/29 11:11:09 PM preds.shape (277, 2)
04/29 11:11:09 PM ***** Eval results *****
04/29 11:11:09 PM   acc = 0.6859205776173285
04/29 11:11:09 PM   att_loss = 0.0
04/29 11:11:09 PM   cls_loss = 0.24775204633723408
04/29 11:11:09 PM   eval_loss = 0.6296756598684523
04/29 11:11:09 PM   global_step = 13999
04/29 11:11:09 PM   loss = 0.24775204633723408
04/29 11:11:09 PM   rep_loss = 0.0
04/29 11:11:09 PM ***** Save model *****
04/29 11:16:06 PM ***** Running evaluation *****
04/29 11:16:06 PM   Epoch = 3 iter 15999 step
04/29 11:16:06 PM   Num examples = 277
04/29 11:16:06 PM   Batch size = 32
04/29 11:16:07 PM preds.shape (277, 2)
04/29 11:16:07 PM ***** Eval results *****
04/29 11:16:07 PM   acc = 0.6425992779783394
04/29 11:16:07 PM   att_loss = 0.0
04/29 11:16:07 PM   cls_loss = 0.2483709162968591
04/29 11:16:07 PM   eval_loss = 0.652279794216156
04/29 11:16:07 PM   global_step = 15999
04/29 11:16:07 PM   loss = 0.2483709162968591
04/29 11:16:07 PM   rep_loss = 0.0
04/29 11:21:04 PM ***** Running evaluation *****
04/29 11:21:04 PM   Epoch = 3 iter 17999 step
04/29 11:21:04 PM   Num examples = 277
04/29 11:21:04 PM   Batch size = 32
04/29 11:21:04 PM preds.shape (277, 2)
04/29 11:21:04 PM ***** Eval results *****
04/29 11:21:04 PM   acc = 0.6462093862815884
04/29 11:21:04 PM   att_loss = 0.0
04/29 11:21:04 PM   cls_loss = 0.24837913815385643
04/29 11:21:04 PM   eval_loss = 0.6430297229025099
04/29 11:21:04 PM   global_step = 17999
04/29 11:21:04 PM   loss = 0.24837913815385643
04/29 11:21:04 PM   rep_loss = 0.0
