05/01 05:07:46 AM The args: Namespace(aug_train=True, cache_dir='', data_dir='./_data/glue_data/RTE', data_url='', do_eval=False, do_lower_case=True, eval_batch_size=32, eval_step=2000, gradient_accumulation_steps=1, learning_rate=2e-05, max_seq_length=128, no_cuda=False, num_train_epochs=4.0, output_dir='./models_train/TinyBERT_6L_768D_1154_stg2_RTE', pred_distill=True, seed=42, student_model='./models_train/TinyBERT_6L_768D_1154_stg1_RTE', task_name='RTE', teacher_model='./_models/bert-base-uncased-rte', temperature=1.0, train_batch_size=32, warmup_proportion=0.1, weight_decay=0.0001)
05/01 05:07:46 AM device: cuda n_gpu: 1
05/01 05:07:46 AM ******** num_labels=2
05/01 05:08:31 AM Model config {
  "_name_or_path": "bert-base-uncased",
  "architectures": [
    "BertForSequenceClassification"
  ],
  "attention_probs_dropout_prob": 0.1,
  "finetuning_task": "rte",
  "gradient_checkpointing": false,
  "hidden_act": "gelu",
  "hidden_dropout_prob": 0.1,
  "hidden_size": 768,
  "initializer_range": 0.02,
  "intermediate_size": 3072,
  "layer_norm_eps": 1e-12,
  "max_position_embeddings": 512,
  "model_type": "bert",
  "num_attention_heads": 12,
  "num_hidden_layers": 12,
  "pad_token_id": 0,
  "position_embedding_type": "absolute",
  "pre_trained": "",
  "problem_type": "single_label_classification",
  "training": "",
  "transformers_version": "4.6.1",
  "type_vocab_size": 2,
  "use_cache": true,
  "vocab_size": 30522
}

05/01 05:08:32 AM Loading model ./_models/bert-base-uncased-rte/pytorch_model.bin
05/01 05:08:32 AM loading model...
05/01 05:08:32 AM done!
05/01 05:08:32 AM Weights of TinyBertForSequenceClassification not initialized from pretrained model: ['fit_dense.weight', 'fit_dense.bias']
05/01 05:08:32 AM Weights from pretrained model not used in TinyBertForSequenceClassification: ['bert.embeddings.position_ids']
05/01 05:08:32 AM Model config {
  "attention_probs_dropout_prob": 0.1,
  "cell": {},
  "hidden_act": "gelu",
  "hidden_dropout_prob": 0.1,
  "hidden_size": 768,
  "initializer_range": 0.02,
  "intermediate_size": 3072,
  "max_position_embeddings": 512,
  "model_type": "bert",
  "num_attention_heads": 12,
  "num_hidden_layers": 6,
  "pre_trained": "",
  "structure": [],
  "training": "",
  "type_vocab_size": 2,
  "vocab_size": 30522
}

05/01 05:08:33 AM Loading model ./models_train/TinyBERT_6L_768D_1154_stg1_RTE/pytorch_model.bin
05/01 05:08:33 AM loading model...
05/01 05:08:33 AM done!
05/01 05:08:33 AM ***** Running training *****
05/01 05:08:33 AM   Num examples = 144076
05/01 05:08:33 AM   Batch size = 32
05/01 05:08:33 AM   Num steps = 18008
05/01 05:08:33 AM n: bert.embeddings.word_embeddings.weight
05/01 05:08:33 AM n: bert.embeddings.position_embeddings.weight
05/01 05:08:33 AM n: bert.embeddings.token_type_embeddings.weight
05/01 05:08:33 AM n: bert.embeddings.LayerNorm.weight
05/01 05:08:33 AM n: bert.embeddings.LayerNorm.bias
05/01 05:08:33 AM n: bert.encoder.layer.0.attention.self.query.weight
05/01 05:08:33 AM n: bert.encoder.layer.0.attention.self.query.bias
05/01 05:08:33 AM n: bert.encoder.layer.0.attention.self.key.weight
05/01 05:08:33 AM n: bert.encoder.layer.0.attention.self.key.bias
05/01 05:08:33 AM n: bert.encoder.layer.0.attention.self.value.weight
05/01 05:08:33 AM n: bert.encoder.layer.0.attention.self.value.bias
05/01 05:08:33 AM n: bert.encoder.layer.0.attention.output.dense.weight
05/01 05:08:33 AM n: bert.encoder.layer.0.attention.output.dense.bias
05/01 05:08:33 AM n: bert.encoder.layer.0.attention.output.LayerNorm.weight
05/01 05:08:33 AM n: bert.encoder.layer.0.attention.output.LayerNorm.bias
05/01 05:08:33 AM n: bert.encoder.layer.0.intermediate.dense.weight
05/01 05:08:33 AM n: bert.encoder.layer.0.intermediate.dense.bias
05/01 05:08:33 AM n: bert.encoder.layer.0.output.dense.weight
05/01 05:08:33 AM n: bert.encoder.layer.0.output.dense.bias
05/01 05:08:33 AM n: bert.encoder.layer.0.output.LayerNorm.weight
05/01 05:08:33 AM n: bert.encoder.layer.0.output.LayerNorm.bias
05/01 05:08:33 AM n: bert.encoder.layer.1.attention.self.query.weight
05/01 05:08:33 AM n: bert.encoder.layer.1.attention.self.query.bias
05/01 05:08:33 AM n: bert.encoder.layer.1.attention.self.key.weight
05/01 05:08:33 AM n: bert.encoder.layer.1.attention.self.key.bias
05/01 05:08:33 AM n: bert.encoder.layer.1.attention.self.value.weight
05/01 05:08:33 AM n: bert.encoder.layer.1.attention.self.value.bias
05/01 05:08:33 AM n: bert.encoder.layer.1.attention.output.dense.weight
05/01 05:08:33 AM n: bert.encoder.layer.1.attention.output.dense.bias
05/01 05:08:33 AM n: bert.encoder.layer.1.attention.output.LayerNorm.weight
05/01 05:08:33 AM n: bert.encoder.layer.1.attention.output.LayerNorm.bias
05/01 05:08:33 AM n: bert.encoder.layer.1.intermediate.dense.weight
05/01 05:08:33 AM n: bert.encoder.layer.1.intermediate.dense.bias
05/01 05:08:33 AM n: bert.encoder.layer.1.output.dense.weight
05/01 05:08:33 AM n: bert.encoder.layer.1.output.dense.bias
05/01 05:08:33 AM n: bert.encoder.layer.1.output.LayerNorm.weight
05/01 05:08:33 AM n: bert.encoder.layer.1.output.LayerNorm.bias
05/01 05:08:33 AM n: bert.encoder.layer.2.attention.self.query.weight
05/01 05:08:33 AM n: bert.encoder.layer.2.attention.self.query.bias
05/01 05:08:33 AM n: bert.encoder.layer.2.attention.self.key.weight
05/01 05:08:33 AM n: bert.encoder.layer.2.attention.self.key.bias
05/01 05:08:33 AM n: bert.encoder.layer.2.attention.self.value.weight
05/01 05:08:33 AM n: bert.encoder.layer.2.attention.self.value.bias
05/01 05:08:33 AM n: bert.encoder.layer.2.attention.output.dense.weight
05/01 05:08:33 AM n: bert.encoder.layer.2.attention.output.dense.bias
05/01 05:08:33 AM n: bert.encoder.layer.2.attention.output.LayerNorm.weight
05/01 05:08:33 AM n: bert.encoder.layer.2.attention.output.LayerNorm.bias
05/01 05:08:33 AM n: bert.encoder.layer.2.intermediate.dense.weight
05/01 05:08:33 AM n: bert.encoder.layer.2.intermediate.dense.bias
05/01 05:08:33 AM n: bert.encoder.layer.2.output.dense.weight
05/01 05:08:33 AM n: bert.encoder.layer.2.output.dense.bias
05/01 05:08:33 AM n: bert.encoder.layer.2.output.LayerNorm.weight
05/01 05:08:33 AM n: bert.encoder.layer.2.output.LayerNorm.bias
05/01 05:08:33 AM n: bert.encoder.layer.3.attention.self.query.weight
05/01 05:08:33 AM n: bert.encoder.layer.3.attention.self.query.bias
05/01 05:08:33 AM n: bert.encoder.layer.3.attention.self.key.weight
05/01 05:08:33 AM n: bert.encoder.layer.3.attention.self.key.bias
05/01 05:08:33 AM n: bert.encoder.layer.3.attention.self.value.weight
05/01 05:08:33 AM n: bert.encoder.layer.3.attention.self.value.bias
05/01 05:08:33 AM n: bert.encoder.layer.3.attention.output.dense.weight
05/01 05:08:33 AM n: bert.encoder.layer.3.attention.output.dense.bias
05/01 05:08:33 AM n: bert.encoder.layer.3.attention.output.LayerNorm.weight
05/01 05:08:33 AM n: bert.encoder.layer.3.attention.output.LayerNorm.bias
05/01 05:08:33 AM n: bert.encoder.layer.3.intermediate.dense.weight
05/01 05:08:33 AM n: bert.encoder.layer.3.intermediate.dense.bias
05/01 05:08:33 AM n: bert.encoder.layer.3.output.dense.weight
05/01 05:08:33 AM n: bert.encoder.layer.3.output.dense.bias
05/01 05:08:33 AM n: bert.encoder.layer.3.output.LayerNorm.weight
05/01 05:08:33 AM n: bert.encoder.layer.3.output.LayerNorm.bias
05/01 05:08:33 AM n: bert.encoder.layer.4.attention.self.query.weight
05/01 05:08:33 AM n: bert.encoder.layer.4.attention.self.query.bias
05/01 05:08:33 AM n: bert.encoder.layer.4.attention.self.key.weight
05/01 05:08:33 AM n: bert.encoder.layer.4.attention.self.key.bias
05/01 05:08:33 AM n: bert.encoder.layer.4.attention.self.value.weight
05/01 05:08:33 AM n: bert.encoder.layer.4.attention.self.value.bias
05/01 05:08:33 AM n: bert.encoder.layer.4.attention.output.dense.weight
05/01 05:08:33 AM n: bert.encoder.layer.4.attention.output.dense.bias
05/01 05:08:33 AM n: bert.encoder.layer.4.attention.output.LayerNorm.weight
05/01 05:08:33 AM n: bert.encoder.layer.4.attention.output.LayerNorm.bias
05/01 05:08:33 AM n: bert.encoder.layer.4.intermediate.dense.weight
05/01 05:08:33 AM n: bert.encoder.layer.4.intermediate.dense.bias
05/01 05:08:33 AM n: bert.encoder.layer.4.output.dense.weight
05/01 05:08:33 AM n: bert.encoder.layer.4.output.dense.bias
05/01 05:08:33 AM n: bert.encoder.layer.4.output.LayerNorm.weight
05/01 05:08:33 AM n: bert.encoder.layer.4.output.LayerNorm.bias
05/01 05:08:33 AM n: bert.encoder.layer.5.attention.self.query.weight
05/01 05:08:33 AM n: bert.encoder.layer.5.attention.self.query.bias
05/01 05:08:33 AM n: bert.encoder.layer.5.attention.self.key.weight
05/01 05:08:33 AM n: bert.encoder.layer.5.attention.self.key.bias
05/01 05:08:33 AM n: bert.encoder.layer.5.attention.self.value.weight
05/01 05:08:33 AM n: bert.encoder.layer.5.attention.self.value.bias
05/01 05:08:33 AM n: bert.encoder.layer.5.attention.output.dense.weight
05/01 05:08:33 AM n: bert.encoder.layer.5.attention.output.dense.bias
05/01 05:08:33 AM n: bert.encoder.layer.5.attention.output.LayerNorm.weight
05/01 05:08:33 AM n: bert.encoder.layer.5.attention.output.LayerNorm.bias
05/01 05:08:33 AM n: bert.encoder.layer.5.intermediate.dense.weight
05/01 05:08:33 AM n: bert.encoder.layer.5.intermediate.dense.bias
05/01 05:08:33 AM n: bert.encoder.layer.5.output.dense.weight
05/01 05:08:33 AM n: bert.encoder.layer.5.output.dense.bias
05/01 05:08:33 AM n: bert.encoder.layer.5.output.LayerNorm.weight
05/01 05:08:33 AM n: bert.encoder.layer.5.output.LayerNorm.bias
05/01 05:08:33 AM n: bert.pooler.dense.weight
05/01 05:08:33 AM n: bert.pooler.dense.bias
05/01 05:08:33 AM n: classifier.weight
05/01 05:08:33 AM n: classifier.bias
05/01 05:08:33 AM n: fit_dense.weight
05/01 05:08:33 AM n: fit_dense.bias
05/01 05:08:33 AM Total parameters: 67547138
05/01 05:13:30 AM ***** Running evaluation *****
05/01 05:13:30 AM   Epoch = 0 iter 1999 step
05/01 05:13:30 AM   Num examples = 277
05/01 05:13:30 AM   Batch size = 32
05/01 05:13:30 AM preds.shape (277, 2)
05/01 05:13:30 AM ***** Eval results *****
05/01 05:13:30 AM   acc = 0.628158844765343
05/01 05:13:30 AM   att_loss = 0.0
05/01 05:13:30 AM   cls_loss = 0.25453552948110636
05/01 05:13:30 AM   eval_loss = 0.6592083904478285
05/01 05:13:30 AM   global_step = 1999
05/01 05:13:30 AM   loss = 0.25453552948110636
05/01 05:13:30 AM   rep_loss = 0.0
05/01 05:13:30 AM ***** Save model *****
05/01 05:18:27 AM ***** Running evaluation *****
05/01 05:18:27 AM   Epoch = 0 iter 3999 step
05/01 05:18:27 AM   Num examples = 277
05/01 05:18:27 AM   Batch size = 32
05/01 05:18:28 AM preds.shape (277, 2)
05/01 05:18:28 AM ***** Eval results *****
05/01 05:18:28 AM   acc = 0.631768953068592
05/01 05:18:28 AM   att_loss = 0.0
05/01 05:18:28 AM   cls_loss = 0.2521475733451827
05/01 05:18:28 AM   eval_loss = 0.6549444331063164
05/01 05:18:28 AM   global_step = 3999
05/01 05:18:28 AM   loss = 0.2521475733451827
05/01 05:18:28 AM   rep_loss = 0.0
05/01 05:18:28 AM ***** Save model *****
05/01 05:23:25 AM ***** Running evaluation *****
05/01 05:23:25 AM   Epoch = 1 iter 5999 step
05/01 05:23:25 AM   Num examples = 277
05/01 05:23:25 AM   Batch size = 32
05/01 05:23:25 AM preds.shape (277, 2)
05/01 05:23:25 AM ***** Eval results *****
05/01 05:23:25 AM   acc = 0.631768953068592
05/01 05:23:25 AM   att_loss = 0.0
05/01 05:23:25 AM   cls_loss = 0.24966461479703664
05/01 05:23:25 AM   eval_loss = 0.6562681794166565
05/01 05:23:25 AM   global_step = 5999
05/01 05:23:25 AM   loss = 0.24966461479703664
05/01 05:23:25 AM   rep_loss = 0.0
05/01 05:28:22 AM ***** Running evaluation *****
05/01 05:28:22 AM   Epoch = 1 iter 7999 step
05/01 05:28:22 AM   Num examples = 277
05/01 05:28:22 AM   Batch size = 32
05/01 05:28:22 AM preds.shape (277, 2)
05/01 05:28:22 AM ***** Eval results *****
05/01 05:28:22 AM   acc = 0.6498194945848376
05/01 05:28:22 AM   att_loss = 0.0
05/01 05:28:22 AM   cls_loss = 0.24941069702864171
05/01 05:28:22 AM   eval_loss = 0.6482897533310784
05/01 05:28:22 AM   global_step = 7999
05/01 05:28:22 AM   loss = 0.24941069702864171
05/01 05:28:22 AM   rep_loss = 0.0
05/01 05:28:22 AM ***** Save model *****
05/01 05:33:20 AM ***** Running evaluation *****
05/01 05:33:20 AM   Epoch = 2 iter 9999 step
05/01 05:33:20 AM   Num examples = 277
05/01 05:33:20 AM   Batch size = 32
05/01 05:33:20 AM preds.shape (277, 2)
05/01 05:33:20 AM ***** Eval results *****
05/01 05:33:20 AM   acc = 0.6534296028880866
05/01 05:33:20 AM   att_loss = 0.0
05/01 05:33:20 AM   cls_loss = 0.24870367566844326
05/01 05:33:20 AM   eval_loss = 0.6493190659417046
05/01 05:33:20 AM   global_step = 9999
05/01 05:33:20 AM   loss = 0.24870367566844326
05/01 05:33:20 AM   rep_loss = 0.0
05/01 05:33:20 AM ***** Save model *****
05/01 05:38:17 AM ***** Running evaluation *****
05/01 05:38:17 AM   Epoch = 2 iter 11999 step
05/01 05:38:17 AM   Num examples = 277
05/01 05:38:17 AM   Batch size = 32
05/01 05:38:17 AM preds.shape (277, 2)
05/01 05:38:17 AM ***** Eval results *****
05/01 05:38:17 AM   acc = 0.6462093862815884
05/01 05:38:17 AM   att_loss = 0.0
05/01 05:38:17 AM   cls_loss = 0.24852743644845704
05/01 05:38:17 AM   eval_loss = 0.6403919392161899
05/01 05:38:17 AM   global_step = 11999
05/01 05:38:17 AM   loss = 0.24852743644845704
05/01 05:38:17 AM   rep_loss = 0.0
05/01 05:43:14 AM ***** Running evaluation *****
05/01 05:43:14 AM   Epoch = 3 iter 13999 step
05/01 05:43:14 AM   Num examples = 277
05/01 05:43:14 AM   Batch size = 32
05/01 05:43:15 AM preds.shape (277, 2)
05/01 05:43:15 AM ***** Eval results *****
05/01 05:43:15 AM   acc = 0.6859205776173285
05/01 05:43:15 AM   att_loss = 0.0
05/01 05:43:15 AM   cls_loss = 0.24775760643501551
05/01 05:43:15 AM   eval_loss = 0.6292801168229845
05/01 05:43:15 AM   global_step = 13999
05/01 05:43:15 AM   loss = 0.24775760643501551
05/01 05:43:15 AM   rep_loss = 0.0
05/01 05:43:15 AM ***** Save model *****
05/01 05:48:12 AM ***** Running evaluation *****
05/01 05:48:12 AM   Epoch = 3 iter 15999 step
05/01 05:48:12 AM   Num examples = 277
05/01 05:48:12 AM   Batch size = 32
05/01 05:48:12 AM preds.shape (277, 2)
05/01 05:48:12 AM ***** Eval results *****
05/01 05:48:12 AM   acc = 0.6462093862815884
05/01 05:48:12 AM   att_loss = 0.0
05/01 05:48:12 AM   cls_loss = 0.24835021705977467
05/01 05:48:12 AM   eval_loss = 0.6482627590497335
05/01 05:48:12 AM   global_step = 15999
05/01 05:48:12 AM   loss = 0.24835021705977467
05/01 05:48:12 AM   rep_loss = 0.0
05/01 05:53:09 AM ***** Running evaluation *****
05/01 05:53:09 AM   Epoch = 3 iter 17999 step
05/01 05:53:09 AM   Num examples = 277
05/01 05:53:09 AM   Batch size = 32
05/01 05:53:09 AM preds.shape (277, 2)
05/01 05:53:09 AM ***** Eval results *****
05/01 05:53:09 AM   acc = 0.6462093862815884
05/01 05:53:09 AM   att_loss = 0.0
05/01 05:53:09 AM   cls_loss = 0.2483704513042084
05/01 05:53:09 AM   eval_loss = 0.6407314605183072
05/01 05:53:09 AM   global_step = 17999
05/01 05:53:09 AM   loss = 0.2483704513042084
05/01 05:53:09 AM   rep_loss = 0.0
