04/25 05:31:39 PM The args: Namespace(aug_train=True, cache_dir='', data_dir='./_data/glue_data/RTE', data_url='', do_eval=False, do_lower_case=True, eval_batch_size=32, eval_step=2000, gradient_accumulation_steps=1, learning_rate=3e-05, max_seq_length=128, no_cuda=False, num_train_epochs=4.0, output_dir='./models_train/TinyBERT_6L_768D_1137_stg2_RTE', pred_distill=True, seed=42, student_model='./models_train/TinyBERT_6L_768D_1137_stg1_RTE', task_name='RTE', teacher_model='./_models/bert-base-uncased-rte', temperature=1.0, train_batch_size=32, warmup_proportion=0.1, weight_decay=0.0001)
04/25 05:31:39 PM device: cuda n_gpu: 1
04/25 05:31:39 PM ******** num_labels=2
04/25 05:32:24 PM Model config {
  "_name_or_path": "bert-base-uncased",
  "architectures": [
    "BertForSequenceClassification"
  ],
  "attention_probs_dropout_prob": 0.1,
  "finetuning_task": "rte",
  "gradient_checkpointing": false,
  "hidden_act": "gelu",
  "hidden_dropout_prob": 0.1,
  "hidden_size": 768,
  "initializer_range": 0.02,
  "intermediate_size": 3072,
  "layer_norm_eps": 1e-12,
  "max_position_embeddings": 512,
  "model_type": "bert",
  "num_attention_heads": 12,
  "num_hidden_layers": 12,
  "pad_token_id": 0,
  "position_embedding_type": "absolute",
  "pre_trained": "",
  "problem_type": "single_label_classification",
  "training": "",
  "transformers_version": "4.6.1",
  "type_vocab_size": 2,
  "use_cache": true,
  "vocab_size": 30522
}

04/25 05:32:25 PM Loading model ./_models/bert-base-uncased-rte/pytorch_model.bin
04/25 05:32:25 PM loading model...
04/25 05:32:25 PM done!
04/25 05:32:25 PM Weights of TinyBertForSequenceClassification not initialized from pretrained model: ['fit_dense.weight', 'fit_dense.bias']
04/25 05:32:25 PM Weights from pretrained model not used in TinyBertForSequenceClassification: ['bert.embeddings.position_ids']
04/25 05:32:26 PM Model config {
  "attention_probs_dropout_prob": 0.1,
  "cell": {},
  "hidden_act": "gelu",
  "hidden_dropout_prob": 0.1,
  "hidden_size": 768,
  "initializer_range": 0.02,
  "intermediate_size": 3072,
  "max_position_embeddings": 512,
  "model_type": "bert",
  "num_attention_heads": 12,
  "num_hidden_layers": 6,
  "pre_trained": "",
  "structure": [],
  "training": "",
  "type_vocab_size": 2,
  "vocab_size": 30522
}

04/25 05:32:26 PM Loading model ./models_train/TinyBERT_6L_768D_1137_stg1_RTE/pytorch_model.bin
04/25 05:32:26 PM loading model...
04/25 05:32:26 PM done!
04/25 05:32:26 PM ***** Running training *****
04/25 05:32:26 PM   Num examples = 144076
04/25 05:32:26 PM   Batch size = 32
04/25 05:32:26 PM   Num steps = 18008
04/25 05:32:26 PM n: bert.embeddings.word_embeddings.weight
04/25 05:32:26 PM n: bert.embeddings.position_embeddings.weight
04/25 05:32:26 PM n: bert.embeddings.token_type_embeddings.weight
04/25 05:32:26 PM n: bert.embeddings.LayerNorm.weight
04/25 05:32:26 PM n: bert.embeddings.LayerNorm.bias
04/25 05:32:26 PM n: bert.encoder.layer.0.attention.self.query.weight
04/25 05:32:26 PM n: bert.encoder.layer.0.attention.self.query.bias
04/25 05:32:26 PM n: bert.encoder.layer.0.attention.self.key.weight
04/25 05:32:26 PM n: bert.encoder.layer.0.attention.self.key.bias
04/25 05:32:26 PM n: bert.encoder.layer.0.attention.self.value.weight
04/25 05:32:26 PM n: bert.encoder.layer.0.attention.self.value.bias
04/25 05:32:26 PM n: bert.encoder.layer.0.attention.output.dense.weight
04/25 05:32:26 PM n: bert.encoder.layer.0.attention.output.dense.bias
04/25 05:32:26 PM n: bert.encoder.layer.0.attention.output.LayerNorm.weight
04/25 05:32:26 PM n: bert.encoder.layer.0.attention.output.LayerNorm.bias
04/25 05:32:26 PM n: bert.encoder.layer.0.intermediate.dense.weight
04/25 05:32:26 PM n: bert.encoder.layer.0.intermediate.dense.bias
04/25 05:32:26 PM n: bert.encoder.layer.0.output.dense.weight
04/25 05:32:26 PM n: bert.encoder.layer.0.output.dense.bias
04/25 05:32:26 PM n: bert.encoder.layer.0.output.LayerNorm.weight
04/25 05:32:26 PM n: bert.encoder.layer.0.output.LayerNorm.bias
04/25 05:32:26 PM n: bert.encoder.layer.1.attention.self.query.weight
04/25 05:32:26 PM n: bert.encoder.layer.1.attention.self.query.bias
04/25 05:32:26 PM n: bert.encoder.layer.1.attention.self.key.weight
04/25 05:32:26 PM n: bert.encoder.layer.1.attention.self.key.bias
04/25 05:32:26 PM n: bert.encoder.layer.1.attention.self.value.weight
04/25 05:32:26 PM n: bert.encoder.layer.1.attention.self.value.bias
04/25 05:32:26 PM n: bert.encoder.layer.1.attention.output.dense.weight
04/25 05:32:26 PM n: bert.encoder.layer.1.attention.output.dense.bias
04/25 05:32:26 PM n: bert.encoder.layer.1.attention.output.LayerNorm.weight
04/25 05:32:26 PM n: bert.encoder.layer.1.attention.output.LayerNorm.bias
04/25 05:32:26 PM n: bert.encoder.layer.1.intermediate.dense.weight
04/25 05:32:26 PM n: bert.encoder.layer.1.intermediate.dense.bias
04/25 05:32:26 PM n: bert.encoder.layer.1.output.dense.weight
04/25 05:32:26 PM n: bert.encoder.layer.1.output.dense.bias
04/25 05:32:26 PM n: bert.encoder.layer.1.output.LayerNorm.weight
04/25 05:32:26 PM n: bert.encoder.layer.1.output.LayerNorm.bias
04/25 05:32:26 PM n: bert.encoder.layer.2.attention.self.query.weight
04/25 05:32:26 PM n: bert.encoder.layer.2.attention.self.query.bias
04/25 05:32:26 PM n: bert.encoder.layer.2.attention.self.key.weight
04/25 05:32:26 PM n: bert.encoder.layer.2.attention.self.key.bias
04/25 05:32:26 PM n: bert.encoder.layer.2.attention.self.value.weight
04/25 05:32:26 PM n: bert.encoder.layer.2.attention.self.value.bias
04/25 05:32:26 PM n: bert.encoder.layer.2.attention.output.dense.weight
04/25 05:32:26 PM n: bert.encoder.layer.2.attention.output.dense.bias
04/25 05:32:26 PM n: bert.encoder.layer.2.attention.output.LayerNorm.weight
04/25 05:32:26 PM n: bert.encoder.layer.2.attention.output.LayerNorm.bias
04/25 05:32:26 PM n: bert.encoder.layer.2.intermediate.dense.weight
04/25 05:32:26 PM n: bert.encoder.layer.2.intermediate.dense.bias
04/25 05:32:26 PM n: bert.encoder.layer.2.output.dense.weight
04/25 05:32:26 PM n: bert.encoder.layer.2.output.dense.bias
04/25 05:32:26 PM n: bert.encoder.layer.2.output.LayerNorm.weight
04/25 05:32:26 PM n: bert.encoder.layer.2.output.LayerNorm.bias
04/25 05:32:26 PM n: bert.encoder.layer.3.attention.self.query.weight
04/25 05:32:26 PM n: bert.encoder.layer.3.attention.self.query.bias
04/25 05:32:26 PM n: bert.encoder.layer.3.attention.self.key.weight
04/25 05:32:26 PM n: bert.encoder.layer.3.attention.self.key.bias
04/25 05:32:26 PM n: bert.encoder.layer.3.attention.self.value.weight
04/25 05:32:26 PM n: bert.encoder.layer.3.attention.self.value.bias
04/25 05:32:26 PM n: bert.encoder.layer.3.attention.output.dense.weight
04/25 05:32:26 PM n: bert.encoder.layer.3.attention.output.dense.bias
04/25 05:32:26 PM n: bert.encoder.layer.3.attention.output.LayerNorm.weight
04/25 05:32:26 PM n: bert.encoder.layer.3.attention.output.LayerNorm.bias
04/25 05:32:26 PM n: bert.encoder.layer.3.intermediate.dense.weight
04/25 05:32:26 PM n: bert.encoder.layer.3.intermediate.dense.bias
04/25 05:32:26 PM n: bert.encoder.layer.3.output.dense.weight
04/25 05:32:26 PM n: bert.encoder.layer.3.output.dense.bias
04/25 05:32:26 PM n: bert.encoder.layer.3.output.LayerNorm.weight
04/25 05:32:26 PM n: bert.encoder.layer.3.output.LayerNorm.bias
04/25 05:32:26 PM n: bert.encoder.layer.4.attention.self.query.weight
04/25 05:32:26 PM n: bert.encoder.layer.4.attention.self.query.bias
04/25 05:32:26 PM n: bert.encoder.layer.4.attention.self.key.weight
04/25 05:32:26 PM n: bert.encoder.layer.4.attention.self.key.bias
04/25 05:32:26 PM n: bert.encoder.layer.4.attention.self.value.weight
04/25 05:32:26 PM n: bert.encoder.layer.4.attention.self.value.bias
04/25 05:32:26 PM n: bert.encoder.layer.4.attention.output.dense.weight
04/25 05:32:26 PM n: bert.encoder.layer.4.attention.output.dense.bias
04/25 05:32:26 PM n: bert.encoder.layer.4.attention.output.LayerNorm.weight
04/25 05:32:26 PM n: bert.encoder.layer.4.attention.output.LayerNorm.bias
04/25 05:32:26 PM n: bert.encoder.layer.4.intermediate.dense.weight
04/25 05:32:26 PM n: bert.encoder.layer.4.intermediate.dense.bias
04/25 05:32:26 PM n: bert.encoder.layer.4.output.dense.weight
04/25 05:32:26 PM n: bert.encoder.layer.4.output.dense.bias
04/25 05:32:26 PM n: bert.encoder.layer.4.output.LayerNorm.weight
04/25 05:32:26 PM n: bert.encoder.layer.4.output.LayerNorm.bias
04/25 05:32:26 PM n: bert.encoder.layer.5.attention.self.query.weight
04/25 05:32:26 PM n: bert.encoder.layer.5.attention.self.query.bias
04/25 05:32:26 PM n: bert.encoder.layer.5.attention.self.key.weight
04/25 05:32:26 PM n: bert.encoder.layer.5.attention.self.key.bias
04/25 05:32:26 PM n: bert.encoder.layer.5.attention.self.value.weight
04/25 05:32:26 PM n: bert.encoder.layer.5.attention.self.value.bias
04/25 05:32:26 PM n: bert.encoder.layer.5.attention.output.dense.weight
04/25 05:32:26 PM n: bert.encoder.layer.5.attention.output.dense.bias
04/25 05:32:26 PM n: bert.encoder.layer.5.attention.output.LayerNorm.weight
04/25 05:32:26 PM n: bert.encoder.layer.5.attention.output.LayerNorm.bias
04/25 05:32:26 PM n: bert.encoder.layer.5.intermediate.dense.weight
04/25 05:32:26 PM n: bert.encoder.layer.5.intermediate.dense.bias
04/25 05:32:26 PM n: bert.encoder.layer.5.output.dense.weight
04/25 05:32:26 PM n: bert.encoder.layer.5.output.dense.bias
04/25 05:32:26 PM n: bert.encoder.layer.5.output.LayerNorm.weight
04/25 05:32:26 PM n: bert.encoder.layer.5.output.LayerNorm.bias
04/25 05:32:26 PM n: bert.pooler.dense.weight
04/25 05:32:26 PM n: bert.pooler.dense.bias
04/25 05:32:26 PM n: classifier.weight
04/25 05:32:26 PM n: classifier.bias
04/25 05:32:26 PM n: fit_dense.weight
04/25 05:32:26 PM n: fit_dense.bias
04/25 05:32:26 PM Total parameters: 67547138
04/25 05:37:23 PM ***** Running evaluation *****
04/25 05:37:23 PM   Epoch = 0 iter 1999 step
04/25 05:37:23 PM   Num examples = 277
04/25 05:37:23 PM   Batch size = 32
04/25 05:37:24 PM preds.shape (277, 2)
04/25 05:37:24 PM ***** Eval results *****
04/25 05:37:24 PM   acc = 0.5884476534296029
04/25 05:37:24 PM   att_loss = 0.0
04/25 05:37:24 PM   cls_loss = 0.2541419689940953
04/25 05:37:24 PM   eval_loss = 0.6683643990092807
04/25 05:37:24 PM   global_step = 1999
04/25 05:37:24 PM   loss = 0.2541419689940953
04/25 05:37:24 PM   rep_loss = 0.0
04/25 05:37:24 PM ***** Save model *****
04/25 05:42:21 PM ***** Running evaluation *****
04/25 05:42:21 PM   Epoch = 0 iter 3999 step
04/25 05:42:21 PM   Num examples = 277
04/25 05:42:21 PM   Batch size = 32
04/25 05:42:21 PM preds.shape (277, 2)
04/25 05:42:21 PM ***** Eval results *****
04/25 05:42:21 PM   acc = 0.6137184115523465
04/25 05:42:21 PM   att_loss = 0.0
04/25 05:42:21 PM   cls_loss = 0.2519943530811731
04/25 05:42:21 PM   eval_loss = 0.6551301081975301
04/25 05:42:21 PM   global_step = 3999
04/25 05:42:21 PM   loss = 0.2519943530811731
04/25 05:42:21 PM   rep_loss = 0.0
04/25 05:42:21 PM ***** Save model *****
04/25 05:47:18 PM ***** Running evaluation *****
04/25 05:47:18 PM   Epoch = 1 iter 5999 step
04/25 05:47:18 PM   Num examples = 277
04/25 05:47:18 PM   Batch size = 32
04/25 05:47:19 PM preds.shape (277, 2)
04/25 05:47:19 PM ***** Eval results *****
04/25 05:47:19 PM   acc = 0.6209386281588448
04/25 05:47:19 PM   att_loss = 0.0
04/25 05:47:19 PM   cls_loss = 0.24971718683032568
04/25 05:47:19 PM   eval_loss = 0.6607083479563395
04/25 05:47:19 PM   global_step = 5999
04/25 05:47:19 PM   loss = 0.24971718683032568
04/25 05:47:19 PM   rep_loss = 0.0
04/25 05:47:19 PM ***** Save model *****
04/25 05:52:16 PM ***** Running evaluation *****
04/25 05:52:16 PM   Epoch = 1 iter 7999 step
04/25 05:52:16 PM   Num examples = 277
04/25 05:52:16 PM   Batch size = 32
04/25 05:52:16 PM preds.shape (277, 2)
04/25 05:52:16 PM ***** Eval results *****
04/25 05:52:16 PM   acc = 0.628158844765343
04/25 05:52:16 PM   att_loss = 0.0
04/25 05:52:16 PM   cls_loss = 0.24944955201738045
04/25 05:52:16 PM   eval_loss = 0.6622819701830546
04/25 05:52:16 PM   global_step = 7999
04/25 05:52:16 PM   loss = 0.24944955201738045
04/25 05:52:16 PM   rep_loss = 0.0
04/25 05:52:16 PM ***** Save model *****
04/25 05:57:14 PM ***** Running evaluation *****
04/25 05:57:14 PM   Epoch = 2 iter 9999 step
04/25 05:57:14 PM   Num examples = 277
04/25 05:57:14 PM   Batch size = 32
04/25 05:57:14 PM preds.shape (277, 2)
04/25 05:57:14 PM ***** Eval results *****
04/25 05:57:14 PM   acc = 0.628158844765343
04/25 05:57:14 PM   att_loss = 0.0
04/25 05:57:14 PM   cls_loss = 0.24873651442815312
04/25 05:57:14 PM   eval_loss = 0.6605463292863634
04/25 05:57:14 PM   global_step = 9999
04/25 05:57:14 PM   loss = 0.24873651442815312
04/25 05:57:14 PM   rep_loss = 0.0
04/25 06:02:11 PM ***** Running evaluation *****
04/25 06:02:11 PM   Epoch = 2 iter 11999 step
04/25 06:02:11 PM   Num examples = 277
04/25 06:02:11 PM   Batch size = 32
04/25 06:02:11 PM preds.shape (277, 2)
04/25 06:02:11 PM ***** Eval results *****
04/25 06:02:11 PM   acc = 0.628158844765343
04/25 06:02:11 PM   att_loss = 0.0
04/25 06:02:11 PM   cls_loss = 0.2485630732595622
04/25 06:02:11 PM   eval_loss = 0.645315925280253
04/25 06:02:11 PM   global_step = 11999
04/25 06:02:11 PM   loss = 0.2485630732595622
04/25 06:02:11 PM   rep_loss = 0.0
04/25 06:07:08 PM ***** Running evaluation *****
04/25 06:07:08 PM   Epoch = 3 iter 13999 step
04/25 06:07:08 PM   Num examples = 277
04/25 06:07:08 PM   Batch size = 32
04/25 06:07:08 PM preds.shape (277, 2)
04/25 06:07:08 PM ***** Eval results *****
04/25 06:07:08 PM   acc = 0.6750902527075813
04/25 06:07:08 PM   att_loss = 0.0
04/25 06:07:08 PM   cls_loss = 0.2477800190206957
04/25 06:07:08 PM   eval_loss = 0.6367699570126004
04/25 06:07:08 PM   global_step = 13999
04/25 06:07:08 PM   loss = 0.2477800190206957
04/25 06:07:08 PM   rep_loss = 0.0
04/25 06:07:08 PM ***** Save model *****
04/25 06:12:06 PM ***** Running evaluation *****
04/25 06:12:06 PM   Epoch = 3 iter 15999 step
04/25 06:12:06 PM   Num examples = 277
04/25 06:12:06 PM   Batch size = 32
04/25 06:12:06 PM preds.shape (277, 2)
04/25 06:12:06 PM ***** Eval results *****
04/25 06:12:06 PM   acc = 0.6245487364620939
04/25 06:12:06 PM   att_loss = 0.0
04/25 06:12:06 PM   cls_loss = 0.2483889193382791
04/25 06:12:06 PM   eval_loss = 0.6600218547715081
04/25 06:12:06 PM   global_step = 15999
04/25 06:12:06 PM   loss = 0.2483889193382791
04/25 06:12:06 PM   rep_loss = 0.0
04/25 06:17:03 PM ***** Running evaluation *****
04/25 06:17:03 PM   Epoch = 3 iter 17999 step
04/25 06:17:03 PM   Num examples = 277
04/25 06:17:03 PM   Batch size = 32
04/25 06:17:03 PM preds.shape (277, 2)
04/25 06:17:03 PM ***** Eval results *****
04/25 06:17:03 PM   acc = 0.6462093862815884
04/25 06:17:03 PM   att_loss = 0.0
04/25 06:17:03 PM   cls_loss = 0.24840720619400228
04/25 06:17:03 PM   eval_loss = 0.6523437897364298
04/25 06:17:03 PM   global_step = 17999
04/25 06:17:03 PM   loss = 0.24840720619400228
04/25 06:17:03 PM   rep_loss = 0.0
