04/25 02:32:59 PM The args: Namespace(aug_train=True, cache_dir='', data_dir='./_data/glue_data/RTE', data_url='', do_eval=False, do_lower_case=True, eval_batch_size=32, eval_step=2000, gradient_accumulation_steps=1, learning_rate=3e-05, max_seq_length=128, no_cuda=False, num_train_epochs=4.0, output_dir='./models_train/TinyBERT_6L_768D_1135_stg2_RTE', pred_distill=True, seed=42, student_model='./models_train/TinyBERT_6L_768D_1135_stg1_RTE', task_name='RTE', teacher_model='./_models/bert-base-uncased-rte', temperature=1.0, train_batch_size=32, warmup_proportion=0.1, weight_decay=0.0001)
04/25 02:32:59 PM device: cuda n_gpu: 1
04/25 02:32:59 PM ******** num_labels=2
04/25 02:33:44 PM Model config {
  "_name_or_path": "bert-base-uncased",
  "architectures": [
    "BertForSequenceClassification"
  ],
  "attention_probs_dropout_prob": 0.1,
  "finetuning_task": "rte",
  "gradient_checkpointing": false,
  "hidden_act": "gelu",
  "hidden_dropout_prob": 0.1,
  "hidden_size": 768,
  "initializer_range": 0.02,
  "intermediate_size": 3072,
  "layer_norm_eps": 1e-12,
  "max_position_embeddings": 512,
  "model_type": "bert",
  "num_attention_heads": 12,
  "num_hidden_layers": 12,
  "pad_token_id": 0,
  "position_embedding_type": "absolute",
  "pre_trained": "",
  "problem_type": "single_label_classification",
  "training": "",
  "transformers_version": "4.6.1",
  "type_vocab_size": 2,
  "use_cache": true,
  "vocab_size": 30522
}

04/25 02:33:45 PM Loading model ./_models/bert-base-uncased-rte/pytorch_model.bin
04/25 02:33:45 PM loading model...
04/25 02:33:45 PM done!
04/25 02:33:45 PM Weights of TinyBertForSequenceClassification not initialized from pretrained model: ['fit_dense.weight', 'fit_dense.bias']
04/25 02:33:45 PM Weights from pretrained model not used in TinyBertForSequenceClassification: ['bert.embeddings.position_ids']
04/25 02:33:46 PM Model config {
  "attention_probs_dropout_prob": 0.1,
  "cell": {},
  "hidden_act": "gelu",
  "hidden_dropout_prob": 0.1,
  "hidden_size": 768,
  "initializer_range": 0.02,
  "intermediate_size": 3072,
  "max_position_embeddings": 512,
  "model_type": "bert",
  "num_attention_heads": 12,
  "num_hidden_layers": 6,
  "pre_trained": "",
  "structure": [],
  "training": "",
  "type_vocab_size": 2,
  "vocab_size": 30522
}

04/25 02:33:46 PM Loading model ./models_train/TinyBERT_6L_768D_1135_stg1_RTE/pytorch_model.bin
04/25 02:33:46 PM loading model...
04/25 02:33:46 PM done!
04/25 02:33:46 PM ***** Running training *****
04/25 02:33:46 PM   Num examples = 144076
04/25 02:33:46 PM   Batch size = 32
04/25 02:33:46 PM   Num steps = 18008
04/25 02:33:46 PM n: bert.embeddings.word_embeddings.weight
04/25 02:33:46 PM n: bert.embeddings.position_embeddings.weight
04/25 02:33:46 PM n: bert.embeddings.token_type_embeddings.weight
04/25 02:33:46 PM n: bert.embeddings.LayerNorm.weight
04/25 02:33:46 PM n: bert.embeddings.LayerNorm.bias
04/25 02:33:46 PM n: bert.encoder.layer.0.attention.self.query.weight
04/25 02:33:46 PM n: bert.encoder.layer.0.attention.self.query.bias
04/25 02:33:46 PM n: bert.encoder.layer.0.attention.self.key.weight
04/25 02:33:46 PM n: bert.encoder.layer.0.attention.self.key.bias
04/25 02:33:46 PM n: bert.encoder.layer.0.attention.self.value.weight
04/25 02:33:46 PM n: bert.encoder.layer.0.attention.self.value.bias
04/25 02:33:46 PM n: bert.encoder.layer.0.attention.output.dense.weight
04/25 02:33:46 PM n: bert.encoder.layer.0.attention.output.dense.bias
04/25 02:33:46 PM n: bert.encoder.layer.0.attention.output.LayerNorm.weight
04/25 02:33:46 PM n: bert.encoder.layer.0.attention.output.LayerNorm.bias
04/25 02:33:46 PM n: bert.encoder.layer.0.intermediate.dense.weight
04/25 02:33:46 PM n: bert.encoder.layer.0.intermediate.dense.bias
04/25 02:33:46 PM n: bert.encoder.layer.0.output.dense.weight
04/25 02:33:46 PM n: bert.encoder.layer.0.output.dense.bias
04/25 02:33:46 PM n: bert.encoder.layer.0.output.LayerNorm.weight
04/25 02:33:46 PM n: bert.encoder.layer.0.output.LayerNorm.bias
04/25 02:33:46 PM n: bert.encoder.layer.1.attention.self.query.weight
04/25 02:33:46 PM n: bert.encoder.layer.1.attention.self.query.bias
04/25 02:33:46 PM n: bert.encoder.layer.1.attention.self.key.weight
04/25 02:33:46 PM n: bert.encoder.layer.1.attention.self.key.bias
04/25 02:33:46 PM n: bert.encoder.layer.1.attention.self.value.weight
04/25 02:33:46 PM n: bert.encoder.layer.1.attention.self.value.bias
04/25 02:33:46 PM n: bert.encoder.layer.1.attention.output.dense.weight
04/25 02:33:46 PM n: bert.encoder.layer.1.attention.output.dense.bias
04/25 02:33:46 PM n: bert.encoder.layer.1.attention.output.LayerNorm.weight
04/25 02:33:46 PM n: bert.encoder.layer.1.attention.output.LayerNorm.bias
04/25 02:33:46 PM n: bert.encoder.layer.1.intermediate.dense.weight
04/25 02:33:46 PM n: bert.encoder.layer.1.intermediate.dense.bias
04/25 02:33:46 PM n: bert.encoder.layer.1.output.dense.weight
04/25 02:33:46 PM n: bert.encoder.layer.1.output.dense.bias
04/25 02:33:46 PM n: bert.encoder.layer.1.output.LayerNorm.weight
04/25 02:33:46 PM n: bert.encoder.layer.1.output.LayerNorm.bias
04/25 02:33:46 PM n: bert.encoder.layer.2.attention.self.query.weight
04/25 02:33:46 PM n: bert.encoder.layer.2.attention.self.query.bias
04/25 02:33:46 PM n: bert.encoder.layer.2.attention.self.key.weight
04/25 02:33:46 PM n: bert.encoder.layer.2.attention.self.key.bias
04/25 02:33:46 PM n: bert.encoder.layer.2.attention.self.value.weight
04/25 02:33:46 PM n: bert.encoder.layer.2.attention.self.value.bias
04/25 02:33:46 PM n: bert.encoder.layer.2.attention.output.dense.weight
04/25 02:33:46 PM n: bert.encoder.layer.2.attention.output.dense.bias
04/25 02:33:46 PM n: bert.encoder.layer.2.attention.output.LayerNorm.weight
04/25 02:33:46 PM n: bert.encoder.layer.2.attention.output.LayerNorm.bias
04/25 02:33:46 PM n: bert.encoder.layer.2.intermediate.dense.weight
04/25 02:33:46 PM n: bert.encoder.layer.2.intermediate.dense.bias
04/25 02:33:46 PM n: bert.encoder.layer.2.output.dense.weight
04/25 02:33:46 PM n: bert.encoder.layer.2.output.dense.bias
04/25 02:33:46 PM n: bert.encoder.layer.2.output.LayerNorm.weight
04/25 02:33:46 PM n: bert.encoder.layer.2.output.LayerNorm.bias
04/25 02:33:46 PM n: bert.encoder.layer.3.attention.self.query.weight
04/25 02:33:46 PM n: bert.encoder.layer.3.attention.self.query.bias
04/25 02:33:46 PM n: bert.encoder.layer.3.attention.self.key.weight
04/25 02:33:46 PM n: bert.encoder.layer.3.attention.self.key.bias
04/25 02:33:46 PM n: bert.encoder.layer.3.attention.self.value.weight
04/25 02:33:46 PM n: bert.encoder.layer.3.attention.self.value.bias
04/25 02:33:46 PM n: bert.encoder.layer.3.attention.output.dense.weight
04/25 02:33:46 PM n: bert.encoder.layer.3.attention.output.dense.bias
04/25 02:33:46 PM n: bert.encoder.layer.3.attention.output.LayerNorm.weight
04/25 02:33:46 PM n: bert.encoder.layer.3.attention.output.LayerNorm.bias
04/25 02:33:46 PM n: bert.encoder.layer.3.intermediate.dense.weight
04/25 02:33:46 PM n: bert.encoder.layer.3.intermediate.dense.bias
04/25 02:33:46 PM n: bert.encoder.layer.3.output.dense.weight
04/25 02:33:46 PM n: bert.encoder.layer.3.output.dense.bias
04/25 02:33:46 PM n: bert.encoder.layer.3.output.LayerNorm.weight
04/25 02:33:46 PM n: bert.encoder.layer.3.output.LayerNorm.bias
04/25 02:33:46 PM n: bert.encoder.layer.4.attention.self.query.weight
04/25 02:33:46 PM n: bert.encoder.layer.4.attention.self.query.bias
04/25 02:33:46 PM n: bert.encoder.layer.4.attention.self.key.weight
04/25 02:33:46 PM n: bert.encoder.layer.4.attention.self.key.bias
04/25 02:33:46 PM n: bert.encoder.layer.4.attention.self.value.weight
04/25 02:33:46 PM n: bert.encoder.layer.4.attention.self.value.bias
04/25 02:33:46 PM n: bert.encoder.layer.4.attention.output.dense.weight
04/25 02:33:46 PM n: bert.encoder.layer.4.attention.output.dense.bias
04/25 02:33:46 PM n: bert.encoder.layer.4.attention.output.LayerNorm.weight
04/25 02:33:46 PM n: bert.encoder.layer.4.attention.output.LayerNorm.bias
04/25 02:33:46 PM n: bert.encoder.layer.4.intermediate.dense.weight
04/25 02:33:46 PM n: bert.encoder.layer.4.intermediate.dense.bias
04/25 02:33:46 PM n: bert.encoder.layer.4.output.dense.weight
04/25 02:33:46 PM n: bert.encoder.layer.4.output.dense.bias
04/25 02:33:46 PM n: bert.encoder.layer.4.output.LayerNorm.weight
04/25 02:33:46 PM n: bert.encoder.layer.4.output.LayerNorm.bias
04/25 02:33:46 PM n: bert.encoder.layer.5.attention.self.query.weight
04/25 02:33:46 PM n: bert.encoder.layer.5.attention.self.query.bias
04/25 02:33:46 PM n: bert.encoder.layer.5.attention.self.key.weight
04/25 02:33:46 PM n: bert.encoder.layer.5.attention.self.key.bias
04/25 02:33:46 PM n: bert.encoder.layer.5.attention.self.value.weight
04/25 02:33:46 PM n: bert.encoder.layer.5.attention.self.value.bias
04/25 02:33:46 PM n: bert.encoder.layer.5.attention.output.dense.weight
04/25 02:33:46 PM n: bert.encoder.layer.5.attention.output.dense.bias
04/25 02:33:46 PM n: bert.encoder.layer.5.attention.output.LayerNorm.weight
04/25 02:33:46 PM n: bert.encoder.layer.5.attention.output.LayerNorm.bias
04/25 02:33:46 PM n: bert.encoder.layer.5.intermediate.dense.weight
04/25 02:33:46 PM n: bert.encoder.layer.5.intermediate.dense.bias
04/25 02:33:46 PM n: bert.encoder.layer.5.output.dense.weight
04/25 02:33:46 PM n: bert.encoder.layer.5.output.dense.bias
04/25 02:33:46 PM n: bert.encoder.layer.5.output.LayerNorm.weight
04/25 02:33:46 PM n: bert.encoder.layer.5.output.LayerNorm.bias
04/25 02:33:46 PM n: bert.pooler.dense.weight
04/25 02:33:46 PM n: bert.pooler.dense.bias
04/25 02:33:46 PM n: classifier.weight
04/25 02:33:46 PM n: classifier.bias
04/25 02:33:46 PM n: fit_dense.weight
04/25 02:33:46 PM n: fit_dense.bias
04/25 02:33:46 PM Total parameters: 67547138
04/25 02:38:44 PM ***** Running evaluation *****
04/25 02:38:44 PM   Epoch = 0 iter 1999 step
04/25 02:38:44 PM   Num examples = 277
04/25 02:38:44 PM   Batch size = 32
04/25 02:38:44 PM preds.shape (277, 2)
04/25 02:38:44 PM ***** Eval results *****
04/25 02:38:44 PM   acc = 0.6173285198555957
04/25 02:38:44 PM   att_loss = 0.0
04/25 02:38:44 PM   cls_loss = 0.2539671156676547
04/25 02:38:44 PM   eval_loss = 0.6587517990006341
04/25 02:38:44 PM   global_step = 1999
04/25 02:38:44 PM   loss = 0.2539671156676547
04/25 02:38:44 PM   rep_loss = 0.0
04/25 02:38:44 PM ***** Save model *****
04/25 02:43:41 PM ***** Running evaluation *****
04/25 02:43:41 PM   Epoch = 0 iter 3999 step
04/25 02:43:41 PM   Num examples = 277
04/25 02:43:41 PM   Batch size = 32
04/25 02:43:41 PM preds.shape (277, 2)
04/25 02:43:41 PM ***** Eval results *****
04/25 02:43:41 PM   acc = 0.6462093862815884
04/25 02:43:41 PM   att_loss = 0.0
04/25 02:43:41 PM   cls_loss = 0.2520062313597928
04/25 02:43:41 PM   eval_loss = 0.6480358044306437
04/25 02:43:41 PM   global_step = 3999
04/25 02:43:41 PM   loss = 0.2520062313597928
04/25 02:43:41 PM   rep_loss = 0.0
04/25 02:43:41 PM ***** Save model *****
04/25 02:48:38 PM ***** Running evaluation *****
04/25 02:48:38 PM   Epoch = 1 iter 5999 step
04/25 02:48:38 PM   Num examples = 277
04/25 02:48:38 PM   Batch size = 32
04/25 02:48:39 PM preds.shape (277, 2)
04/25 02:48:39 PM ***** Eval results *****
04/25 02:48:39 PM   acc = 0.631768953068592
04/25 02:48:39 PM   att_loss = 0.0
04/25 02:48:39 PM   cls_loss = 0.24983498566574308
04/25 02:48:39 PM   eval_loss = 0.6538579596413506
04/25 02:48:39 PM   global_step = 5999
04/25 02:48:39 PM   loss = 0.24983498566574308
04/25 02:48:39 PM   rep_loss = 0.0
04/25 02:53:36 PM ***** Running evaluation *****
04/25 02:53:36 PM   Epoch = 1 iter 7999 step
04/25 02:53:36 PM   Num examples = 277
04/25 02:53:36 PM   Batch size = 32
04/25 02:53:36 PM preds.shape (277, 2)
04/25 02:53:36 PM ***** Eval results *****
04/25 02:53:36 PM   acc = 0.6498194945848376
04/25 02:53:36 PM   att_loss = 0.0
04/25 02:53:36 PM   cls_loss = 0.24958087144270943
04/25 02:53:36 PM   eval_loss = 0.6498991714583503
04/25 02:53:36 PM   global_step = 7999
04/25 02:53:36 PM   loss = 0.24958087144270943
04/25 02:53:36 PM   rep_loss = 0.0
04/25 02:53:36 PM ***** Save model *****
04/25 02:58:33 PM ***** Running evaluation *****
04/25 02:58:33 PM   Epoch = 2 iter 9999 step
04/25 02:58:33 PM   Num examples = 277
04/25 02:58:33 PM   Batch size = 32
04/25 02:58:33 PM preds.shape (277, 2)
04/25 02:58:33 PM ***** Eval results *****
04/25 02:58:33 PM   acc = 0.6498194945848376
04/25 02:58:33 PM   att_loss = 0.0
04/25 02:58:33 PM   cls_loss = 0.24880437209977577
04/25 02:58:33 PM   eval_loss = 0.6490997672080994
04/25 02:58:33 PM   global_step = 9999
04/25 02:58:33 PM   loss = 0.24880437209977577
04/25 02:58:33 PM   rep_loss = 0.0
04/25 03:03:30 PM ***** Running evaluation *****
04/25 03:03:30 PM   Epoch = 2 iter 11999 step
04/25 03:03:30 PM   Num examples = 277
04/25 03:03:30 PM   Batch size = 32
04/25 03:03:30 PM preds.shape (277, 2)
04/25 03:03:30 PM ***** Eval results *****
04/25 03:03:30 PM   acc = 0.6425992779783394
04/25 03:03:30 PM   att_loss = 0.0
04/25 03:03:30 PM   cls_loss = 0.24861721467593675
04/25 03:03:30 PM   eval_loss = 0.640015184879303
04/25 03:03:30 PM   global_step = 11999
04/25 03:03:30 PM   loss = 0.24861721467593675
04/25 03:03:30 PM   rep_loss = 0.0
04/25 03:08:27 PM ***** Running evaluation *****
04/25 03:08:27 PM   Epoch = 3 iter 13999 step
04/25 03:08:27 PM   Num examples = 277
04/25 03:08:27 PM   Batch size = 32
04/25 03:08:28 PM preds.shape (277, 2)
04/25 03:08:28 PM ***** Eval results *****
04/25 03:08:28 PM   acc = 0.6787003610108303
04/25 03:08:28 PM   att_loss = 0.0
04/25 03:08:28 PM   cls_loss = 0.2477914665884227
04/25 03:08:28 PM   eval_loss = 0.6262595454851786
04/25 03:08:28 PM   global_step = 13999
04/25 03:08:28 PM   loss = 0.2477914665884227
04/25 03:08:28 PM   rep_loss = 0.0
04/25 03:08:28 PM ***** Save model *****
04/25 03:13:25 PM ***** Running evaluation *****
04/25 03:13:25 PM   Epoch = 3 iter 15999 step
04/25 03:13:25 PM   Num examples = 277
04/25 03:13:25 PM   Batch size = 32
04/25 03:13:25 PM preds.shape (277, 2)
04/25 03:13:25 PM ***** Eval results *****
04/25 03:13:25 PM   acc = 0.6389891696750902
04/25 03:13:25 PM   att_loss = 0.0
04/25 03:13:25 PM   cls_loss = 0.24839483817753139
04/25 03:13:25 PM   eval_loss = 0.6483542720476786
04/25 03:13:25 PM   global_step = 15999
04/25 03:13:25 PM   loss = 0.24839483817753139
04/25 03:13:25 PM   rep_loss = 0.0
04/25 03:18:22 PM ***** Running evaluation *****
04/25 03:18:22 PM   Epoch = 3 iter 17999 step
04/25 03:18:22 PM   Num examples = 277
04/25 03:18:22 PM   Batch size = 32
04/25 03:18:22 PM preds.shape (277, 2)
04/25 03:18:22 PM ***** Eval results *****
04/25 03:18:22 PM   acc = 0.6570397111913358
04/25 03:18:22 PM   att_loss = 0.0
04/25 03:18:22 PM   cls_loss = 0.24840007954866403
04/25 03:18:22 PM   eval_loss = 0.6384245951970419
04/25 03:18:22 PM   global_step = 17999
04/25 03:18:22 PM   loss = 0.24840007954866403
04/25 03:18:22 PM   rep_loss = 0.0
