04/29 07:50:05 PM The args: Namespace(aug_train=True, cache_dir='', data_dir='./_data/glue_data/RTE', data_url='', do_eval=False, do_lower_case=True, eval_batch_size=32, eval_step=2000, gradient_accumulation_steps=1, learning_rate=0.0005, max_seq_length=128, no_cuda=False, num_train_epochs=4.0, output_dir='./models_train/TinyBERT_6L_768D_1146_stg2_RTE', pred_distill=True, seed=42, student_model='./models_train/TinyBERT_6L_768D_1146_stg1_RTE', task_name='RTE', teacher_model='./_models/bert-base-uncased-rte', temperature=1.0, train_batch_size=32, warmup_proportion=0.1, weight_decay=0.0001)
04/29 07:50:05 PM device: cuda n_gpu: 1
04/29 07:50:05 PM ******** num_labels=2
04/29 07:50:50 PM Model config {
  "_name_or_path": "bert-base-uncased",
  "architectures": [
    "BertForSequenceClassification"
  ],
  "attention_probs_dropout_prob": 0.1,
  "finetuning_task": "rte",
  "gradient_checkpointing": false,
  "hidden_act": "gelu",
  "hidden_dropout_prob": 0.1,
  "hidden_size": 768,
  "initializer_range": 0.02,
  "intermediate_size": 3072,
  "layer_norm_eps": 1e-12,
  "max_position_embeddings": 512,
  "model_type": "bert",
  "num_attention_heads": 12,
  "num_hidden_layers": 12,
  "pad_token_id": 0,
  "position_embedding_type": "absolute",
  "pre_trained": "",
  "problem_type": "single_label_classification",
  "training": "",
  "transformers_version": "4.6.1",
  "type_vocab_size": 2,
  "use_cache": true,
  "vocab_size": 30522
}

04/29 07:50:51 PM Loading model ./_models/bert-base-uncased-rte/pytorch_model.bin
04/29 07:50:51 PM loading model...
04/29 07:50:51 PM done!
04/29 07:50:51 PM Weights of TinyBertForSequenceClassification not initialized from pretrained model: ['fit_dense.weight', 'fit_dense.bias']
04/29 07:50:51 PM Weights from pretrained model not used in TinyBertForSequenceClassification: ['bert.embeddings.position_ids']
04/29 07:50:51 PM Model config {
  "attention_probs_dropout_prob": 0.1,
  "cell": {},
  "hidden_act": "gelu",
  "hidden_dropout_prob": 0.1,
  "hidden_size": 768,
  "initializer_range": 0.02,
  "intermediate_size": 3072,
  "max_position_embeddings": 512,
  "model_type": "bert",
  "num_attention_heads": 12,
  "num_hidden_layers": 6,
  "pre_trained": "",
  "structure": [],
  "training": "",
  "type_vocab_size": 2,
  "vocab_size": 30522
}

04/29 07:50:52 PM Loading model ./models_train/TinyBERT_6L_768D_1146_stg1_RTE/pytorch_model.bin
04/29 07:50:52 PM loading model...
04/29 07:50:52 PM done!
04/29 07:50:52 PM ***** Running training *****
04/29 07:50:52 PM   Num examples = 144076
04/29 07:50:52 PM   Batch size = 32
04/29 07:50:52 PM   Num steps = 18008
04/29 07:50:52 PM n: bert.embeddings.word_embeddings.weight
04/29 07:50:52 PM n: bert.embeddings.position_embeddings.weight
04/29 07:50:52 PM n: bert.embeddings.token_type_embeddings.weight
04/29 07:50:52 PM n: bert.embeddings.LayerNorm.weight
04/29 07:50:52 PM n: bert.embeddings.LayerNorm.bias
04/29 07:50:52 PM n: bert.encoder.layer.0.attention.self.query.weight
04/29 07:50:52 PM n: bert.encoder.layer.0.attention.self.query.bias
04/29 07:50:52 PM n: bert.encoder.layer.0.attention.self.key.weight
04/29 07:50:52 PM n: bert.encoder.layer.0.attention.self.key.bias
04/29 07:50:52 PM n: bert.encoder.layer.0.attention.self.value.weight
04/29 07:50:52 PM n: bert.encoder.layer.0.attention.self.value.bias
04/29 07:50:52 PM n: bert.encoder.layer.0.attention.output.dense.weight
04/29 07:50:52 PM n: bert.encoder.layer.0.attention.output.dense.bias
04/29 07:50:52 PM n: bert.encoder.layer.0.attention.output.LayerNorm.weight
04/29 07:50:52 PM n: bert.encoder.layer.0.attention.output.LayerNorm.bias
04/29 07:50:52 PM n: bert.encoder.layer.0.intermediate.dense.weight
04/29 07:50:52 PM n: bert.encoder.layer.0.intermediate.dense.bias
04/29 07:50:52 PM n: bert.encoder.layer.0.output.dense.weight
04/29 07:50:52 PM n: bert.encoder.layer.0.output.dense.bias
04/29 07:50:52 PM n: bert.encoder.layer.0.output.LayerNorm.weight
04/29 07:50:52 PM n: bert.encoder.layer.0.output.LayerNorm.bias
04/29 07:50:52 PM n: bert.encoder.layer.1.attention.self.query.weight
04/29 07:50:52 PM n: bert.encoder.layer.1.attention.self.query.bias
04/29 07:50:52 PM n: bert.encoder.layer.1.attention.self.key.weight
04/29 07:50:52 PM n: bert.encoder.layer.1.attention.self.key.bias
04/29 07:50:52 PM n: bert.encoder.layer.1.attention.self.value.weight
04/29 07:50:52 PM n: bert.encoder.layer.1.attention.self.value.bias
04/29 07:50:52 PM n: bert.encoder.layer.1.attention.output.dense.weight
04/29 07:50:52 PM n: bert.encoder.layer.1.attention.output.dense.bias
04/29 07:50:52 PM n: bert.encoder.layer.1.attention.output.LayerNorm.weight
04/29 07:50:52 PM n: bert.encoder.layer.1.attention.output.LayerNorm.bias
04/29 07:50:52 PM n: bert.encoder.layer.1.intermediate.dense.weight
04/29 07:50:52 PM n: bert.encoder.layer.1.intermediate.dense.bias
04/29 07:50:52 PM n: bert.encoder.layer.1.output.dense.weight
04/29 07:50:52 PM n: bert.encoder.layer.1.output.dense.bias
04/29 07:50:52 PM n: bert.encoder.layer.1.output.LayerNorm.weight
04/29 07:50:52 PM n: bert.encoder.layer.1.output.LayerNorm.bias
04/29 07:50:52 PM n: bert.encoder.layer.2.attention.self.query.weight
04/29 07:50:52 PM n: bert.encoder.layer.2.attention.self.query.bias
04/29 07:50:52 PM n: bert.encoder.layer.2.attention.self.key.weight
04/29 07:50:52 PM n: bert.encoder.layer.2.attention.self.key.bias
04/29 07:50:52 PM n: bert.encoder.layer.2.attention.self.value.weight
04/29 07:50:52 PM n: bert.encoder.layer.2.attention.self.value.bias
04/29 07:50:52 PM n: bert.encoder.layer.2.attention.output.dense.weight
04/29 07:50:52 PM n: bert.encoder.layer.2.attention.output.dense.bias
04/29 07:50:52 PM n: bert.encoder.layer.2.attention.output.LayerNorm.weight
04/29 07:50:52 PM n: bert.encoder.layer.2.attention.output.LayerNorm.bias
04/29 07:50:52 PM n: bert.encoder.layer.2.intermediate.dense.weight
04/29 07:50:52 PM n: bert.encoder.layer.2.intermediate.dense.bias
04/29 07:50:52 PM n: bert.encoder.layer.2.output.dense.weight
04/29 07:50:52 PM n: bert.encoder.layer.2.output.dense.bias
04/29 07:50:52 PM n: bert.encoder.layer.2.output.LayerNorm.weight
04/29 07:50:52 PM n: bert.encoder.layer.2.output.LayerNorm.bias
04/29 07:50:52 PM n: bert.encoder.layer.3.attention.self.query.weight
04/29 07:50:52 PM n: bert.encoder.layer.3.attention.self.query.bias
04/29 07:50:52 PM n: bert.encoder.layer.3.attention.self.key.weight
04/29 07:50:52 PM n: bert.encoder.layer.3.attention.self.key.bias
04/29 07:50:52 PM n: bert.encoder.layer.3.attention.self.value.weight
04/29 07:50:52 PM n: bert.encoder.layer.3.attention.self.value.bias
04/29 07:50:52 PM n: bert.encoder.layer.3.attention.output.dense.weight
04/29 07:50:52 PM n: bert.encoder.layer.3.attention.output.dense.bias
04/29 07:50:52 PM n: bert.encoder.layer.3.attention.output.LayerNorm.weight
04/29 07:50:52 PM n: bert.encoder.layer.3.attention.output.LayerNorm.bias
04/29 07:50:52 PM n: bert.encoder.layer.3.intermediate.dense.weight
04/29 07:50:52 PM n: bert.encoder.layer.3.intermediate.dense.bias
04/29 07:50:52 PM n: bert.encoder.layer.3.output.dense.weight
04/29 07:50:52 PM n: bert.encoder.layer.3.output.dense.bias
04/29 07:50:52 PM n: bert.encoder.layer.3.output.LayerNorm.weight
04/29 07:50:52 PM n: bert.encoder.layer.3.output.LayerNorm.bias
04/29 07:50:52 PM n: bert.encoder.layer.4.attention.self.query.weight
04/29 07:50:52 PM n: bert.encoder.layer.4.attention.self.query.bias
04/29 07:50:52 PM n: bert.encoder.layer.4.attention.self.key.weight
04/29 07:50:52 PM n: bert.encoder.layer.4.attention.self.key.bias
04/29 07:50:52 PM n: bert.encoder.layer.4.attention.self.value.weight
04/29 07:50:52 PM n: bert.encoder.layer.4.attention.self.value.bias
04/29 07:50:52 PM n: bert.encoder.layer.4.attention.output.dense.weight
04/29 07:50:52 PM n: bert.encoder.layer.4.attention.output.dense.bias
04/29 07:50:52 PM n: bert.encoder.layer.4.attention.output.LayerNorm.weight
04/29 07:50:52 PM n: bert.encoder.layer.4.attention.output.LayerNorm.bias
04/29 07:50:52 PM n: bert.encoder.layer.4.intermediate.dense.weight
04/29 07:50:52 PM n: bert.encoder.layer.4.intermediate.dense.bias
04/29 07:50:52 PM n: bert.encoder.layer.4.output.dense.weight
04/29 07:50:52 PM n: bert.encoder.layer.4.output.dense.bias
04/29 07:50:52 PM n: bert.encoder.layer.4.output.LayerNorm.weight
04/29 07:50:52 PM n: bert.encoder.layer.4.output.LayerNorm.bias
04/29 07:50:52 PM n: bert.encoder.layer.5.attention.self.query.weight
04/29 07:50:52 PM n: bert.encoder.layer.5.attention.self.query.bias
04/29 07:50:52 PM n: bert.encoder.layer.5.attention.self.key.weight
04/29 07:50:52 PM n: bert.encoder.layer.5.attention.self.key.bias
04/29 07:50:52 PM n: bert.encoder.layer.5.attention.self.value.weight
04/29 07:50:52 PM n: bert.encoder.layer.5.attention.self.value.bias
04/29 07:50:52 PM n: bert.encoder.layer.5.attention.output.dense.weight
04/29 07:50:52 PM n: bert.encoder.layer.5.attention.output.dense.bias
04/29 07:50:52 PM n: bert.encoder.layer.5.attention.output.LayerNorm.weight
04/29 07:50:52 PM n: bert.encoder.layer.5.attention.output.LayerNorm.bias
04/29 07:50:52 PM n: bert.encoder.layer.5.intermediate.dense.weight
04/29 07:50:52 PM n: bert.encoder.layer.5.intermediate.dense.bias
04/29 07:50:52 PM n: bert.encoder.layer.5.output.dense.weight
04/29 07:50:52 PM n: bert.encoder.layer.5.output.dense.bias
04/29 07:50:52 PM n: bert.encoder.layer.5.output.LayerNorm.weight
04/29 07:50:52 PM n: bert.encoder.layer.5.output.LayerNorm.bias
04/29 07:50:52 PM n: bert.pooler.dense.weight
04/29 07:50:52 PM n: bert.pooler.dense.bias
04/29 07:50:52 PM n: classifier.weight
04/29 07:50:52 PM n: classifier.bias
04/29 07:50:52 PM n: fit_dense.weight
04/29 07:50:52 PM n: fit_dense.bias
04/29 07:50:52 PM Total parameters: 67547138
04/29 07:55:49 PM ***** Running evaluation *****
04/29 07:55:49 PM   Epoch = 0 iter 1999 step
04/29 07:55:49 PM   Num examples = 277
04/29 07:55:49 PM   Batch size = 32
04/29 07:55:49 PM preds.shape (277, 2)
04/29 07:55:49 PM ***** Eval results *****
04/29 07:55:49 PM   acc = 0.4729241877256318
04/29 07:55:49 PM   att_loss = 0.0
04/29 07:55:49 PM   cls_loss = 0.2616315134216273
04/29 07:55:49 PM   eval_loss = 0.93866984711753
04/29 07:55:49 PM   global_step = 1999
04/29 07:55:49 PM   loss = 0.2616315134216273
04/29 07:55:49 PM   rep_loss = 0.0
04/29 07:55:49 PM ***** Save model *****
04/29 08:00:45 PM ***** Running evaluation *****
04/29 08:00:45 PM   Epoch = 0 iter 3999 step
04/29 08:00:45 PM   Num examples = 277
04/29 08:00:45 PM   Batch size = 32
04/29 08:00:45 PM preds.shape (277, 2)
04/29 08:00:45 PM ***** Eval results *****
04/29 08:00:45 PM   acc = 0.4729241877256318
04/29 08:00:45 PM   att_loss = 0.0
04/29 08:00:45 PM   cls_loss = 0.2638498153998632
04/29 08:00:45 PM   eval_loss = 0.8867913418345981
04/29 08:00:45 PM   global_step = 3999
04/29 08:00:45 PM   loss = 0.2638498153998632
04/29 08:00:45 PM   rep_loss = 0.0
04/29 08:05:42 PM ***** Running evaluation *****
04/29 08:05:42 PM   Epoch = 1 iter 5999 step
04/29 08:05:42 PM   Num examples = 277
04/29 08:05:42 PM   Batch size = 32
04/29 08:05:42 PM preds.shape (277, 2)
04/29 08:05:42 PM ***** Eval results *****
04/29 08:05:42 PM   acc = 0.4729241877256318
04/29 08:05:42 PM   att_loss = 0.0
04/29 08:05:42 PM   cls_loss = 0.266625064368557
04/29 08:05:42 PM   eval_loss = 0.9117849601639642
04/29 08:05:42 PM   global_step = 5999
04/29 08:05:42 PM   loss = 0.266625064368557
04/29 08:05:42 PM   rep_loss = 0.0
04/29 08:10:38 PM ***** Running evaluation *****
04/29 08:10:38 PM   Epoch = 1 iter 7999 step
04/29 08:10:38 PM   Num examples = 277
04/29 08:10:38 PM   Batch size = 32
04/29 08:10:38 PM preds.shape (277, 2)
04/29 08:10:38 PM ***** Eval results *****
04/29 08:10:38 PM   acc = 0.4729241877256318
04/29 08:10:38 PM   att_loss = 0.0
04/29 08:10:38 PM   cls_loss = 0.26638933816806976
04/29 08:10:38 PM   eval_loss = 0.9228516419728597
04/29 08:10:38 PM   global_step = 7999
04/29 08:10:38 PM   loss = 0.26638933816806976
04/29 08:10:38 PM   rep_loss = 0.0
04/29 08:15:35 PM ***** Running evaluation *****
04/29 08:15:35 PM   Epoch = 2 iter 9999 step
04/29 08:15:35 PM   Num examples = 277
04/29 08:15:35 PM   Batch size = 32
04/29 08:15:35 PM preds.shape (277, 2)
04/29 08:15:35 PM ***** Eval results *****
04/29 08:15:35 PM   acc = 0.4729241877256318
04/29 08:15:35 PM   att_loss = 0.0
04/29 08:15:35 PM   cls_loss = 0.2655783255944899
04/29 08:15:35 PM   eval_loss = 0.9096980094909668
04/29 08:15:35 PM   global_step = 9999
04/29 08:15:35 PM   loss = 0.2655783255944899
04/29 08:15:35 PM   rep_loss = 0.0
04/29 08:20:31 PM ***** Running evaluation *****
04/29 08:20:31 PM   Epoch = 2 iter 11999 step
04/29 08:20:31 PM   Num examples = 277
04/29 08:20:31 PM   Batch size = 32
04/29 08:20:31 PM preds.shape (277, 2)
04/29 08:20:31 PM ***** Eval results *****
04/29 08:20:31 PM   acc = 0.4729241877256318
04/29 08:20:31 PM   att_loss = 0.0
04/29 08:20:31 PM   cls_loss = 0.265665886960364
04/29 08:20:31 PM   eval_loss = 0.9016249577204386
04/29 08:20:31 PM   global_step = 11999
04/29 08:20:31 PM   loss = 0.265665886960364
04/29 08:20:31 PM   rep_loss = 0.0
04/29 08:25:28 PM ***** Running evaluation *****
04/29 08:25:28 PM   Epoch = 3 iter 13999 step
04/29 08:25:28 PM   Num examples = 277
04/29 08:25:28 PM   Batch size = 32
04/29 08:25:28 PM preds.shape (277, 2)
04/29 08:25:28 PM ***** Eval results *****
04/29 08:25:28 PM   acc = 0.4729241877256318
04/29 08:25:28 PM   att_loss = 0.0
04/29 08:25:28 PM   cls_loss = 0.26549233423647967
04/29 08:25:28 PM   eval_loss = 0.9113791916105483
04/29 08:25:28 PM   global_step = 13999
04/29 08:25:28 PM   loss = 0.26549233423647967
04/29 08:25:28 PM   rep_loss = 0.0
04/29 08:30:24 PM ***** Running evaluation *****
04/29 08:30:24 PM   Epoch = 3 iter 15999 step
04/29 08:30:24 PM   Num examples = 277
04/29 08:30:24 PM   Batch size = 32
04/29 08:30:24 PM preds.shape (277, 2)
04/29 08:30:24 PM ***** Eval results *****
04/29 08:30:24 PM   acc = 0.4729241877256318
04/29 08:30:24 PM   att_loss = 0.0
04/29 08:30:24 PM   cls_loss = 0.26606511408623756
04/29 08:30:24 PM   eval_loss = 0.9060015678405762
04/29 08:30:24 PM   global_step = 15999
04/29 08:30:24 PM   loss = 0.26606511408623756
04/29 08:30:24 PM   rep_loss = 0.0
04/29 08:35:21 PM ***** Running evaluation *****
04/29 08:35:21 PM   Epoch = 3 iter 17999 step
04/29 08:35:21 PM   Num examples = 277
04/29 08:35:21 PM   Batch size = 32
04/29 08:35:21 PM preds.shape (277, 2)
04/29 08:35:21 PM ***** Eval results *****
04/29 08:35:21 PM   acc = 0.4729241877256318
04/29 08:35:21 PM   att_loss = 0.0
04/29 08:35:21 PM   cls_loss = 0.26604587645592254
04/29 08:35:21 PM   eval_loss = 0.9105690982606676
04/29 08:35:21 PM   global_step = 17999
04/29 08:35:21 PM   loss = 0.26604587645592254
04/29 08:35:21 PM   rep_loss = 0.0
