04/24 12:36:57 PM The args: Namespace(aug_train=True, cache_dir='', data_dir='./_data/glue_data/CoLA', data_url='', do_eval=False, do_lower_case=True, eval_batch_size=32, eval_step=2000, gradient_accumulation_steps=1, learning_rate=3e-05, max_seq_length=128, no_cuda=False, num_train_epochs=3.0, output_dir='./models_train/TinyBERT_4L_312D_1121_stg2_CoLA', pred_distill=True, seed=42, student_model='./models_train/TinyBERT_4L_312D_1121_stg1_CoLA', task_name='CoLA', teacher_model='./_models/bert-base-uncased-cola', temperature=1.0, train_batch_size=32, warmup_proportion=0.1, weight_decay=0.0001)
04/24 12:36:57 PM device: cuda n_gpu: 1
04/24 12:36:57 PM ******** num_labels=2
04/24 12:37:09 PM Model config {
  "_name_or_path": "/mnt/lustre/weixiuying/transformer/pretrain_models/bert-base-uncased",
  "architectures": [
    "BertForSequenceClassification"
  ],
  "attention_probs_dropout_prob": 0.1,
  "classifier_dropout": null,
  "finetuning_task": "cola",
  "gradient_checkpointing": false,
  "hidden_act": "gelu",
  "hidden_dropout_prob": 0.1,
  "hidden_size": 768,
  "id2label": {
    "0": "unacceptable",
    "1": "acceptable"
  },
  "initializer_range": 0.02,
  "intermediate_size": 3072,
  "label2id": {
    "acceptable": 1,
    "unacceptable": 0
  },
  "layer_norm_eps": 1e-12,
  "max_position_embeddings": 512,
  "model_type": "bert",
  "num_attention_heads": 12,
  "num_hidden_layers": 12,
  "pad_token_id": 0,
  "position_embedding_type": "absolute",
  "pre_trained": "",
  "problem_type": "single_label_classification",
  "torch_dtype": "float32",
  "training": "",
  "transformers_version": "4.13.0.dev0",
  "type_vocab_size": 2,
  "use_cache": true,
  "vocab_size": 30522
}

04/24 12:37:10 PM Loading model ./_models/bert-base-uncased-cola/pytorch_model.bin
04/24 12:37:10 PM loading model...
04/24 12:37:10 PM done!
04/24 12:37:10 PM Weights of TinyBertForSequenceClassification not initialized from pretrained model: ['fit_dense.weight', 'fit_dense.bias']
04/24 12:37:10 PM Weights from pretrained model not used in TinyBertForSequenceClassification: ['bert.embeddings.position_ids']
04/24 12:37:10 PM Model config {
  "attention_probs_dropout_prob": 0.1,
  "cell": {},
  "emb_size": 312,
  "hidden_act": "gelu",
  "hidden_dropout_prob": 0.1,
  "hidden_size": 312,
  "initializer_range": 0.02,
  "intermediate_size": 1200,
  "max_position_embeddings": 512,
  "num_attention_heads": 12,
  "num_hidden_layers": 4,
  "pre_trained": "",
  "structure": [],
  "training": "",
  "type_vocab_size": 2,
  "vocab_size": 30522
}

04/24 12:37:10 PM Loading model ./models_train/TinyBERT_4L_312D_1121_stg1_CoLA/pytorch_model.bin
04/24 12:37:10 PM loading model...
04/24 12:37:10 PM done!
04/24 12:37:10 PM ***** Running training *****
04/24 12:37:10 PM   Num examples = 210325
04/24 12:37:10 PM   Batch size = 32
04/24 12:37:10 PM   Num steps = 19716
04/24 12:37:10 PM n: bert.embeddings.word_embeddings.weight
04/24 12:37:10 PM n: bert.embeddings.position_embeddings.weight
04/24 12:37:10 PM n: bert.embeddings.token_type_embeddings.weight
04/24 12:37:10 PM n: bert.embeddings.LayerNorm.weight
04/24 12:37:10 PM n: bert.embeddings.LayerNorm.bias
04/24 12:37:10 PM n: bert.encoder.layer.0.attention.self.query.weight
04/24 12:37:10 PM n: bert.encoder.layer.0.attention.self.query.bias
04/24 12:37:10 PM n: bert.encoder.layer.0.attention.self.key.weight
04/24 12:37:10 PM n: bert.encoder.layer.0.attention.self.key.bias
04/24 12:37:10 PM n: bert.encoder.layer.0.attention.self.value.weight
04/24 12:37:10 PM n: bert.encoder.layer.0.attention.self.value.bias
04/24 12:37:10 PM n: bert.encoder.layer.0.attention.output.dense.weight
04/24 12:37:10 PM n: bert.encoder.layer.0.attention.output.dense.bias
04/24 12:37:10 PM n: bert.encoder.layer.0.attention.output.LayerNorm.weight
04/24 12:37:10 PM n: bert.encoder.layer.0.attention.output.LayerNorm.bias
04/24 12:37:10 PM n: bert.encoder.layer.0.intermediate.dense.weight
04/24 12:37:10 PM n: bert.encoder.layer.0.intermediate.dense.bias
04/24 12:37:10 PM n: bert.encoder.layer.0.output.dense.weight
04/24 12:37:10 PM n: bert.encoder.layer.0.output.dense.bias
04/24 12:37:10 PM n: bert.encoder.layer.0.output.LayerNorm.weight
04/24 12:37:10 PM n: bert.encoder.layer.0.output.LayerNorm.bias
04/24 12:37:10 PM n: bert.encoder.layer.1.attention.self.query.weight
04/24 12:37:10 PM n: bert.encoder.layer.1.attention.self.query.bias
04/24 12:37:10 PM n: bert.encoder.layer.1.attention.self.key.weight
04/24 12:37:10 PM n: bert.encoder.layer.1.attention.self.key.bias
04/24 12:37:10 PM n: bert.encoder.layer.1.attention.self.value.weight
04/24 12:37:10 PM n: bert.encoder.layer.1.attention.self.value.bias
04/24 12:37:10 PM n: bert.encoder.layer.1.attention.output.dense.weight
04/24 12:37:10 PM n: bert.encoder.layer.1.attention.output.dense.bias
04/24 12:37:10 PM n: bert.encoder.layer.1.attention.output.LayerNorm.weight
04/24 12:37:10 PM n: bert.encoder.layer.1.attention.output.LayerNorm.bias
04/24 12:37:10 PM n: bert.encoder.layer.1.intermediate.dense.weight
04/24 12:37:10 PM n: bert.encoder.layer.1.intermediate.dense.bias
04/24 12:37:10 PM n: bert.encoder.layer.1.output.dense.weight
04/24 12:37:10 PM n: bert.encoder.layer.1.output.dense.bias
04/24 12:37:10 PM n: bert.encoder.layer.1.output.LayerNorm.weight
04/24 12:37:10 PM n: bert.encoder.layer.1.output.LayerNorm.bias
04/24 12:37:10 PM n: bert.encoder.layer.2.attention.self.query.weight
04/24 12:37:10 PM n: bert.encoder.layer.2.attention.self.query.bias
04/24 12:37:10 PM n: bert.encoder.layer.2.attention.self.key.weight
04/24 12:37:10 PM n: bert.encoder.layer.2.attention.self.key.bias
04/24 12:37:10 PM n: bert.encoder.layer.2.attention.self.value.weight
04/24 12:37:10 PM n: bert.encoder.layer.2.attention.self.value.bias
04/24 12:37:10 PM n: bert.encoder.layer.2.attention.output.dense.weight
04/24 12:37:10 PM n: bert.encoder.layer.2.attention.output.dense.bias
04/24 12:37:10 PM n: bert.encoder.layer.2.attention.output.LayerNorm.weight
04/24 12:37:10 PM n: bert.encoder.layer.2.attention.output.LayerNorm.bias
04/24 12:37:10 PM n: bert.encoder.layer.2.intermediate.dense.weight
04/24 12:37:10 PM n: bert.encoder.layer.2.intermediate.dense.bias
04/24 12:37:10 PM n: bert.encoder.layer.2.output.dense.weight
04/24 12:37:10 PM n: bert.encoder.layer.2.output.dense.bias
04/24 12:37:10 PM n: bert.encoder.layer.2.output.LayerNorm.weight
04/24 12:37:10 PM n: bert.encoder.layer.2.output.LayerNorm.bias
04/24 12:37:10 PM n: bert.encoder.layer.3.attention.self.query.weight
04/24 12:37:10 PM n: bert.encoder.layer.3.attention.self.query.bias
04/24 12:37:10 PM n: bert.encoder.layer.3.attention.self.key.weight
04/24 12:37:10 PM n: bert.encoder.layer.3.attention.self.key.bias
04/24 12:37:10 PM n: bert.encoder.layer.3.attention.self.value.weight
04/24 12:37:10 PM n: bert.encoder.layer.3.attention.self.value.bias
04/24 12:37:10 PM n: bert.encoder.layer.3.attention.output.dense.weight
04/24 12:37:10 PM n: bert.encoder.layer.3.attention.output.dense.bias
04/24 12:37:10 PM n: bert.encoder.layer.3.attention.output.LayerNorm.weight
04/24 12:37:10 PM n: bert.encoder.layer.3.attention.output.LayerNorm.bias
04/24 12:37:10 PM n: bert.encoder.layer.3.intermediate.dense.weight
04/24 12:37:10 PM n: bert.encoder.layer.3.intermediate.dense.bias
04/24 12:37:10 PM n: bert.encoder.layer.3.output.dense.weight
04/24 12:37:10 PM n: bert.encoder.layer.3.output.dense.bias
04/24 12:37:10 PM n: bert.encoder.layer.3.output.LayerNorm.weight
04/24 12:37:10 PM n: bert.encoder.layer.3.output.LayerNorm.bias
04/24 12:37:10 PM n: bert.pooler.dense.weight
04/24 12:37:10 PM n: bert.pooler.dense.bias
04/24 12:37:10 PM n: classifier.weight
04/24 12:37:10 PM n: classifier.bias
04/24 12:37:10 PM n: fit_dense.weight
04/24 12:37:10 PM n: fit_dense.bias
04/24 12:37:10 PM Total parameters: 14591258
04/24 12:39:48 PM ***** Running evaluation *****
04/24 12:39:48 PM   Epoch = 0 iter 1999 step
04/24 12:39:48 PM   Num examples = 1043
04/24 12:39:48 PM   Batch size = 32
04/24 12:39:49 PM preds.shape (1043, 2)
04/24 12:39:49 PM ***** Eval results *****
04/24 12:39:49 PM   att_loss = 0.0
04/24 12:39:49 PM   cls_loss = 0.21874957725875313
04/24 12:39:49 PM   eval_loss = 0.6119081278642019
04/24 12:39:49 PM   global_step = 1999
04/24 12:39:49 PM   loss = 0.21874957725875313
04/24 12:39:49 PM   mcc = 0.25721317279444444
04/24 12:39:49 PM   rep_loss = 0.0
04/24 12:39:49 PM ***** Save model *****
04/24 12:42:27 PM ***** Running evaluation *****
04/24 12:42:27 PM   Epoch = 0 iter 3999 step
04/24 12:42:27 PM   Num examples = 1043
04/24 12:42:27 PM   Batch size = 32
04/24 12:42:27 PM preds.shape (1043, 2)
04/24 12:42:27 PM ***** Eval results *****
04/24 12:42:27 PM   att_loss = 0.0
04/24 12:42:27 PM   cls_loss = 0.21328498141024524
04/24 12:42:27 PM   eval_loss = 0.6391163143244657
04/24 12:42:27 PM   global_step = 3999
04/24 12:42:27 PM   loss = 0.21328498141024524
04/24 12:42:27 PM   mcc = 0.27020692631724524
04/24 12:42:27 PM   rep_loss = 0.0
04/24 12:42:27 PM ***** Save model *****
04/24 12:45:05 PM ***** Running evaluation *****
04/24 12:45:05 PM   Epoch = 0 iter 5999 step
04/24 12:45:05 PM   Num examples = 1043
04/24 12:45:05 PM   Batch size = 32
04/24 12:45:05 PM preds.shape (1043, 2)
04/24 12:45:05 PM ***** Eval results *****
04/24 12:45:05 PM   att_loss = 0.0
04/24 12:45:05 PM   cls_loss = 0.21085222813611748
04/24 12:45:05 PM   eval_loss = 0.6134064098199209
04/24 12:45:05 PM   global_step = 5999
04/24 12:45:05 PM   loss = 0.21085222813611748
04/24 12:45:05 PM   mcc = 0.3075050316707203
04/24 12:45:05 PM   rep_loss = 0.0
04/24 12:45:05 PM ***** Save model *****
04/24 12:47:43 PM ***** Running evaluation *****
04/24 12:47:43 PM   Epoch = 1 iter 7999 step
04/24 12:47:43 PM   Num examples = 1043
04/24 12:47:43 PM   Batch size = 32
04/24 12:47:43 PM preds.shape (1043, 2)
04/24 12:47:43 PM ***** Eval results *****
04/24 12:47:43 PM   att_loss = 0.0
04/24 12:47:43 PM   cls_loss = 0.20672626763101884
04/24 12:47:43 PM   eval_loss = 0.6356167314630566
04/24 12:47:43 PM   global_step = 7999
04/24 12:47:43 PM   loss = 0.20672626763101884
04/24 12:47:43 PM   mcc = 0.256966481352016
04/24 12:47:43 PM   rep_loss = 0.0
04/24 12:50:21 PM ***** Running evaluation *****
04/24 12:50:21 PM   Epoch = 1 iter 9999 step
04/24 12:50:21 PM   Num examples = 1043
04/24 12:50:21 PM   Batch size = 32
04/24 12:50:21 PM preds.shape (1043, 2)
04/24 12:50:21 PM ***** Eval results *****
04/24 12:50:21 PM   att_loss = 0.0
04/24 12:50:21 PM   cls_loss = 0.20656248376638714
04/24 12:50:21 PM   eval_loss = 0.6560658035856305
04/24 12:50:21 PM   global_step = 9999
04/24 12:50:21 PM   loss = 0.20656248376638714
04/24 12:50:21 PM   mcc = 0.25865652980192283
04/24 12:50:21 PM   rep_loss = 0.0
04/24 12:52:59 PM ***** Running evaluation *****
04/24 12:52:59 PM   Epoch = 1 iter 11999 step
04/24 12:52:59 PM   Num examples = 1043
04/24 12:52:59 PM   Batch size = 32
04/24 12:52:59 PM preds.shape (1043, 2)
04/24 12:52:59 PM ***** Eval results *****
04/24 12:52:59 PM   att_loss = 0.0
04/24 12:52:59 PM   cls_loss = 0.20632536750494807
04/24 12:52:59 PM   eval_loss = 0.6418465791326581
04/24 12:52:59 PM   global_step = 11999
04/24 12:52:59 PM   loss = 0.20632536750494807
04/24 12:52:59 PM   mcc = 0.26600788978315354
04/24 12:52:59 PM   rep_loss = 0.0
04/24 12:55:37 PM ***** Running evaluation *****
04/24 12:55:37 PM   Epoch = 2 iter 13999 step
04/24 12:55:37 PM   Num examples = 1043
04/24 12:55:37 PM   Batch size = 32
04/24 12:55:37 PM preds.shape (1043, 2)
04/24 12:55:37 PM ***** Eval results *****
04/24 12:55:37 PM   att_loss = 0.0
04/24 12:55:37 PM   cls_loss = 0.2040798956016351
04/24 12:55:37 PM   eval_loss = 0.6265180454109655
04/24 12:55:37 PM   global_step = 13999
04/24 12:55:37 PM   loss = 0.2040798956016351
04/24 12:55:37 PM   mcc = 0.28125077323107056
04/24 12:55:37 PM   rep_loss = 0.0
04/24 12:58:15 PM ***** Running evaluation *****
04/24 12:58:15 PM   Epoch = 2 iter 15999 step
04/24 12:58:15 PM   Num examples = 1043
04/24 12:58:15 PM   Batch size = 32
04/24 12:58:15 PM preds.shape (1043, 2)
04/24 12:58:15 PM ***** Eval results *****
04/24 12:58:15 PM   att_loss = 0.0
04/24 12:58:15 PM   cls_loss = 0.20363153566829795
04/24 12:58:15 PM   eval_loss = 0.6370575048706748
04/24 12:58:15 PM   global_step = 15999
04/24 12:58:15 PM   loss = 0.20363153566829795
04/24 12:58:15 PM   mcc = 0.28125077323107056
04/24 12:58:15 PM   rep_loss = 0.0
04/24 01:00:53 PM ***** Running evaluation *****
04/24 01:00:53 PM   Epoch = 2 iter 17999 step
04/24 01:00:53 PM   Num examples = 1043
04/24 01:00:53 PM   Batch size = 32
04/24 01:00:53 PM preds.shape (1043, 2)
04/24 01:00:53 PM ***** Eval results *****
04/24 01:00:53 PM   att_loss = 0.0
04/24 01:00:53 PM   cls_loss = 0.2029776309625496
04/24 01:00:53 PM   eval_loss = 0.6279035833748904
04/24 01:00:53 PM   global_step = 17999
04/24 01:00:53 PM   loss = 0.2029776309625496
04/24 01:00:53 PM   mcc = 0.2927197891402417
04/24 01:00:53 PM   rep_loss = 0.0
