04/23 05:34:38 PM The args: Namespace(aug_train=True, cache_dir='', data_dir='./_data/glue_data/CoLA', data_url='', do_eval=False, do_lower_case=True, eval_batch_size=32, eval_step=2000, gradient_accumulation_steps=1, learning_rate=3e-05, max_seq_length=128, no_cuda=False, num_train_epochs=3.0, output_dir='./models_train/TinyBERT_6L_768D_1118_stg2_CoLA', pred_distill=True, seed=42, student_model='./models_train/TinyBERT_6L_768D_1118_stg1_CoLA', task_name='CoLA', teacher_model='./_models/bert-base-uncased-cola', temperature=1.0, train_batch_size=32, warmup_proportion=0.1, weight_decay=0.0001)
04/23 05:34:38 PM device: cuda n_gpu: 1
04/23 05:34:38 PM ******** num_labels=2
04/23 05:34:50 PM Model config {
  "_name_or_path": "/mnt/lustre/weixiuying/transformer/pretrain_models/bert-base-uncased",
  "architectures": [
    "BertForSequenceClassification"
  ],
  "attention_probs_dropout_prob": 0.1,
  "classifier_dropout": null,
  "finetuning_task": "cola",
  "gradient_checkpointing": false,
  "hidden_act": "gelu",
  "hidden_dropout_prob": 0.1,
  "hidden_size": 768,
  "id2label": {
    "0": "unacceptable",
    "1": "acceptable"
  },
  "initializer_range": 0.02,
  "intermediate_size": 3072,
  "label2id": {
    "acceptable": 1,
    "unacceptable": 0
  },
  "layer_norm_eps": 1e-12,
  "max_position_embeddings": 512,
  "model_type": "bert",
  "num_attention_heads": 12,
  "num_hidden_layers": 12,
  "pad_token_id": 0,
  "position_embedding_type": "absolute",
  "pre_trained": "",
  "problem_type": "single_label_classification",
  "torch_dtype": "float32",
  "training": "",
  "transformers_version": "4.13.0.dev0",
  "type_vocab_size": 2,
  "use_cache": true,
  "vocab_size": 30522
}

04/23 05:34:51 PM Loading model ./_models/bert-base-uncased-cola/pytorch_model.bin
04/23 05:34:51 PM loading model...
04/23 05:34:51 PM done!
04/23 05:34:51 PM Weights of TinyBertForSequenceClassification not initialized from pretrained model: ['fit_dense.weight', 'fit_dense.bias']
04/23 05:34:51 PM Weights from pretrained model not used in TinyBertForSequenceClassification: ['bert.embeddings.position_ids']
04/23 05:34:52 PM Model config {
  "attention_probs_dropout_prob": 0.1,
  "cell": {},
  "hidden_act": "gelu",
  "hidden_dropout_prob": 0.1,
  "hidden_size": 768,
  "initializer_range": 0.02,
  "intermediate_size": 3072,
  "max_position_embeddings": 512,
  "model_type": "bert",
  "num_attention_heads": 12,
  "num_hidden_layers": 6,
  "pre_trained": "",
  "structure": [],
  "training": "",
  "type_vocab_size": 2,
  "vocab_size": 30522
}

04/23 05:34:52 PM Loading model ./models_train/TinyBERT_6L_768D_1118_stg1_CoLA/pytorch_model.bin
04/23 05:34:53 PM loading model...
04/23 05:34:53 PM done!
04/23 05:34:53 PM ***** Running training *****
04/23 05:34:53 PM   Num examples = 212100
04/23 05:34:53 PM   Batch size = 32
04/23 05:34:53 PM   Num steps = 19884
04/23 05:34:53 PM n: bert.embeddings.word_embeddings.weight
04/23 05:34:53 PM n: bert.embeddings.position_embeddings.weight
04/23 05:34:53 PM n: bert.embeddings.token_type_embeddings.weight
04/23 05:34:53 PM n: bert.embeddings.LayerNorm.weight
04/23 05:34:53 PM n: bert.embeddings.LayerNorm.bias
04/23 05:34:53 PM n: bert.encoder.layer.0.attention.self.query.weight
04/23 05:34:53 PM n: bert.encoder.layer.0.attention.self.query.bias
04/23 05:34:53 PM n: bert.encoder.layer.0.attention.self.key.weight
04/23 05:34:53 PM n: bert.encoder.layer.0.attention.self.key.bias
04/23 05:34:53 PM n: bert.encoder.layer.0.attention.self.value.weight
04/23 05:34:53 PM n: bert.encoder.layer.0.attention.self.value.bias
04/23 05:34:53 PM n: bert.encoder.layer.0.attention.output.dense.weight
04/23 05:34:53 PM n: bert.encoder.layer.0.attention.output.dense.bias
04/23 05:34:53 PM n: bert.encoder.layer.0.attention.output.LayerNorm.weight
04/23 05:34:53 PM n: bert.encoder.layer.0.attention.output.LayerNorm.bias
04/23 05:34:53 PM n: bert.encoder.layer.0.intermediate.dense.weight
04/23 05:34:53 PM n: bert.encoder.layer.0.intermediate.dense.bias
04/23 05:34:53 PM n: bert.encoder.layer.0.output.dense.weight
04/23 05:34:53 PM n: bert.encoder.layer.0.output.dense.bias
04/23 05:34:53 PM n: bert.encoder.layer.0.output.LayerNorm.weight
04/23 05:34:53 PM n: bert.encoder.layer.0.output.LayerNorm.bias
04/23 05:34:53 PM n: bert.encoder.layer.1.attention.self.query.weight
04/23 05:34:53 PM n: bert.encoder.layer.1.attention.self.query.bias
04/23 05:34:53 PM n: bert.encoder.layer.1.attention.self.key.weight
04/23 05:34:53 PM n: bert.encoder.layer.1.attention.self.key.bias
04/23 05:34:53 PM n: bert.encoder.layer.1.attention.self.value.weight
04/23 05:34:53 PM n: bert.encoder.layer.1.attention.self.value.bias
04/23 05:34:53 PM n: bert.encoder.layer.1.attention.output.dense.weight
04/23 05:34:53 PM n: bert.encoder.layer.1.attention.output.dense.bias
04/23 05:34:53 PM n: bert.encoder.layer.1.attention.output.LayerNorm.weight
04/23 05:34:53 PM n: bert.encoder.layer.1.attention.output.LayerNorm.bias
04/23 05:34:53 PM n: bert.encoder.layer.1.intermediate.dense.weight
04/23 05:34:53 PM n: bert.encoder.layer.1.intermediate.dense.bias
04/23 05:34:53 PM n: bert.encoder.layer.1.output.dense.weight
04/23 05:34:53 PM n: bert.encoder.layer.1.output.dense.bias
04/23 05:34:53 PM n: bert.encoder.layer.1.output.LayerNorm.weight
04/23 05:34:53 PM n: bert.encoder.layer.1.output.LayerNorm.bias
04/23 05:34:53 PM n: bert.encoder.layer.2.attention.self.query.weight
04/23 05:34:53 PM n: bert.encoder.layer.2.attention.self.query.bias
04/23 05:34:53 PM n: bert.encoder.layer.2.attention.self.key.weight
04/23 05:34:53 PM n: bert.encoder.layer.2.attention.self.key.bias
04/23 05:34:53 PM n: bert.encoder.layer.2.attention.self.value.weight
04/23 05:34:53 PM n: bert.encoder.layer.2.attention.self.value.bias
04/23 05:34:53 PM n: bert.encoder.layer.2.attention.output.dense.weight
04/23 05:34:53 PM n: bert.encoder.layer.2.attention.output.dense.bias
04/23 05:34:53 PM n: bert.encoder.layer.2.attention.output.LayerNorm.weight
04/23 05:34:53 PM n: bert.encoder.layer.2.attention.output.LayerNorm.bias
04/23 05:34:53 PM n: bert.encoder.layer.2.intermediate.dense.weight
04/23 05:34:53 PM n: bert.encoder.layer.2.intermediate.dense.bias
04/23 05:34:53 PM n: bert.encoder.layer.2.output.dense.weight
04/23 05:34:53 PM n: bert.encoder.layer.2.output.dense.bias
04/23 05:34:53 PM n: bert.encoder.layer.2.output.LayerNorm.weight
04/23 05:34:53 PM n: bert.encoder.layer.2.output.LayerNorm.bias
04/23 05:34:53 PM n: bert.encoder.layer.3.attention.self.query.weight
04/23 05:34:53 PM n: bert.encoder.layer.3.attention.self.query.bias
04/23 05:34:53 PM n: bert.encoder.layer.3.attention.self.key.weight
04/23 05:34:53 PM n: bert.encoder.layer.3.attention.self.key.bias
04/23 05:34:53 PM n: bert.encoder.layer.3.attention.self.value.weight
04/23 05:34:53 PM n: bert.encoder.layer.3.attention.self.value.bias
04/23 05:34:53 PM n: bert.encoder.layer.3.attention.output.dense.weight
04/23 05:34:53 PM n: bert.encoder.layer.3.attention.output.dense.bias
04/23 05:34:53 PM n: bert.encoder.layer.3.attention.output.LayerNorm.weight
04/23 05:34:53 PM n: bert.encoder.layer.3.attention.output.LayerNorm.bias
04/23 05:34:53 PM n: bert.encoder.layer.3.intermediate.dense.weight
04/23 05:34:53 PM n: bert.encoder.layer.3.intermediate.dense.bias
04/23 05:34:53 PM n: bert.encoder.layer.3.output.dense.weight
04/23 05:34:53 PM n: bert.encoder.layer.3.output.dense.bias
04/23 05:34:53 PM n: bert.encoder.layer.3.output.LayerNorm.weight
04/23 05:34:53 PM n: bert.encoder.layer.3.output.LayerNorm.bias
04/23 05:34:53 PM n: bert.encoder.layer.4.attention.self.query.weight
04/23 05:34:53 PM n: bert.encoder.layer.4.attention.self.query.bias
04/23 05:34:53 PM n: bert.encoder.layer.4.attention.self.key.weight
04/23 05:34:53 PM n: bert.encoder.layer.4.attention.self.key.bias
04/23 05:34:53 PM n: bert.encoder.layer.4.attention.self.value.weight
04/23 05:34:53 PM n: bert.encoder.layer.4.attention.self.value.bias
04/23 05:34:53 PM n: bert.encoder.layer.4.attention.output.dense.weight
04/23 05:34:53 PM n: bert.encoder.layer.4.attention.output.dense.bias
04/23 05:34:53 PM n: bert.encoder.layer.4.attention.output.LayerNorm.weight
04/23 05:34:53 PM n: bert.encoder.layer.4.attention.output.LayerNorm.bias
04/23 05:34:53 PM n: bert.encoder.layer.4.intermediate.dense.weight
04/23 05:34:53 PM n: bert.encoder.layer.4.intermediate.dense.bias
04/23 05:34:53 PM n: bert.encoder.layer.4.output.dense.weight
04/23 05:34:53 PM n: bert.encoder.layer.4.output.dense.bias
04/23 05:34:53 PM n: bert.encoder.layer.4.output.LayerNorm.weight
04/23 05:34:53 PM n: bert.encoder.layer.4.output.LayerNorm.bias
04/23 05:34:53 PM n: bert.encoder.layer.5.attention.self.query.weight
04/23 05:34:53 PM n: bert.encoder.layer.5.attention.self.query.bias
04/23 05:34:53 PM n: bert.encoder.layer.5.attention.self.key.weight
04/23 05:34:53 PM n: bert.encoder.layer.5.attention.self.key.bias
04/23 05:34:53 PM n: bert.encoder.layer.5.attention.self.value.weight
04/23 05:34:53 PM n: bert.encoder.layer.5.attention.self.value.bias
04/23 05:34:53 PM n: bert.encoder.layer.5.attention.output.dense.weight
04/23 05:34:53 PM n: bert.encoder.layer.5.attention.output.dense.bias
04/23 05:34:53 PM n: bert.encoder.layer.5.attention.output.LayerNorm.weight
04/23 05:34:53 PM n: bert.encoder.layer.5.attention.output.LayerNorm.bias
04/23 05:34:53 PM n: bert.encoder.layer.5.intermediate.dense.weight
04/23 05:34:53 PM n: bert.encoder.layer.5.intermediate.dense.bias
04/23 05:34:53 PM n: bert.encoder.layer.5.output.dense.weight
04/23 05:34:53 PM n: bert.encoder.layer.5.output.dense.bias
04/23 05:34:53 PM n: bert.encoder.layer.5.output.LayerNorm.weight
04/23 05:34:53 PM n: bert.encoder.layer.5.output.LayerNorm.bias
04/23 05:34:53 PM n: bert.pooler.dense.weight
04/23 05:34:53 PM n: bert.pooler.dense.bias
04/23 05:34:53 PM n: classifier.weight
04/23 05:34:53 PM n: classifier.bias
04/23 05:34:53 PM n: fit_dense.weight
04/23 05:34:53 PM n: fit_dense.bias
04/23 05:34:53 PM Total parameters: 67547138
04/23 05:39:49 PM ***** Running evaluation *****
04/23 05:39:49 PM   Epoch = 0 iter 1999 step
04/23 05:39:49 PM   Num examples = 1043
04/23 05:39:49 PM   Batch size = 32
04/23 05:39:50 PM preds.shape (1043, 2)
04/23 05:39:50 PM ***** Eval results *****
04/23 05:39:50 PM   att_loss = 0.0
04/23 05:39:50 PM   cls_loss = 0.201768746811071
04/23 05:39:50 PM   eval_loss = 0.49468621837370325
04/23 05:39:50 PM   global_step = 1999
04/23 05:39:50 PM   loss = 0.201768746811071
04/23 05:39:50 PM   mcc = 0.4759624503611039
04/23 05:39:50 PM   rep_loss = 0.0
04/23 05:39:50 PM ***** Save model *****
04/23 05:44:46 PM ***** Running evaluation *****
04/23 05:44:46 PM   Epoch = 0 iter 3999 step
04/23 05:44:46 PM   Num examples = 1043
04/23 05:44:46 PM   Batch size = 32
04/23 05:44:47 PM preds.shape (1043, 2)
04/23 05:44:47 PM ***** Eval results *****
04/23 05:44:47 PM   att_loss = 0.0
04/23 05:44:47 PM   cls_loss = 0.19799725090929735
04/23 05:44:47 PM   eval_loss = 0.4899168292229826
04/23 05:44:47 PM   global_step = 3999
04/23 05:44:47 PM   loss = 0.19799725090929735
04/23 05:44:47 PM   mcc = 0.4967028622269216
04/23 05:44:47 PM   rep_loss = 0.0
04/23 05:44:47 PM ***** Save model *****
04/23 05:49:43 PM ***** Running evaluation *****
04/23 05:49:43 PM   Epoch = 0 iter 5999 step
04/23 05:49:43 PM   Num examples = 1043
04/23 05:49:43 PM   Batch size = 32
04/23 05:49:44 PM preds.shape (1043, 2)
04/23 05:49:44 PM ***** Eval results *****
04/23 05:49:44 PM   att_loss = 0.0
04/23 05:49:44 PM   cls_loss = 0.1964031295028999
04/23 05:49:44 PM   eval_loss = 0.49584610669901874
04/23 05:49:44 PM   global_step = 5999
04/23 05:49:44 PM   loss = 0.1964031295028999
04/23 05:49:44 PM   mcc = 0.47972131189227946
04/23 05:49:44 PM   rep_loss = 0.0
04/23 05:54:40 PM ***** Running evaluation *****
04/23 05:54:40 PM   Epoch = 1 iter 7999 step
04/23 05:54:40 PM   Num examples = 1043
04/23 05:54:40 PM   Batch size = 32
04/23 05:54:41 PM preds.shape (1043, 2)
04/23 05:54:41 PM ***** Eval results *****
04/23 05:54:41 PM   att_loss = 0.0
04/23 05:54:41 PM   cls_loss = 0.19565815392156138
04/23 05:54:41 PM   eval_loss = 0.49589405795841507
04/23 05:54:41 PM   global_step = 7999
04/23 05:54:41 PM   loss = 0.19565815392156138
04/23 05:54:41 PM   mcc = 0.4786775006267283
04/23 05:54:41 PM   rep_loss = 0.0
04/23 05:59:37 PM ***** Running evaluation *****
04/23 05:59:37 PM   Epoch = 1 iter 9999 step
04/23 05:59:37 PM   Num examples = 1043
04/23 05:59:37 PM   Batch size = 32
04/23 05:59:38 PM preds.shape (1043, 2)
04/23 05:59:38 PM ***** Eval results *****
04/23 05:59:38 PM   att_loss = 0.0
04/23 05:59:38 PM   cls_loss = 0.19585751813071944
04/23 05:59:38 PM   eval_loss = 0.48394163381872757
04/23 05:59:38 PM   global_step = 9999
04/23 05:59:38 PM   loss = 0.19585751813071944
04/23 05:59:38 PM   mcc = 0.47240284282916445
04/23 05:59:38 PM   rep_loss = 0.0
04/23 06:04:34 PM ***** Running evaluation *****
04/23 06:04:34 PM   Epoch = 1 iter 11999 step
04/23 06:04:34 PM   Num examples = 1043
04/23 06:04:34 PM   Batch size = 32
04/23 06:04:35 PM preds.shape (1043, 2)
04/23 06:04:35 PM ***** Eval results *****
04/23 06:04:35 PM   att_loss = 0.0
04/23 06:04:35 PM   cls_loss = 0.1955361727023786
04/23 06:04:35 PM   eval_loss = 0.4817132477958997
04/23 06:04:35 PM   global_step = 11999
04/23 06:04:35 PM   loss = 0.1955361727023786
04/23 06:04:35 PM   mcc = 0.4770042460993672
04/23 06:04:35 PM   rep_loss = 0.0
04/23 06:09:31 PM ***** Running evaluation *****
04/23 06:09:31 PM   Epoch = 2 iter 13999 step
04/23 06:09:31 PM   Num examples = 1043
04/23 06:09:31 PM   Batch size = 32
04/23 06:09:32 PM preds.shape (1043, 2)
04/23 06:09:32 PM ***** Eval results *****
04/23 06:09:32 PM   att_loss = 0.0
04/23 06:09:32 PM   cls_loss = 0.1928006822135535
04/23 06:09:32 PM   eval_loss = 0.48515206214153406
04/23 06:09:32 PM   global_step = 13999
04/23 06:09:32 PM   loss = 0.1928006822135535
04/23 06:09:32 PM   mcc = 0.4736947601213921
04/23 06:09:32 PM   rep_loss = 0.0
04/23 06:14:28 PM ***** Running evaluation *****
04/23 06:14:28 PM   Epoch = 2 iter 15999 step
04/23 06:14:28 PM   Num examples = 1043
04/23 06:14:28 PM   Batch size = 32
04/23 06:14:28 PM preds.shape (1043, 2)
04/23 06:14:28 PM ***** Eval results *****
04/23 06:14:28 PM   att_loss = 0.0
04/23 06:14:28 PM   cls_loss = 0.1926497815735706
04/23 06:14:28 PM   eval_loss = 0.4647146610148025
04/23 06:14:28 PM   global_step = 15999
04/23 06:14:28 PM   loss = 0.1926497815735706
04/23 06:14:28 PM   mcc = 0.49285731840923963
04/23 06:14:28 PM   rep_loss = 0.0
04/23 06:19:24 PM ***** Running evaluation *****
04/23 06:19:24 PM   Epoch = 2 iter 17999 step
04/23 06:19:24 PM   Num examples = 1043
04/23 06:19:24 PM   Batch size = 32
04/23 06:19:25 PM preds.shape (1043, 2)
04/23 06:19:25 PM ***** Eval results *****
04/23 06:19:25 PM   att_loss = 0.0
04/23 06:19:25 PM   cls_loss = 0.19246044660102157
04/23 06:19:25 PM   eval_loss = 0.46678873038653174
04/23 06:19:25 PM   global_step = 17999
04/23 06:19:25 PM   loss = 0.19246044660102157
04/23 06:19:25 PM   mcc = 0.48864095826977055
04/23 06:19:25 PM   rep_loss = 0.0
