04/23 11:49:47 PM The args: Namespace(aug_train=False, cache_dir='', data_dir='./_data/glue_data/WNLI', data_url='', do_eval=False, do_lower_case=True, eval_batch_size=32, eval_step=2000, gradient_accumulation_steps=1, learning_rate=3e-05, max_seq_length=128, no_cuda=False, num_train_epochs=3.0, output_dir='./models_train/TinyBERT_6L_768D_1120_stg2_WNLI', pred_distill=True, seed=42, student_model='./models_train/TinyBERT_6L_768D_1120_stg1_WNLI', task_name='WNLI', teacher_model='./_models/bert-base-uncased-WNLI', temperature=1.0, train_batch_size=32, warmup_proportion=0.1, weight_decay=0.0001)
04/23 11:49:47 PM device: cuda n_gpu: 1
04/23 11:49:47 PM ******** num_labels=2
04/23 11:49:47 PM Model config {
  "architectures": [
    "BertForSequenceClassification"
  ],
  "attention_probs_dropout_prob": 0.1,
  "finetuning_task": "glue:wnli",
  "hidden_act": "gelu",
  "hidden_dropout_prob": 0.1,
  "hidden_size": 768,
  "initializer_range": 0.02,
  "intermediate_size": 3072,
  "layer_norm_eps": 1e-12,
  "max_position_embeddings": 512,
  "model_type": "bert",
  "num_attention_heads": 12,
  "num_hidden_layers": 12,
  "pad_token_id": 0,
  "pre_trained": "",
  "training": "",
  "type_vocab_size": 2,
  "vocab_size": 30522
}

04/23 11:49:48 PM Loading model ./_models/bert-base-uncased-WNLI/pytorch_model.bin
04/23 11:49:48 PM loading model...
04/23 11:49:48 PM done!
04/23 11:49:48 PM Weights of TinyBertForSequenceClassification not initialized from pretrained model: ['fit_dense.weight', 'fit_dense.bias']
04/23 11:49:49 PM Model config {
  "attention_probs_dropout_prob": 0.1,
  "cell": {},
  "hidden_act": "gelu",
  "hidden_dropout_prob": 0.1,
  "hidden_size": 768,
  "initializer_range": 0.02,
  "intermediate_size": 3072,
  "max_position_embeddings": 512,
  "model_type": "bert",
  "num_attention_heads": 12,
  "num_hidden_layers": 6,
  "pre_trained": "",
  "structure": [],
  "training": "",
  "type_vocab_size": 2,
  "vocab_size": 30522
}

04/23 11:49:49 PM Loading model ./models_train/TinyBERT_6L_768D_1120_stg1_WNLI/pytorch_model.bin
04/23 11:49:49 PM loading model...
04/23 11:49:49 PM done!
04/23 11:49:49 PM ***** Running training *****
04/23 11:49:49 PM   Num examples = 635
04/23 11:49:49 PM   Batch size = 32
04/23 11:49:49 PM   Num steps = 57
04/23 11:49:49 PM n: bert.embeddings.word_embeddings.weight
04/23 11:49:49 PM n: bert.embeddings.position_embeddings.weight
04/23 11:49:49 PM n: bert.embeddings.token_type_embeddings.weight
04/23 11:49:49 PM n: bert.embeddings.LayerNorm.weight
04/23 11:49:49 PM n: bert.embeddings.LayerNorm.bias
04/23 11:49:49 PM n: bert.encoder.layer.0.attention.self.query.weight
04/23 11:49:49 PM n: bert.encoder.layer.0.attention.self.query.bias
04/23 11:49:49 PM n: bert.encoder.layer.0.attention.self.key.weight
04/23 11:49:49 PM n: bert.encoder.layer.0.attention.self.key.bias
04/23 11:49:49 PM n: bert.encoder.layer.0.attention.self.value.weight
04/23 11:49:49 PM n: bert.encoder.layer.0.attention.self.value.bias
04/23 11:49:49 PM n: bert.encoder.layer.0.attention.output.dense.weight
04/23 11:49:49 PM n: bert.encoder.layer.0.attention.output.dense.bias
04/23 11:49:49 PM n: bert.encoder.layer.0.attention.output.LayerNorm.weight
04/23 11:49:49 PM n: bert.encoder.layer.0.attention.output.LayerNorm.bias
04/23 11:49:49 PM n: bert.encoder.layer.0.intermediate.dense.weight
04/23 11:49:49 PM n: bert.encoder.layer.0.intermediate.dense.bias
04/23 11:49:49 PM n: bert.encoder.layer.0.output.dense.weight
04/23 11:49:49 PM n: bert.encoder.layer.0.output.dense.bias
04/23 11:49:49 PM n: bert.encoder.layer.0.output.LayerNorm.weight
04/23 11:49:49 PM n: bert.encoder.layer.0.output.LayerNorm.bias
04/23 11:49:49 PM n: bert.encoder.layer.1.attention.self.query.weight
04/23 11:49:49 PM n: bert.encoder.layer.1.attention.self.query.bias
04/23 11:49:49 PM n: bert.encoder.layer.1.attention.self.key.weight
04/23 11:49:49 PM n: bert.encoder.layer.1.attention.self.key.bias
04/23 11:49:49 PM n: bert.encoder.layer.1.attention.self.value.weight
04/23 11:49:49 PM n: bert.encoder.layer.1.attention.self.value.bias
04/23 11:49:49 PM n: bert.encoder.layer.1.attention.output.dense.weight
04/23 11:49:49 PM n: bert.encoder.layer.1.attention.output.dense.bias
04/23 11:49:49 PM n: bert.encoder.layer.1.attention.output.LayerNorm.weight
04/23 11:49:49 PM n: bert.encoder.layer.1.attention.output.LayerNorm.bias
04/23 11:49:49 PM n: bert.encoder.layer.1.intermediate.dense.weight
04/23 11:49:49 PM n: bert.encoder.layer.1.intermediate.dense.bias
04/23 11:49:49 PM n: bert.encoder.layer.1.output.dense.weight
04/23 11:49:49 PM n: bert.encoder.layer.1.output.dense.bias
04/23 11:49:49 PM n: bert.encoder.layer.1.output.LayerNorm.weight
04/23 11:49:49 PM n: bert.encoder.layer.1.output.LayerNorm.bias
04/23 11:49:49 PM n: bert.encoder.layer.2.attention.self.query.weight
04/23 11:49:49 PM n: bert.encoder.layer.2.attention.self.query.bias
04/23 11:49:49 PM n: bert.encoder.layer.2.attention.self.key.weight
04/23 11:49:49 PM n: bert.encoder.layer.2.attention.self.key.bias
04/23 11:49:49 PM n: bert.encoder.layer.2.attention.self.value.weight
04/23 11:49:49 PM n: bert.encoder.layer.2.attention.self.value.bias
04/23 11:49:49 PM n: bert.encoder.layer.2.attention.output.dense.weight
04/23 11:49:49 PM n: bert.encoder.layer.2.attention.output.dense.bias
04/23 11:49:49 PM n: bert.encoder.layer.2.attention.output.LayerNorm.weight
04/23 11:49:49 PM n: bert.encoder.layer.2.attention.output.LayerNorm.bias
04/23 11:49:49 PM n: bert.encoder.layer.2.intermediate.dense.weight
04/23 11:49:49 PM n: bert.encoder.layer.2.intermediate.dense.bias
04/23 11:49:49 PM n: bert.encoder.layer.2.output.dense.weight
04/23 11:49:49 PM n: bert.encoder.layer.2.output.dense.bias
04/23 11:49:49 PM n: bert.encoder.layer.2.output.LayerNorm.weight
04/23 11:49:49 PM n: bert.encoder.layer.2.output.LayerNorm.bias
04/23 11:49:49 PM n: bert.encoder.layer.3.attention.self.query.weight
04/23 11:49:49 PM n: bert.encoder.layer.3.attention.self.query.bias
04/23 11:49:49 PM n: bert.encoder.layer.3.attention.self.key.weight
04/23 11:49:49 PM n: bert.encoder.layer.3.attention.self.key.bias
04/23 11:49:49 PM n: bert.encoder.layer.3.attention.self.value.weight
04/23 11:49:49 PM n: bert.encoder.layer.3.attention.self.value.bias
04/23 11:49:49 PM n: bert.encoder.layer.3.attention.output.dense.weight
04/23 11:49:49 PM n: bert.encoder.layer.3.attention.output.dense.bias
04/23 11:49:49 PM n: bert.encoder.layer.3.attention.output.LayerNorm.weight
04/23 11:49:49 PM n: bert.encoder.layer.3.attention.output.LayerNorm.bias
04/23 11:49:49 PM n: bert.encoder.layer.3.intermediate.dense.weight
04/23 11:49:49 PM n: bert.encoder.layer.3.intermediate.dense.bias
04/23 11:49:49 PM n: bert.encoder.layer.3.output.dense.weight
04/23 11:49:49 PM n: bert.encoder.layer.3.output.dense.bias
04/23 11:49:49 PM n: bert.encoder.layer.3.output.LayerNorm.weight
04/23 11:49:49 PM n: bert.encoder.layer.3.output.LayerNorm.bias
04/23 11:49:49 PM n: bert.encoder.layer.4.attention.self.query.weight
04/23 11:49:49 PM n: bert.encoder.layer.4.attention.self.query.bias
04/23 11:49:49 PM n: bert.encoder.layer.4.attention.self.key.weight
04/23 11:49:49 PM n: bert.encoder.layer.4.attention.self.key.bias
04/23 11:49:49 PM n: bert.encoder.layer.4.attention.self.value.weight
04/23 11:49:49 PM n: bert.encoder.layer.4.attention.self.value.bias
04/23 11:49:49 PM n: bert.encoder.layer.4.attention.output.dense.weight
04/23 11:49:49 PM n: bert.encoder.layer.4.attention.output.dense.bias
04/23 11:49:49 PM n: bert.encoder.layer.4.attention.output.LayerNorm.weight
04/23 11:49:49 PM n: bert.encoder.layer.4.attention.output.LayerNorm.bias
04/23 11:49:49 PM n: bert.encoder.layer.4.intermediate.dense.weight
04/23 11:49:49 PM n: bert.encoder.layer.4.intermediate.dense.bias
04/23 11:49:49 PM n: bert.encoder.layer.4.output.dense.weight
04/23 11:49:49 PM n: bert.encoder.layer.4.output.dense.bias
04/23 11:49:49 PM n: bert.encoder.layer.4.output.LayerNorm.weight
04/23 11:49:49 PM n: bert.encoder.layer.4.output.LayerNorm.bias
04/23 11:49:49 PM n: bert.encoder.layer.5.attention.self.query.weight
04/23 11:49:49 PM n: bert.encoder.layer.5.attention.self.query.bias
04/23 11:49:49 PM n: bert.encoder.layer.5.attention.self.key.weight
04/23 11:49:49 PM n: bert.encoder.layer.5.attention.self.key.bias
04/23 11:49:49 PM n: bert.encoder.layer.5.attention.self.value.weight
04/23 11:49:49 PM n: bert.encoder.layer.5.attention.self.value.bias
04/23 11:49:49 PM n: bert.encoder.layer.5.attention.output.dense.weight
04/23 11:49:49 PM n: bert.encoder.layer.5.attention.output.dense.bias
04/23 11:49:49 PM n: bert.encoder.layer.5.attention.output.LayerNorm.weight
04/23 11:49:49 PM n: bert.encoder.layer.5.attention.output.LayerNorm.bias
04/23 11:49:49 PM n: bert.encoder.layer.5.intermediate.dense.weight
04/23 11:49:49 PM n: bert.encoder.layer.5.intermediate.dense.bias
04/23 11:49:49 PM n: bert.encoder.layer.5.output.dense.weight
04/23 11:49:49 PM n: bert.encoder.layer.5.output.dense.bias
04/23 11:49:49 PM n: bert.encoder.layer.5.output.LayerNorm.weight
04/23 11:49:49 PM n: bert.encoder.layer.5.output.LayerNorm.bias
04/23 11:49:49 PM n: bert.pooler.dense.weight
04/23 11:49:49 PM n: bert.pooler.dense.bias
04/23 11:49:49 PM n: classifier.weight
04/23 11:49:49 PM n: classifier.bias
04/23 11:49:49 PM n: fit_dense.weight
04/23 11:49:49 PM n: fit_dense.bias
04/23 11:49:49 PM Total parameters: 67547138
