05/01 02:22:20 AM The args: Namespace(aug_train=True, cache_dir='', data_dir='./_data/glue_data/RTE', data_url='', do_eval=False, do_lower_case=True, eval_batch_size=32, eval_step=2000, gradient_accumulation_steps=1, learning_rate=3e-05, max_seq_length=128, no_cuda=False, num_train_epochs=4.0, output_dir='./models_train/TinyBERT_6L_768D_1152_stg2_RTE', pred_distill=True, seed=42, student_model='./models_train/TinyBERT_6L_768D_1152_stg1_RTE', task_name='RTE', teacher_model='./_models/bert-base-uncased-rte', temperature=1.0, train_batch_size=30, warmup_proportion=0.1, weight_decay=0.0001)
05/01 02:22:20 AM device: cuda n_gpu: 1
05/01 02:22:20 AM ******** num_labels=2
05/01 02:23:06 AM Model config {
  "_name_or_path": "bert-base-uncased",
  "architectures": [
    "BertForSequenceClassification"
  ],
  "attention_probs_dropout_prob": 0.1,
  "finetuning_task": "rte",
  "gradient_checkpointing": false,
  "hidden_act": "gelu",
  "hidden_dropout_prob": 0.1,
  "hidden_size": 768,
  "initializer_range": 0.02,
  "intermediate_size": 3072,
  "layer_norm_eps": 1e-12,
  "max_position_embeddings": 512,
  "model_type": "bert",
  "num_attention_heads": 12,
  "num_hidden_layers": 12,
  "pad_token_id": 0,
  "position_embedding_type": "absolute",
  "pre_trained": "",
  "problem_type": "single_label_classification",
  "training": "",
  "transformers_version": "4.6.1",
  "type_vocab_size": 2,
  "use_cache": true,
  "vocab_size": 30522
}

05/01 02:23:06 AM Loading model ./_models/bert-base-uncased-rte/pytorch_model.bin
05/01 02:23:07 AM loading model...
05/01 02:23:07 AM done!
05/01 02:23:07 AM Weights of TinyBertForSequenceClassification not initialized from pretrained model: ['fit_dense.weight', 'fit_dense.bias']
05/01 02:23:07 AM Weights from pretrained model not used in TinyBertForSequenceClassification: ['bert.embeddings.position_ids']
05/01 02:23:07 AM Model config {
  "attention_probs_dropout_prob": 0.1,
  "cell": {},
  "hidden_act": "gelu",
  "hidden_dropout_prob": 0.1,
  "hidden_size": 768,
  "initializer_range": 0.02,
  "intermediate_size": 3072,
  "max_position_embeddings": 512,
  "model_type": "bert",
  "num_attention_heads": 12,
  "num_hidden_layers": 6,
  "pre_trained": "",
  "structure": [],
  "training": "",
  "type_vocab_size": 2,
  "vocab_size": 30522
}

05/01 02:23:08 AM Loading model ./models_train/TinyBERT_6L_768D_1152_stg1_RTE/pytorch_model.bin
05/01 02:23:08 AM loading model...
05/01 02:23:08 AM done!
05/01 02:23:08 AM ***** Running training *****
05/01 02:23:08 AM   Num examples = 144076
05/01 02:23:08 AM   Batch size = 30
05/01 02:23:08 AM   Num steps = 19208
05/01 02:23:08 AM n: bert.embeddings.word_embeddings.weight
05/01 02:23:08 AM n: bert.embeddings.position_embeddings.weight
05/01 02:23:08 AM n: bert.embeddings.token_type_embeddings.weight
05/01 02:23:08 AM n: bert.embeddings.LayerNorm.weight
05/01 02:23:08 AM n: bert.embeddings.LayerNorm.bias
05/01 02:23:08 AM n: bert.encoder.layer.0.attention.self.query.weight
05/01 02:23:08 AM n: bert.encoder.layer.0.attention.self.query.bias
05/01 02:23:08 AM n: bert.encoder.layer.0.attention.self.key.weight
05/01 02:23:08 AM n: bert.encoder.layer.0.attention.self.key.bias
05/01 02:23:08 AM n: bert.encoder.layer.0.attention.self.value.weight
05/01 02:23:08 AM n: bert.encoder.layer.0.attention.self.value.bias
05/01 02:23:08 AM n: bert.encoder.layer.0.attention.output.dense.weight
05/01 02:23:08 AM n: bert.encoder.layer.0.attention.output.dense.bias
05/01 02:23:08 AM n: bert.encoder.layer.0.attention.output.LayerNorm.weight
05/01 02:23:08 AM n: bert.encoder.layer.0.attention.output.LayerNorm.bias
05/01 02:23:08 AM n: bert.encoder.layer.0.intermediate.dense.weight
05/01 02:23:08 AM n: bert.encoder.layer.0.intermediate.dense.bias
05/01 02:23:08 AM n: bert.encoder.layer.0.output.dense.weight
05/01 02:23:08 AM n: bert.encoder.layer.0.output.dense.bias
05/01 02:23:08 AM n: bert.encoder.layer.0.output.LayerNorm.weight
05/01 02:23:08 AM n: bert.encoder.layer.0.output.LayerNorm.bias
05/01 02:23:08 AM n: bert.encoder.layer.1.attention.self.query.weight
05/01 02:23:08 AM n: bert.encoder.layer.1.attention.self.query.bias
05/01 02:23:08 AM n: bert.encoder.layer.1.attention.self.key.weight
05/01 02:23:08 AM n: bert.encoder.layer.1.attention.self.key.bias
05/01 02:23:08 AM n: bert.encoder.layer.1.attention.self.value.weight
05/01 02:23:08 AM n: bert.encoder.layer.1.attention.self.value.bias
05/01 02:23:08 AM n: bert.encoder.layer.1.attention.output.dense.weight
05/01 02:23:08 AM n: bert.encoder.layer.1.attention.output.dense.bias
05/01 02:23:08 AM n: bert.encoder.layer.1.attention.output.LayerNorm.weight
05/01 02:23:08 AM n: bert.encoder.layer.1.attention.output.LayerNorm.bias
05/01 02:23:08 AM n: bert.encoder.layer.1.intermediate.dense.weight
05/01 02:23:08 AM n: bert.encoder.layer.1.intermediate.dense.bias
05/01 02:23:08 AM n: bert.encoder.layer.1.output.dense.weight
05/01 02:23:08 AM n: bert.encoder.layer.1.output.dense.bias
05/01 02:23:08 AM n: bert.encoder.layer.1.output.LayerNorm.weight
05/01 02:23:08 AM n: bert.encoder.layer.1.output.LayerNorm.bias
05/01 02:23:08 AM n: bert.encoder.layer.2.attention.self.query.weight
05/01 02:23:08 AM n: bert.encoder.layer.2.attention.self.query.bias
05/01 02:23:08 AM n: bert.encoder.layer.2.attention.self.key.weight
05/01 02:23:08 AM n: bert.encoder.layer.2.attention.self.key.bias
05/01 02:23:08 AM n: bert.encoder.layer.2.attention.self.value.weight
05/01 02:23:08 AM n: bert.encoder.layer.2.attention.self.value.bias
05/01 02:23:08 AM n: bert.encoder.layer.2.attention.output.dense.weight
05/01 02:23:08 AM n: bert.encoder.layer.2.attention.output.dense.bias
05/01 02:23:08 AM n: bert.encoder.layer.2.attention.output.LayerNorm.weight
05/01 02:23:08 AM n: bert.encoder.layer.2.attention.output.LayerNorm.bias
05/01 02:23:08 AM n: bert.encoder.layer.2.intermediate.dense.weight
05/01 02:23:08 AM n: bert.encoder.layer.2.intermediate.dense.bias
05/01 02:23:08 AM n: bert.encoder.layer.2.output.dense.weight
05/01 02:23:08 AM n: bert.encoder.layer.2.output.dense.bias
05/01 02:23:08 AM n: bert.encoder.layer.2.output.LayerNorm.weight
05/01 02:23:08 AM n: bert.encoder.layer.2.output.LayerNorm.bias
05/01 02:23:08 AM n: bert.encoder.layer.3.attention.self.query.weight
05/01 02:23:08 AM n: bert.encoder.layer.3.attention.self.query.bias
05/01 02:23:08 AM n: bert.encoder.layer.3.attention.self.key.weight
05/01 02:23:08 AM n: bert.encoder.layer.3.attention.self.key.bias
05/01 02:23:08 AM n: bert.encoder.layer.3.attention.self.value.weight
05/01 02:23:08 AM n: bert.encoder.layer.3.attention.self.value.bias
05/01 02:23:08 AM n: bert.encoder.layer.3.attention.output.dense.weight
05/01 02:23:08 AM n: bert.encoder.layer.3.attention.output.dense.bias
05/01 02:23:08 AM n: bert.encoder.layer.3.attention.output.LayerNorm.weight
05/01 02:23:08 AM n: bert.encoder.layer.3.attention.output.LayerNorm.bias
05/01 02:23:08 AM n: bert.encoder.layer.3.intermediate.dense.weight
05/01 02:23:08 AM n: bert.encoder.layer.3.intermediate.dense.bias
05/01 02:23:08 AM n: bert.encoder.layer.3.output.dense.weight
05/01 02:23:08 AM n: bert.encoder.layer.3.output.dense.bias
05/01 02:23:08 AM n: bert.encoder.layer.3.output.LayerNorm.weight
05/01 02:23:08 AM n: bert.encoder.layer.3.output.LayerNorm.bias
05/01 02:23:08 AM n: bert.encoder.layer.4.attention.self.query.weight
05/01 02:23:08 AM n: bert.encoder.layer.4.attention.self.query.bias
05/01 02:23:08 AM n: bert.encoder.layer.4.attention.self.key.weight
05/01 02:23:08 AM n: bert.encoder.layer.4.attention.self.key.bias
05/01 02:23:08 AM n: bert.encoder.layer.4.attention.self.value.weight
05/01 02:23:08 AM n: bert.encoder.layer.4.attention.self.value.bias
05/01 02:23:08 AM n: bert.encoder.layer.4.attention.output.dense.weight
05/01 02:23:08 AM n: bert.encoder.layer.4.attention.output.dense.bias
05/01 02:23:08 AM n: bert.encoder.layer.4.attention.output.LayerNorm.weight
05/01 02:23:08 AM n: bert.encoder.layer.4.attention.output.LayerNorm.bias
05/01 02:23:08 AM n: bert.encoder.layer.4.intermediate.dense.weight
05/01 02:23:08 AM n: bert.encoder.layer.4.intermediate.dense.bias
05/01 02:23:08 AM n: bert.encoder.layer.4.output.dense.weight
05/01 02:23:08 AM n: bert.encoder.layer.4.output.dense.bias
05/01 02:23:08 AM n: bert.encoder.layer.4.output.LayerNorm.weight
05/01 02:23:08 AM n: bert.encoder.layer.4.output.LayerNorm.bias
05/01 02:23:08 AM n: bert.encoder.layer.5.attention.self.query.weight
05/01 02:23:08 AM n: bert.encoder.layer.5.attention.self.query.bias
05/01 02:23:08 AM n: bert.encoder.layer.5.attention.self.key.weight
05/01 02:23:08 AM n: bert.encoder.layer.5.attention.self.key.bias
05/01 02:23:08 AM n: bert.encoder.layer.5.attention.self.value.weight
05/01 02:23:08 AM n: bert.encoder.layer.5.attention.self.value.bias
05/01 02:23:08 AM n: bert.encoder.layer.5.attention.output.dense.weight
05/01 02:23:08 AM n: bert.encoder.layer.5.attention.output.dense.bias
05/01 02:23:08 AM n: bert.encoder.layer.5.attention.output.LayerNorm.weight
05/01 02:23:08 AM n: bert.encoder.layer.5.attention.output.LayerNorm.bias
05/01 02:23:08 AM n: bert.encoder.layer.5.intermediate.dense.weight
05/01 02:23:08 AM n: bert.encoder.layer.5.intermediate.dense.bias
05/01 02:23:08 AM n: bert.encoder.layer.5.output.dense.weight
05/01 02:23:08 AM n: bert.encoder.layer.5.output.dense.bias
05/01 02:23:08 AM n: bert.encoder.layer.5.output.LayerNorm.weight
05/01 02:23:08 AM n: bert.encoder.layer.5.output.LayerNorm.bias
05/01 02:23:08 AM n: bert.pooler.dense.weight
05/01 02:23:08 AM n: bert.pooler.dense.bias
05/01 02:23:08 AM n: classifier.weight
05/01 02:23:08 AM n: classifier.bias
05/01 02:23:08 AM n: fit_dense.weight
05/01 02:23:08 AM n: fit_dense.bias
05/01 02:23:08 AM Total parameters: 67547138
05/01 02:27:47 AM ***** Running evaluation *****
05/01 02:27:47 AM   Epoch = 0 iter 1999 step
05/01 02:27:47 AM   Num examples = 277
05/01 02:27:47 AM   Batch size = 32
05/01 02:27:48 AM preds.shape (277, 2)
05/01 02:27:48 AM ***** Eval results *****
05/01 02:27:48 AM   acc = 0.5884476534296029
05/01 02:27:48 AM   att_loss = 0.0
05/01 02:27:48 AM   cls_loss = 0.2541032653262819
05/01 02:27:48 AM   eval_loss = 0.6844354271888733
05/01 02:27:48 AM   global_step = 1999
05/01 02:27:48 AM   loss = 0.2541032653262819
05/01 02:27:48 AM   rep_loss = 0.0
05/01 02:27:48 AM ***** Save model *****
05/01 02:32:28 AM ***** Running evaluation *****
05/01 02:32:28 AM   Epoch = 0 iter 3999 step
05/01 02:32:28 AM   Num examples = 277
05/01 02:32:28 AM   Batch size = 32
05/01 02:32:28 AM preds.shape (277, 2)
05/01 02:32:28 AM ***** Eval results *****
05/01 02:32:28 AM   acc = 0.6534296028880866
05/01 02:32:28 AM   att_loss = 0.0
05/01 02:32:28 AM   cls_loss = 0.25211292981848055
05/01 02:32:28 AM   eval_loss = 0.6404695245954726
05/01 02:32:28 AM   global_step = 3999
05/01 02:32:28 AM   loss = 0.25211292981848055
05/01 02:32:28 AM   rep_loss = 0.0
05/01 02:32:28 AM ***** Save model *****
05/01 02:37:08 AM ***** Running evaluation *****
05/01 02:37:08 AM   Epoch = 1 iter 5999 step
05/01 02:37:08 AM   Num examples = 277
05/01 02:37:08 AM   Batch size = 32
05/01 02:37:08 AM preds.shape (277, 2)
05/01 02:37:08 AM ***** Eval results *****
05/01 02:37:08 AM   acc = 0.5992779783393501
05/01 02:37:08 AM   att_loss = 0.0
05/01 02:37:08 AM   cls_loss = 0.2496476717287038
05/01 02:37:08 AM   eval_loss = 0.6792478627628751
05/01 02:37:08 AM   global_step = 5999
05/01 02:37:08 AM   loss = 0.2496476717287038
05/01 02:37:08 AM   rep_loss = 0.0
05/01 02:41:48 AM ***** Running evaluation *****
05/01 02:41:48 AM   Epoch = 1 iter 7999 step
05/01 02:41:48 AM   Num examples = 277
05/01 02:41:48 AM   Batch size = 32
05/01 02:41:49 AM preds.shape (277, 2)
05/01 02:41:49 AM ***** Eval results *****
05/01 02:41:49 AM   acc = 0.6534296028880866
05/01 02:41:49 AM   att_loss = 0.0
05/01 02:41:49 AM   cls_loss = 0.2494708723366764
05/01 02:41:49 AM   eval_loss = 0.6599669522709317
05/01 02:41:49 AM   global_step = 7999
05/01 02:41:49 AM   loss = 0.2494708723366764
05/01 02:41:49 AM   rep_loss = 0.0
05/01 02:46:28 AM ***** Running evaluation *****
05/01 02:46:28 AM   Epoch = 2 iter 9999 step
05/01 02:46:28 AM   Num examples = 277
05/01 02:46:28 AM   Batch size = 32
05/01 02:46:29 AM preds.shape (277, 2)
05/01 02:46:29 AM ***** Eval results *****
05/01 02:46:29 AM   acc = 0.5848375451263538
05/01 02:46:29 AM   att_loss = 0.0
05/01 02:46:29 AM   cls_loss = 0.24825333764281454
05/01 02:46:29 AM   eval_loss = 0.6665165093210008
05/01 02:46:29 AM   global_step = 9999
05/01 02:46:29 AM   loss = 0.24825333764281454
05/01 02:46:29 AM   rep_loss = 0.0
05/01 02:51:09 AM ***** Running evaluation *****
05/01 02:51:09 AM   Epoch = 2 iter 11999 step
05/01 02:51:09 AM   Num examples = 277
05/01 02:51:09 AM   Batch size = 32
05/01 02:51:09 AM preds.shape (277, 2)
05/01 02:51:09 AM ***** Eval results *****
05/01 02:51:09 AM   acc = 0.6714801444043321
05/01 02:51:09 AM   att_loss = 0.0
05/01 02:51:09 AM   cls_loss = 0.248701033437924
05/01 02:51:09 AM   eval_loss = 0.6318218244446648
05/01 02:51:09 AM   global_step = 11999
05/01 02:51:09 AM   loss = 0.248701033437924
05/01 02:51:09 AM   rep_loss = 0.0
05/01 02:51:09 AM ***** Save model *****
05/01 02:55:49 AM ***** Running evaluation *****
05/01 02:55:49 AM   Epoch = 2 iter 13999 step
05/01 02:55:49 AM   Num examples = 277
05/01 02:55:49 AM   Batch size = 32
05/01 02:55:49 AM preds.shape (277, 2)
05/01 02:55:49 AM ***** Eval results *****
05/01 02:55:49 AM   acc = 0.6389891696750902
05/01 02:55:49 AM   att_loss = 0.0
05/01 02:55:49 AM   cls_loss = 0.24872823805803596
05/01 02:55:49 AM   eval_loss = 0.6471819678942362
05/01 02:55:49 AM   global_step = 13999
05/01 02:55:49 AM   loss = 0.24872823805803596
05/01 02:55:49 AM   rep_loss = 0.0
05/01 03:00:29 AM ***** Running evaluation *****
05/01 03:00:29 AM   Epoch = 3 iter 15999 step
05/01 03:00:29 AM   Num examples = 277
05/01 03:00:29 AM   Batch size = 32
05/01 03:00:29 AM preds.shape (277, 2)
05/01 03:00:29 AM ***** Eval results *****
05/01 03:00:29 AM   acc = 0.6570397111913358
05/01 03:00:29 AM   att_loss = 0.0
05/01 03:00:29 AM   cls_loss = 0.24859250573077743
05/01 03:00:29 AM   eval_loss = 0.6443068385124207
05/01 03:00:29 AM   global_step = 15999
05/01 03:00:29 AM   loss = 0.24859250573077743
05/01 03:00:29 AM   rep_loss = 0.0
05/01 03:05:09 AM ***** Running evaluation *****
05/01 03:05:09 AM   Epoch = 3 iter 17999 step
05/01 03:05:09 AM   Num examples = 277
05/01 03:05:09 AM   Batch size = 32
05/01 03:05:10 AM preds.shape (277, 2)
05/01 03:05:10 AM ***** Eval results *****
05/01 03:05:10 AM   acc = 0.6678700361010831
05/01 03:05:10 AM   att_loss = 0.0
05/01 03:05:10 AM   cls_loss = 0.24841764216764106
05/01 03:05:10 AM   eval_loss = 0.6433141960038079
05/01 03:05:10 AM   global_step = 17999
05/01 03:05:10 AM   loss = 0.24841764216764106
05/01 03:05:10 AM   rep_loss = 0.0
