04/25 02:04:29 AM The args: Namespace(aug_train=True, cache_dir='', data_dir='./_data/glue_data/RTE', data_url='', do_eval=False, do_lower_case=True, eval_batch_size=32, eval_step=2000, gradient_accumulation_steps=1, learning_rate=3e-05, max_seq_length=128, no_cuda=False, num_train_epochs=4.0, output_dir='./models_train/TinyBERT_6L_768D_1129_stg2_RTE', pred_distill=True, seed=42, student_model='./models_train/TinyBERT_6L_768D_1129_stg1_RTE', task_name='RTE', teacher_model='./_models/bert-base-uncased-rte', temperature=1.0, train_batch_size=32, warmup_proportion=0.1, weight_decay=0.0001)
04/25 02:04:29 AM device: cuda n_gpu: 1
04/25 02:04:29 AM ******** num_labels=2
04/25 02:05:14 AM Model config {
  "_name_or_path": "bert-base-uncased",
  "architectures": [
    "BertForSequenceClassification"
  ],
  "attention_probs_dropout_prob": 0.1,
  "finetuning_task": "rte",
  "gradient_checkpointing": false,
  "hidden_act": "gelu",
  "hidden_dropout_prob": 0.1,
  "hidden_size": 768,
  "initializer_range": 0.02,
  "intermediate_size": 3072,
  "layer_norm_eps": 1e-12,
  "max_position_embeddings": 512,
  "model_type": "bert",
  "num_attention_heads": 12,
  "num_hidden_layers": 12,
  "pad_token_id": 0,
  "position_embedding_type": "absolute",
  "pre_trained": "",
  "problem_type": "single_label_classification",
  "training": "",
  "transformers_version": "4.6.1",
  "type_vocab_size": 2,
  "use_cache": true,
  "vocab_size": 30522
}

04/25 02:05:15 AM Loading model ./_models/bert-base-uncased-rte/pytorch_model.bin
04/25 02:05:15 AM loading model...
04/25 02:05:15 AM done!
04/25 02:05:15 AM Weights of TinyBertForSequenceClassification not initialized from pretrained model: ['fit_dense.weight', 'fit_dense.bias']
04/25 02:05:15 AM Weights from pretrained model not used in TinyBertForSequenceClassification: ['bert.embeddings.position_ids']
04/25 02:05:15 AM Model config {
  "attention_probs_dropout_prob": 0.1,
  "cell": {},
  "hidden_act": "gelu",
  "hidden_dropout_prob": 0.1,
  "hidden_size": 768,
  "initializer_range": 0.02,
  "intermediate_size": 3072,
  "max_position_embeddings": 512,
  "model_type": "bert",
  "num_attention_heads": 12,
  "num_hidden_layers": 6,
  "pre_trained": "",
  "structure": [],
  "training": "",
  "type_vocab_size": 2,
  "vocab_size": 30522
}

04/25 02:05:16 AM Loading model ./models_train/TinyBERT_6L_768D_1129_stg1_RTE/pytorch_model.bin
04/25 02:05:16 AM loading model...
04/25 02:05:16 AM done!
04/25 02:05:16 AM ***** Running training *****
04/25 02:05:16 AM   Num examples = 144076
04/25 02:05:16 AM   Batch size = 32
04/25 02:05:16 AM   Num steps = 18008
04/25 02:05:16 AM n: bert.embeddings.word_embeddings.weight
04/25 02:05:16 AM n: bert.embeddings.position_embeddings.weight
04/25 02:05:16 AM n: bert.embeddings.token_type_embeddings.weight
04/25 02:05:16 AM n: bert.embeddings.LayerNorm.weight
04/25 02:05:16 AM n: bert.embeddings.LayerNorm.bias
04/25 02:05:16 AM n: bert.encoder.layer.0.attention.self.query.weight
04/25 02:05:16 AM n: bert.encoder.layer.0.attention.self.query.bias
04/25 02:05:16 AM n: bert.encoder.layer.0.attention.self.key.weight
04/25 02:05:16 AM n: bert.encoder.layer.0.attention.self.key.bias
04/25 02:05:16 AM n: bert.encoder.layer.0.attention.self.value.weight
04/25 02:05:16 AM n: bert.encoder.layer.0.attention.self.value.bias
04/25 02:05:16 AM n: bert.encoder.layer.0.attention.output.dense.weight
04/25 02:05:16 AM n: bert.encoder.layer.0.attention.output.dense.bias
04/25 02:05:16 AM n: bert.encoder.layer.0.attention.output.LayerNorm.weight
04/25 02:05:16 AM n: bert.encoder.layer.0.attention.output.LayerNorm.bias
04/25 02:05:16 AM n: bert.encoder.layer.0.intermediate.dense.weight
04/25 02:05:16 AM n: bert.encoder.layer.0.intermediate.dense.bias
04/25 02:05:16 AM n: bert.encoder.layer.0.output.dense.weight
04/25 02:05:16 AM n: bert.encoder.layer.0.output.dense.bias
04/25 02:05:16 AM n: bert.encoder.layer.0.output.LayerNorm.weight
04/25 02:05:16 AM n: bert.encoder.layer.0.output.LayerNorm.bias
04/25 02:05:16 AM n: bert.encoder.layer.1.attention.self.query.weight
04/25 02:05:16 AM n: bert.encoder.layer.1.attention.self.query.bias
04/25 02:05:16 AM n: bert.encoder.layer.1.attention.self.key.weight
04/25 02:05:16 AM n: bert.encoder.layer.1.attention.self.key.bias
04/25 02:05:16 AM n: bert.encoder.layer.1.attention.self.value.weight
04/25 02:05:16 AM n: bert.encoder.layer.1.attention.self.value.bias
04/25 02:05:16 AM n: bert.encoder.layer.1.attention.output.dense.weight
04/25 02:05:16 AM n: bert.encoder.layer.1.attention.output.dense.bias
04/25 02:05:16 AM n: bert.encoder.layer.1.attention.output.LayerNorm.weight
04/25 02:05:16 AM n: bert.encoder.layer.1.attention.output.LayerNorm.bias
04/25 02:05:16 AM n: bert.encoder.layer.1.intermediate.dense.weight
04/25 02:05:16 AM n: bert.encoder.layer.1.intermediate.dense.bias
04/25 02:05:16 AM n: bert.encoder.layer.1.output.dense.weight
04/25 02:05:16 AM n: bert.encoder.layer.1.output.dense.bias
04/25 02:05:16 AM n: bert.encoder.layer.1.output.LayerNorm.weight
04/25 02:05:16 AM n: bert.encoder.layer.1.output.LayerNorm.bias
04/25 02:05:16 AM n: bert.encoder.layer.2.attention.self.query.weight
04/25 02:05:16 AM n: bert.encoder.layer.2.attention.self.query.bias
04/25 02:05:16 AM n: bert.encoder.layer.2.attention.self.key.weight
04/25 02:05:16 AM n: bert.encoder.layer.2.attention.self.key.bias
04/25 02:05:16 AM n: bert.encoder.layer.2.attention.self.value.weight
04/25 02:05:16 AM n: bert.encoder.layer.2.attention.self.value.bias
04/25 02:05:16 AM n: bert.encoder.layer.2.attention.output.dense.weight
04/25 02:05:16 AM n: bert.encoder.layer.2.attention.output.dense.bias
04/25 02:05:16 AM n: bert.encoder.layer.2.attention.output.LayerNorm.weight
04/25 02:05:16 AM n: bert.encoder.layer.2.attention.output.LayerNorm.bias
04/25 02:05:16 AM n: bert.encoder.layer.2.intermediate.dense.weight
04/25 02:05:16 AM n: bert.encoder.layer.2.intermediate.dense.bias
04/25 02:05:16 AM n: bert.encoder.layer.2.output.dense.weight
04/25 02:05:16 AM n: bert.encoder.layer.2.output.dense.bias
04/25 02:05:16 AM n: bert.encoder.layer.2.output.LayerNorm.weight
04/25 02:05:16 AM n: bert.encoder.layer.2.output.LayerNorm.bias
04/25 02:05:16 AM n: bert.encoder.layer.3.attention.self.query.weight
04/25 02:05:16 AM n: bert.encoder.layer.3.attention.self.query.bias
04/25 02:05:16 AM n: bert.encoder.layer.3.attention.self.key.weight
04/25 02:05:16 AM n: bert.encoder.layer.3.attention.self.key.bias
04/25 02:05:16 AM n: bert.encoder.layer.3.attention.self.value.weight
04/25 02:05:16 AM n: bert.encoder.layer.3.attention.self.value.bias
04/25 02:05:16 AM n: bert.encoder.layer.3.attention.output.dense.weight
04/25 02:05:16 AM n: bert.encoder.layer.3.attention.output.dense.bias
04/25 02:05:16 AM n: bert.encoder.layer.3.attention.output.LayerNorm.weight
04/25 02:05:16 AM n: bert.encoder.layer.3.attention.output.LayerNorm.bias
04/25 02:05:16 AM n: bert.encoder.layer.3.intermediate.dense.weight
04/25 02:05:16 AM n: bert.encoder.layer.3.intermediate.dense.bias
04/25 02:05:16 AM n: bert.encoder.layer.3.output.dense.weight
04/25 02:05:16 AM n: bert.encoder.layer.3.output.dense.bias
04/25 02:05:16 AM n: bert.encoder.layer.3.output.LayerNorm.weight
04/25 02:05:16 AM n: bert.encoder.layer.3.output.LayerNorm.bias
04/25 02:05:16 AM n: bert.encoder.layer.4.attention.self.query.weight
04/25 02:05:16 AM n: bert.encoder.layer.4.attention.self.query.bias
04/25 02:05:16 AM n: bert.encoder.layer.4.attention.self.key.weight
04/25 02:05:16 AM n: bert.encoder.layer.4.attention.self.key.bias
04/25 02:05:16 AM n: bert.encoder.layer.4.attention.self.value.weight
04/25 02:05:16 AM n: bert.encoder.layer.4.attention.self.value.bias
04/25 02:05:16 AM n: bert.encoder.layer.4.attention.output.dense.weight
04/25 02:05:16 AM n: bert.encoder.layer.4.attention.output.dense.bias
04/25 02:05:16 AM n: bert.encoder.layer.4.attention.output.LayerNorm.weight
04/25 02:05:16 AM n: bert.encoder.layer.4.attention.output.LayerNorm.bias
04/25 02:05:16 AM n: bert.encoder.layer.4.intermediate.dense.weight
04/25 02:05:16 AM n: bert.encoder.layer.4.intermediate.dense.bias
04/25 02:05:16 AM n: bert.encoder.layer.4.output.dense.weight
04/25 02:05:16 AM n: bert.encoder.layer.4.output.dense.bias
04/25 02:05:16 AM n: bert.encoder.layer.4.output.LayerNorm.weight
04/25 02:05:16 AM n: bert.encoder.layer.4.output.LayerNorm.bias
04/25 02:05:16 AM n: bert.encoder.layer.5.attention.self.query.weight
04/25 02:05:16 AM n: bert.encoder.layer.5.attention.self.query.bias
04/25 02:05:16 AM n: bert.encoder.layer.5.attention.self.key.weight
04/25 02:05:16 AM n: bert.encoder.layer.5.attention.self.key.bias
04/25 02:05:16 AM n: bert.encoder.layer.5.attention.self.value.weight
04/25 02:05:16 AM n: bert.encoder.layer.5.attention.self.value.bias
04/25 02:05:16 AM n: bert.encoder.layer.5.attention.output.dense.weight
04/25 02:05:16 AM n: bert.encoder.layer.5.attention.output.dense.bias
04/25 02:05:16 AM n: bert.encoder.layer.5.attention.output.LayerNorm.weight
04/25 02:05:16 AM n: bert.encoder.layer.5.attention.output.LayerNorm.bias
04/25 02:05:16 AM n: bert.encoder.layer.5.intermediate.dense.weight
04/25 02:05:16 AM n: bert.encoder.layer.5.intermediate.dense.bias
04/25 02:05:16 AM n: bert.encoder.layer.5.output.dense.weight
04/25 02:05:16 AM n: bert.encoder.layer.5.output.dense.bias
04/25 02:05:16 AM n: bert.encoder.layer.5.output.LayerNorm.weight
04/25 02:05:16 AM n: bert.encoder.layer.5.output.LayerNorm.bias
04/25 02:05:16 AM n: bert.pooler.dense.weight
04/25 02:05:16 AM n: bert.pooler.dense.bias
04/25 02:05:16 AM n: classifier.weight
04/25 02:05:16 AM n: classifier.bias
04/25 02:05:16 AM n: fit_dense.weight
04/25 02:05:16 AM n: fit_dense.bias
04/25 02:05:16 AM Total parameters: 67547138
04/25 02:10:13 AM ***** Running evaluation *****
04/25 02:10:13 AM   Epoch = 0 iter 1999 step
04/25 02:10:13 AM   Num examples = 277
04/25 02:10:13 AM   Batch size = 32
04/25 02:10:14 AM preds.shape (277, 2)
04/25 02:10:14 AM ***** Eval results *****
04/25 02:10:14 AM   acc = 0.628158844765343
04/25 02:10:14 AM   att_loss = 0.0
04/25 02:10:14 AM   cls_loss = 0.2545446964458801
04/25 02:10:14 AM   eval_loss = 0.6502791908052232
04/25 02:10:14 AM   global_step = 1999
04/25 02:10:14 AM   loss = 0.2545446964458801
04/25 02:10:14 AM   rep_loss = 0.0
04/25 02:10:14 AM ***** Save model *****
04/25 02:15:11 AM ***** Running evaluation *****
04/25 02:15:11 AM   Epoch = 0 iter 3999 step
04/25 02:15:11 AM   Num examples = 277
04/25 02:15:11 AM   Batch size = 32
04/25 02:15:11 AM preds.shape (277, 2)
04/25 02:15:11 AM ***** Eval results *****
04/25 02:15:11 AM   acc = 0.628158844765343
04/25 02:15:11 AM   att_loss = 0.0
04/25 02:15:11 AM   cls_loss = 0.2525336744301496
04/25 02:15:11 AM   eval_loss = 0.6482261021931967
04/25 02:15:11 AM   global_step = 3999
04/25 02:15:11 AM   loss = 0.2525336744301496
04/25 02:15:11 AM   rep_loss = 0.0
04/25 02:20:08 AM ***** Running evaluation *****
04/25 02:20:08 AM   Epoch = 1 iter 5999 step
04/25 02:20:08 AM   Num examples = 277
04/25 02:20:08 AM   Batch size = 32
04/25 02:20:08 AM preds.shape (277, 2)
04/25 02:20:08 AM ***** Eval results *****
04/25 02:20:08 AM   acc = 0.6245487364620939
04/25 02:20:08 AM   att_loss = 0.0
04/25 02:20:08 AM   cls_loss = 0.25009749753123217
04/25 02:20:08 AM   eval_loss = 0.648708807097541
04/25 02:20:08 AM   global_step = 5999
04/25 02:20:08 AM   loss = 0.25009749753123217
04/25 02:20:08 AM   rep_loss = 0.0
04/25 02:25:05 AM ***** Running evaluation *****
04/25 02:25:05 AM   Epoch = 1 iter 7999 step
04/25 02:25:05 AM   Num examples = 277
04/25 02:25:05 AM   Batch size = 32
04/25 02:25:06 AM preds.shape (277, 2)
04/25 02:25:06 AM ***** Eval results *****
04/25 02:25:06 AM   acc = 0.6534296028880866
04/25 02:25:06 AM   att_loss = 0.0
04/25 02:25:06 AM   cls_loss = 0.24982761075011245
04/25 02:25:06 AM   eval_loss = 0.6491664581828647
04/25 02:25:06 AM   global_step = 7999
04/25 02:25:06 AM   loss = 0.24982761075011245
04/25 02:25:06 AM   rep_loss = 0.0
04/25 02:25:06 AM ***** Save model *****
04/25 02:30:03 AM ***** Running evaluation *****
04/25 02:30:03 AM   Epoch = 2 iter 9999 step
04/25 02:30:03 AM   Num examples = 277
04/25 02:30:03 AM   Batch size = 32
04/25 02:30:03 AM preds.shape (277, 2)
04/25 02:30:03 AM ***** Eval results *****
04/25 02:30:03 AM   acc = 0.6425992779783394
04/25 02:30:03 AM   att_loss = 0.0
04/25 02:30:03 AM   cls_loss = 0.24899613867752515
04/25 02:30:03 AM   eval_loss = 0.641232450803121
04/25 02:30:03 AM   global_step = 9999
04/25 02:30:03 AM   loss = 0.24899613867752515
04/25 02:30:03 AM   rep_loss = 0.0
04/25 02:35:00 AM ***** Running evaluation *****
04/25 02:35:00 AM   Epoch = 2 iter 11999 step
04/25 02:35:00 AM   Num examples = 277
04/25 02:35:00 AM   Batch size = 32
04/25 02:35:00 AM preds.shape (277, 2)
04/25 02:35:00 AM ***** Eval results *****
04/25 02:35:00 AM   acc = 0.6678700361010831
04/25 02:35:00 AM   att_loss = 0.0
04/25 02:35:00 AM   cls_loss = 0.24878225731033712
04/25 02:35:00 AM   eval_loss = 0.6267553038067288
04/25 02:35:00 AM   global_step = 11999
04/25 02:35:00 AM   loss = 0.24878225731033712
04/25 02:35:00 AM   rep_loss = 0.0
04/25 02:35:00 AM ***** Save model *****
04/25 02:39:57 AM ***** Running evaluation *****
04/25 02:39:57 AM   Epoch = 3 iter 13999 step
04/25 02:39:57 AM   Num examples = 277
04/25 02:39:57 AM   Batch size = 32
04/25 02:39:58 AM preds.shape (277, 2)
04/25 02:39:58 AM ***** Eval results *****
04/25 02:39:58 AM   acc = 0.6895306859205776
04/25 02:39:58 AM   att_loss = 0.0
04/25 02:39:58 AM   cls_loss = 0.2479186199197421
04/25 02:39:58 AM   eval_loss = 0.6193710101975335
04/25 02:39:58 AM   global_step = 13999
04/25 02:39:58 AM   loss = 0.2479186199197421
04/25 02:39:58 AM   rep_loss = 0.0
04/25 02:39:58 AM ***** Save model *****
04/25 02:44:55 AM ***** Running evaluation *****
04/25 02:44:55 AM   Epoch = 3 iter 15999 step
04/25 02:44:55 AM   Num examples = 277
04/25 02:44:55 AM   Batch size = 32
04/25 02:44:55 AM preds.shape (277, 2)
04/25 02:44:55 AM ***** Eval results *****
04/25 02:44:55 AM   acc = 0.6606498194945848
04/25 02:44:55 AM   att_loss = 0.0
04/25 02:44:55 AM   cls_loss = 0.24851908847671697
04/25 02:44:55 AM   eval_loss = 0.6390822066201104
04/25 02:44:55 AM   global_step = 15999
04/25 02:44:55 AM   loss = 0.24851908847671697
04/25 02:44:55 AM   rep_loss = 0.0
04/25 02:49:52 AM ***** Running evaluation *****
04/25 02:49:52 AM   Epoch = 3 iter 17999 step
04/25 02:49:52 AM   Num examples = 277
04/25 02:49:52 AM   Batch size = 32
04/25 02:49:52 AM preds.shape (277, 2)
04/25 02:49:52 AM ***** Eval results *****
04/25 02:49:52 AM   acc = 0.6859205776173285
04/25 02:49:52 AM   att_loss = 0.0
04/25 02:49:52 AM   cls_loss = 0.24852086037510146
04/25 02:49:52 AM   eval_loss = 0.6297552386919657
04/25 02:49:52 AM   global_step = 17999
04/25 02:49:52 AM   loss = 0.24852086037510146
04/25 02:49:52 AM   rep_loss = 0.0
