04/25 06:54:50 PM The args: Namespace(aug_train=True, cache_dir='', data_dir='./_data/glue_data/RTE', data_url='', do_eval=False, do_lower_case=True, eval_batch_size=32, eval_step=2000, gradient_accumulation_steps=1, learning_rate=3e-05, max_seq_length=128, no_cuda=False, num_train_epochs=4.0, output_dir='./models_train/TinyBERT_6L_768D_1138_stg2_RTE', pred_distill=True, seed=42, student_model='./models_train/TinyBERT_6L_768D_1138_stg1_RTE', task_name='RTE', teacher_model='./_models/bert-base-uncased-rte', temperature=1.0, train_batch_size=32, warmup_proportion=0.1, weight_decay=0.0001)
04/25 06:54:50 PM device: cuda n_gpu: 1
04/25 06:54:50 PM ******** num_labels=2
04/25 06:55:35 PM Model config {
  "_name_or_path": "bert-base-uncased",
  "architectures": [
    "BertForSequenceClassification"
  ],
  "attention_probs_dropout_prob": 0.1,
  "finetuning_task": "rte",
  "gradient_checkpointing": false,
  "hidden_act": "gelu",
  "hidden_dropout_prob": 0.1,
  "hidden_size": 768,
  "initializer_range": 0.02,
  "intermediate_size": 3072,
  "layer_norm_eps": 1e-12,
  "max_position_embeddings": 512,
  "model_type": "bert",
  "num_attention_heads": 12,
  "num_hidden_layers": 12,
  "pad_token_id": 0,
  "position_embedding_type": "absolute",
  "pre_trained": "",
  "problem_type": "single_label_classification",
  "training": "",
  "transformers_version": "4.6.1",
  "type_vocab_size": 2,
  "use_cache": true,
  "vocab_size": 30522
}

04/25 06:55:36 PM Loading model ./_models/bert-base-uncased-rte/pytorch_model.bin
04/25 06:55:36 PM loading model...
04/25 06:55:36 PM done!
04/25 06:55:36 PM Weights of TinyBertForSequenceClassification not initialized from pretrained model: ['fit_dense.weight', 'fit_dense.bias']
04/25 06:55:36 PM Weights from pretrained model not used in TinyBertForSequenceClassification: ['bert.embeddings.position_ids']
04/25 06:55:37 PM Model config {
  "attention_probs_dropout_prob": 0.1,
  "cell": {},
  "hidden_act": "gelu",
  "hidden_dropout_prob": 0.1,
  "hidden_size": 768,
  "initializer_range": 0.02,
  "intermediate_size": 3072,
  "max_position_embeddings": 512,
  "model_type": "bert",
  "num_attention_heads": 12,
  "num_hidden_layers": 6,
  "pre_trained": "",
  "structure": [],
  "training": "",
  "type_vocab_size": 2,
  "vocab_size": 30522
}

04/25 06:55:37 PM Loading model ./models_train/TinyBERT_6L_768D_1138_stg1_RTE/pytorch_model.bin
04/25 06:55:37 PM loading model...
04/25 06:55:37 PM done!
04/25 06:55:38 PM ***** Running training *****
04/25 06:55:38 PM   Num examples = 144076
04/25 06:55:38 PM   Batch size = 32
04/25 06:55:38 PM   Num steps = 18008
04/25 06:55:38 PM n: bert.embeddings.word_embeddings.weight
04/25 06:55:38 PM n: bert.embeddings.position_embeddings.weight
04/25 06:55:38 PM n: bert.embeddings.token_type_embeddings.weight
04/25 06:55:38 PM n: bert.embeddings.LayerNorm.weight
04/25 06:55:38 PM n: bert.embeddings.LayerNorm.bias
04/25 06:55:38 PM n: bert.encoder.layer.0.attention.self.query.weight
04/25 06:55:38 PM n: bert.encoder.layer.0.attention.self.query.bias
04/25 06:55:38 PM n: bert.encoder.layer.0.attention.self.key.weight
04/25 06:55:38 PM n: bert.encoder.layer.0.attention.self.key.bias
04/25 06:55:38 PM n: bert.encoder.layer.0.attention.self.value.weight
04/25 06:55:38 PM n: bert.encoder.layer.0.attention.self.value.bias
04/25 06:55:38 PM n: bert.encoder.layer.0.attention.output.dense.weight
04/25 06:55:38 PM n: bert.encoder.layer.0.attention.output.dense.bias
04/25 06:55:38 PM n: bert.encoder.layer.0.attention.output.LayerNorm.weight
04/25 06:55:38 PM n: bert.encoder.layer.0.attention.output.LayerNorm.bias
04/25 06:55:38 PM n: bert.encoder.layer.0.intermediate.dense.weight
04/25 06:55:38 PM n: bert.encoder.layer.0.intermediate.dense.bias
04/25 06:55:38 PM n: bert.encoder.layer.0.output.dense.weight
04/25 06:55:38 PM n: bert.encoder.layer.0.output.dense.bias
04/25 06:55:38 PM n: bert.encoder.layer.0.output.LayerNorm.weight
04/25 06:55:38 PM n: bert.encoder.layer.0.output.LayerNorm.bias
04/25 06:55:38 PM n: bert.encoder.layer.1.attention.self.query.weight
04/25 06:55:38 PM n: bert.encoder.layer.1.attention.self.query.bias
04/25 06:55:38 PM n: bert.encoder.layer.1.attention.self.key.weight
04/25 06:55:38 PM n: bert.encoder.layer.1.attention.self.key.bias
04/25 06:55:38 PM n: bert.encoder.layer.1.attention.self.value.weight
04/25 06:55:38 PM n: bert.encoder.layer.1.attention.self.value.bias
04/25 06:55:38 PM n: bert.encoder.layer.1.attention.output.dense.weight
04/25 06:55:38 PM n: bert.encoder.layer.1.attention.output.dense.bias
04/25 06:55:38 PM n: bert.encoder.layer.1.attention.output.LayerNorm.weight
04/25 06:55:38 PM n: bert.encoder.layer.1.attention.output.LayerNorm.bias
04/25 06:55:38 PM n: bert.encoder.layer.1.intermediate.dense.weight
04/25 06:55:38 PM n: bert.encoder.layer.1.intermediate.dense.bias
04/25 06:55:38 PM n: bert.encoder.layer.1.output.dense.weight
04/25 06:55:38 PM n: bert.encoder.layer.1.output.dense.bias
04/25 06:55:38 PM n: bert.encoder.layer.1.output.LayerNorm.weight
04/25 06:55:38 PM n: bert.encoder.layer.1.output.LayerNorm.bias
04/25 06:55:38 PM n: bert.encoder.layer.2.attention.self.query.weight
04/25 06:55:38 PM n: bert.encoder.layer.2.attention.self.query.bias
04/25 06:55:38 PM n: bert.encoder.layer.2.attention.self.key.weight
04/25 06:55:38 PM n: bert.encoder.layer.2.attention.self.key.bias
04/25 06:55:38 PM n: bert.encoder.layer.2.attention.self.value.weight
04/25 06:55:38 PM n: bert.encoder.layer.2.attention.self.value.bias
04/25 06:55:38 PM n: bert.encoder.layer.2.attention.output.dense.weight
04/25 06:55:38 PM n: bert.encoder.layer.2.attention.output.dense.bias
04/25 06:55:38 PM n: bert.encoder.layer.2.attention.output.LayerNorm.weight
04/25 06:55:38 PM n: bert.encoder.layer.2.attention.output.LayerNorm.bias
04/25 06:55:38 PM n: bert.encoder.layer.2.intermediate.dense.weight
04/25 06:55:38 PM n: bert.encoder.layer.2.intermediate.dense.bias
04/25 06:55:38 PM n: bert.encoder.layer.2.output.dense.weight
04/25 06:55:38 PM n: bert.encoder.layer.2.output.dense.bias
04/25 06:55:38 PM n: bert.encoder.layer.2.output.LayerNorm.weight
04/25 06:55:38 PM n: bert.encoder.layer.2.output.LayerNorm.bias
04/25 06:55:38 PM n: bert.encoder.layer.3.attention.self.query.weight
04/25 06:55:38 PM n: bert.encoder.layer.3.attention.self.query.bias
04/25 06:55:38 PM n: bert.encoder.layer.3.attention.self.key.weight
04/25 06:55:38 PM n: bert.encoder.layer.3.attention.self.key.bias
04/25 06:55:38 PM n: bert.encoder.layer.3.attention.self.value.weight
04/25 06:55:38 PM n: bert.encoder.layer.3.attention.self.value.bias
04/25 06:55:38 PM n: bert.encoder.layer.3.attention.output.dense.weight
04/25 06:55:38 PM n: bert.encoder.layer.3.attention.output.dense.bias
04/25 06:55:38 PM n: bert.encoder.layer.3.attention.output.LayerNorm.weight
04/25 06:55:38 PM n: bert.encoder.layer.3.attention.output.LayerNorm.bias
04/25 06:55:38 PM n: bert.encoder.layer.3.intermediate.dense.weight
04/25 06:55:38 PM n: bert.encoder.layer.3.intermediate.dense.bias
04/25 06:55:38 PM n: bert.encoder.layer.3.output.dense.weight
04/25 06:55:38 PM n: bert.encoder.layer.3.output.dense.bias
04/25 06:55:38 PM n: bert.encoder.layer.3.output.LayerNorm.weight
04/25 06:55:38 PM n: bert.encoder.layer.3.output.LayerNorm.bias
04/25 06:55:38 PM n: bert.encoder.layer.4.attention.self.query.weight
04/25 06:55:38 PM n: bert.encoder.layer.4.attention.self.query.bias
04/25 06:55:38 PM n: bert.encoder.layer.4.attention.self.key.weight
04/25 06:55:38 PM n: bert.encoder.layer.4.attention.self.key.bias
04/25 06:55:38 PM n: bert.encoder.layer.4.attention.self.value.weight
04/25 06:55:38 PM n: bert.encoder.layer.4.attention.self.value.bias
04/25 06:55:38 PM n: bert.encoder.layer.4.attention.output.dense.weight
04/25 06:55:38 PM n: bert.encoder.layer.4.attention.output.dense.bias
04/25 06:55:38 PM n: bert.encoder.layer.4.attention.output.LayerNorm.weight
04/25 06:55:38 PM n: bert.encoder.layer.4.attention.output.LayerNorm.bias
04/25 06:55:38 PM n: bert.encoder.layer.4.intermediate.dense.weight
04/25 06:55:38 PM n: bert.encoder.layer.4.intermediate.dense.bias
04/25 06:55:38 PM n: bert.encoder.layer.4.output.dense.weight
04/25 06:55:38 PM n: bert.encoder.layer.4.output.dense.bias
04/25 06:55:38 PM n: bert.encoder.layer.4.output.LayerNorm.weight
04/25 06:55:38 PM n: bert.encoder.layer.4.output.LayerNorm.bias
04/25 06:55:38 PM n: bert.encoder.layer.5.attention.self.query.weight
04/25 06:55:38 PM n: bert.encoder.layer.5.attention.self.query.bias
04/25 06:55:38 PM n: bert.encoder.layer.5.attention.self.key.weight
04/25 06:55:38 PM n: bert.encoder.layer.5.attention.self.key.bias
04/25 06:55:38 PM n: bert.encoder.layer.5.attention.self.value.weight
04/25 06:55:38 PM n: bert.encoder.layer.5.attention.self.value.bias
04/25 06:55:38 PM n: bert.encoder.layer.5.attention.output.dense.weight
04/25 06:55:38 PM n: bert.encoder.layer.5.attention.output.dense.bias
04/25 06:55:38 PM n: bert.encoder.layer.5.attention.output.LayerNorm.weight
04/25 06:55:38 PM n: bert.encoder.layer.5.attention.output.LayerNorm.bias
04/25 06:55:38 PM n: bert.encoder.layer.5.intermediate.dense.weight
04/25 06:55:38 PM n: bert.encoder.layer.5.intermediate.dense.bias
04/25 06:55:38 PM n: bert.encoder.layer.5.output.dense.weight
04/25 06:55:38 PM n: bert.encoder.layer.5.output.dense.bias
04/25 06:55:38 PM n: bert.encoder.layer.5.output.LayerNorm.weight
04/25 06:55:38 PM n: bert.encoder.layer.5.output.LayerNorm.bias
04/25 06:55:38 PM n: bert.pooler.dense.weight
04/25 06:55:38 PM n: bert.pooler.dense.bias
04/25 06:55:38 PM n: classifier.weight
04/25 06:55:38 PM n: classifier.bias
04/25 06:55:38 PM n: fit_dense.weight
04/25 06:55:38 PM n: fit_dense.bias
04/25 06:55:38 PM Total parameters: 67547138
04/25 07:00:34 PM ***** Running evaluation *****
04/25 07:00:34 PM   Epoch = 0 iter 1999 step
04/25 07:00:34 PM   Num examples = 277
04/25 07:00:34 PM   Batch size = 32
04/25 07:00:34 PM preds.shape (277, 2)
04/25 07:00:34 PM ***** Eval results *****
04/25 07:00:34 PM   acc = 0.4729241877256318
04/25 07:00:34 PM   att_loss = 0.0
04/25 07:00:34 PM   cls_loss = 0.27432703125798863
04/25 07:00:34 PM   eval_loss = 0.9393571813901266
04/25 07:00:34 PM   global_step = 1999
04/25 07:00:34 PM   loss = 0.27432703125798863
04/25 07:00:34 PM   rep_loss = 0.0
04/25 07:00:34 PM ***** Save model *****
04/25 07:05:31 PM ***** Running evaluation *****
04/25 07:05:31 PM   Epoch = 0 iter 3999 step
04/25 07:05:31 PM   Num examples = 277
04/25 07:05:31 PM   Batch size = 32
04/25 07:05:31 PM preds.shape (277, 2)
04/25 07:05:31 PM ***** Eval results *****
04/25 07:05:31 PM   acc = 0.4729241877256318
04/25 07:05:31 PM   att_loss = 0.0
04/25 07:05:31 PM   cls_loss = 0.2694365071874763
04/25 07:05:31 PM   eval_loss = 0.7968743708398607
04/25 07:05:31 PM   global_step = 3999
04/25 07:05:31 PM   loss = 0.2694365071874763
04/25 07:05:31 PM   rep_loss = 0.0
04/25 07:10:28 PM ***** Running evaluation *****
04/25 07:10:28 PM   Epoch = 1 iter 5999 step
04/25 07:10:28 PM   Num examples = 277
04/25 07:10:28 PM   Batch size = 32
04/25 07:10:29 PM preds.shape (277, 2)
04/25 07:10:29 PM ***** Eval results *****
04/25 07:10:29 PM   acc = 0.4729241877256318
04/25 07:10:29 PM   att_loss = 0.0
04/25 07:10:29 PM   cls_loss = 0.26365186819531716
04/25 07:10:29 PM   eval_loss = 0.8218987385431925
04/25 07:10:29 PM   global_step = 5999
04/25 07:10:29 PM   loss = 0.26365186819531716
04/25 07:10:29 PM   rep_loss = 0.0
04/25 07:15:25 PM ***** Running evaluation *****
04/25 07:15:25 PM   Epoch = 1 iter 7999 step
04/25 07:15:25 PM   Num examples = 277
04/25 07:15:25 PM   Batch size = 32
04/25 07:15:26 PM preds.shape (277, 2)
04/25 07:15:26 PM ***** Eval results *****
04/25 07:15:26 PM   acc = 0.4729241877256318
04/25 07:15:26 PM   att_loss = 0.0
04/25 07:15:26 PM   cls_loss = 0.2629674969953164
04/25 07:15:26 PM   eval_loss = 0.8508230447769165
04/25 07:15:26 PM   global_step = 7999
04/25 07:15:26 PM   loss = 0.2629674969953164
04/25 07:15:26 PM   rep_loss = 0.0
04/25 07:20:22 PM ***** Running evaluation *****
04/25 07:20:22 PM   Epoch = 2 iter 9999 step
04/25 07:20:22 PM   Num examples = 277
04/25 07:20:22 PM   Batch size = 32
04/25 07:20:23 PM preds.shape (277, 2)
04/25 07:20:23 PM ***** Eval results *****
04/25 07:20:23 PM   acc = 0.4729241877256318
04/25 07:20:23 PM   att_loss = 0.0
04/25 07:20:23 PM   cls_loss = 0.2610431911657803
04/25 07:20:23 PM   eval_loss = 0.8477395176887512
04/25 07:20:23 PM   global_step = 9999
04/25 07:20:23 PM   loss = 0.2610431911657803
04/25 07:20:23 PM   rep_loss = 0.0
04/25 07:25:19 PM ***** Running evaluation *****
04/25 07:25:19 PM   Epoch = 2 iter 11999 step
04/25 07:25:19 PM   Num examples = 277
04/25 07:25:19 PM   Batch size = 32
04/25 07:25:20 PM preds.shape (277, 2)
04/25 07:25:20 PM ***** Eval results *****
04/25 07:25:20 PM   acc = 0.4729241877256318
04/25 07:25:20 PM   att_loss = 0.0
04/25 07:25:20 PM   cls_loss = 0.26082202935457627
04/25 07:25:20 PM   eval_loss = 0.8277888960308499
04/25 07:25:20 PM   global_step = 11999
04/25 07:25:20 PM   loss = 0.26082202935457627
04/25 07:25:20 PM   rep_loss = 0.0
04/25 07:30:16 PM ***** Running evaluation *****
04/25 07:30:16 PM   Epoch = 3 iter 13999 step
04/25 07:30:16 PM   Num examples = 277
04/25 07:30:16 PM   Batch size = 32
04/25 07:30:16 PM preds.shape (277, 2)
04/25 07:30:16 PM ***** Eval results *****
04/25 07:30:16 PM   acc = 0.4729241877256318
04/25 07:30:16 PM   att_loss = 0.0
04/25 07:30:16 PM   cls_loss = 0.25980921388881445
04/25 07:30:16 PM   eval_loss = 0.8366895251803927
04/25 07:30:16 PM   global_step = 13999
04/25 07:30:16 PM   loss = 0.25980921388881445
04/25 07:30:16 PM   rep_loss = 0.0
04/25 07:35:13 PM ***** Running evaluation *****
04/25 07:35:13 PM   Epoch = 3 iter 15999 step
04/25 07:35:13 PM   Num examples = 277
04/25 07:35:13 PM   Batch size = 32
04/25 07:35:13 PM preds.shape (277, 2)
04/25 07:35:13 PM ***** Eval results *****
04/25 07:35:13 PM   acc = 0.4729241877256318
04/25 07:35:13 PM   att_loss = 0.0
04/25 07:35:13 PM   cls_loss = 0.26024457151828595
04/25 07:35:13 PM   eval_loss = 0.8425629734992981
04/25 07:35:13 PM   global_step = 15999
04/25 07:35:13 PM   loss = 0.26024457151828595
04/25 07:35:13 PM   rep_loss = 0.0
04/25 07:40:10 PM ***** Running evaluation *****
04/25 07:40:10 PM   Epoch = 3 iter 17999 step
04/25 07:40:10 PM   Num examples = 277
04/25 07:40:10 PM   Batch size = 32
04/25 07:40:10 PM preds.shape (277, 2)
04/25 07:40:10 PM ***** Eval results *****
04/25 07:40:10 PM   acc = 0.4729241877256318
04/25 07:40:10 PM   att_loss = 0.0
04/25 07:40:10 PM   cls_loss = 0.26016153456863356
04/25 07:40:10 PM   eval_loss = 0.8484630121125115
04/25 07:40:10 PM   global_step = 17999
04/25 07:40:10 PM   loss = 0.26016153456863356
04/25 07:40:10 PM   rep_loss = 0.0
