04/24 06:27:36 PM The args: Namespace(aug_train=True, cache_dir='', data_dir='./_data/glue_data/CoLA', data_url='', do_eval=False, do_lower_case=True, eval_batch_size=32, eval_step=2000, gradient_accumulation_steps=1, learning_rate=1e-05, max_seq_length=128, no_cuda=False, num_train_epochs=4.0, output_dir='./models_train/TinyBERT_6L_768D_1124_stg2_CoLA', pred_distill=True, seed=42, student_model='./models_train/TinyBERT_6L_768D_1124_stg1_CoLA', task_name='CoLA', teacher_model='./_models/bert-base-uncased-cola', temperature=1.0, train_batch_size=32, warmup_proportion=0.1, weight_decay=0.0001)
04/24 06:27:36 PM device: cuda n_gpu: 1
04/24 06:27:36 PM ******** num_labels=2
04/24 06:27:48 PM Model config {
  "_name_or_path": "/mnt/lustre/weixiuying/transformer/pretrain_models/bert-base-uncased",
  "architectures": [
    "BertForSequenceClassification"
  ],
  "attention_probs_dropout_prob": 0.1,
  "classifier_dropout": null,
  "finetuning_task": "cola",
  "gradient_checkpointing": false,
  "hidden_act": "gelu",
  "hidden_dropout_prob": 0.1,
  "hidden_size": 768,
  "id2label": {
    "0": "unacceptable",
    "1": "acceptable"
  },
  "initializer_range": 0.02,
  "intermediate_size": 3072,
  "label2id": {
    "acceptable": 1,
    "unacceptable": 0
  },
  "layer_norm_eps": 1e-12,
  "max_position_embeddings": 512,
  "model_type": "bert",
  "num_attention_heads": 12,
  "num_hidden_layers": 12,
  "pad_token_id": 0,
  "position_embedding_type": "absolute",
  "pre_trained": "",
  "problem_type": "single_label_classification",
  "torch_dtype": "float32",
  "training": "",
  "transformers_version": "4.13.0.dev0",
  "type_vocab_size": 2,
  "use_cache": true,
  "vocab_size": 30522
}

04/24 06:27:49 PM Loading model ./_models/bert-base-uncased-cola/pytorch_model.bin
04/24 06:27:49 PM loading model...
04/24 06:27:49 PM done!
04/24 06:27:49 PM Weights of TinyBertForSequenceClassification not initialized from pretrained model: ['fit_dense.weight', 'fit_dense.bias']
04/24 06:27:49 PM Weights from pretrained model not used in TinyBertForSequenceClassification: ['bert.embeddings.position_ids']
04/24 06:27:49 PM Model config {
  "attention_probs_dropout_prob": 0.1,
  "cell": {},
  "hidden_act": "gelu",
  "hidden_dropout_prob": 0.1,
  "hidden_size": 768,
  "initializer_range": 0.02,
  "intermediate_size": 3072,
  "max_position_embeddings": 512,
  "model_type": "bert",
  "num_attention_heads": 12,
  "num_hidden_layers": 6,
  "pre_trained": "",
  "structure": [],
  "training": "",
  "type_vocab_size": 2,
  "vocab_size": 30522
}

04/24 06:27:50 PM Loading model ./models_train/TinyBERT_6L_768D_1124_stg1_CoLA/pytorch_model.bin
04/24 06:27:50 PM loading model...
04/24 06:27:50 PM done!
04/24 06:27:50 PM ***** Running training *****
04/24 06:27:50 PM   Num examples = 210325
04/24 06:27:50 PM   Batch size = 32
04/24 06:27:50 PM   Num steps = 26288
04/24 06:27:50 PM n: bert.embeddings.word_embeddings.weight
04/24 06:27:50 PM n: bert.embeddings.position_embeddings.weight
04/24 06:27:50 PM n: bert.embeddings.token_type_embeddings.weight
04/24 06:27:50 PM n: bert.embeddings.LayerNorm.weight
04/24 06:27:50 PM n: bert.embeddings.LayerNorm.bias
04/24 06:27:50 PM n: bert.encoder.layer.0.attention.self.query.weight
04/24 06:27:50 PM n: bert.encoder.layer.0.attention.self.query.bias
04/24 06:27:50 PM n: bert.encoder.layer.0.attention.self.key.weight
04/24 06:27:50 PM n: bert.encoder.layer.0.attention.self.key.bias
04/24 06:27:50 PM n: bert.encoder.layer.0.attention.self.value.weight
04/24 06:27:50 PM n: bert.encoder.layer.0.attention.self.value.bias
04/24 06:27:50 PM n: bert.encoder.layer.0.attention.output.dense.weight
04/24 06:27:50 PM n: bert.encoder.layer.0.attention.output.dense.bias
04/24 06:27:50 PM n: bert.encoder.layer.0.attention.output.LayerNorm.weight
04/24 06:27:50 PM n: bert.encoder.layer.0.attention.output.LayerNorm.bias
04/24 06:27:50 PM n: bert.encoder.layer.0.intermediate.dense.weight
04/24 06:27:50 PM n: bert.encoder.layer.0.intermediate.dense.bias
04/24 06:27:50 PM n: bert.encoder.layer.0.output.dense.weight
04/24 06:27:50 PM n: bert.encoder.layer.0.output.dense.bias
04/24 06:27:50 PM n: bert.encoder.layer.0.output.LayerNorm.weight
04/24 06:27:50 PM n: bert.encoder.layer.0.output.LayerNorm.bias
04/24 06:27:50 PM n: bert.encoder.layer.1.attention.self.query.weight
04/24 06:27:50 PM n: bert.encoder.layer.1.attention.self.query.bias
04/24 06:27:50 PM n: bert.encoder.layer.1.attention.self.key.weight
04/24 06:27:50 PM n: bert.encoder.layer.1.attention.self.key.bias
04/24 06:27:50 PM n: bert.encoder.layer.1.attention.self.value.weight
04/24 06:27:50 PM n: bert.encoder.layer.1.attention.self.value.bias
04/24 06:27:50 PM n: bert.encoder.layer.1.attention.output.dense.weight
04/24 06:27:50 PM n: bert.encoder.layer.1.attention.output.dense.bias
04/24 06:27:50 PM n: bert.encoder.layer.1.attention.output.LayerNorm.weight
04/24 06:27:50 PM n: bert.encoder.layer.1.attention.output.LayerNorm.bias
04/24 06:27:50 PM n: bert.encoder.layer.1.intermediate.dense.weight
04/24 06:27:50 PM n: bert.encoder.layer.1.intermediate.dense.bias
04/24 06:27:50 PM n: bert.encoder.layer.1.output.dense.weight
04/24 06:27:50 PM n: bert.encoder.layer.1.output.dense.bias
04/24 06:27:50 PM n: bert.encoder.layer.1.output.LayerNorm.weight
04/24 06:27:50 PM n: bert.encoder.layer.1.output.LayerNorm.bias
04/24 06:27:50 PM n: bert.encoder.layer.2.attention.self.query.weight
04/24 06:27:50 PM n: bert.encoder.layer.2.attention.self.query.bias
04/24 06:27:50 PM n: bert.encoder.layer.2.attention.self.key.weight
04/24 06:27:50 PM n: bert.encoder.layer.2.attention.self.key.bias
04/24 06:27:50 PM n: bert.encoder.layer.2.attention.self.value.weight
04/24 06:27:50 PM n: bert.encoder.layer.2.attention.self.value.bias
04/24 06:27:50 PM n: bert.encoder.layer.2.attention.output.dense.weight
04/24 06:27:50 PM n: bert.encoder.layer.2.attention.output.dense.bias
04/24 06:27:50 PM n: bert.encoder.layer.2.attention.output.LayerNorm.weight
04/24 06:27:50 PM n: bert.encoder.layer.2.attention.output.LayerNorm.bias
04/24 06:27:50 PM n: bert.encoder.layer.2.intermediate.dense.weight
04/24 06:27:50 PM n: bert.encoder.layer.2.intermediate.dense.bias
04/24 06:27:50 PM n: bert.encoder.layer.2.output.dense.weight
04/24 06:27:50 PM n: bert.encoder.layer.2.output.dense.bias
04/24 06:27:50 PM n: bert.encoder.layer.2.output.LayerNorm.weight
04/24 06:27:50 PM n: bert.encoder.layer.2.output.LayerNorm.bias
04/24 06:27:50 PM n: bert.encoder.layer.3.attention.self.query.weight
04/24 06:27:50 PM n: bert.encoder.layer.3.attention.self.query.bias
04/24 06:27:50 PM n: bert.encoder.layer.3.attention.self.key.weight
04/24 06:27:50 PM n: bert.encoder.layer.3.attention.self.key.bias
04/24 06:27:50 PM n: bert.encoder.layer.3.attention.self.value.weight
04/24 06:27:50 PM n: bert.encoder.layer.3.attention.self.value.bias
04/24 06:27:50 PM n: bert.encoder.layer.3.attention.output.dense.weight
04/24 06:27:50 PM n: bert.encoder.layer.3.attention.output.dense.bias
04/24 06:27:50 PM n: bert.encoder.layer.3.attention.output.LayerNorm.weight
04/24 06:27:50 PM n: bert.encoder.layer.3.attention.output.LayerNorm.bias
04/24 06:27:50 PM n: bert.encoder.layer.3.intermediate.dense.weight
04/24 06:27:50 PM n: bert.encoder.layer.3.intermediate.dense.bias
04/24 06:27:50 PM n: bert.encoder.layer.3.output.dense.weight
04/24 06:27:50 PM n: bert.encoder.layer.3.output.dense.bias
04/24 06:27:50 PM n: bert.encoder.layer.3.output.LayerNorm.weight
04/24 06:27:50 PM n: bert.encoder.layer.3.output.LayerNorm.bias
04/24 06:27:50 PM n: bert.encoder.layer.4.attention.self.query.weight
04/24 06:27:50 PM n: bert.encoder.layer.4.attention.self.query.bias
04/24 06:27:50 PM n: bert.encoder.layer.4.attention.self.key.weight
04/24 06:27:50 PM n: bert.encoder.layer.4.attention.self.key.bias
04/24 06:27:50 PM n: bert.encoder.layer.4.attention.self.value.weight
04/24 06:27:50 PM n: bert.encoder.layer.4.attention.self.value.bias
04/24 06:27:50 PM n: bert.encoder.layer.4.attention.output.dense.weight
04/24 06:27:50 PM n: bert.encoder.layer.4.attention.output.dense.bias
04/24 06:27:50 PM n: bert.encoder.layer.4.attention.output.LayerNorm.weight
04/24 06:27:50 PM n: bert.encoder.layer.4.attention.output.LayerNorm.bias
04/24 06:27:50 PM n: bert.encoder.layer.4.intermediate.dense.weight
04/24 06:27:50 PM n: bert.encoder.layer.4.intermediate.dense.bias
04/24 06:27:50 PM n: bert.encoder.layer.4.output.dense.weight
04/24 06:27:50 PM n: bert.encoder.layer.4.output.dense.bias
04/24 06:27:50 PM n: bert.encoder.layer.4.output.LayerNorm.weight
04/24 06:27:50 PM n: bert.encoder.layer.4.output.LayerNorm.bias
04/24 06:27:50 PM n: bert.encoder.layer.5.attention.self.query.weight
04/24 06:27:50 PM n: bert.encoder.layer.5.attention.self.query.bias
04/24 06:27:50 PM n: bert.encoder.layer.5.attention.self.key.weight
04/24 06:27:50 PM n: bert.encoder.layer.5.attention.self.key.bias
04/24 06:27:50 PM n: bert.encoder.layer.5.attention.self.value.weight
04/24 06:27:50 PM n: bert.encoder.layer.5.attention.self.value.bias
04/24 06:27:50 PM n: bert.encoder.layer.5.attention.output.dense.weight
04/24 06:27:50 PM n: bert.encoder.layer.5.attention.output.dense.bias
04/24 06:27:50 PM n: bert.encoder.layer.5.attention.output.LayerNorm.weight
04/24 06:27:50 PM n: bert.encoder.layer.5.attention.output.LayerNorm.bias
04/24 06:27:50 PM n: bert.encoder.layer.5.intermediate.dense.weight
04/24 06:27:50 PM n: bert.encoder.layer.5.intermediate.dense.bias
04/24 06:27:50 PM n: bert.encoder.layer.5.output.dense.weight
04/24 06:27:50 PM n: bert.encoder.layer.5.output.dense.bias
04/24 06:27:50 PM n: bert.encoder.layer.5.output.LayerNorm.weight
04/24 06:27:50 PM n: bert.encoder.layer.5.output.LayerNorm.bias
04/24 06:27:50 PM n: bert.pooler.dense.weight
04/24 06:27:50 PM n: bert.pooler.dense.bias
04/24 06:27:50 PM n: classifier.weight
04/24 06:27:50 PM n: classifier.bias
04/24 06:27:50 PM n: fit_dense.weight
04/24 06:27:50 PM n: fit_dense.bias
04/24 06:27:50 PM Total parameters: 67547138
04/24 06:32:47 PM ***** Running evaluation *****
04/24 06:32:47 PM   Epoch = 0 iter 1999 step
04/24 06:32:47 PM   Num examples = 1043
04/24 06:32:47 PM   Batch size = 32
04/24 06:32:47 PM preds.shape (1043, 2)
04/24 06:32:47 PM ***** Eval results *****
04/24 06:32:47 PM   att_loss = 0.0
04/24 06:32:47 PM   cls_loss = 0.21146284819036917
04/24 06:32:47 PM   eval_loss = 0.48711212769602286
04/24 06:32:47 PM   global_step = 1999
04/24 06:32:47 PM   loss = 0.21146284819036917
04/24 06:32:47 PM   mcc = 0.47042279469851556
04/24 06:32:47 PM   rep_loss = 0.0
04/24 06:32:47 PM ***** Save model *****
04/24 06:37:44 PM ***** Running evaluation *****
04/24 06:37:44 PM   Epoch = 0 iter 3999 step
04/24 06:37:44 PM   Num examples = 1043
04/24 06:37:44 PM   Batch size = 32
04/24 06:37:45 PM preds.shape (1043, 2)
04/24 06:37:45 PM ***** Eval results *****
04/24 06:37:45 PM   att_loss = 0.0
04/24 06:37:45 PM   cls_loss = 0.2019825678194842
04/24 06:37:45 PM   eval_loss = 0.48042730829029373
04/24 06:37:45 PM   global_step = 3999
04/24 06:37:45 PM   loss = 0.2019825678194842
04/24 06:37:45 PM   mcc = 0.5091322058315513
04/24 06:37:45 PM   rep_loss = 0.0
04/24 06:37:45 PM ***** Save model *****
04/24 06:42:41 PM ***** Running evaluation *****
04/24 06:42:41 PM   Epoch = 0 iter 5999 step
04/24 06:42:41 PM   Num examples = 1043
04/24 06:42:41 PM   Batch size = 32
04/24 06:42:42 PM preds.shape (1043, 2)
04/24 06:42:42 PM ***** Eval results *****
04/24 06:42:42 PM   att_loss = 0.0
04/24 06:42:42 PM   cls_loss = 0.1984229797715047
04/24 06:42:42 PM   eval_loss = 0.4945808764208447
04/24 06:42:42 PM   global_step = 5999
04/24 06:42:42 PM   loss = 0.1984229797715047
04/24 06:42:42 PM   mcc = 0.5144566045467207
04/24 06:42:42 PM   rep_loss = 0.0
04/24 06:42:42 PM ***** Save model *****
04/24 06:47:39 PM ***** Running evaluation *****
04/24 06:47:39 PM   Epoch = 1 iter 7999 step
04/24 06:47:39 PM   Num examples = 1043
04/24 06:47:39 PM   Batch size = 32
04/24 06:47:39 PM preds.shape (1043, 2)
04/24 06:47:39 PM ***** Eval results *****
04/24 06:47:39 PM   att_loss = 0.0
04/24 06:47:39 PM   cls_loss = 0.1947855199853607
04/24 06:47:39 PM   eval_loss = 0.4808433559356314
04/24 06:47:39 PM   global_step = 7999
04/24 06:47:39 PM   loss = 0.1947855199853607
04/24 06:47:39 PM   mcc = 0.4905416436889997
04/24 06:47:39 PM   rep_loss = 0.0
04/24 06:52:36 PM ***** Running evaluation *****
04/24 06:52:36 PM   Epoch = 1 iter 9999 step
04/24 06:52:36 PM   Num examples = 1043
04/24 06:52:36 PM   Batch size = 32
04/24 06:52:37 PM preds.shape (1043, 2)
04/24 06:52:37 PM ***** Eval results *****
04/24 06:52:37 PM   att_loss = 0.0
04/24 06:52:37 PM   cls_loss = 0.19463475254210225
04/24 06:52:37 PM   eval_loss = 0.4693578052701372
04/24 06:52:37 PM   global_step = 9999
04/24 06:52:37 PM   loss = 0.19463475254210225
04/24 06:52:37 PM   mcc = 0.5066357361365217
04/24 06:52:37 PM   rep_loss = 0.0
04/24 06:57:33 PM ***** Running evaluation *****
04/24 06:57:33 PM   Epoch = 1 iter 11999 step
04/24 06:57:33 PM   Num examples = 1043
04/24 06:57:33 PM   Batch size = 32
04/24 06:57:34 PM preds.shape (1043, 2)
04/24 06:57:34 PM ***** Eval results *****
04/24 06:57:34 PM   att_loss = 0.0
04/24 06:57:34 PM   cls_loss = 0.1946152914991602
04/24 06:57:34 PM   eval_loss = 0.47169416217189847
04/24 06:57:34 PM   global_step = 11999
04/24 06:57:34 PM   loss = 0.1946152914991602
04/24 06:57:34 PM   mcc = 0.5047489222406755
04/24 06:57:34 PM   rep_loss = 0.0
04/24 07:02:30 PM ***** Running evaluation *****
04/24 07:02:30 PM   Epoch = 2 iter 13999 step
04/24 07:02:30 PM   Num examples = 1043
04/24 07:02:30 PM   Batch size = 32
04/24 07:02:31 PM preds.shape (1043, 2)
04/24 07:02:31 PM ***** Eval results *****
04/24 07:02:31 PM   att_loss = 0.0
04/24 07:02:31 PM   cls_loss = 0.19419233253476215
04/24 07:02:31 PM   eval_loss = 0.45985008324637555
04/24 07:02:31 PM   global_step = 13999
04/24 07:02:31 PM   loss = 0.19419233253476215
04/24 07:02:31 PM   mcc = 0.5180561502900504
04/24 07:02:31 PM   rep_loss = 0.0
04/24 07:02:31 PM ***** Save model *****
04/24 07:07:28 PM ***** Running evaluation *****
04/24 07:07:28 PM   Epoch = 2 iter 15999 step
04/24 07:07:28 PM   Num examples = 1043
04/24 07:07:28 PM   Batch size = 32
04/24 07:07:29 PM preds.shape (1043, 2)
04/24 07:07:29 PM ***** Eval results *****
04/24 07:07:29 PM   att_loss = 0.0
04/24 07:07:29 PM   cls_loss = 0.1932356645941943
04/24 07:07:29 PM   eval_loss = 0.4633248536424203
04/24 07:07:29 PM   global_step = 15999
04/24 07:07:29 PM   loss = 0.1932356645941943
04/24 07:07:29 PM   mcc = 0.5188671521382517
04/24 07:07:29 PM   rep_loss = 0.0
04/24 07:07:29 PM ***** Save model *****
04/24 07:12:25 PM ***** Running evaluation *****
04/24 07:12:25 PM   Epoch = 2 iter 17999 step
04/24 07:12:25 PM   Num examples = 1043
04/24 07:12:25 PM   Batch size = 32
04/24 07:12:26 PM preds.shape (1043, 2)
04/24 07:12:26 PM ***** Eval results *****
04/24 07:12:26 PM   att_loss = 0.0
04/24 07:12:26 PM   cls_loss = 0.19318116026423127
04/24 07:12:26 PM   eval_loss = 0.4562569319298773
04/24 07:12:26 PM   global_step = 17999
04/24 07:12:26 PM   loss = 0.19318116026423127
04/24 07:12:26 PM   mcc = 0.5169115347587583
04/24 07:12:26 PM   rep_loss = 0.0
04/24 07:17:22 PM ***** Running evaluation *****
04/24 07:17:22 PM   Epoch = 3 iter 19999 step
04/24 07:17:22 PM   Num examples = 1043
04/24 07:17:22 PM   Batch size = 32
04/24 07:17:23 PM preds.shape (1043, 2)
04/24 07:17:23 PM ***** Eval results *****
04/24 07:17:23 PM   att_loss = 0.0
04/24 07:17:23 PM   cls_loss = 0.19251911542230277
04/24 07:17:23 PM   eval_loss = 0.4595402504007022
04/24 07:17:23 PM   global_step = 19999
04/24 07:17:23 PM   loss = 0.19251911542230277
04/24 07:17:23 PM   mcc = 0.4986084626480731
04/24 07:17:23 PM   rep_loss = 0.0
04/24 07:22:20 PM ***** Running evaluation *****
04/24 07:22:20 PM   Epoch = 3 iter 21999 step
04/24 07:22:20 PM   Num examples = 1043
04/24 07:22:20 PM   Batch size = 32
04/24 07:22:20 PM preds.shape (1043, 2)
04/24 07:22:20 PM ***** Eval results *****
04/24 07:22:20 PM   att_loss = 0.0
04/24 07:22:20 PM   cls_loss = 0.19263930067230722
04/24 07:22:20 PM   eval_loss = 0.4581590202270132
04/24 07:22:20 PM   global_step = 21999
04/24 07:22:20 PM   loss = 0.19263930067230722
04/24 07:22:20 PM   mcc = 0.5282404248888111
04/24 07:22:20 PM   rep_loss = 0.0
04/24 07:22:20 PM ***** Save model *****
04/24 07:27:17 PM ***** Running evaluation *****
04/24 07:27:17 PM   Epoch = 3 iter 23999 step
04/24 07:27:17 PM   Num examples = 1043
04/24 07:27:17 PM   Batch size = 32
04/24 07:27:18 PM preds.shape (1043, 2)
04/24 07:27:18 PM ***** Eval results *****
04/24 07:27:18 PM   att_loss = 0.0
04/24 07:27:18 PM   cls_loss = 0.19258447718584118
04/24 07:27:18 PM   eval_loss = 0.46141730790788477
04/24 07:27:18 PM   global_step = 23999
04/24 07:27:18 PM   loss = 0.19258447718584118
04/24 07:27:18 PM   mcc = 0.5115958993985192
04/24 07:27:18 PM   rep_loss = 0.0
04/24 07:32:14 PM ***** Running evaluation *****
04/24 07:32:14 PM   Epoch = 3 iter 25999 step
04/24 07:32:14 PM   Num examples = 1043
04/24 07:32:14 PM   Batch size = 32
04/24 07:32:15 PM preds.shape (1043, 2)
04/24 07:32:15 PM ***** Eval results *****
04/24 07:32:15 PM   att_loss = 0.0
04/24 07:32:15 PM   cls_loss = 0.19251332598166654
04/24 07:32:15 PM   eval_loss = 0.4624074151118596
04/24 07:32:15 PM   global_step = 25999
04/24 07:32:15 PM   loss = 0.19251332598166654
04/24 07:32:15 PM   mcc = 0.5199312393606881
04/24 07:32:15 PM   rep_loss = 0.0
