04/25 08:17:58 PM The args: Namespace(aug_train=True, cache_dir='', data_dir='./_data/glue_data/RTE', data_url='', do_eval=False, do_lower_case=True, eval_batch_size=32, eval_step=2000, gradient_accumulation_steps=1, learning_rate=3e-05, max_seq_length=128, no_cuda=False, num_train_epochs=2.0, output_dir='./models_train/TinyBERT_6L_768D_1139_stg2_RTE', pred_distill=True, seed=42, student_model='./models_train/TinyBERT_6L_768D_1139_stg1_RTE', task_name='RTE', teacher_model='./_models/bert-base-uncased-rte', temperature=1.0, train_batch_size=32, warmup_proportion=0.1, weight_decay=0.0001)
04/25 08:17:58 PM device: cuda n_gpu: 1
04/25 08:17:58 PM ******** num_labels=2
04/25 08:18:43 PM Model config {
  "_name_or_path": "bert-base-uncased",
  "architectures": [
    "BertForSequenceClassification"
  ],
  "attention_probs_dropout_prob": 0.1,
  "finetuning_task": "rte",
  "gradient_checkpointing": false,
  "hidden_act": "gelu",
  "hidden_dropout_prob": 0.1,
  "hidden_size": 768,
  "initializer_range": 0.02,
  "intermediate_size": 3072,
  "layer_norm_eps": 1e-12,
  "max_position_embeddings": 512,
  "model_type": "bert",
  "num_attention_heads": 12,
  "num_hidden_layers": 12,
  "pad_token_id": 0,
  "position_embedding_type": "absolute",
  "pre_trained": "",
  "problem_type": "single_label_classification",
  "training": "",
  "transformers_version": "4.6.1",
  "type_vocab_size": 2,
  "use_cache": true,
  "vocab_size": 30522
}

04/25 08:18:44 PM Loading model ./_models/bert-base-uncased-rte/pytorch_model.bin
04/25 08:18:44 PM loading model...
04/25 08:18:44 PM done!
04/25 08:18:44 PM Weights of TinyBertForSequenceClassification not initialized from pretrained model: ['fit_dense.weight', 'fit_dense.bias']
04/25 08:18:44 PM Weights from pretrained model not used in TinyBertForSequenceClassification: ['bert.embeddings.position_ids']
04/25 08:18:45 PM Model config {
  "attention_probs_dropout_prob": 0.1,
  "cell": {},
  "hidden_act": "gelu",
  "hidden_dropout_prob": 0.1,
  "hidden_size": 768,
  "initializer_range": 0.02,
  "intermediate_size": 3072,
  "max_position_embeddings": 512,
  "model_type": "bert",
  "num_attention_heads": 12,
  "num_hidden_layers": 6,
  "pre_trained": "",
  "structure": [],
  "training": "",
  "type_vocab_size": 2,
  "vocab_size": 30522
}

04/25 08:18:45 PM Loading model ./models_train/TinyBERT_6L_768D_1139_stg1_RTE/pytorch_model.bin
04/25 08:18:45 PM loading model...
04/25 08:18:45 PM done!
04/25 08:18:45 PM ***** Running training *****
04/25 08:18:45 PM   Num examples = 144076
04/25 08:18:45 PM   Batch size = 32
04/25 08:18:45 PM   Num steps = 9004
04/25 08:18:45 PM n: bert.embeddings.word_embeddings.weight
04/25 08:18:45 PM n: bert.embeddings.position_embeddings.weight
04/25 08:18:45 PM n: bert.embeddings.token_type_embeddings.weight
04/25 08:18:45 PM n: bert.embeddings.LayerNorm.weight
04/25 08:18:45 PM n: bert.embeddings.LayerNorm.bias
04/25 08:18:45 PM n: bert.encoder.layer.0.attention.self.query.weight
04/25 08:18:45 PM n: bert.encoder.layer.0.attention.self.query.bias
04/25 08:18:45 PM n: bert.encoder.layer.0.attention.self.key.weight
04/25 08:18:45 PM n: bert.encoder.layer.0.attention.self.key.bias
04/25 08:18:45 PM n: bert.encoder.layer.0.attention.self.value.weight
04/25 08:18:45 PM n: bert.encoder.layer.0.attention.self.value.bias
04/25 08:18:45 PM n: bert.encoder.layer.0.attention.output.dense.weight
04/25 08:18:45 PM n: bert.encoder.layer.0.attention.output.dense.bias
04/25 08:18:45 PM n: bert.encoder.layer.0.attention.output.LayerNorm.weight
04/25 08:18:45 PM n: bert.encoder.layer.0.attention.output.LayerNorm.bias
04/25 08:18:45 PM n: bert.encoder.layer.0.intermediate.dense.weight
04/25 08:18:45 PM n: bert.encoder.layer.0.intermediate.dense.bias
04/25 08:18:45 PM n: bert.encoder.layer.0.output.dense.weight
04/25 08:18:45 PM n: bert.encoder.layer.0.output.dense.bias
04/25 08:18:45 PM n: bert.encoder.layer.0.output.LayerNorm.weight
04/25 08:18:45 PM n: bert.encoder.layer.0.output.LayerNorm.bias
04/25 08:18:45 PM n: bert.encoder.layer.1.attention.self.query.weight
04/25 08:18:45 PM n: bert.encoder.layer.1.attention.self.query.bias
04/25 08:18:45 PM n: bert.encoder.layer.1.attention.self.key.weight
04/25 08:18:45 PM n: bert.encoder.layer.1.attention.self.key.bias
04/25 08:18:45 PM n: bert.encoder.layer.1.attention.self.value.weight
04/25 08:18:45 PM n: bert.encoder.layer.1.attention.self.value.bias
04/25 08:18:45 PM n: bert.encoder.layer.1.attention.output.dense.weight
04/25 08:18:45 PM n: bert.encoder.layer.1.attention.output.dense.bias
04/25 08:18:45 PM n: bert.encoder.layer.1.attention.output.LayerNorm.weight
04/25 08:18:45 PM n: bert.encoder.layer.1.attention.output.LayerNorm.bias
04/25 08:18:45 PM n: bert.encoder.layer.1.intermediate.dense.weight
04/25 08:18:45 PM n: bert.encoder.layer.1.intermediate.dense.bias
04/25 08:18:45 PM n: bert.encoder.layer.1.output.dense.weight
04/25 08:18:45 PM n: bert.encoder.layer.1.output.dense.bias
04/25 08:18:45 PM n: bert.encoder.layer.1.output.LayerNorm.weight
04/25 08:18:45 PM n: bert.encoder.layer.1.output.LayerNorm.bias
04/25 08:18:45 PM n: bert.encoder.layer.2.attention.self.query.weight
04/25 08:18:45 PM n: bert.encoder.layer.2.attention.self.query.bias
04/25 08:18:45 PM n: bert.encoder.layer.2.attention.self.key.weight
04/25 08:18:45 PM n: bert.encoder.layer.2.attention.self.key.bias
04/25 08:18:45 PM n: bert.encoder.layer.2.attention.self.value.weight
04/25 08:18:45 PM n: bert.encoder.layer.2.attention.self.value.bias
04/25 08:18:45 PM n: bert.encoder.layer.2.attention.output.dense.weight
04/25 08:18:45 PM n: bert.encoder.layer.2.attention.output.dense.bias
04/25 08:18:45 PM n: bert.encoder.layer.2.attention.output.LayerNorm.weight
04/25 08:18:45 PM n: bert.encoder.layer.2.attention.output.LayerNorm.bias
04/25 08:18:45 PM n: bert.encoder.layer.2.intermediate.dense.weight
04/25 08:18:45 PM n: bert.encoder.layer.2.intermediate.dense.bias
04/25 08:18:45 PM n: bert.encoder.layer.2.output.dense.weight
04/25 08:18:45 PM n: bert.encoder.layer.2.output.dense.bias
04/25 08:18:45 PM n: bert.encoder.layer.2.output.LayerNorm.weight
04/25 08:18:45 PM n: bert.encoder.layer.2.output.LayerNorm.bias
04/25 08:18:45 PM n: bert.encoder.layer.3.attention.self.query.weight
04/25 08:18:45 PM n: bert.encoder.layer.3.attention.self.query.bias
04/25 08:18:45 PM n: bert.encoder.layer.3.attention.self.key.weight
04/25 08:18:45 PM n: bert.encoder.layer.3.attention.self.key.bias
04/25 08:18:45 PM n: bert.encoder.layer.3.attention.self.value.weight
04/25 08:18:45 PM n: bert.encoder.layer.3.attention.self.value.bias
04/25 08:18:45 PM n: bert.encoder.layer.3.attention.output.dense.weight
04/25 08:18:45 PM n: bert.encoder.layer.3.attention.output.dense.bias
04/25 08:18:45 PM n: bert.encoder.layer.3.attention.output.LayerNorm.weight
04/25 08:18:45 PM n: bert.encoder.layer.3.attention.output.LayerNorm.bias
04/25 08:18:45 PM n: bert.encoder.layer.3.intermediate.dense.weight
04/25 08:18:45 PM n: bert.encoder.layer.3.intermediate.dense.bias
04/25 08:18:45 PM n: bert.encoder.layer.3.output.dense.weight
04/25 08:18:45 PM n: bert.encoder.layer.3.output.dense.bias
04/25 08:18:45 PM n: bert.encoder.layer.3.output.LayerNorm.weight
04/25 08:18:45 PM n: bert.encoder.layer.3.output.LayerNorm.bias
04/25 08:18:45 PM n: bert.encoder.layer.4.attention.self.query.weight
04/25 08:18:45 PM n: bert.encoder.layer.4.attention.self.query.bias
04/25 08:18:45 PM n: bert.encoder.layer.4.attention.self.key.weight
04/25 08:18:45 PM n: bert.encoder.layer.4.attention.self.key.bias
04/25 08:18:45 PM n: bert.encoder.layer.4.attention.self.value.weight
04/25 08:18:45 PM n: bert.encoder.layer.4.attention.self.value.bias
04/25 08:18:45 PM n: bert.encoder.layer.4.attention.output.dense.weight
04/25 08:18:45 PM n: bert.encoder.layer.4.attention.output.dense.bias
04/25 08:18:45 PM n: bert.encoder.layer.4.attention.output.LayerNorm.weight
04/25 08:18:45 PM n: bert.encoder.layer.4.attention.output.LayerNorm.bias
04/25 08:18:45 PM n: bert.encoder.layer.4.intermediate.dense.weight
04/25 08:18:45 PM n: bert.encoder.layer.4.intermediate.dense.bias
04/25 08:18:45 PM n: bert.encoder.layer.4.output.dense.weight
04/25 08:18:45 PM n: bert.encoder.layer.4.output.dense.bias
04/25 08:18:45 PM n: bert.encoder.layer.4.output.LayerNorm.weight
04/25 08:18:45 PM n: bert.encoder.layer.4.output.LayerNorm.bias
04/25 08:18:45 PM n: bert.encoder.layer.5.attention.self.query.weight
04/25 08:18:45 PM n: bert.encoder.layer.5.attention.self.query.bias
04/25 08:18:45 PM n: bert.encoder.layer.5.attention.self.key.weight
04/25 08:18:45 PM n: bert.encoder.layer.5.attention.self.key.bias
04/25 08:18:45 PM n: bert.encoder.layer.5.attention.self.value.weight
04/25 08:18:45 PM n: bert.encoder.layer.5.attention.self.value.bias
04/25 08:18:45 PM n: bert.encoder.layer.5.attention.output.dense.weight
04/25 08:18:45 PM n: bert.encoder.layer.5.attention.output.dense.bias
04/25 08:18:45 PM n: bert.encoder.layer.5.attention.output.LayerNorm.weight
04/25 08:18:45 PM n: bert.encoder.layer.5.attention.output.LayerNorm.bias
04/25 08:18:45 PM n: bert.encoder.layer.5.intermediate.dense.weight
04/25 08:18:45 PM n: bert.encoder.layer.5.intermediate.dense.bias
04/25 08:18:45 PM n: bert.encoder.layer.5.output.dense.weight
04/25 08:18:45 PM n: bert.encoder.layer.5.output.dense.bias
04/25 08:18:45 PM n: bert.encoder.layer.5.output.LayerNorm.weight
04/25 08:18:45 PM n: bert.encoder.layer.5.output.LayerNorm.bias
04/25 08:18:45 PM n: bert.pooler.dense.weight
04/25 08:18:45 PM n: bert.pooler.dense.bias
04/25 08:18:45 PM n: classifier.weight
04/25 08:18:45 PM n: classifier.bias
04/25 08:18:45 PM n: fit_dense.weight
04/25 08:18:45 PM n: fit_dense.bias
04/25 08:18:45 PM Total parameters: 67547138
04/25 08:23:42 PM ***** Running evaluation *****
04/25 08:23:42 PM   Epoch = 0 iter 1999 step
04/25 08:23:42 PM   Num examples = 277
04/25 08:23:42 PM   Batch size = 32
04/25 08:23:42 PM preds.shape (277, 2)
04/25 08:23:42 PM ***** Eval results *****
04/25 08:23:42 PM   acc = 0.6209386281588448
04/25 08:23:42 PM   att_loss = 0.0
04/25 08:23:42 PM   cls_loss = 0.2529612975292888
04/25 08:23:42 PM   eval_loss = 0.6560405426555209
04/25 08:23:42 PM   global_step = 1999
04/25 08:23:42 PM   loss = 0.2529612975292888
04/25 08:23:42 PM   rep_loss = 0.0
04/25 08:23:42 PM ***** Save model *****
04/25 08:28:39 PM ***** Running evaluation *****
04/25 08:28:39 PM   Epoch = 0 iter 3999 step
04/25 08:28:39 PM   Num examples = 277
04/25 08:28:39 PM   Batch size = 32
04/25 08:28:40 PM preds.shape (277, 2)
04/25 08:28:40 PM ***** Eval results *****
04/25 08:28:40 PM   acc = 0.6353790613718412
04/25 08:28:40 PM   att_loss = 0.0
04/25 08:28:40 PM   cls_loss = 0.2513362025247272
04/25 08:28:40 PM   eval_loss = 0.6525754862361484
04/25 08:28:40 PM   global_step = 3999
04/25 08:28:40 PM   loss = 0.2513362025247272
04/25 08:28:40 PM   rep_loss = 0.0
04/25 08:28:40 PM ***** Save model *****
04/25 08:33:37 PM ***** Running evaluation *****
04/25 08:33:37 PM   Epoch = 1 iter 5999 step
04/25 08:33:37 PM   Num examples = 277
04/25 08:33:37 PM   Batch size = 32
04/25 08:33:37 PM preds.shape (277, 2)
04/25 08:33:37 PM ***** Eval results *****
04/25 08:33:37 PM   acc = 0.628158844765343
04/25 08:33:37 PM   att_loss = 0.0
04/25 08:33:37 PM   cls_loss = 0.24943951892112204
04/25 08:33:37 PM   eval_loss = 0.6527873939938016
04/25 08:33:37 PM   global_step = 5999
04/25 08:33:37 PM   loss = 0.24943951892112204
04/25 08:33:37 PM   rep_loss = 0.0
04/25 08:38:34 PM ***** Running evaluation *****
04/25 08:38:34 PM   Epoch = 1 iter 7999 step
04/25 08:38:34 PM   Num examples = 277
04/25 08:38:34 PM   Batch size = 32
04/25 08:38:34 PM preds.shape (277, 2)
04/25 08:38:34 PM ***** Eval results *****
04/25 08:38:34 PM   acc = 0.6534296028880866
04/25 08:38:34 PM   att_loss = 0.0
04/25 08:38:34 PM   cls_loss = 0.24913795272350175
04/25 08:38:34 PM   eval_loss = 0.640293988916609
04/25 08:38:34 PM   global_step = 7999
04/25 08:38:34 PM   loss = 0.24913795272350175
04/25 08:38:34 PM   rep_loss = 0.0
04/25 08:38:34 PM ***** Save model *****
