04/24 09:19:40 PM The args: Namespace(aug_train=True, cache_dir='', data_dir='./_data/glue_data/RTE', data_url='', do_eval=False, do_lower_case=True, eval_batch_size=32, eval_step=2000, gradient_accumulation_steps=1, learning_rate=1e-05, max_seq_length=128, no_cuda=False, num_train_epochs=4.0, output_dir='./models_train/TinyBERT_6L_768D_1126_stg2_RTE', pred_distill=True, seed=42, student_model='./models_train/TinyBERT_6L_768D_1126_stg1_RTE', task_name='RTE', teacher_model='./_models/bert-base-uncased-rte', temperature=1.0, train_batch_size=32, warmup_proportion=0.1, weight_decay=0.0001)
04/24 09:19:40 PM device: cuda n_gpu: 1
04/24 09:19:40 PM ******** num_labels=2
04/24 09:20:25 PM Model config {
  "_name_or_path": "bert-base-uncased",
  "architectures": [
    "BertForSequenceClassification"
  ],
  "attention_probs_dropout_prob": 0.1,
  "finetuning_task": "rte",
  "gradient_checkpointing": false,
  "hidden_act": "gelu",
  "hidden_dropout_prob": 0.1,
  "hidden_size": 768,
  "initializer_range": 0.02,
  "intermediate_size": 3072,
  "layer_norm_eps": 1e-12,
  "max_position_embeddings": 512,
  "model_type": "bert",
  "num_attention_heads": 12,
  "num_hidden_layers": 12,
  "pad_token_id": 0,
  "position_embedding_type": "absolute",
  "pre_trained": "",
  "problem_type": "single_label_classification",
  "training": "",
  "transformers_version": "4.6.1",
  "type_vocab_size": 2,
  "use_cache": true,
  "vocab_size": 30522
}

04/24 09:20:26 PM Loading model ./_models/bert-base-uncased-rte/pytorch_model.bin
04/24 09:20:26 PM loading model...
04/24 09:20:26 PM done!
04/24 09:20:26 PM Weights of TinyBertForSequenceClassification not initialized from pretrained model: ['fit_dense.weight', 'fit_dense.bias']
04/24 09:20:26 PM Weights from pretrained model not used in TinyBertForSequenceClassification: ['bert.embeddings.position_ids']
04/24 09:20:26 PM Model config {
  "attention_probs_dropout_prob": 0.1,
  "cell": {},
  "hidden_act": "gelu",
  "hidden_dropout_prob": 0.1,
  "hidden_size": 768,
  "initializer_range": 0.02,
  "intermediate_size": 3072,
  "max_position_embeddings": 512,
  "model_type": "bert",
  "num_attention_heads": 12,
  "num_hidden_layers": 6,
  "pre_trained": "",
  "structure": [],
  "training": "",
  "type_vocab_size": 2,
  "vocab_size": 30522
}

04/24 09:20:27 PM Loading model ./models_train/TinyBERT_6L_768D_1126_stg1_RTE/pytorch_model.bin
04/24 09:20:27 PM loading model...
04/24 09:20:27 PM done!
04/24 09:20:27 PM ***** Running training *****
04/24 09:20:27 PM   Num examples = 144076
04/24 09:20:27 PM   Batch size = 32
04/24 09:20:27 PM   Num steps = 18008
04/24 09:20:27 PM n: bert.embeddings.word_embeddings.weight
04/24 09:20:27 PM n: bert.embeddings.position_embeddings.weight
04/24 09:20:27 PM n: bert.embeddings.token_type_embeddings.weight
04/24 09:20:27 PM n: bert.embeddings.LayerNorm.weight
04/24 09:20:27 PM n: bert.embeddings.LayerNorm.bias
04/24 09:20:27 PM n: bert.encoder.layer.0.attention.self.query.weight
04/24 09:20:27 PM n: bert.encoder.layer.0.attention.self.query.bias
04/24 09:20:27 PM n: bert.encoder.layer.0.attention.self.key.weight
04/24 09:20:27 PM n: bert.encoder.layer.0.attention.self.key.bias
04/24 09:20:27 PM n: bert.encoder.layer.0.attention.self.value.weight
04/24 09:20:27 PM n: bert.encoder.layer.0.attention.self.value.bias
04/24 09:20:27 PM n: bert.encoder.layer.0.attention.output.dense.weight
04/24 09:20:27 PM n: bert.encoder.layer.0.attention.output.dense.bias
04/24 09:20:27 PM n: bert.encoder.layer.0.attention.output.LayerNorm.weight
04/24 09:20:27 PM n: bert.encoder.layer.0.attention.output.LayerNorm.bias
04/24 09:20:27 PM n: bert.encoder.layer.0.intermediate.dense.weight
04/24 09:20:27 PM n: bert.encoder.layer.0.intermediate.dense.bias
04/24 09:20:27 PM n: bert.encoder.layer.0.output.dense.weight
04/24 09:20:27 PM n: bert.encoder.layer.0.output.dense.bias
04/24 09:20:27 PM n: bert.encoder.layer.0.output.LayerNorm.weight
04/24 09:20:27 PM n: bert.encoder.layer.0.output.LayerNorm.bias
04/24 09:20:27 PM n: bert.encoder.layer.1.attention.self.query.weight
04/24 09:20:27 PM n: bert.encoder.layer.1.attention.self.query.bias
04/24 09:20:27 PM n: bert.encoder.layer.1.attention.self.key.weight
04/24 09:20:27 PM n: bert.encoder.layer.1.attention.self.key.bias
04/24 09:20:27 PM n: bert.encoder.layer.1.attention.self.value.weight
04/24 09:20:27 PM n: bert.encoder.layer.1.attention.self.value.bias
04/24 09:20:27 PM n: bert.encoder.layer.1.attention.output.dense.weight
04/24 09:20:27 PM n: bert.encoder.layer.1.attention.output.dense.bias
04/24 09:20:27 PM n: bert.encoder.layer.1.attention.output.LayerNorm.weight
04/24 09:20:27 PM n: bert.encoder.layer.1.attention.output.LayerNorm.bias
04/24 09:20:27 PM n: bert.encoder.layer.1.intermediate.dense.weight
04/24 09:20:27 PM n: bert.encoder.layer.1.intermediate.dense.bias
04/24 09:20:27 PM n: bert.encoder.layer.1.output.dense.weight
04/24 09:20:27 PM n: bert.encoder.layer.1.output.dense.bias
04/24 09:20:27 PM n: bert.encoder.layer.1.output.LayerNorm.weight
04/24 09:20:27 PM n: bert.encoder.layer.1.output.LayerNorm.bias
04/24 09:20:27 PM n: bert.encoder.layer.2.attention.self.query.weight
04/24 09:20:27 PM n: bert.encoder.layer.2.attention.self.query.bias
04/24 09:20:27 PM n: bert.encoder.layer.2.attention.self.key.weight
04/24 09:20:27 PM n: bert.encoder.layer.2.attention.self.key.bias
04/24 09:20:27 PM n: bert.encoder.layer.2.attention.self.value.weight
04/24 09:20:27 PM n: bert.encoder.layer.2.attention.self.value.bias
04/24 09:20:27 PM n: bert.encoder.layer.2.attention.output.dense.weight
04/24 09:20:27 PM n: bert.encoder.layer.2.attention.output.dense.bias
04/24 09:20:27 PM n: bert.encoder.layer.2.attention.output.LayerNorm.weight
04/24 09:20:27 PM n: bert.encoder.layer.2.attention.output.LayerNorm.bias
04/24 09:20:27 PM n: bert.encoder.layer.2.intermediate.dense.weight
04/24 09:20:27 PM n: bert.encoder.layer.2.intermediate.dense.bias
04/24 09:20:27 PM n: bert.encoder.layer.2.output.dense.weight
04/24 09:20:27 PM n: bert.encoder.layer.2.output.dense.bias
04/24 09:20:27 PM n: bert.encoder.layer.2.output.LayerNorm.weight
04/24 09:20:27 PM n: bert.encoder.layer.2.output.LayerNorm.bias
04/24 09:20:27 PM n: bert.encoder.layer.3.attention.self.query.weight
04/24 09:20:27 PM n: bert.encoder.layer.3.attention.self.query.bias
04/24 09:20:27 PM n: bert.encoder.layer.3.attention.self.key.weight
04/24 09:20:27 PM n: bert.encoder.layer.3.attention.self.key.bias
04/24 09:20:27 PM n: bert.encoder.layer.3.attention.self.value.weight
04/24 09:20:27 PM n: bert.encoder.layer.3.attention.self.value.bias
04/24 09:20:27 PM n: bert.encoder.layer.3.attention.output.dense.weight
04/24 09:20:27 PM n: bert.encoder.layer.3.attention.output.dense.bias
04/24 09:20:27 PM n: bert.encoder.layer.3.attention.output.LayerNorm.weight
04/24 09:20:27 PM n: bert.encoder.layer.3.attention.output.LayerNorm.bias
04/24 09:20:27 PM n: bert.encoder.layer.3.intermediate.dense.weight
04/24 09:20:27 PM n: bert.encoder.layer.3.intermediate.dense.bias
04/24 09:20:27 PM n: bert.encoder.layer.3.output.dense.weight
04/24 09:20:27 PM n: bert.encoder.layer.3.output.dense.bias
04/24 09:20:27 PM n: bert.encoder.layer.3.output.LayerNorm.weight
04/24 09:20:27 PM n: bert.encoder.layer.3.output.LayerNorm.bias
04/24 09:20:27 PM n: bert.encoder.layer.4.attention.self.query.weight
04/24 09:20:27 PM n: bert.encoder.layer.4.attention.self.query.bias
04/24 09:20:27 PM n: bert.encoder.layer.4.attention.self.key.weight
04/24 09:20:27 PM n: bert.encoder.layer.4.attention.self.key.bias
04/24 09:20:27 PM n: bert.encoder.layer.4.attention.self.value.weight
04/24 09:20:27 PM n: bert.encoder.layer.4.attention.self.value.bias
04/24 09:20:27 PM n: bert.encoder.layer.4.attention.output.dense.weight
04/24 09:20:27 PM n: bert.encoder.layer.4.attention.output.dense.bias
04/24 09:20:27 PM n: bert.encoder.layer.4.attention.output.LayerNorm.weight
04/24 09:20:27 PM n: bert.encoder.layer.4.attention.output.LayerNorm.bias
04/24 09:20:27 PM n: bert.encoder.layer.4.intermediate.dense.weight
04/24 09:20:27 PM n: bert.encoder.layer.4.intermediate.dense.bias
04/24 09:20:27 PM n: bert.encoder.layer.4.output.dense.weight
04/24 09:20:27 PM n: bert.encoder.layer.4.output.dense.bias
04/24 09:20:27 PM n: bert.encoder.layer.4.output.LayerNorm.weight
04/24 09:20:27 PM n: bert.encoder.layer.4.output.LayerNorm.bias
04/24 09:20:27 PM n: bert.encoder.layer.5.attention.self.query.weight
04/24 09:20:27 PM n: bert.encoder.layer.5.attention.self.query.bias
04/24 09:20:27 PM n: bert.encoder.layer.5.attention.self.key.weight
04/24 09:20:27 PM n: bert.encoder.layer.5.attention.self.key.bias
04/24 09:20:27 PM n: bert.encoder.layer.5.attention.self.value.weight
04/24 09:20:27 PM n: bert.encoder.layer.5.attention.self.value.bias
04/24 09:20:27 PM n: bert.encoder.layer.5.attention.output.dense.weight
04/24 09:20:27 PM n: bert.encoder.layer.5.attention.output.dense.bias
04/24 09:20:27 PM n: bert.encoder.layer.5.attention.output.LayerNorm.weight
04/24 09:20:27 PM n: bert.encoder.layer.5.attention.output.LayerNorm.bias
04/24 09:20:27 PM n: bert.encoder.layer.5.intermediate.dense.weight
04/24 09:20:27 PM n: bert.encoder.layer.5.intermediate.dense.bias
04/24 09:20:27 PM n: bert.encoder.layer.5.output.dense.weight
04/24 09:20:27 PM n: bert.encoder.layer.5.output.dense.bias
04/24 09:20:27 PM n: bert.encoder.layer.5.output.LayerNorm.weight
04/24 09:20:27 PM n: bert.encoder.layer.5.output.LayerNorm.bias
04/24 09:20:27 PM n: bert.pooler.dense.weight
04/24 09:20:27 PM n: bert.pooler.dense.bias
04/24 09:20:27 PM n: classifier.weight
04/24 09:20:27 PM n: classifier.bias
04/24 09:20:27 PM n: fit_dense.weight
04/24 09:20:27 PM n: fit_dense.bias
04/24 09:20:27 PM Total parameters: 67547138
04/24 09:25:24 PM ***** Running evaluation *****
04/24 09:25:24 PM   Epoch = 0 iter 1999 step
04/24 09:25:24 PM   Num examples = 277
04/24 09:25:24 PM   Batch size = 32
04/24 09:25:24 PM preds.shape (277, 2)
04/24 09:25:24 PM ***** Eval results *****
04/24 09:25:24 PM   acc = 0.6245487364620939
04/24 09:25:24 PM   att_loss = 0.0
04/24 09:25:24 PM   cls_loss = 0.2564852306430134
04/24 09:25:24 PM   eval_loss = 0.6530623369746738
04/24 09:25:24 PM   global_step = 1999
04/24 09:25:24 PM   loss = 0.2564852306430134
04/24 09:25:24 PM   rep_loss = 0.0
04/24 09:25:24 PM ***** Save model *****
04/24 09:30:22 PM ***** Running evaluation *****
04/24 09:30:22 PM   Epoch = 0 iter 3999 step
04/24 09:30:22 PM   Num examples = 277
04/24 09:30:22 PM   Batch size = 32
04/24 09:30:22 PM preds.shape (277, 2)
04/24 09:30:22 PM ***** Eval results *****
04/24 09:30:22 PM   acc = 0.6353790613718412
04/24 09:30:22 PM   att_loss = 0.0
04/24 09:30:22 PM   cls_loss = 0.25304164745101754
04/24 09:30:22 PM   eval_loss = 0.6570019854439629
04/24 09:30:22 PM   global_step = 3999
04/24 09:30:22 PM   loss = 0.25304164745101754
04/24 09:30:22 PM   rep_loss = 0.0
04/24 09:30:22 PM ***** Save model *****
04/24 09:35:19 PM ***** Running evaluation *****
04/24 09:35:19 PM   Epoch = 1 iter 5999 step
04/24 09:35:19 PM   Num examples = 277
04/24 09:35:19 PM   Batch size = 32
04/24 09:35:20 PM preds.shape (277, 2)
04/24 09:35:20 PM ***** Eval results *****
04/24 09:35:20 PM   acc = 0.6245487364620939
04/24 09:35:20 PM   att_loss = 0.0
04/24 09:35:20 PM   cls_loss = 0.249606858991191
04/24 09:35:20 PM   eval_loss = 0.6541012393103706
04/24 09:35:20 PM   global_step = 5999
04/24 09:35:20 PM   loss = 0.249606858991191
04/24 09:35:20 PM   rep_loss = 0.0
04/24 09:40:17 PM ***** Running evaluation *****
04/24 09:40:17 PM   Epoch = 1 iter 7999 step
04/24 09:40:17 PM   Num examples = 277
04/24 09:40:17 PM   Batch size = 32
04/24 09:40:17 PM preds.shape (277, 2)
04/24 09:40:17 PM ***** Eval results *****
04/24 09:40:17 PM   acc = 0.6570397111913358
04/24 09:40:17 PM   att_loss = 0.0
04/24 09:40:17 PM   cls_loss = 0.24934527437738735
04/24 09:40:17 PM   eval_loss = 0.6447974509663053
04/24 09:40:17 PM   global_step = 7999
04/24 09:40:17 PM   loss = 0.24934527437738735
04/24 09:40:17 PM   rep_loss = 0.0
04/24 09:40:17 PM ***** Save model *****
04/24 09:45:14 PM ***** Running evaluation *****
04/24 09:45:14 PM   Epoch = 2 iter 9999 step
04/24 09:45:14 PM   Num examples = 277
04/24 09:45:14 PM   Batch size = 32
04/24 09:45:14 PM preds.shape (277, 2)
04/24 09:45:14 PM ***** Eval results *****
04/24 09:45:14 PM   acc = 0.6714801444043321
04/24 09:45:14 PM   att_loss = 0.0
04/24 09:45:14 PM   cls_loss = 0.248684735978069
04/24 09:45:14 PM   eval_loss = 0.6400830613242255
04/24 09:45:14 PM   global_step = 9999
04/24 09:45:14 PM   loss = 0.248684735978069
04/24 09:45:14 PM   rep_loss = 0.0
04/24 09:45:14 PM ***** Save model *****
04/24 09:50:12 PM ***** Running evaluation *****
04/24 09:50:12 PM   Epoch = 2 iter 11999 step
04/24 09:50:12 PM   Num examples = 277
04/24 09:50:12 PM   Batch size = 32
04/24 09:50:12 PM preds.shape (277, 2)
04/24 09:50:12 PM ***** Eval results *****
04/24 09:50:12 PM   acc = 0.6570397111913358
04/24 09:50:12 PM   att_loss = 0.0
04/24 09:50:12 PM   cls_loss = 0.24852597059212464
04/24 09:50:12 PM   eval_loss = 0.636425601111518
04/24 09:50:12 PM   global_step = 11999
04/24 09:50:12 PM   loss = 0.24852597059212464
04/24 09:50:12 PM   rep_loss = 0.0
04/24 09:55:09 PM ***** Running evaluation *****
04/24 09:55:09 PM   Epoch = 3 iter 13999 step
04/24 09:55:09 PM   Num examples = 277
04/24 09:55:09 PM   Batch size = 32
04/24 09:55:09 PM preds.shape (277, 2)
04/24 09:55:09 PM ***** Eval results *****
04/24 09:55:09 PM   acc = 0.6931407942238267
04/24 09:55:09 PM   att_loss = 0.0
04/24 09:55:09 PM   cls_loss = 0.24783667320532923
04/24 09:55:09 PM   eval_loss = 0.6259500318103366
04/24 09:55:09 PM   global_step = 13999
04/24 09:55:09 PM   loss = 0.24783667320532923
04/24 09:55:09 PM   rep_loss = 0.0
04/24 09:55:09 PM ***** Save model *****
04/24 10:00:07 PM ***** Running evaluation *****
04/24 10:00:07 PM   Epoch = 3 iter 15999 step
04/24 10:00:07 PM   Num examples = 277
04/24 10:00:07 PM   Batch size = 32
04/24 10:00:07 PM preds.shape (277, 2)
04/24 10:00:07 PM ***** Eval results *****
04/24 10:00:07 PM   acc = 0.6642599277978339
04/24 10:00:07 PM   att_loss = 0.0
04/24 10:00:07 PM   cls_loss = 0.2484174577397512
04/24 10:00:07 PM   eval_loss = 0.6425214211146036
04/24 10:00:07 PM   global_step = 15999
04/24 10:00:07 PM   loss = 0.2484174577397512
04/24 10:00:07 PM   rep_loss = 0.0
04/24 10:05:04 PM ***** Running evaluation *****
04/24 10:05:04 PM   Epoch = 3 iter 17999 step
04/24 10:05:04 PM   Num examples = 277
04/24 10:05:04 PM   Batch size = 32
04/24 10:05:04 PM preds.shape (277, 2)
04/24 10:05:04 PM ***** Eval results *****
04/24 10:05:04 PM   acc = 0.6606498194945848
04/24 10:05:04 PM   att_loss = 0.0
04/24 10:05:04 PM   cls_loss = 0.24844731830247865
04/24 10:05:04 PM   eval_loss = 0.6369646191596985
04/24 10:05:04 PM   global_step = 17999
04/24 10:05:04 PM   loss = 0.24844731830247865
04/24 10:05:04 PM   rep_loss = 0.0
