04/25 04:08:27 PM The args: Namespace(aug_train=True, cache_dir='', data_dir='./_data/glue_data/RTE', data_url='', do_eval=False, do_lower_case=True, eval_batch_size=32, eval_step=2000, gradient_accumulation_steps=1, learning_rate=3e-05, max_seq_length=128, no_cuda=False, num_train_epochs=4.0, output_dir='./models_train/TinyBERT_6L_768D_1136_stg2_RTE', pred_distill=True, seed=42, student_model='./models_train/TinyBERT_6L_768D_1136_stg1_RTE', task_name='RTE', teacher_model='./_models/bert-base-uncased-rte', temperature=1.0, train_batch_size=32, warmup_proportion=0.1, weight_decay=0.0001)
04/25 04:08:27 PM device: cuda n_gpu: 1
04/25 04:08:27 PM ******** num_labels=2
04/25 04:09:12 PM Model config {
  "_name_or_path": "bert-base-uncased",
  "architectures": [
    "BertForSequenceClassification"
  ],
  "attention_probs_dropout_prob": 0.1,
  "finetuning_task": "rte",
  "gradient_checkpointing": false,
  "hidden_act": "gelu",
  "hidden_dropout_prob": 0.1,
  "hidden_size": 768,
  "initializer_range": 0.02,
  "intermediate_size": 3072,
  "layer_norm_eps": 1e-12,
  "max_position_embeddings": 512,
  "model_type": "bert",
  "num_attention_heads": 12,
  "num_hidden_layers": 12,
  "pad_token_id": 0,
  "position_embedding_type": "absolute",
  "pre_trained": "",
  "problem_type": "single_label_classification",
  "training": "",
  "transformers_version": "4.6.1",
  "type_vocab_size": 2,
  "use_cache": true,
  "vocab_size": 30522
}

04/25 04:09:13 PM Loading model ./_models/bert-base-uncased-rte/pytorch_model.bin
04/25 04:09:13 PM loading model...
04/25 04:09:13 PM done!
04/25 04:09:13 PM Weights of TinyBertForSequenceClassification not initialized from pretrained model: ['fit_dense.weight', 'fit_dense.bias']
04/25 04:09:13 PM Weights from pretrained model not used in TinyBertForSequenceClassification: ['bert.embeddings.position_ids']
04/25 04:09:13 PM Model config {
  "attention_probs_dropout_prob": 0.1,
  "cell": {},
  "hidden_act": "gelu",
  "hidden_dropout_prob": 0.1,
  "hidden_size": 768,
  "initializer_range": 0.02,
  "intermediate_size": 3072,
  "max_position_embeddings": 512,
  "model_type": "bert",
  "num_attention_heads": 12,
  "num_hidden_layers": 6,
  "pre_trained": "",
  "structure": [],
  "training": "",
  "type_vocab_size": 2,
  "vocab_size": 30522
}

04/25 04:09:14 PM Loading model ./models_train/TinyBERT_6L_768D_1136_stg1_RTE/pytorch_model.bin
04/25 04:09:14 PM loading model...
04/25 04:09:14 PM done!
04/25 04:09:14 PM ***** Running training *****
04/25 04:09:14 PM   Num examples = 144076
04/25 04:09:14 PM   Batch size = 32
04/25 04:09:14 PM   Num steps = 18008
04/25 04:09:14 PM n: bert.embeddings.word_embeddings.weight
04/25 04:09:14 PM n: bert.embeddings.position_embeddings.weight
04/25 04:09:14 PM n: bert.embeddings.token_type_embeddings.weight
04/25 04:09:14 PM n: bert.embeddings.LayerNorm.weight
04/25 04:09:14 PM n: bert.embeddings.LayerNorm.bias
04/25 04:09:14 PM n: bert.encoder.layer.0.attention.self.query.weight
04/25 04:09:14 PM n: bert.encoder.layer.0.attention.self.query.bias
04/25 04:09:14 PM n: bert.encoder.layer.0.attention.self.key.weight
04/25 04:09:14 PM n: bert.encoder.layer.0.attention.self.key.bias
04/25 04:09:14 PM n: bert.encoder.layer.0.attention.self.value.weight
04/25 04:09:14 PM n: bert.encoder.layer.0.attention.self.value.bias
04/25 04:09:14 PM n: bert.encoder.layer.0.attention.output.dense.weight
04/25 04:09:14 PM n: bert.encoder.layer.0.attention.output.dense.bias
04/25 04:09:14 PM n: bert.encoder.layer.0.attention.output.LayerNorm.weight
04/25 04:09:14 PM n: bert.encoder.layer.0.attention.output.LayerNorm.bias
04/25 04:09:14 PM n: bert.encoder.layer.0.intermediate.dense.weight
04/25 04:09:14 PM n: bert.encoder.layer.0.intermediate.dense.bias
04/25 04:09:14 PM n: bert.encoder.layer.0.output.dense.weight
04/25 04:09:14 PM n: bert.encoder.layer.0.output.dense.bias
04/25 04:09:14 PM n: bert.encoder.layer.0.output.LayerNorm.weight
04/25 04:09:14 PM n: bert.encoder.layer.0.output.LayerNorm.bias
04/25 04:09:14 PM n: bert.encoder.layer.1.attention.self.query.weight
04/25 04:09:14 PM n: bert.encoder.layer.1.attention.self.query.bias
04/25 04:09:14 PM n: bert.encoder.layer.1.attention.self.key.weight
04/25 04:09:14 PM n: bert.encoder.layer.1.attention.self.key.bias
04/25 04:09:14 PM n: bert.encoder.layer.1.attention.self.value.weight
04/25 04:09:14 PM n: bert.encoder.layer.1.attention.self.value.bias
04/25 04:09:14 PM n: bert.encoder.layer.1.attention.output.dense.weight
04/25 04:09:14 PM n: bert.encoder.layer.1.attention.output.dense.bias
04/25 04:09:14 PM n: bert.encoder.layer.1.attention.output.LayerNorm.weight
04/25 04:09:14 PM n: bert.encoder.layer.1.attention.output.LayerNorm.bias
04/25 04:09:14 PM n: bert.encoder.layer.1.intermediate.dense.weight
04/25 04:09:14 PM n: bert.encoder.layer.1.intermediate.dense.bias
04/25 04:09:14 PM n: bert.encoder.layer.1.output.dense.weight
04/25 04:09:14 PM n: bert.encoder.layer.1.output.dense.bias
04/25 04:09:14 PM n: bert.encoder.layer.1.output.LayerNorm.weight
04/25 04:09:14 PM n: bert.encoder.layer.1.output.LayerNorm.bias
04/25 04:09:14 PM n: bert.encoder.layer.2.attention.self.query.weight
04/25 04:09:14 PM n: bert.encoder.layer.2.attention.self.query.bias
04/25 04:09:14 PM n: bert.encoder.layer.2.attention.self.key.weight
04/25 04:09:14 PM n: bert.encoder.layer.2.attention.self.key.bias
04/25 04:09:14 PM n: bert.encoder.layer.2.attention.self.value.weight
04/25 04:09:14 PM n: bert.encoder.layer.2.attention.self.value.bias
04/25 04:09:14 PM n: bert.encoder.layer.2.attention.output.dense.weight
04/25 04:09:14 PM n: bert.encoder.layer.2.attention.output.dense.bias
04/25 04:09:14 PM n: bert.encoder.layer.2.attention.output.LayerNorm.weight
04/25 04:09:14 PM n: bert.encoder.layer.2.attention.output.LayerNorm.bias
04/25 04:09:14 PM n: bert.encoder.layer.2.intermediate.dense.weight
04/25 04:09:14 PM n: bert.encoder.layer.2.intermediate.dense.bias
04/25 04:09:14 PM n: bert.encoder.layer.2.output.dense.weight
04/25 04:09:14 PM n: bert.encoder.layer.2.output.dense.bias
04/25 04:09:14 PM n: bert.encoder.layer.2.output.LayerNorm.weight
04/25 04:09:14 PM n: bert.encoder.layer.2.output.LayerNorm.bias
04/25 04:09:14 PM n: bert.encoder.layer.3.attention.self.query.weight
04/25 04:09:14 PM n: bert.encoder.layer.3.attention.self.query.bias
04/25 04:09:14 PM n: bert.encoder.layer.3.attention.self.key.weight
04/25 04:09:14 PM n: bert.encoder.layer.3.attention.self.key.bias
04/25 04:09:14 PM n: bert.encoder.layer.3.attention.self.value.weight
04/25 04:09:14 PM n: bert.encoder.layer.3.attention.self.value.bias
04/25 04:09:14 PM n: bert.encoder.layer.3.attention.output.dense.weight
04/25 04:09:14 PM n: bert.encoder.layer.3.attention.output.dense.bias
04/25 04:09:14 PM n: bert.encoder.layer.3.attention.output.LayerNorm.weight
04/25 04:09:14 PM n: bert.encoder.layer.3.attention.output.LayerNorm.bias
04/25 04:09:14 PM n: bert.encoder.layer.3.intermediate.dense.weight
04/25 04:09:14 PM n: bert.encoder.layer.3.intermediate.dense.bias
04/25 04:09:14 PM n: bert.encoder.layer.3.output.dense.weight
04/25 04:09:14 PM n: bert.encoder.layer.3.output.dense.bias
04/25 04:09:14 PM n: bert.encoder.layer.3.output.LayerNorm.weight
04/25 04:09:14 PM n: bert.encoder.layer.3.output.LayerNorm.bias
04/25 04:09:14 PM n: bert.encoder.layer.4.attention.self.query.weight
04/25 04:09:14 PM n: bert.encoder.layer.4.attention.self.query.bias
04/25 04:09:14 PM n: bert.encoder.layer.4.attention.self.key.weight
04/25 04:09:14 PM n: bert.encoder.layer.4.attention.self.key.bias
04/25 04:09:14 PM n: bert.encoder.layer.4.attention.self.value.weight
04/25 04:09:14 PM n: bert.encoder.layer.4.attention.self.value.bias
04/25 04:09:14 PM n: bert.encoder.layer.4.attention.output.dense.weight
04/25 04:09:14 PM n: bert.encoder.layer.4.attention.output.dense.bias
04/25 04:09:14 PM n: bert.encoder.layer.4.attention.output.LayerNorm.weight
04/25 04:09:14 PM n: bert.encoder.layer.4.attention.output.LayerNorm.bias
04/25 04:09:14 PM n: bert.encoder.layer.4.intermediate.dense.weight
04/25 04:09:14 PM n: bert.encoder.layer.4.intermediate.dense.bias
04/25 04:09:14 PM n: bert.encoder.layer.4.output.dense.weight
04/25 04:09:14 PM n: bert.encoder.layer.4.output.dense.bias
04/25 04:09:14 PM n: bert.encoder.layer.4.output.LayerNorm.weight
04/25 04:09:14 PM n: bert.encoder.layer.4.output.LayerNorm.bias
04/25 04:09:14 PM n: bert.encoder.layer.5.attention.self.query.weight
04/25 04:09:14 PM n: bert.encoder.layer.5.attention.self.query.bias
04/25 04:09:14 PM n: bert.encoder.layer.5.attention.self.key.weight
04/25 04:09:14 PM n: bert.encoder.layer.5.attention.self.key.bias
04/25 04:09:14 PM n: bert.encoder.layer.5.attention.self.value.weight
04/25 04:09:14 PM n: bert.encoder.layer.5.attention.self.value.bias
04/25 04:09:14 PM n: bert.encoder.layer.5.attention.output.dense.weight
04/25 04:09:14 PM n: bert.encoder.layer.5.attention.output.dense.bias
04/25 04:09:14 PM n: bert.encoder.layer.5.attention.output.LayerNorm.weight
04/25 04:09:14 PM n: bert.encoder.layer.5.attention.output.LayerNorm.bias
04/25 04:09:14 PM n: bert.encoder.layer.5.intermediate.dense.weight
04/25 04:09:14 PM n: bert.encoder.layer.5.intermediate.dense.bias
04/25 04:09:14 PM n: bert.encoder.layer.5.output.dense.weight
04/25 04:09:14 PM n: bert.encoder.layer.5.output.dense.bias
04/25 04:09:14 PM n: bert.encoder.layer.5.output.LayerNorm.weight
04/25 04:09:14 PM n: bert.encoder.layer.5.output.LayerNorm.bias
04/25 04:09:14 PM n: bert.pooler.dense.weight
04/25 04:09:14 PM n: bert.pooler.dense.bias
04/25 04:09:14 PM n: classifier.weight
04/25 04:09:14 PM n: classifier.bias
04/25 04:09:14 PM n: fit_dense.weight
04/25 04:09:14 PM n: fit_dense.bias
04/25 04:09:14 PM Total parameters: 67547138
04/25 04:14:11 PM ***** Running evaluation *****
04/25 04:14:11 PM   Epoch = 0 iter 1999 step
04/25 04:14:11 PM   Num examples = 277
04/25 04:14:11 PM   Batch size = 32
04/25 04:14:11 PM preds.shape (277, 2)
04/25 04:14:11 PM ***** Eval results *****
04/25 04:14:11 PM   acc = 0.6245487364620939
04/25 04:14:11 PM   att_loss = 0.0
04/25 04:14:11 PM   cls_loss = 0.25378764875833243
04/25 04:14:11 PM   eval_loss = 0.665211922592587
04/25 04:14:11 PM   global_step = 1999
04/25 04:14:11 PM   loss = 0.25378764875833243
04/25 04:14:11 PM   rep_loss = 0.0
04/25 04:14:11 PM ***** Save model *****
04/25 04:19:08 PM ***** Running evaluation *****
04/25 04:19:08 PM   Epoch = 0 iter 3999 step
04/25 04:19:08 PM   Num examples = 277
04/25 04:19:08 PM   Batch size = 32
04/25 04:19:08 PM preds.shape (277, 2)
04/25 04:19:08 PM ***** Eval results *****
04/25 04:19:08 PM   acc = 0.6389891696750902
04/25 04:19:08 PM   att_loss = 0.0
04/25 04:19:08 PM   cls_loss = 0.25189051874565105
04/25 04:19:08 PM   eval_loss = 0.6499593390358819
04/25 04:19:08 PM   global_step = 3999
04/25 04:19:08 PM   loss = 0.25189051874565105
04/25 04:19:08 PM   rep_loss = 0.0
04/25 04:19:08 PM ***** Save model *****
04/25 04:24:06 PM ***** Running evaluation *****
04/25 04:24:06 PM   Epoch = 1 iter 5999 step
04/25 04:24:06 PM   Num examples = 277
04/25 04:24:06 PM   Batch size = 32
04/25 04:24:06 PM preds.shape (277, 2)
04/25 04:24:06 PM ***** Eval results *****
04/25 04:24:06 PM   acc = 0.631768953068592
04/25 04:24:06 PM   att_loss = 0.0
04/25 04:24:06 PM   cls_loss = 0.24978420965537756
04/25 04:24:06 PM   eval_loss = 0.6547188692622714
04/25 04:24:06 PM   global_step = 5999
04/25 04:24:06 PM   loss = 0.24978420965537756
04/25 04:24:06 PM   rep_loss = 0.0
04/25 04:29:03 PM ***** Running evaluation *****
04/25 04:29:03 PM   Epoch = 1 iter 7999 step
04/25 04:29:03 PM   Num examples = 277
04/25 04:29:03 PM   Batch size = 32
04/25 04:29:03 PM preds.shape (277, 2)
04/25 04:29:03 PM ***** Eval results *****
04/25 04:29:03 PM   acc = 0.6606498194945848
04/25 04:29:03 PM   att_loss = 0.0
04/25 04:29:03 PM   cls_loss = 0.2495192046681233
04/25 04:29:03 PM   eval_loss = 0.6499729686313205
04/25 04:29:03 PM   global_step = 7999
04/25 04:29:03 PM   loss = 0.2495192046681233
04/25 04:29:03 PM   rep_loss = 0.0
04/25 04:29:03 PM ***** Save model *****
04/25 04:34:00 PM ***** Running evaluation *****
04/25 04:34:00 PM   Epoch = 2 iter 9999 step
04/25 04:34:00 PM   Num examples = 277
04/25 04:34:00 PM   Batch size = 32
04/25 04:34:01 PM preds.shape (277, 2)
04/25 04:34:01 PM ***** Eval results *****
04/25 04:34:01 PM   acc = 0.6462093862815884
04/25 04:34:01 PM   att_loss = 0.0
04/25 04:34:01 PM   cls_loss = 0.2487773599786375
04/25 04:34:01 PM   eval_loss = 0.6457920008235507
04/25 04:34:01 PM   global_step = 9999
04/25 04:34:01 PM   loss = 0.2487773599786375
04/25 04:34:01 PM   rep_loss = 0.0
04/25 04:38:58 PM ***** Running evaluation *****
04/25 04:38:58 PM   Epoch = 2 iter 11999 step
04/25 04:38:58 PM   Num examples = 277
04/25 04:38:58 PM   Batch size = 32
04/25 04:38:58 PM preds.shape (277, 2)
04/25 04:38:58 PM ***** Eval results *****
04/25 04:38:58 PM   acc = 0.6534296028880866
04/25 04:38:58 PM   att_loss = 0.0
04/25 04:38:58 PM   cls_loss = 0.2485795518989754
04/25 04:38:58 PM   eval_loss = 0.6384694576263428
04/25 04:38:58 PM   global_step = 11999
04/25 04:38:58 PM   loss = 0.2485795518989754
04/25 04:38:58 PM   rep_loss = 0.0
04/25 04:43:55 PM ***** Running evaluation *****
04/25 04:43:55 PM   Epoch = 3 iter 13999 step
04/25 04:43:55 PM   Num examples = 277
04/25 04:43:55 PM   Batch size = 32
04/25 04:43:55 PM preds.shape (277, 2)
04/25 04:43:55 PM ***** Eval results *****
04/25 04:43:55 PM   acc = 0.6823104693140795
04/25 04:43:55 PM   att_loss = 0.0
04/25 04:43:55 PM   cls_loss = 0.24775252033319725
04/25 04:43:55 PM   eval_loss = 0.62887575229009
04/25 04:43:55 PM   global_step = 13999
04/25 04:43:55 PM   loss = 0.24775252033319725
04/25 04:43:55 PM   rep_loss = 0.0
04/25 04:43:55 PM ***** Save model *****
04/25 04:48:52 PM ***** Running evaluation *****
04/25 04:48:52 PM   Epoch = 3 iter 15999 step
04/25 04:48:52 PM   Num examples = 277
04/25 04:48:52 PM   Batch size = 32
04/25 04:48:52 PM preds.shape (277, 2)
04/25 04:48:52 PM ***** Eval results *****
04/25 04:48:52 PM   acc = 0.6425992779783394
04/25 04:48:52 PM   att_loss = 0.0
04/25 04:48:52 PM   cls_loss = 0.2483562907085235
04/25 04:48:52 PM   eval_loss = 0.6500438849131266
04/25 04:48:52 PM   global_step = 15999
04/25 04:48:52 PM   loss = 0.2483562907085235
04/25 04:48:52 PM   rep_loss = 0.0
04/25 04:53:49 PM ***** Running evaluation *****
04/25 04:53:49 PM   Epoch = 3 iter 17999 step
04/25 04:53:49 PM   Num examples = 277
04/25 04:53:49 PM   Batch size = 32
04/25 04:53:50 PM preds.shape (277, 2)
04/25 04:53:50 PM ***** Eval results *****
04/25 04:53:50 PM   acc = 0.6534296028880866
04/25 04:53:50 PM   att_loss = 0.0
04/25 04:53:50 PM   cls_loss = 0.24836266741916063
04/25 04:53:50 PM   eval_loss = 0.6414068871074252
04/25 04:53:50 PM   global_step = 17999
04/25 04:53:50 PM   loss = 0.24836266741916063
04/25 04:53:50 PM   rep_loss = 0.0
