04/29 09:13:14 PM The args: Namespace(aug_train=True, cache_dir='', data_dir='./_data/glue_data/RTE', data_url='', do_eval=False, do_lower_case=True, eval_batch_size=32, eval_step=2000, gradient_accumulation_steps=1, learning_rate=3e-05, max_seq_length=128, no_cuda=False, num_train_epochs=4.0, output_dir='./models_train/TinyBERT_6L_768D_1147_stg2_RTE', pred_distill=True, seed=42, student_model='./models_train/TinyBERT_6L_768D_1147_stg1_RTE', task_name='RTE', teacher_model='./_models/bert-base-uncased-rte', temperature=1.0, train_batch_size=32, warmup_proportion=0.1, weight_decay=0.0001)
04/29 09:13:14 PM device: cuda n_gpu: 1
04/29 09:13:14 PM ******** num_labels=2
04/29 09:13:59 PM Model config {
  "_name_or_path": "bert-base-uncased",
  "architectures": [
    "BertForSequenceClassification"
  ],
  "attention_probs_dropout_prob": 0.1,
  "finetuning_task": "rte",
  "gradient_checkpointing": false,
  "hidden_act": "gelu",
  "hidden_dropout_prob": 0.1,
  "hidden_size": 768,
  "initializer_range": 0.02,
  "intermediate_size": 3072,
  "layer_norm_eps": 1e-12,
  "max_position_embeddings": 512,
  "model_type": "bert",
  "num_attention_heads": 12,
  "num_hidden_layers": 12,
  "pad_token_id": 0,
  "position_embedding_type": "absolute",
  "pre_trained": "",
  "problem_type": "single_label_classification",
  "training": "",
  "transformers_version": "4.6.1",
  "type_vocab_size": 2,
  "use_cache": true,
  "vocab_size": 30522
}

04/29 09:14:00 PM Loading model ./_models/bert-base-uncased-rte/pytorch_model.bin
04/29 09:14:00 PM loading model...
04/29 09:14:00 PM done!
04/29 09:14:00 PM Weights of TinyBertForSequenceClassification not initialized from pretrained model: ['fit_dense.weight', 'fit_dense.bias']
04/29 09:14:00 PM Weights from pretrained model not used in TinyBertForSequenceClassification: ['bert.embeddings.position_ids']
04/29 09:14:01 PM Model config {
  "attention_probs_dropout_prob": 0.1,
  "cell": {},
  "hidden_act": "gelu",
  "hidden_dropout_prob": 0.1,
  "hidden_size": 768,
  "initializer_range": 0.02,
  "intermediate_size": 3072,
  "max_position_embeddings": 512,
  "model_type": "bert",
  "num_attention_heads": 12,
  "num_hidden_layers": 6,
  "pre_trained": "",
  "structure": [],
  "training": "",
  "type_vocab_size": 2,
  "vocab_size": 30522
}

04/29 09:14:01 PM Loading model ./models_train/TinyBERT_6L_768D_1147_stg1_RTE/pytorch_model.bin
04/29 09:14:01 PM loading model...
04/29 09:14:01 PM done!
04/29 09:14:01 PM ***** Running training *****
04/29 09:14:01 PM   Num examples = 144076
04/29 09:14:01 PM   Batch size = 32
04/29 09:14:01 PM   Num steps = 18008
04/29 09:14:01 PM n: bert.embeddings.word_embeddings.weight
04/29 09:14:01 PM n: bert.embeddings.position_embeddings.weight
04/29 09:14:01 PM n: bert.embeddings.token_type_embeddings.weight
04/29 09:14:01 PM n: bert.embeddings.LayerNorm.weight
04/29 09:14:01 PM n: bert.embeddings.LayerNorm.bias
04/29 09:14:01 PM n: bert.encoder.layer.0.attention.self.query.weight
04/29 09:14:01 PM n: bert.encoder.layer.0.attention.self.query.bias
04/29 09:14:01 PM n: bert.encoder.layer.0.attention.self.key.weight
04/29 09:14:01 PM n: bert.encoder.layer.0.attention.self.key.bias
04/29 09:14:01 PM n: bert.encoder.layer.0.attention.self.value.weight
04/29 09:14:01 PM n: bert.encoder.layer.0.attention.self.value.bias
04/29 09:14:01 PM n: bert.encoder.layer.0.attention.output.dense.weight
04/29 09:14:01 PM n: bert.encoder.layer.0.attention.output.dense.bias
04/29 09:14:01 PM n: bert.encoder.layer.0.attention.output.LayerNorm.weight
04/29 09:14:01 PM n: bert.encoder.layer.0.attention.output.LayerNorm.bias
04/29 09:14:01 PM n: bert.encoder.layer.0.intermediate.dense.weight
04/29 09:14:01 PM n: bert.encoder.layer.0.intermediate.dense.bias
04/29 09:14:01 PM n: bert.encoder.layer.0.output.dense.weight
04/29 09:14:01 PM n: bert.encoder.layer.0.output.dense.bias
04/29 09:14:01 PM n: bert.encoder.layer.0.output.LayerNorm.weight
04/29 09:14:01 PM n: bert.encoder.layer.0.output.LayerNorm.bias
04/29 09:14:01 PM n: bert.encoder.layer.1.attention.self.query.weight
04/29 09:14:01 PM n: bert.encoder.layer.1.attention.self.query.bias
04/29 09:14:01 PM n: bert.encoder.layer.1.attention.self.key.weight
04/29 09:14:01 PM n: bert.encoder.layer.1.attention.self.key.bias
04/29 09:14:01 PM n: bert.encoder.layer.1.attention.self.value.weight
04/29 09:14:01 PM n: bert.encoder.layer.1.attention.self.value.bias
04/29 09:14:01 PM n: bert.encoder.layer.1.attention.output.dense.weight
04/29 09:14:01 PM n: bert.encoder.layer.1.attention.output.dense.bias
04/29 09:14:01 PM n: bert.encoder.layer.1.attention.output.LayerNorm.weight
04/29 09:14:01 PM n: bert.encoder.layer.1.attention.output.LayerNorm.bias
04/29 09:14:01 PM n: bert.encoder.layer.1.intermediate.dense.weight
04/29 09:14:01 PM n: bert.encoder.layer.1.intermediate.dense.bias
04/29 09:14:01 PM n: bert.encoder.layer.1.output.dense.weight
04/29 09:14:01 PM n: bert.encoder.layer.1.output.dense.bias
04/29 09:14:01 PM n: bert.encoder.layer.1.output.LayerNorm.weight
04/29 09:14:01 PM n: bert.encoder.layer.1.output.LayerNorm.bias
04/29 09:14:01 PM n: bert.encoder.layer.2.attention.self.query.weight
04/29 09:14:01 PM n: bert.encoder.layer.2.attention.self.query.bias
04/29 09:14:01 PM n: bert.encoder.layer.2.attention.self.key.weight
04/29 09:14:01 PM n: bert.encoder.layer.2.attention.self.key.bias
04/29 09:14:01 PM n: bert.encoder.layer.2.attention.self.value.weight
04/29 09:14:01 PM n: bert.encoder.layer.2.attention.self.value.bias
04/29 09:14:01 PM n: bert.encoder.layer.2.attention.output.dense.weight
04/29 09:14:01 PM n: bert.encoder.layer.2.attention.output.dense.bias
04/29 09:14:01 PM n: bert.encoder.layer.2.attention.output.LayerNorm.weight
04/29 09:14:01 PM n: bert.encoder.layer.2.attention.output.LayerNorm.bias
04/29 09:14:01 PM n: bert.encoder.layer.2.intermediate.dense.weight
04/29 09:14:01 PM n: bert.encoder.layer.2.intermediate.dense.bias
04/29 09:14:01 PM n: bert.encoder.layer.2.output.dense.weight
04/29 09:14:01 PM n: bert.encoder.layer.2.output.dense.bias
04/29 09:14:01 PM n: bert.encoder.layer.2.output.LayerNorm.weight
04/29 09:14:01 PM n: bert.encoder.layer.2.output.LayerNorm.bias
04/29 09:14:01 PM n: bert.encoder.layer.3.attention.self.query.weight
04/29 09:14:01 PM n: bert.encoder.layer.3.attention.self.query.bias
04/29 09:14:01 PM n: bert.encoder.layer.3.attention.self.key.weight
04/29 09:14:01 PM n: bert.encoder.layer.3.attention.self.key.bias
04/29 09:14:01 PM n: bert.encoder.layer.3.attention.self.value.weight
04/29 09:14:01 PM n: bert.encoder.layer.3.attention.self.value.bias
04/29 09:14:01 PM n: bert.encoder.layer.3.attention.output.dense.weight
04/29 09:14:01 PM n: bert.encoder.layer.3.attention.output.dense.bias
04/29 09:14:01 PM n: bert.encoder.layer.3.attention.output.LayerNorm.weight
04/29 09:14:01 PM n: bert.encoder.layer.3.attention.output.LayerNorm.bias
04/29 09:14:01 PM n: bert.encoder.layer.3.intermediate.dense.weight
04/29 09:14:01 PM n: bert.encoder.layer.3.intermediate.dense.bias
04/29 09:14:01 PM n: bert.encoder.layer.3.output.dense.weight
04/29 09:14:01 PM n: bert.encoder.layer.3.output.dense.bias
04/29 09:14:01 PM n: bert.encoder.layer.3.output.LayerNorm.weight
04/29 09:14:01 PM n: bert.encoder.layer.3.output.LayerNorm.bias
04/29 09:14:01 PM n: bert.encoder.layer.4.attention.self.query.weight
04/29 09:14:01 PM n: bert.encoder.layer.4.attention.self.query.bias
04/29 09:14:01 PM n: bert.encoder.layer.4.attention.self.key.weight
04/29 09:14:01 PM n: bert.encoder.layer.4.attention.self.key.bias
04/29 09:14:01 PM n: bert.encoder.layer.4.attention.self.value.weight
04/29 09:14:01 PM n: bert.encoder.layer.4.attention.self.value.bias
04/29 09:14:01 PM n: bert.encoder.layer.4.attention.output.dense.weight
04/29 09:14:01 PM n: bert.encoder.layer.4.attention.output.dense.bias
04/29 09:14:01 PM n: bert.encoder.layer.4.attention.output.LayerNorm.weight
04/29 09:14:01 PM n: bert.encoder.layer.4.attention.output.LayerNorm.bias
04/29 09:14:01 PM n: bert.encoder.layer.4.intermediate.dense.weight
04/29 09:14:01 PM n: bert.encoder.layer.4.intermediate.dense.bias
04/29 09:14:01 PM n: bert.encoder.layer.4.output.dense.weight
04/29 09:14:01 PM n: bert.encoder.layer.4.output.dense.bias
04/29 09:14:01 PM n: bert.encoder.layer.4.output.LayerNorm.weight
04/29 09:14:01 PM n: bert.encoder.layer.4.output.LayerNorm.bias
04/29 09:14:01 PM n: bert.encoder.layer.5.attention.self.query.weight
04/29 09:14:01 PM n: bert.encoder.layer.5.attention.self.query.bias
04/29 09:14:01 PM n: bert.encoder.layer.5.attention.self.key.weight
04/29 09:14:01 PM n: bert.encoder.layer.5.attention.self.key.bias
04/29 09:14:01 PM n: bert.encoder.layer.5.attention.self.value.weight
04/29 09:14:01 PM n: bert.encoder.layer.5.attention.self.value.bias
04/29 09:14:01 PM n: bert.encoder.layer.5.attention.output.dense.weight
04/29 09:14:01 PM n: bert.encoder.layer.5.attention.output.dense.bias
04/29 09:14:01 PM n: bert.encoder.layer.5.attention.output.LayerNorm.weight
04/29 09:14:01 PM n: bert.encoder.layer.5.attention.output.LayerNorm.bias
04/29 09:14:01 PM n: bert.encoder.layer.5.intermediate.dense.weight
04/29 09:14:01 PM n: bert.encoder.layer.5.intermediate.dense.bias
04/29 09:14:01 PM n: bert.encoder.layer.5.output.dense.weight
04/29 09:14:01 PM n: bert.encoder.layer.5.output.dense.bias
04/29 09:14:01 PM n: bert.encoder.layer.5.output.LayerNorm.weight
04/29 09:14:01 PM n: bert.encoder.layer.5.output.LayerNorm.bias
04/29 09:14:01 PM n: bert.pooler.dense.weight
04/29 09:14:01 PM n: bert.pooler.dense.bias
04/29 09:14:01 PM n: classifier.weight
04/29 09:14:01 PM n: classifier.bias
04/29 09:14:01 PM n: fit_dense.weight
04/29 09:14:01 PM n: fit_dense.bias
04/29 09:14:01 PM Total parameters: 67547138
04/29 09:18:58 PM ***** Running evaluation *****
04/29 09:18:58 PM   Epoch = 0 iter 1999 step
04/29 09:18:58 PM   Num examples = 277
04/29 09:18:58 PM   Batch size = 32
04/29 09:18:59 PM preds.shape (277, 2)
04/29 09:18:59 PM ***** Eval results *****
04/29 09:18:59 PM   acc = 0.628158844765343
04/29 09:18:59 PM   att_loss = 0.0
04/29 09:18:59 PM   cls_loss = 0.25386169385081114
04/29 09:18:59 PM   eval_loss = 0.6593157582812839
04/29 09:18:59 PM   global_step = 1999
04/29 09:18:59 PM   loss = 0.25386169385081114
04/29 09:18:59 PM   rep_loss = 0.0
04/29 09:18:59 PM ***** Save model *****
04/29 09:23:56 PM ***** Running evaluation *****
04/29 09:23:56 PM   Epoch = 0 iter 3999 step
04/29 09:23:56 PM   Num examples = 277
04/29 09:23:56 PM   Batch size = 32
04/29 09:23:56 PM preds.shape (277, 2)
04/29 09:23:56 PM ***** Eval results *****
04/29 09:23:56 PM   acc = 0.6389891696750902
04/29 09:23:56 PM   att_loss = 0.0
04/29 09:23:56 PM   cls_loss = 0.2519385804047016
04/29 09:23:56 PM   eval_loss = 0.6497962143686082
04/29 09:23:56 PM   global_step = 3999
04/29 09:23:56 PM   loss = 0.2519385804047016
04/29 09:23:56 PM   rep_loss = 0.0
04/29 09:23:56 PM ***** Save model *****
04/29 09:28:53 PM ***** Running evaluation *****
04/29 09:28:53 PM   Epoch = 1 iter 5999 step
04/29 09:28:53 PM   Num examples = 277
04/29 09:28:53 PM   Batch size = 32
04/29 09:28:54 PM preds.shape (277, 2)
04/29 09:28:54 PM ***** Eval results *****
04/29 09:28:54 PM   acc = 0.6353790613718412
04/29 09:28:54 PM   att_loss = 0.0
04/29 09:28:54 PM   cls_loss = 0.24980791391893156
04/29 09:28:54 PM   eval_loss = 0.6543255382113986
04/29 09:28:54 PM   global_step = 5999
04/29 09:28:54 PM   loss = 0.24980791391893156
04/29 09:28:54 PM   rep_loss = 0.0
04/29 09:33:51 PM ***** Running evaluation *****
04/29 09:33:51 PM   Epoch = 1 iter 7999 step
04/29 09:33:51 PM   Num examples = 277
04/29 09:33:51 PM   Batch size = 32
04/29 09:33:51 PM preds.shape (277, 2)
04/29 09:33:51 PM ***** Eval results *****
04/29 09:33:51 PM   acc = 0.6425992779783394
04/29 09:33:51 PM   att_loss = 0.0
04/29 09:33:51 PM   cls_loss = 0.24955078951368886
04/29 09:33:51 PM   eval_loss = 0.650387167930603
04/29 09:33:51 PM   global_step = 7999
04/29 09:33:51 PM   loss = 0.24955078951368886
04/29 09:33:51 PM   rep_loss = 0.0
04/29 09:33:51 PM ***** Save model *****
04/29 09:38:48 PM ***** Running evaluation *****
04/29 09:38:48 PM   Epoch = 2 iter 9999 step
04/29 09:38:48 PM   Num examples = 277
04/29 09:38:48 PM   Batch size = 32
04/29 09:38:48 PM preds.shape (277, 2)
04/29 09:38:48 PM ***** Eval results *****
04/29 09:38:48 PM   acc = 0.6570397111913358
04/29 09:38:48 PM   att_loss = 0.0
04/29 09:38:48 PM   cls_loss = 0.24878752974409554
04/29 09:38:48 PM   eval_loss = 0.6495479212866889
04/29 09:38:48 PM   global_step = 9999
04/29 09:38:48 PM   loss = 0.24878752974409554
04/29 09:38:48 PM   rep_loss = 0.0
04/29 09:38:48 PM ***** Save model *****
04/29 09:43:46 PM ***** Running evaluation *****
04/29 09:43:46 PM   Epoch = 2 iter 11999 step
04/29 09:43:46 PM   Num examples = 277
04/29 09:43:46 PM   Batch size = 32
04/29 09:43:46 PM preds.shape (277, 2)
04/29 09:43:46 PM ***** Eval results *****
04/29 09:43:46 PM   acc = 0.6353790613718412
04/29 09:43:46 PM   att_loss = 0.0
04/29 09:43:46 PM   cls_loss = 0.24859964087829367
04/29 09:43:46 PM   eval_loss = 0.6404947108692594
04/29 09:43:46 PM   global_step = 11999
04/29 09:43:46 PM   loss = 0.24859964087829367
04/29 09:43:46 PM   rep_loss = 0.0
04/29 09:48:43 PM ***** Running evaluation *****
04/29 09:48:43 PM   Epoch = 3 iter 13999 step
04/29 09:48:43 PM   Num examples = 277
04/29 09:48:43 PM   Batch size = 32
04/29 09:48:43 PM preds.shape (277, 2)
04/29 09:48:43 PM ***** Eval results *****
04/29 09:48:43 PM   acc = 0.6714801444043321
04/29 09:48:43 PM   att_loss = 0.0
04/29 09:48:43 PM   cls_loss = 0.24776316145491648
04/29 09:48:43 PM   eval_loss = 0.6273933516608344
04/29 09:48:43 PM   global_step = 13999
04/29 09:48:43 PM   loss = 0.24776316145491648
04/29 09:48:43 PM   rep_loss = 0.0
04/29 09:48:43 PM ***** Save model *****
04/29 09:53:40 PM ***** Running evaluation *****
04/29 09:53:40 PM   Epoch = 3 iter 15999 step
04/29 09:53:40 PM   Num examples = 277
04/29 09:53:40 PM   Batch size = 32
04/29 09:53:41 PM preds.shape (277, 2)
04/29 09:53:41 PM ***** Eval results *****
04/29 09:53:41 PM   acc = 0.6462093862815884
04/29 09:53:41 PM   att_loss = 0.0
04/29 09:53:41 PM   cls_loss = 0.24837147396967874
04/29 09:53:41 PM   eval_loss = 0.6497953600353665
04/29 09:53:41 PM   global_step = 15999
04/29 09:53:41 PM   loss = 0.24837147396967874
04/29 09:53:41 PM   rep_loss = 0.0
04/29 09:58:38 PM ***** Running evaluation *****
04/29 09:58:38 PM   Epoch = 3 iter 17999 step
04/29 09:58:38 PM   Num examples = 277
04/29 09:58:38 PM   Batch size = 32
04/29 09:58:38 PM preds.shape (277, 2)
04/29 09:58:38 PM ***** Eval results *****
04/29 09:58:38 PM   acc = 0.6462093862815884
04/29 09:58:38 PM   att_loss = 0.0
04/29 09:58:38 PM   cls_loss = 0.2483812218854084
04/29 09:58:38 PM   eval_loss = 0.6408238344722323
04/29 09:58:38 PM   global_step = 17999
04/29 09:58:38 PM   loss = 0.2483812218854084
04/29 09:58:38 PM   rep_loss = 0.0
